

Microchip MPLAB XC8 Assembler V2.41 build 20230208172133 
                                                                                               Tue May 30 20:24:21 2023

Microchip MPLAB XC8 C Compiler v2.41 (Free license) build 20230208172133 Og1 
     1                           	processor	18F4550
     2                           	fnconf	rparam,??,?,0
     3                           	pagewidth 120
     4                           	opt	flic
     5                           	psect	cinit,global,reloc=2,class=CODE,delta=1
     6                           	psect	cstackCOMRAM,global,class=COMRAM,space=1,delta=1,lowdata,noexec
     7                           	psect	text0,global,reloc=2,class=CODE,delta=1
     8                           	psect	text1,global,reloc=2,class=CODE,delta=1
     9                           	psect	text2,global,reloc=2,class=CODE,delta=1
    10                           	psect	text3,global,reloc=2,class=CODE,delta=1
    11                           	psect	intcode,global,reloc=2,class=CODE,delta=1
    12                           	psect	intcode_body,global,reloc=2,class=CODE,delta=1
    13                           	psect	intsave_regs,global,class=BIGRAM,space=1,delta=1,noexec
    14                           	psect	rparam,global,class=COMRAM,space=1,delta=1,noexec
    15                           	psect	temp,global,ovrld,common,class=COMRAM,space=1,delta=1
    16                           	psect	idloc,global,abs,ovrld,class=IDLOC,space=5,delta=1,noexec
    17                           	psect	config,global,abs,ovrld,class=CONFIG,space=4,delta=1,noexec
    18   000000                     
    19                           ; Version 2.40
    20                           ; Generated 17/11/2021 GMT
    21                           ; 
    22                           ; Copyright © 2021, Microchip Technology Inc. and its subsidiaries ("Microchip")
    23                           ; All rights reserved.
    24                           ; 
    25                           ; This software is developed by Microchip Technology Inc. and its subsidiaries ("Microch
      +                          ip").
    26                           ; 
    27                           ; Redistribution and use in source and binary forms, with or without modification, are
    28                           ; permitted provided that the following conditions are met:
    29                           ; 
    30                           ;     1. Redistributions of source code must retain the above copyright notice, this lis
      +                          t of
    31                           ;        conditions and the following disclaimer.
    32                           ; 
    33                           ;     2. Redistributions in binary form must reproduce the above copyright notice, this 
      +                          list
    34                           ;        of conditions and the following disclaimer in the documentation and/or other
    35                           ;        materials provided with the distribution. Publication is not required when
    36                           ;        this file is used in an embedded application.
    37                           ; 
    38                           ;     3. Microchip's name may not be used to endorse or promote products derived from th
      +                          is
    39                           ;        software without specific prior written permission.
    40                           ; 
    41                           ; THIS SOFTWARE IS PROVIDED BY MICROCHIP "AS IS" AND ANY EXPRESS OR IMPLIED WARRANTIES,
    42                           ; INCLUDING, BUT NOT LIMITED TO, THE IMPLIED WARRANTIES OF MERCHANTABILITY AND FITNESS F
      +                          OR
    43                           ; PURPOSE ARE DISCLAIMED.  IN NO EVENT SHALL MICROCHIP BE LIABLE FOR ANY DIRECT, INDIREC
      +                          T,
    44                           ; INCIDENTAL, SPECIAL, EXEMPLARY, OR CONSEQUENTIAL DAMAGES (INCLUDING BUT NOT LIMITED TO
    45                           ; PROCUREMENT OF SUBSTITUTE GOODS OR SERVICES; LOSS OF USE, DATA OR PROFITS; OR BUSINESS
    46                           ; INTERRUPTION) HOWSOEVER CAUSED AND ON ANY THEORY OF LIABILITY, WHETHER IN CONTRACT, ST
      +                          RICT
    47                           ; LIABILITY, OR TORT (INCLUDING NEGLIGENCE OR OTHERWISE) ARISING IN ANY WAY OUT OF THE U
      +                          SE OF
    48                           ; THIS SOFTWARE, EVEN IF ADVISED OF THE POSSIBILITY OF SUCH DAMAGE.
    49                           ; 
    50                           ; 
    51                           ; Code-generator required, PIC18F4550 Definitions
    52                           ; 
    53                           ; SFR Addresses
    54   000000                     _OSCCONbits	set	4051
    55   000000                     _INTCONbits	set	4082
    56   000000                     _RCONbits	set	4048
    57   000000                     _PIE1	set	3997
    58   000000                     _PIR1	set	3998
    59   000000                     _T1CONbits	set	4045
    60   000000                     _LATBbits	set	3978
    61   000000                     _PIE1bits	set	3997
    62   000000                     _PIR1bits	set	3998
    63   000000                     _T1CON	set	4045
    64   000000                     _TMR1L	set	4046
    65   000000                     _TMR1H	set	4047
    66   000000                     _TRISBbits	set	3987
    67   000000                     _OSCCON	set	4051
    68   000000                     _INTCON	set	4082
    69   000000                     _RCON	set	4048
    70                           
    71                           ; #config settings
    72                           
    73                           	psect	cinit
    74   0000BE                     __pcinit:
    75                           	callstack 0
    76   0000BE                     start_initialization:
    77                           	callstack 0
    78   0000BE                     __initialization:
    79                           	callstack 0
    80   0000BE                     end_of_initialization:
    81                           	callstack 0
    82   0000BE                     __end_of__initialization:
    83                           	callstack 0
    84   0000BE  9002               	bcf	int$flags,0,c	;clear compiler interrupt flag (level 1)
    85   0000C0  9202               	bcf	int$flags,1,c	;clear compiler interrupt flag (level 2)
    86   0000C2  0100               	movlb	0
    87   0000C4  EF4C  F000         	goto	_main	;jump to C main() function
    88                           
    89                           	psect	cstackCOMRAM
    90   000001                     __pcstackCOMRAM:
    91                           	callstack 0
    92   000001                     ??_TMR1_ISR:
    93   000001                     
    94                           ; 2 bytes @ 0x0
    95   000001                     	ds	1
    96   000002                     
    97                           ; 1 bytes @ 0x1
    98 ;;
    99 ;;Main: autosize = 0, tempsize = 0, incstack = 0, save=0
   100 ;;
   101 ;; *************** function _main *****************
   102 ;; Defined at:
   103 ;;		line 42 in file "main.c"
   104 ;; Parameters:    Size  Location     Type
   105 ;;		None
   106 ;; Auto vars:     Size  Location     Type
   107 ;;		None
   108 ;; Return value:  Size  Location     Type
   109 ;;                  2   50[None  ] int 
   110 ;; Registers used:
   111 ;;		wreg, status,2, cstack
   112 ;; Tracked objects:
   113 ;;		On entry : 0/0
   114 ;;		On exit  : 0/0
   115 ;;		Unchanged: 0/0
   116 ;; Data sizes:     COMRAM   BANK0   BANK1   BANK2   BANK3   BANK4   BANK5   BANK6   BANK7
   117 ;;      Params:         0       0       0       0       0       0       0       0       0
   118 ;;      Locals:         0       0       0       0       0       0       0       0       0
   119 ;;      Temps:          0       0       0       0       0       0       0       0       0
   120 ;;      Totals:         0       0       0       0       0       0       0       0       0
   121 ;;Total ram usage:        0 bytes
   122 ;; Hardware stack levels required when called: 2
   123 ;; This function calls:
   124 ;;		_Init_Internal_Oscillator
   125 ;;		_Init_Timer1_As_Timer
   126 ;;		_Init_Timer1_Interrupts
   127 ;; This function is called by:
   128 ;;		Startup code after reset
   129 ;; This function uses a non-reentrant model
   130 ;;
   131                           
   132                           	psect	text0
   133   000098                     __ptext0:
   134                           	callstack 0
   135   000098                     _main:
   136                           	callstack 29
   137   000098                     
   138                           ;main.c: 45:     Init_Internal_Oscillator();
   139   000098  EC58  F000         	call	_Init_Internal_Oscillator	;wreg free
   140                           
   141                           ;main.c: 47:     Init_Timer1_Interrupts();
   142   00009C  EC3E  F000         	call	_Init_Timer1_Interrupts	;wreg free
   143                           
   144                           ;main.c: 49:     Init_Timer1_As_Timer();
   145   0000A0  EC2E  F000         	call	_Init_Timer1_As_Timer	;wreg free
   146   0000A4                     
   147                           ;main.c: 51:     TRISBbits.RB0 = 0;
   148   0000A4  9093               	bcf	147,0,c	;volatile
   149   0000A6                     l785:
   150                           
   151                           ;main.c: 53:     {;main.c: 54:         __nop();
   152   0000A6  F000               	nop	
   153   0000A8  EF53  F000         	goto	l785
   154   0000AC  EF07  F000         	goto	start
   155   0000B0                     __end_of_main:
   156                           	callstack 0
   157                           
   158 ;; *************** function _Init_Timer1_Interrupts *****************
   159 ;; Defined at:
   160 ;;		line 83 in file "main.c"
   161 ;; Parameters:    Size  Location     Type
   162 ;;		None
   163 ;; Auto vars:     Size  Location     Type
   164 ;;		None
   165 ;; Return value:  Size  Location     Type
   166 ;;                  1    wreg      void 
   167 ;; Registers used:
   168 ;;		wreg, status,2
   169 ;; Tracked objects:
   170 ;;		On entry : 0/0
   171 ;;		On exit  : 0/0
   172 ;;		Unchanged: 0/0
   173 ;; Data sizes:     COMRAM   BANK0   BANK1   BANK2   BANK3   BANK4   BANK5   BANK6   BANK7
   174 ;;      Params:         0       0       0       0       0       0       0       0       0
   175 ;;      Locals:         0       0       0       0       0       0       0       0       0
   176 ;;      Temps:          0       0       0       0       0       0       0       0       0
   177 ;;      Totals:         0       0       0       0       0       0       0       0       0
   178 ;;Total ram usage:        0 bytes
   179 ;; Hardware stack levels used: 1
   180 ;; Hardware stack levels required when called: 1
   181 ;; This function calls:
   182 ;;		Nothing
   183 ;; This function is called by:
   184 ;;		_main
   185 ;; This function uses a non-reentrant model
   186 ;;
   187                           
   188                           	psect	text1
   189   00007C                     __ptext1:
   190                           	callstack 0
   191   00007C                     _Init_Timer1_Interrupts:
   192                           	callstack 29
   193   00007C                     
   194                           ;main.c: 86:     RCON = 0x00;
   195   00007C  0E00               	movlw	0
   196   00007E  6ED0               	movwf	208,c	;volatile
   197                           
   198                           ;main.c: 87:     INTCON = 0x00;
   199   000080  0E00               	movlw	0
   200   000082  6EF2               	movwf	242,c	;volatile
   201                           
   202                           ;main.c: 88:     PIR1 = 0x00;
   203   000084  0E00               	movlw	0
   204   000086  6E9E               	movwf	158,c	;volatile
   205                           
   206                           ;main.c: 89:     PIE1 = 0x00;
   207   000088  0E00               	movlw	0
   208   00008A  6E9D               	movwf	157,c	;volatile
   209   00008C                     
   210                           ;main.c: 92:     RCONbits.IPEN = 0;
   211   00008C  9ED0               	bcf	208,7,c	;volatile
   212   00008E                     
   213                           ;main.c: 93:     INTCONbits.GIE = 1;
   214   00008E  8EF2               	bsf	242,7,c	;volatile
   215   000090                     
   216                           ;main.c: 94:     INTCONbits.PEIE = 1;
   217   000090  8CF2               	bsf	242,6,c	;volatile
   218   000092                     
   219                           ;main.c: 97:     PIE1bits.TMR1IE = 1;
   220   000092  809D               	bsf	157,0,c	;volatile
   221   000094                     
   222                           ;main.c: 98:     PIR1bits.TMR1IF = 0;
   223   000094  909E               	bcf	158,0,c	;volatile
   224   000096  0012               	return		;funcret
   225   000098                     __end_of_Init_Timer1_Interrupts:
   226                           	callstack 0
   227                           
   228 ;; *************** function _Init_Timer1_As_Timer *****************
   229 ;; Defined at:
   230 ;;		line 61 in file "main.c"
   231 ;; Parameters:    Size  Location     Type
   232 ;;		None
   233 ;; Auto vars:     Size  Location     Type
   234 ;;		None
   235 ;; Return value:  Size  Location     Type
   236 ;;                  1    wreg      void 
   237 ;; Registers used:
   238 ;;		wreg, status,2
   239 ;; Tracked objects:
   240 ;;		On entry : 0/0
   241 ;;		On exit  : 0/0
   242 ;;		Unchanged: 0/0
   243 ;; Data sizes:     COMRAM   BANK0   BANK1   BANK2   BANK3   BANK4   BANK5   BANK6   BANK7
   244 ;;      Params:         0       0       0       0       0       0       0       0       0
   245 ;;      Locals:         0       0       0       0       0       0       0       0       0
   246 ;;      Temps:          0       0       0       0       0       0       0       0       0
   247 ;;      Totals:         0       0       0       0       0       0       0       0       0
   248 ;;Total ram usage:        0 bytes
   249 ;; Hardware stack levels used: 1
   250 ;; Hardware stack levels required when called: 1
   251 ;; This function calls:
   252 ;;		Nothing
   253 ;; This function is called by:
   254 ;;		_main
   255 ;; This function uses a non-reentrant model
   256 ;;
   257                           
   258                           	psect	text2
   259   00005C                     __ptext2:
   260                           	callstack 0
   261   00005C                     _Init_Timer1_As_Timer:
   262                           	callstack 29
   263   00005C                     
   264                           ;main.c: 64:     T1CON = 0x00;
   265   00005C  0E00               	movlw	0
   266   00005E  6ECD               	movwf	205,c	;volatile
   267   000060                     
   268                           ;main.c: 67:     T1CONbits.TMR1ON = 0;
   269   000060  90CD               	bcf	205,0,c	;volatile
   270   000062                     
   271                           ;main.c: 68:     T1CONbits.RD16 = 0;
   272   000062  9ECD               	bcf	205,7,c	;volatile
   273   000064                     
   274                           ;main.c: 69:     T1CONbits.T1RUN = 0;
   275   000064  9CCD               	bcf	205,6,c	;volatile
   276                           
   277                           ;main.c: 70:     T1CONbits.T1CKPS = 0;
   278   000066  0ECF               	movlw	-49
   279   000068  16CD               	andwf	205,f,c	;volatile
   280   00006A                     
   281                           ;main.c: 71:     T1CONbits.T1OSCEN = 1;
   282   00006A  86CD               	bsf	205,3,c	;volatile
   283   00006C                     
   284                           ;main.c: 72:     T1CONbits.T1SYNC = 1;
   285   00006C  84CD               	bsf	205,2,c	;volatile
   286   00006E                     
   287                           ;main.c: 73:     T1CONbits.TMR1CS = 1;
   288   00006E  82CD               	bsf	205,1,c	;volatile
   289                           
   290                           ;main.c: 76:     TMR1H = 0x80;
   291   000070  0E80               	movlw	128
   292   000072  6ECF               	movwf	207,c	;volatile
   293                           
   294                           ;main.c: 77:     TMR1L = 0x00;
   295   000074  0E00               	movlw	0
   296   000076  6ECE               	movwf	206,c	;volatile
   297   000078                     
   298                           ;main.c: 80:     T1CONbits.TMR1ON = 1;
   299   000078  80CD               	bsf	205,0,c	;volatile
   300   00007A  0012               	return		;funcret
   301   00007C                     __end_of_Init_Timer1_As_Timer:
   302                           	callstack 0
   303                           
   304 ;; *************** function _Init_Internal_Oscillator *****************
   305 ;; Defined at:
   306 ;;		line 101 in file "main.c"
   307 ;; Parameters:    Size  Location     Type
   308 ;;		None
   309 ;; Auto vars:     Size  Location     Type
   310 ;;		None
   311 ;; Return value:  Size  Location     Type
   312 ;;                  1    wreg      void 
   313 ;; Registers used:
   314 ;;		wreg, status,2
   315 ;; Tracked objects:
   316 ;;		On entry : 0/0
   317 ;;		On exit  : 0/0
   318 ;;		Unchanged: 0/0
   319 ;; Data sizes:     COMRAM   BANK0   BANK1   BANK2   BANK3   BANK4   BANK5   BANK6   BANK7
   320 ;;      Params:         0       0       0       0       0       0       0       0       0
   321 ;;      Locals:         0       0       0       0       0       0       0       0       0
   322 ;;      Temps:          0       0       0       0       0       0       0       0       0
   323 ;;      Totals:         0       0       0       0       0       0       0       0       0
   324 ;;Total ram usage:        0 bytes
   325 ;; Hardware stack levels used: 1
   326 ;; Hardware stack levels required when called: 1
   327 ;; This function calls:
   328 ;;		Nothing
   329 ;; This function is called by:
   330 ;;		_main
   331 ;; This function uses a non-reentrant model
   332 ;;
   333                           
   334                           	psect	text3
   335   0000B0                     __ptext3:
   336                           	callstack 0
   337   0000B0                     _Init_Internal_Oscillator:
   338                           	callstack 29
   339   0000B0                     
   340                           ;main.c: 104:     OSCCON = 0x00;
   341   0000B0  0E00               	movlw	0
   342   0000B2  6ED3               	movwf	211,c	;volatile
   343                           
   344                           ;main.c: 107:     OSCCONbits.IRCF = 0b111;
   345   0000B4  0E70               	movlw	112
   346   0000B6  12D3               	iorwf	211,f,c	;volatile
   347                           
   348                           ;main.c: 108:     OSCCONbits.SCS = 0b11;
   349   0000B8  0E03               	movlw	3
   350   0000BA  12D3               	iorwf	211,f,c	;volatile
   351   0000BC  0012               	return		;funcret
   352   0000BE                     __end_of_Init_Internal_Oscillator:
   353                           	callstack 0
   354                           
   355 ;; *************** function _TMR1_ISR *****************
   356 ;; Defined at:
   357 ;;		line 21 in file "main.c"
   358 ;; Parameters:    Size  Location     Type
   359 ;;		None
   360 ;; Auto vars:     Size  Location     Type
   361 ;;		None
   362 ;; Return value:  Size  Location     Type
   363 ;;                  1    wreg      void 
   364 ;; Registers used:
   365 ;;		wreg, status,2, status,0
   366 ;; Tracked objects:
   367 ;;		On entry : 0/0
   368 ;;		On exit  : 0/0
   369 ;;		Unchanged: 0/0
   370 ;; Data sizes:     COMRAM   BANK0   BANK1   BANK2   BANK3   BANK4   BANK5   BANK6   BANK7
   371 ;;      Params:         0       0       0       0       0       0       0       0       0
   372 ;;      Locals:         0       0       0       0       0       0       0       0       0
   373 ;;      Temps:          1       0       0       0       0       0       0       0       0
   374 ;;      Totals:         1       0       0       0       0       0       0       0       0
   375 ;;Total ram usage:        1 bytes
   376 ;; Hardware stack levels used: 1
   377 ;; This function calls:
   378 ;;		Nothing
   379 ;; This function is called by:
   380 ;;		Interrupt level 2
   381 ;; This function uses a non-reentrant model
   382 ;;
   383                           
   384                           	psect	intcode
   385   000008                     __pintcode:
   386                           	callstack 0
   387   000008                     _TMR1_ISR:
   388                           	callstack 29
   389                           
   390                           ;incstack = 0
   391   000008  8202               	bsf	int$flags,1,c	;set compiler interrupt flag (level 2)
   392   00000A  ED09  F000         	call	int_func,f	;refresh shadow registers
   393                           
   394                           	psect	intcode_body
   395   000012                     __pintcode_body:
   396                           	callstack 29
   397   000012                     int_func:
   398                           	callstack 29
   399   000012  0006               	pop		; remove dummy address from shadow register refresh
   400   000014                     
   401                           ;main.c: 23:     if(PIR1bits.TMR1IF && PIE1bits.TMR1IE)
   402   000014  A09E               	btfss	158,0,c	;volatile
   403   000016  EF0F  F000         	goto	i2u1_41
   404   00001A  EF11  F000         	goto	i2u1_40
   405   00001E                     i2u1_41:
   406   00001E  EF2C  F000         	goto	i2l46
   407   000022                     i2u1_40:
   408   000022  A09D               	btfss	157,0,c	;volatile
   409   000024  EF16  F000         	goto	i2u2_41
   410   000028  EF18  F000         	goto	i2u2_40
   411   00002C                     i2u2_41:
   412   00002C  EF2C  F000         	goto	i2l46
   413   000030                     i2u2_40:
   414   000030                     
   415                           ;main.c: 24:     {;main.c: 26:         LATBbits.LATB0 = !LATBbits.LATB0;
   416   000030  A08A               	btfss	138,0,c	;volatile
   417   000032  EF1D  F000         	goto	i2u3_41
   418   000036  EF21  F000         	goto	i2u3_40
   419   00003A                     i2u3_41:
   420   00003A  6A01               	clrf	??_TMR1_ISR^0,c
   421   00003C  2A01               	incf	??_TMR1_ISR^0,f,c
   422   00003E  EF22  F000         	goto	i2u4_48
   423   000042                     i2u3_40:
   424   000042  6A01               	clrf	??_TMR1_ISR^0,c
   425   000044                     i2u4_48:
   426   000044  508A               	movf	138,w,c	;volatile
   427   000046  1801               	xorwf	??_TMR1_ISR^0,w,c
   428   000048  0BFE               	andlw	-2
   429   00004A  1801               	xorwf	??_TMR1_ISR^0,w,c
   430   00004C  6E8A               	movwf	138,c	;volatile
   431   00004E                     
   432                           ;main.c: 28:         TMR1H = 0x80;
   433   00004E  0E80               	movlw	128
   434   000050  6ECF               	movwf	207,c	;volatile
   435   000052                     
   436                           ;main.c: 29:         TMR1L = 0x00;
   437   000052  0E00               	movlw	0
   438   000054  6ECE               	movwf	206,c	;volatile
   439   000056                     
   440                           ;main.c: 31:         PIR1bits.TMR1IF = 0;
   441   000056  909E               	bcf	158,0,c	;volatile
   442   000058                     i2l46:
   443   000058  9202               	bcf	int$flags,1,c	;clear compiler interrupt flag (level 2)
   444   00005A  0011               	retfie		f
   445   00005C                     __end_of_TMR1_ISR:
   446                           	callstack 0
   447   000000                     
   448                           	psect	rparam
   449   000000                     
   450                           	psect	temp
   451   000002                     btemp:
   452                           	callstack 0
   453   000002                     	ds	1
   454   000000                     int$flags	set	btemp
   455   000000                     wtemp8	set	btemp+1
   456   000000                     ttemp5	set	btemp+1
   457   000000                     ttemp6	set	btemp+4
   458   000000                     ttemp7	set	btemp+8
   459                           
   460                           	psect	idloc
   461                           
   462                           ;Config register IDLOC0 @ 0x200000
   463                           ;	unspecified, using default values
   464   200000                     	org	2097152
   465   200000  FF                 	db	255
   466                           
   467                           ;Config register IDLOC1 @ 0x200001
   468                           ;	unspecified, using default values
   469   200001                     	org	2097153
   470   200001  FF                 	db	255
   471                           
   472                           ;Config register IDLOC2 @ 0x200002
   473                           ;	unspecified, using default values
   474   200002                     	org	2097154
   475   200002  FF                 	db	255
   476                           
   477                           ;Config register IDLOC3 @ 0x200003
   478                           ;	unspecified, using default values
   479   200003                     	org	2097155
   480   200003  FF                 	db	255
   481                           
   482                           ;Config register IDLOC4 @ 0x200004
   483                           ;	unspecified, using default values
   484   200004                     	org	2097156
   485   200004  FF                 	db	255
   486                           
   487                           ;Config register IDLOC5 @ 0x200005
   488                           ;	unspecified, using default values
   489   200005                     	org	2097157
   490   200005  FF                 	db	255
   491                           
   492                           ;Config register IDLOC6 @ 0x200006
   493                           ;	unspecified, using default values
   494   200006                     	org	2097158
   495   200006  FF                 	db	255
   496                           
   497                           ;Config register IDLOC7 @ 0x200007
   498                           ;	unspecified, using default values
   499   200007                     	org	2097159
   500   200007  FF                 	db	255
   501                           
   502                           	psect	config
   503                           
   504                           ;Config register CONFIG1L @ 0x300000
   505                           ;	PLL Prescaler Selection bits
   506                           ;	PLLDIV = 1, No prescale (4 MHz oscillator input drives PLL directly)
   507                           ;	System Clock Postscaler Selection bits
   508                           ;	CPUDIV = OSC1_PLL2, [Primary Oscillator Src: /1][96 MHz PLL Src: /2]
   509                           ;	USB Clock Selection bit (used in Full-Speed USB mode only; UCFG:FSEN = 1)
   510                           ;	USBDIV = 1, USB clock source comes directly from the primary oscillator block with no 
      +                          postscale
   511   300000                     	org	3145728
   512   300000  00                 	db	0
   513                           
   514                           ;Config register CONFIG1H @ 0x300001
   515                           ;	Oscillator Selection bits
   516                           ;	FOSC = INTOSC_HS, Internal oscillator, HS oscillator used by USB (INTHS)
   517                           ;	Fail-Safe Clock Monitor Enable bit
   518                           ;	FCMEN = OFF, Fail-Safe Clock Monitor disabled
   519                           ;	Internal/External Oscillator Switchover bit
   520                           ;	IESO = OFF, Oscillator Switchover mode disabled
   521   300001                     	org	3145729
   522   300001  0B                 	db	11
   523                           
   524                           ;Config register CONFIG2L @ 0x300002
   525                           ;	Power-up Timer Enable bit
   526                           ;	PWRT = OFF, PWRT disabled
   527                           ;	Brown-out Reset Enable bits
   528                           ;	BOR = OFF, Brown-out Reset disabled in hardware and software
   529                           ;	Brown-out Reset Voltage bits
   530                           ;	BORV = 3, Minimum setting 2.05V
   531                           ;	USB Voltage Regulator Enable bit
   532                           ;	VREGEN = OFF, USB voltage regulator disabled
   533   300002                     	org	3145730
   534   300002  19                 	db	25
   535                           
   536                           ;Config register CONFIG2H @ 0x300003
   537                           ;	Watchdog Timer Enable bit
   538                           ;	WDT = OFF, WDT disabled (control is placed on the SWDTEN bit)
   539                           ;	Watchdog Timer Postscale Select bits
   540                           ;	WDTPS = 32768, 1:32768
   541   300003                     	org	3145731
   542   300003  1E                 	db	30
   543                           
   544                           ; Padding undefined space
   545   300004                     	org	3145732
   546   300004  FF                 	db	255
   547                           
   548                           ;Config register CONFIG3H @ 0x300005
   549                           ;	CCP2 MUX bit
   550                           ;	CCP2MX = OFF, CCP2 input/output is multiplexed with RB3
   551                           ;	PORTB A/D Enable bit
   552                           ;	PBADEN = OFF, PORTB<4:0> pins are configured as digital I/O on Reset
   553                           ;	Low-Power Timer 1 Oscillator Enable bit
   554                           ;	LPT1OSC = OFF, Timer1 configured for higher power operation
   555                           ;	MCLR Pin Enable bit
   556                           ;	MCLRE = ON, MCLR pin enabled; RE3 input pin disabled
   557   300005                     	org	3145733
   558   300005  80                 	db	128
   559                           
   560                           ;Config register CONFIG4L @ 0x300006
   561                           ;	Stack Full/Underflow Reset Enable bit
   562                           ;	STVREN = OFF, Stack full/underflow will not cause Reset
   563                           ;	Single-Supply ICSP Enable bit
   564                           ;	LVP = OFF, Single-Supply ICSP disabled
   565                           ;	Dedicated In-Circuit Debug/Programming Port (ICPORT) Enable bit
   566                           ;	ICPRT = OFF, ICPORT disabled
   567                           ;	Extended Instruction Set Enable bit
   568                           ;	XINST = OFF, Instruction set extension and Indexed Addressing mode disabled (Legacy mo
      +                          de)
   569                           ;	Background Debugger Enable bit
   570                           ;	DEBUG = 0x1, unprogrammed default
   571   300006                     	org	3145734
   572   300006  80                 	db	128
   573                           
   574                           ; Padding undefined space
   575   300007                     	org	3145735
   576   300007  FF                 	db	255
   577                           
   578                           ;Config register CONFIG5L @ 0x300008
   579                           ;	Code Protection bit
   580                           ;	CP0 = OFF, Block 0 (000800-001FFFh) is not code-protected
   581                           ;	Code Protection bit
   582                           ;	CP1 = OFF, Block 1 (002000-003FFFh) is not code-protected
   583                           ;	Code Protection bit
   584                           ;	CP2 = OFF, Block 2 (004000-005FFFh) is not code-protected
   585                           ;	Code Protection bit
   586                           ;	CP3 = OFF, Block 3 (006000-007FFFh) is not code-protected
   587   300008                     	org	3145736
   588   300008  0F                 	db	15
   589                           
   590                           ;Config register CONFIG5H @ 0x300009
   591                           ;	Boot Block Code Protection bit
   592                           ;	CPB = OFF, Boot block (000000-0007FFh) is not code-protected
   593                           ;	Data EEPROM Code Protection bit
   594                           ;	CPD = OFF, Data EEPROM is not code-protected
   595   300009                     	org	3145737
   596   300009  C0                 	db	192
   597                           
   598                           ;Config register CONFIG6L @ 0x30000A
   599                           ;	Write Protection bit
   600                           ;	WRT0 = OFF, Block 0 (000800-001FFFh) is not write-protected
   601                           ;	Write Protection bit
   602                           ;	WRT1 = OFF, Block 1 (002000-003FFFh) is not write-protected
   603                           ;	Write Protection bit
   604                           ;	WRT2 = OFF, Block 2 (004000-005FFFh) is not write-protected
   605                           ;	Write Protection bit
   606                           ;	WRT3 = OFF, Block 3 (006000-007FFFh) is not write-protected
   607   30000A                     	org	3145738
   608   30000A  0F                 	db	15
   609                           
   610                           ;Config register CONFIG6H @ 0x30000B
   611                           ;	Configuration Register Write Protection bit
   612                           ;	WRTC = OFF, Configuration registers (300000-3000FFh) are not write-protected
   613                           ;	Boot Block Write Protection bit
   614                           ;	WRTB = OFF, Boot block (000000-0007FFh) is not write-protected
   615                           ;	Data EEPROM Write Protection bit
   616                           ;	WRTD = OFF, Data EEPROM is not write-protected
   617   30000B                     	org	3145739
   618   30000B  E0                 	db	224
   619                           
   620                           ;Config register CONFIG7L @ 0x30000C
   621                           ;	Table Read Protection bit
   622                           ;	EBTR0 = OFF, Block 0 (000800-001FFFh) is not protected from table reads executed in ot
      +                          her blocks
   623                           ;	Table Read Protection bit
   624                           ;	EBTR1 = OFF, Block 1 (002000-003FFFh) is not protected from table reads executed in ot
      +                          her blocks
   625                           ;	Table Read Protection bit
   626                           ;	EBTR2 = OFF, Block 2 (004000-005FFFh) is not protected from table reads executed in ot
      +                          her blocks
   627                           ;	Table Read Protection bit
   628                           ;	EBTR3 = OFF, Block 3 (006000-007FFFh) is not protected from table reads executed in ot
      +                          her blocks
   629   30000C                     	org	3145740
   630   30000C  0F                 	db	15
   631                           
   632                           ;Config register CONFIG7H @ 0x30000D
   633                           ;	Boot Block Table Read Protection bit
   634                           ;	EBTRB = OFF, Boot block (000000-0007FFh) is not protected from table reads executed in
      +                           other blocks
   635   30000D                     	org	3145741
   636   30000D  40                 	db	64
   637                           tosu	equ	0xFFF
   638                           tosh	equ	0xFFE
   639                           tosl	equ	0xFFD
   640                           stkptr	equ	0xFFC
   641                           pclatu	equ	0xFFB
   642                           pclath	equ	0xFFA
   643                           pcl	equ	0xFF9
   644                           tblptru	equ	0xFF8
   645                           tblptrh	equ	0xFF7
   646                           tblptrl	equ	0xFF6
   647                           tablat	equ	0xFF5
   648                           prodh	equ	0xFF4
   649                           prodl	equ	0xFF3
   650                           indf0	equ	0xFEF
   651                           postinc0	equ	0xFEE
   652                           postdec0	equ	0xFED
   653                           preinc0	equ	0xFEC
   654                           plusw0	equ	0xFEB
   655                           fsr0h	equ	0xFEA
   656                           fsr0l	equ	0xFE9
   657                           wreg	equ	0xFE8
   658                           indf1	equ	0xFE7
   659                           postinc1	equ	0xFE6
   660                           postdec1	equ	0xFE5
   661                           preinc1	equ	0xFE4
   662                           plusw1	equ	0xFE3
   663                           fsr1h	equ	0xFE2
   664                           fsr1l	equ	0xFE1
   665                           bsr	equ	0xFE0
   666                           indf2	equ	0xFDF
   667                           postinc2	equ	0xFDE
   668                           postdec2	equ	0xFDD
   669                           preinc2	equ	0xFDC
   670                           plusw2	equ	0xFDB
   671                           fsr2h	equ	0xFDA
   672                           fsr2l	equ	0xFD9
   673                           status	equ	0xFD8

Data Sizes:
    Strings     0
    Constant    0
    Data        0
    BSS         0
    Persistent  0
    Stack       0

Auto Spaces:
    Space          Size  Autos    Used
    COMRAM           94      1       1
    BANK0           160      0       0
    BANK1           256      0       0
    BANK2           256      0       0
    BANK3           256      0       0
    BANK4           256      0       0
    BANK5           256      0       0
    BANK6           256      0       0
    BANK7           256      0       0

Pointer List with Targets:

    None.

Critical Paths under _main in COMRAM

    None.

Critical Paths under _TMR1_ISR in COMRAM

    None.

Critical Paths under _main in BANK0

    None.

Critical Paths under _TMR1_ISR in BANK0

    None.

Critical Paths under _main in BANK1

    None.

Critical Paths under _TMR1_ISR in BANK1

    None.

Critical Paths under _main in BANK2

    None.

Critical Paths under _TMR1_ISR in BANK2

    None.

Critical Paths under _main in BANK3

    None.

Critical Paths under _TMR1_ISR in BANK3

    None.

Critical Paths under _main in BANK4

    None.

Critical Paths under _TMR1_ISR in BANK4

    None.

Critical Paths under _main in BANK5

    None.

Critical Paths under _TMR1_ISR in BANK5

    None.

Critical Paths under _main in BANK6

    None.

Critical Paths under _TMR1_ISR in BANK6

    None.

Critical Paths under _main in BANK7

    None.

Critical Paths under _TMR1_ISR in BANK7

    None.

Call Graph Tables:

 ---------------------------------------------------------------------------------
 (Depth) Function   	        Calls       Base Space   Used Autos Params    Refs
 ---------------------------------------------------------------------------------
 (0) _main                                                 0     0      0       0
           _Init_Internal_Oscillator
               _Init_Timer1_As_Timer
             _Init_Timer1_Interrupts
 ---------------------------------------------------------------------------------
 (1) _Init_Timer1_Interrupts                               0     0      0       0
 ---------------------------------------------------------------------------------
 (1) _Init_Timer1_As_Timer                                 0     0      0       0
 ---------------------------------------------------------------------------------
 (1) _Init_Internal_Oscillator                             0     0      0       0
 ---------------------------------------------------------------------------------
 Estimated maximum stack depth 1
 ---------------------------------------------------------------------------------
 (Depth) Function   	        Calls       Base Space   Used Autos Params    Refs
 ---------------------------------------------------------------------------------
 (2) _TMR1_ISR                                             1     1      0       0
                                              0 COMRAM     1     1      0
 ---------------------------------------------------------------------------------
 Estimated maximum stack depth 2
 ---------------------------------------------------------------------------------

 Call Graph Graphs:

 _main (ROOT)
   _Init_Internal_Oscillator
   _Init_Timer1_As_Timer
   _Init_Timer1_Interrupts

 _TMR1_ISR (ROOT)

 Address spaces:
Name               Size   Autos  Total    Cost      Usage
BITCOMRAM           5E      0       0       0        0.0%
EEDATA             100      0       0       0        0.0%
NULL                 0      0       0       0        0.0%
CODE                 0      0       0       0        0.0%
COMRAM              5E      1       1       1        1.1%
STACK                0      0       0       2        0.0%
DATA                 0      0       0       3        0.0%
BITBANK0            A0      0       0       4        0.0%
BANK0               A0      0       0       5        0.0%
BITBANK1           100      0       0       6        0.0%
BANK1              100      0       0       7        0.0%
BITBANK2           100      0       0       8        0.0%
BANK2              100      0       0       9        0.0%
BITBANK3           100      0       0      10        0.0%
BANK3              100      0       0      11        0.0%
BITBANK4           100      0       0      12        0.0%
BANK4              100      0       0      13        0.0%
BITBANK5           100      0       0      14        0.0%
BANK5              100      0       0      15        0.0%
BITBANK6           100      0       0      16        0.0%
BANK6              100      0       0      17        0.0%
BITBANK7           100      0       0      18        0.0%
BANK7              100      0       0      19        0.0%
BITBIGSFRhhh         D      0       0      20        0.0%
BITBIGSFRhhlh       1E      0       0      21        0.0%
BITBIGSFRhhll        2      0       0      22        0.0%
BITBIGSFRhl         2E      0       0      23        0.0%
BITBIGSFRlhh         9      0       0      24        0.0%
BITBIGSFRlhl         8      0       0      25        0.0%
BITBIGSFRll         2A      0       0      26        0.0%
ABS                  0      0       0      27        0.0%
BIGRAM             7FF      0       0      28        0.0%
BIGSFR               0      0       0     200        0.0%
BITSFR               0      0       0     200        0.0%
SFR                  0      0       0     200        0.0%


Microchip Technology PIC18 Macro Assembler V2.41 build 20230208172133 
Symbol Table                                                                                   Tue May 30 20:24:21 2023

                              l60 0096                                l63 00BC                                l57 007A  
                             l741 007C                               l751 0094                               l743 008C  
                             l761 006A                               l753 005C                               l745 008E  
                             l739 00B0                               l763 006C                               l755 0060  
                             l747 0090                               l765 006E                               l757 0062  
                             l749 0092                               l781 0098                               l767 0078  
                             l759 0064                               l783 00A4                               l785 00A6  
                            _PIE1 0F9D                              _PIR1 0F9E                              i2l46 0058  
                            _RCON 0FD0                              _main 0098                              btemp 0002  
                            start 000E                      ___param_bank 0000                             ?_main 0001  
                           _T1CON 0FCD                             i2l771 0022                             i2l773 0030  
                           i2l775 004E                             i2l777 0052                             i2l769 0014  
                           i2l779 0056                             _TMR1H 0FCF                             _TMR1L 0FCE  
                __end_of_TMR1_ISR 005C                             ttemp5 0003                             ttemp6 0006  
                           ttemp7 000A                             wtemp8 0003                   __initialization 00BE  
                    __end_of_main 00B0                            ??_main 0002                     __activetblptr 0000  
                          _INTCON 0FF2                            _OSCCON 0FD3                            i2u1_40 0022  
                          i2u1_41 001E                            i2u2_40 0030                            i2u2_41 002C  
                          i2u3_40 0042                            i2u3_41 003A                            i2u4_48 0044  
                          isa$std 0001                        __accesstop 0060           __end_of__initialization 00BE  
        ??_Init_Timer1_Interrupts 0002                     ___rparam_used 0001                    __pcstackCOMRAM 0001  
                       ?_TMR1_ISR 0001                        ??_TMR1_ISR 0001         ?_Init_Internal_Oscillator 0001  
                         __Hparam 0000                           __Lparam 0000                           __pcinit 00BE  
                         __ramtop 0800                           __ptext0 0098                           __ptext1 007C  
                         __ptext2 005C                           __ptext3 00B0      __end_of_Init_Timer1_As_Timer 007C  
                       _T1CONbits 0FCD                    __pintcode_body 0012              end_of_initialization 00BE  
                         int_func 0012            _Init_Timer1_Interrupts 007C                         _TRISBbits 0F93  
             start_initialization 00BE  __end_of_Init_Internal_Oscillator 00BE              _Init_Timer1_As_Timer 005C  
           ?_Init_Timer1_As_Timer 0001                         __pintcode 0008                          _LATBbits 0F8A  
                        _PIE1bits 0F9D                          _PIR1bits 0F9E          _Init_Internal_Oscillator 00B0  
                        _RCONbits 0FD0                          _TMR1_ISR 0008           ?_Init_Timer1_Interrupts 0001  
          ??_Init_Timer1_As_Timer 0002                          __Hrparam 0000                          __Lrparam 0000  
  __end_of_Init_Timer1_Interrupts 0098                          isa$xinst 0000                          int$flags 0002  
                      _INTCONbits 0FF2                          intlevel2 0000                        _OSCCONbits 0FD3  
      ??_Init_Internal_Oscillator 0002  
