

Microchip MPLAB XC8 Assembler V2.41 build 20230208172133 
                                                                                               Wed May 24 16:50:49 2023

Microchip MPLAB XC8 C Compiler v2.41 (Free license) build 20230208172133 Og1 
     1                           	processor	18F4550
     2                           	fnconf	rparam,??,?,0
     3                           	pagewidth 120
     4                           	opt	flic
     5                           	psect	cinit,global,reloc=2,class=CODE,delta=1
     6                           	psect	cstackCOMRAM,global,class=COMRAM,space=1,delta=1,lowdata,noexec
     7                           	psect	text0,global,reloc=2,class=CODE,delta=1
     8                           	psect	text1,global,reloc=2,class=CODE,delta=1
     9                           	psect	text2,global,reloc=2,class=CODE,delta=1
    10                           	psect	text3,global,reloc=2,class=CODE,delta=1
    11                           	psect	intcodelo,global,reloc=2,class=CODE,delta=1
    12                           	psect	intcode,global,reloc=2,class=CODE,delta=1
    13                           	psect	intcode_body,global,reloc=2,class=CODE,delta=1
    14                           	psect	intsave_regs,global,class=BIGRAM,space=1,delta=1,noexec
    15                           	psect	rparam,global,class=COMRAM,space=1,delta=1,noexec
    16                           	psect	temp,global,ovrld,common,class=COMRAM,space=1,delta=1
    17                           	psect	idloc,global,abs,ovrld,class=IDLOC,space=5,delta=1,noexec
    18                           	psect	config,global,abs,ovrld,class=CONFIG,space=4,delta=1,noexec
    19   000000                     
    20                           ; Version 2.40
    21                           ; Generated 17/11/2021 GMT
    22                           ; 
    23                           ; Copyright © 2021, Microchip Technology Inc. and its subsidiaries ("Microchip")
    24                           ; All rights reserved.
    25                           ; 
    26                           ; This software is developed by Microchip Technology Inc. and its subsidiaries ("Microch
      +                          ip").
    27                           ; 
    28                           ; Redistribution and use in source and binary forms, with or without modification, are
    29                           ; permitted provided that the following conditions are met:
    30                           ; 
    31                           ;     1. Redistributions of source code must retain the above copyright notice, this lis
      +                          t of
    32                           ;        conditions and the following disclaimer.
    33                           ; 
    34                           ;     2. Redistributions in binary form must reproduce the above copyright notice, this 
      +                          list
    35                           ;        of conditions and the following disclaimer in the documentation and/or other
    36                           ;        materials provided with the distribution. Publication is not required when
    37                           ;        this file is used in an embedded application.
    38                           ; 
    39                           ;     3. Microchip's name may not be used to endorse or promote products derived from th
      +                          is
    40                           ;        software without specific prior written permission.
    41                           ; 
    42                           ; THIS SOFTWARE IS PROVIDED BY MICROCHIP "AS IS" AND ANY EXPRESS OR IMPLIED WARRANTIES,
    43                           ; INCLUDING, BUT NOT LIMITED TO, THE IMPLIED WARRANTIES OF MERCHANTABILITY AND FITNESS F
      +                          OR
    44                           ; PURPOSE ARE DISCLAIMED.  IN NO EVENT SHALL MICROCHIP BE LIABLE FOR ANY DIRECT, INDIREC
      +                          T,
    45                           ; INCIDENTAL, SPECIAL, EXEMPLARY, OR CONSEQUENTIAL DAMAGES (INCLUDING BUT NOT LIMITED TO
    46                           ; PROCUREMENT OF SUBSTITUTE GOODS OR SERVICES; LOSS OF USE, DATA OR PROFITS; OR BUSINESS
    47                           ; INTERRUPTION) HOWSOEVER CAUSED AND ON ANY THEORY OF LIABILITY, WHETHER IN CONTRACT, ST
      +                          RICT
    48                           ; LIABILITY, OR TORT (INCLUDING NEGLIGENCE OR OTHERWISE) ARISING IN ANY WAY OUT OF THE U
      +                          SE OF
    49                           ; THIS SOFTWARE, EVEN IF ADVISED OF THE POSSIBILITY OF SUCH DAMAGE.
    50                           ; 
    51                           ; 
    52                           ; Code-generator required, PIC18F4550 Definitions
    53                           ; 
    54                           ; SFR Addresses
    55   000000                     _INTCON2	set	4081
    56   000000                     _OSCCONbits	set	4051
    57   000000                     _INTCON2bits	set	4081
    58   000000                     _RCONbits	set	4048
    59   000000                     _INTCON3	set	4080
    60   000000                     _INTCON	set	4082
    61   000000                     _PORTBbits	set	3969
    62   000000                     _LATDbits	set	3980
    63   000000                     _INTCONbits	set	4082
    64   000000                     _TRISBbits	set	3987
    65   000000                     _TRISDbits	set	3989
    66   000000                     _RCON	set	4048
    67   000000                     _INTCON3bits	set	4080
    68   000000                     _OSCCON	set	4051
    69                           
    70                           ; #config settings
    71                           
    72                           	psect	cinit
    73   00011E                     __pcinit:
    74                           	callstack 0
    75   00011E                     start_initialization:
    76                           	callstack 0
    77   00011E                     __initialization:
    78                           	callstack 0
    79   00011E                     end_of_initialization:
    80                           	callstack 0
    81   00011E                     __end_of__initialization:
    82                           	callstack 0
    83   00011E  9004               	bcf	int$flags,0,c	;clear compiler interrupt flag (level 1)
    84   000120  9204               	bcf	int$flags,1,c	;clear compiler interrupt flag (level 2)
    85   000122  0100               	movlb	0
    86   000124  EF2D  F000         	goto	_main	;jump to C main() function
    87                           
    88                           	psect	cstackCOMRAM
    89   000001                     __pcstackCOMRAM:
    90                           	callstack 0
    91   000001                     ??_INT1_ISR:
    92   000001                     
    93                           ; 2 bytes @ 0x0
    94   000001                     	ds	1
    95   000002                     ??_main:
    96                           
    97                           ; 1 bytes @ 0x1
    98   000002                     	ds	2
    99                           
   100 ;;
   101 ;;Main: autosize = 0, tempsize = 2, incstack = 0, save=0
   102 ;;
   103 ;; *************** function _main *****************
   104 ;; Defined at:
   105 ;;		line 61 in file "main.c"
   106 ;; Parameters:    Size  Location     Type
   107 ;;		None
   108 ;; Auto vars:     Size  Location     Type
   109 ;;		None
   110 ;; Return value:  Size  Location     Type
   111 ;;                  2   58[None  ] int 
   112 ;; Registers used:
   113 ;;		wreg, status,2, status,0, cstack
   114 ;; Tracked objects:
   115 ;;		On entry : 0/0
   116 ;;		On exit  : 0/0
   117 ;;		Unchanged: 0/0
   118 ;; Data sizes:     COMRAM   BANK0   BANK1   BANK2   BANK3   BANK4   BANK5   BANK6   BANK7
   119 ;;      Params:         0       0       0       0       0       0       0       0       0
   120 ;;      Locals:         0       0       0       0       0       0       0       0       0
   121 ;;      Temps:          2       0       0       0       0       0       0       0       0
   122 ;;      Totals:         2       0       0       0       0       0       0       0       0
   123 ;;Total ram usage:        2 bytes
   124 ;; Hardware stack levels required when called: 3
   125 ;; This function calls:
   126 ;;		_Init_External_Interrupt
   127 ;;		_Init_Gpio_System
   128 ;;		_Init_Internal_Oscillator
   129 ;; This function is called by:
   130 ;;		Startup code after reset
   131 ;; This function uses a non-reentrant model
   132 ;;
   133                           
   134                           	psect	text0
   135   00005A                     __ptext0:
   136                           	callstack 0
   137   00005A                     _main:
   138                           	callstack 28
   139   00005A                     
   140                           ;main.c: 64:     Init_Internal_Oscillator();
   141   00005A  EC81  F000         	call	_Init_Internal_Oscillator	;wreg free
   142   00005E                     
   143                           ;main.c: 66:     Init_Gpio_System();
   144   00005E  EC89  F000         	call	_Init_Gpio_System	;wreg free
   145   000062                     
   146                           ;main.c: 68:     Init_External_Interrupt();
   147   000062  EC6E  F000         	call	_Init_External_Interrupt	;wreg free
   148   000066                     l793:
   149                           
   150                           ;main.c: 70:     {;main.c: 71:         LATDbits.LATD2 = !LATDbits.LATD2;
   151   000066  A48C               	btfss	140,2,c	;volatile
   152   000068  EF38  F000         	goto	u71
   153   00006C  EF3C  F000         	goto	u70
   154   000070                     u71:
   155   000070  6A02               	clrf	??_main^0,c
   156   000072  2A02               	incf	??_main^0,f,c
   157   000074  EF3D  F000         	goto	u88
   158   000078                     u70:
   159   000078  6A02               	clrf	??_main^0,c
   160   00007A                     u88:
   161   00007A  4602               	rlncf	??_main^0,f,c
   162   00007C  4602               	rlncf	??_main^0,f,c
   163   00007E  508C               	movf	140,w,c	;volatile
   164   000080  1802               	xorwf	??_main^0,w,c
   165   000082  0BFB               	andlw	-5
   166   000084  1802               	xorwf	??_main^0,w,c
   167   000086  6E8C               	movwf	140,c	;volatile
   168   000088                     
   169                           ;main.c: 72:         _delay((unsigned long)((250)*(8000000UL/4000.0)));
   170   000088  0E03               	movlw	3
   171   00008A  6E03               	movwf	(??_main+1)^0,c
   172   00008C  0E8A               	movlw	138
   173   00008E  6E02               	movwf	??_main^0,c
   174   000090  0E56               	movlw	86
   175   000092                     u97:
   176   000092  2EE8               	decfsz	wreg,f,c
   177   000094  D7FE               	bra	u97
   178   000096  2E02               	decfsz	??_main^0,f,c
   179   000098  D7FC               	bra	u97
   180   00009A  2E03               	decfsz	(??_main+1)^0,f,c
   181   00009C  D7FA               	bra	u97
   182   00009E  EF33  F000         	goto	l793
   183   0000A2  EF2B  F000         	goto	start
   184   0000A6                     __end_of_main:
   185                           	callstack 0
   186                           
   187 ;; *************** function _Init_Internal_Oscillator *****************
   188 ;; Defined at:
   189 ;;		line 117 in file "main.c"
   190 ;; Parameters:    Size  Location     Type
   191 ;;		None
   192 ;; Auto vars:     Size  Location     Type
   193 ;;		None
   194 ;; Return value:  Size  Location     Type
   195 ;;                  1    wreg      void 
   196 ;; Registers used:
   197 ;;		wreg, status,2
   198 ;; Tracked objects:
   199 ;;		On entry : 0/0
   200 ;;		On exit  : 0/0
   201 ;;		Unchanged: 0/0
   202 ;; Data sizes:     COMRAM   BANK0   BANK1   BANK2   BANK3   BANK4   BANK5   BANK6   BANK7
   203 ;;      Params:         0       0       0       0       0       0       0       0       0
   204 ;;      Locals:         0       0       0       0       0       0       0       0       0
   205 ;;      Temps:          0       0       0       0       0       0       0       0       0
   206 ;;      Totals:         0       0       0       0       0       0       0       0       0
   207 ;;Total ram usage:        0 bytes
   208 ;; Hardware stack levels used: 1
   209 ;; Hardware stack levels required when called: 2
   210 ;; This function calls:
   211 ;;		Nothing
   212 ;; This function is called by:
   213 ;;		_main
   214 ;; This function uses a non-reentrant model
   215 ;;
   216                           
   217                           	psect	text1
   218   000102                     __ptext1:
   219                           	callstack 0
   220   000102                     _Init_Internal_Oscillator:
   221                           	callstack 28
   222   000102                     
   223                           ;main.c: 120:     OSCCON = 0x00;
   224   000102  0E00               	movlw	0
   225   000104  6ED3               	movwf	211,c	;volatile
   226   000106                     
   227                           ;main.c: 123:     OSCCONbits.IDLEN = 1;
   228   000106  8ED3               	bsf	211,7,c	;volatile
   229                           
   230                           ;main.c: 124:     OSCCONbits.IRCF = 0b111;
   231   000108  0E70               	movlw	112
   232   00010A  12D3               	iorwf	211,f,c	;volatile
   233                           
   234                           ;main.c: 125:     OSCCONbits.SCS = 0b11;
   235   00010C  0E03               	movlw	3
   236   00010E  12D3               	iorwf	211,f,c	;volatile
   237   000110  0012               	return		;funcret
   238   000112                     __end_of_Init_Internal_Oscillator:
   239                           	callstack 0
   240                           
   241 ;; *************** function _Init_Gpio_System *****************
   242 ;; Defined at:
   243 ;;		line 105 in file "main.c"
   244 ;; Parameters:    Size  Location     Type
   245 ;;		None
   246 ;; Auto vars:     Size  Location     Type
   247 ;;		None
   248 ;; Return value:  Size  Location     Type
   249 ;;                  1    wreg      void 
   250 ;; Registers used:
   251 ;;		None
   252 ;; Tracked objects:
   253 ;;		On entry : 0/0
   254 ;;		On exit  : 0/0
   255 ;;		Unchanged: 0/0
   256 ;; Data sizes:     COMRAM   BANK0   BANK1   BANK2   BANK3   BANK4   BANK5   BANK6   BANK7
   257 ;;      Params:         0       0       0       0       0       0       0       0       0
   258 ;;      Locals:         0       0       0       0       0       0       0       0       0
   259 ;;      Temps:          0       0       0       0       0       0       0       0       0
   260 ;;      Totals:         0       0       0       0       0       0       0       0       0
   261 ;;Total ram usage:        0 bytes
   262 ;; Hardware stack levels used: 1
   263 ;; Hardware stack levels required when called: 2
   264 ;; This function calls:
   265 ;;		Nothing
   266 ;; This function is called by:
   267 ;;		_main
   268 ;; This function uses a non-reentrant model
   269 ;;
   270                           
   271                           	psect	text2
   272   000112                     __ptext2:
   273                           	callstack 0
   274   000112                     _Init_Gpio_System:
   275                           	callstack 28
   276   000112                     
   277                           ;main.c: 108:     TRISDbits.RD0 = 0;
   278   000112  9095               	bcf	149,0,c	;volatile
   279                           
   280                           ;main.c: 109:     TRISDbits.RD1 = 0;
   281   000114  9295               	bcf	149,1,c	;volatile
   282                           
   283                           ;main.c: 110:     TRISDbits.RD2 = 0;
   284   000116  9495               	bcf	149,2,c	;volatile
   285                           
   286                           ;main.c: 113:     TRISBbits.RB0 = 1;
   287   000118  8093               	bsf	147,0,c	;volatile
   288                           
   289                           ;main.c: 114:     TRISBbits.RB1 = 1;
   290   00011A  8293               	bsf	147,1,c	;volatile
   291   00011C  0012               	return		;funcret
   292   00011E                     __end_of_Init_Gpio_System:
   293                           	callstack 0
   294                           
   295 ;; *************** function _Init_External_Interrupt *****************
   296 ;; Defined at:
   297 ;;		line 80 in file "main.c"
   298 ;; Parameters:    Size  Location     Type
   299 ;;		None
   300 ;; Auto vars:     Size  Location     Type
   301 ;;		None
   302 ;; Return value:  Size  Location     Type
   303 ;;                  1    wreg      void 
   304 ;; Registers used:
   305 ;;		wreg, status,2
   306 ;; Tracked objects:
   307 ;;		On entry : 0/0
   308 ;;		On exit  : 0/0
   309 ;;		Unchanged: 0/0
   310 ;; Data sizes:     COMRAM   BANK0   BANK1   BANK2   BANK3   BANK4   BANK5   BANK6   BANK7
   311 ;;      Params:         0       0       0       0       0       0       0       0       0
   312 ;;      Locals:         0       0       0       0       0       0       0       0       0
   313 ;;      Temps:          0       0       0       0       0       0       0       0       0
   314 ;;      Totals:         0       0       0       0       0       0       0       0       0
   315 ;;Total ram usage:        0 bytes
   316 ;; Hardware stack levels used: 1
   317 ;; Hardware stack levels required when called: 2
   318 ;; This function calls:
   319 ;;		Nothing
   320 ;; This function is called by:
   321 ;;		_main
   322 ;; This function uses a non-reentrant model
   323 ;;
   324                           
   325                           	psect	text3
   326   0000DC                     __ptext3:
   327                           	callstack 0
   328   0000DC                     _Init_External_Interrupt:
   329                           	callstack 28
   330   0000DC                     
   331                           ;main.c: 83:     RCON = 0x00;
   332   0000DC  0E00               	movlw	0
   333   0000DE  6ED0               	movwf	208,c	;volatile
   334                           
   335                           ;main.c: 84:     INTCON = 0x00;
   336   0000E0  0E00               	movlw	0
   337   0000E2  6EF2               	movwf	242,c	;volatile
   338                           
   339                           ;main.c: 85:     INTCON2 = 0x00;
   340   0000E4  0E00               	movlw	0
   341   0000E6  6EF1               	movwf	241,c	;volatile
   342                           
   343                           ;main.c: 86:     INTCON3 = 0x00;
   344   0000E8  0E00               	movlw	0
   345   0000EA  6EF0               	movwf	240,c	;volatile
   346   0000EC                     
   347                           ;main.c: 89:     RCONbits.IPEN = 1;
   348   0000EC  8ED0               	bsf	208,7,c	;volatile
   349   0000EE                     
   350                           ;main.c: 90:     INTCONbits.GIEH = 1;
   351   0000EE  8EF2               	bsf	242,7,c	;volatile
   352   0000F0                     
   353                           ;main.c: 91:     INTCONbits.GIEL = 1;
   354   0000F0  8CF2               	bsf	242,6,c	;volatile
   355   0000F2                     
   356                           ;main.c: 94:     INTCONbits.INT0IE = 1;
   357   0000F2  88F2               	bsf	242,4,c	;volatile
   358   0000F4                     
   359                           ;main.c: 95:     INTCONbits.INT0IF = 0;
   360   0000F4  92F2               	bcf	242,1,c	;volatile
   361   0000F6                     
   362                           ;main.c: 96:     INTCON2bits.INTEDG0 = 1;
   363   0000F6  8CF1               	bsf	241,6,c	;volatile
   364   0000F8                     
   365                           ;main.c: 99:     INTCON3bits.INT1IE = 1;
   366   0000F8  86F0               	bsf	240,3,c	;volatile
   367   0000FA                     
   368                           ;main.c: 100:     INTCON3bits.INT1IF = 0;
   369   0000FA  90F0               	bcf	240,0,c	;volatile
   370   0000FC                     
   371                           ;main.c: 101:     INTCON2bits.INTEDG1 = 1;
   372   0000FC  8AF1               	bsf	241,5,c	;volatile
   373   0000FE                     
   374                           ;main.c: 102:     INTCON3bits.INT1IP = 0;
   375   0000FE  9CF0               	bcf	240,6,c	;volatile
   376   000100  0012               	return		;funcret
   377   000102                     __end_of_Init_External_Interrupt:
   378                           	callstack 0
   379                           
   380 ;; *************** function _INT1_ISR *****************
   381 ;; Defined at:
   382 ;;		line 39 in file "main.c"
   383 ;; Parameters:    Size  Location     Type
   384 ;;		None
   385 ;; Auto vars:     Size  Location     Type
   386 ;;		None
   387 ;; Return value:  Size  Location     Type
   388 ;;                  1    wreg      void 
   389 ;; Registers used:
   390 ;;		None
   391 ;; Tracked objects:
   392 ;;		On entry : 0/0
   393 ;;		On exit  : 0/0
   394 ;;		Unchanged: 0/0
   395 ;; Data sizes:     COMRAM   BANK0   BANK1   BANK2   BANK3   BANK4   BANK5   BANK6   BANK7
   396 ;;      Params:         0       0       0       0       0       0       0       0       0
   397 ;;      Locals:         0       0       0       0       0       0       0       0       0
   398 ;;      Temps:          1       0       0       0       0       0       0       0       0
   399 ;;      Totals:         1       0       0       0       0       0       0       0       0
   400 ;;Total ram usage:        1 bytes
   401 ;; Hardware stack levels used: 1
   402 ;; Hardware stack levels required when called: 1
   403 ;; This function calls:
   404 ;;		Nothing
   405 ;; This function is called by:
   406 ;;		Interrupt level 1
   407 ;; This function uses a non-reentrant model
   408 ;;
   409                           
   410                           	psect	intcodelo
   411   000018                     __pintcodelo:
   412                           	callstack 0
   413   000018                     _INT1_ISR:
   414                           	callstack 28
   415                           
   416                           ;incstack = 0
   417   000018  8004               	bsf	int$flags,0,c	;set compiler interrupt flag (level 1)
   418   00001A  CFE0 F001          	movff	bsr,??_INT1_ISR
   419   00001E                     
   420                           ;main.c: 42:     if(INTCON3bits.INT1IE && INTCON3bits.INT1IF)
   421   00001E  A6F0               	btfss	240,3,c	;volatile
   422   000020  EF14  F000         	goto	i1u4_21
   423   000024  EF16  F000         	goto	i1u4_20
   424   000028                     i1u4_21:
   425   000028  EF27  F000         	goto	i1l54
   426   00002C                     i1u4_20:
   427   00002C  A0F0               	btfss	240,0,c	;volatile
   428   00002E  EF1B  F000         	goto	i1u5_21
   429   000032  EF1D  F000         	goto	i1u5_20
   430   000036                     i1u5_21:
   431   000036  EF27  F000         	goto	i1l54
   432   00003A                     i1u5_20:
   433   00003A                     
   434                           ;main.c: 43:     {;main.c: 45:         LATDbits.LATD0 = 0;
   435   00003A  908C               	bcf	140,0,c	;volatile
   436                           
   437                           ;main.c: 46:         LATDbits.LATD1 = 1;
   438   00003C  828C               	bsf	140,1,c	;volatile
   439   00003E                     i1l51:
   440   00003E  B281               	btfsc	129,1,c	;volatile
   441   000040  EF24  F000         	goto	i1u6_21
   442   000044  EF26  F000         	goto	i1u6_20
   443   000048                     i1u6_21:
   444   000048  EF1F  F000         	goto	i1l51
   445   00004C                     i1u6_20:
   446   00004C                     
   447                           ;main.c: 50:         INTCON3bits.INT1IF = 0;
   448   00004C  90F0               	bcf	240,0,c	;volatile
   449   00004E                     i1l54:
   450   00004E  C001  FFE0         	movff	??_INT1_ISR,bsr
   451   000052  9004               	bcf	int$flags,0,c	;clear compiler interrupt flag (level 1)
   452   000054  0010               	retfie	
   453   000056                     __end_of_INT1_ISR:
   454                           	callstack 0
   455                           
   456 ;; *************** function _INT0_ISR *****************
   457 ;; Defined at:
   458 ;;		line 24 in file "main.c"
   459 ;; Parameters:    Size  Location     Type
   460 ;;		None
   461 ;; Auto vars:     Size  Location     Type
   462 ;;		None
   463 ;; Return value:  Size  Location     Type
   464 ;;                  1    wreg      void 
   465 ;; Registers used:
   466 ;;		None
   467 ;; Tracked objects:
   468 ;;		On entry : 0/0
   469 ;;		On exit  : 0/0
   470 ;;		Unchanged: 0/0
   471 ;; Data sizes:     COMRAM   BANK0   BANK1   BANK2   BANK3   BANK4   BANK5   BANK6   BANK7
   472 ;;      Params:         0       0       0       0       0       0       0       0       0
   473 ;;      Locals:         0       0       0       0       0       0       0       0       0
   474 ;;      Temps:          0       0       0       0       0       0       0       0       0
   475 ;;      Totals:         0       0       0       0       0       0       0       0       0
   476 ;;Total ram usage:        0 bytes
   477 ;; Hardware stack levels used: 1
   478 ;; This function calls:
   479 ;;		Nothing
   480 ;; This function is called by:
   481 ;;		Interrupt level 2
   482 ;; This function uses a non-reentrant model
   483 ;;
   484                           
   485                           	psect	intcode
   486   000008                     __pintcode:
   487                           	callstack 0
   488   000008                     _INT0_ISR:
   489                           	callstack 28
   490                           
   491                           ;incstack = 0
   492   000008  8204               	bsf	int$flags,1,c	;set compiler interrupt flag (level 2)
   493   00000A  ED53  F000         	call	int_func,f	;refresh shadow registers
   494                           
   495                           	psect	intcode_body
   496   0000A6                     __pintcode_body:
   497                           	callstack 28
   498   0000A6                     int_func:
   499                           	callstack 28
   500   0000A6  0006               	pop		; remove dummy address from shadow register refresh
   501   0000A8                     
   502                           ;main.c: 27:     if(INTCONbits.INT0IE && INTCONbits.INT0IF)
   503   0000A8  A8F2               	btfss	242,4,c	;volatile
   504   0000AA  EF59  F000         	goto	i2u1_41
   505   0000AE  EF5B  F000         	goto	i2u1_40
   506   0000B2                     i2u1_41:
   507   0000B2  EF6C  F000         	goto	i2l45
   508   0000B6                     i2u1_40:
   509   0000B6  A2F2               	btfss	242,1,c	;volatile
   510   0000B8  EF60  F000         	goto	i2u2_41
   511   0000BC  EF62  F000         	goto	i2u2_40
   512   0000C0                     i2u2_41:
   513   0000C0  EF6C  F000         	goto	i2l45
   514   0000C4                     i2u2_40:
   515   0000C4                     
   516                           ;main.c: 28:     {;main.c: 30:         LATDbits.LATD0 = 1;
   517   0000C4  808C               	bsf	140,0,c	;volatile
   518                           
   519                           ;main.c: 31:         LATDbits.LATD1 = 0;
   520   0000C6  928C               	bcf	140,1,c	;volatile
   521   0000C8                     i2l42:
   522   0000C8  B081               	btfsc	129,0,c	;volatile
   523   0000CA  EF69  F000         	goto	i2u3_41
   524   0000CE  EF6B  F000         	goto	i2u3_40
   525   0000D2                     i2u3_41:
   526   0000D2  EF64  F000         	goto	i2l42
   527   0000D6                     i2u3_40:
   528   0000D6                     
   529                           ;main.c: 35:         INTCONbits.INT0IF = 0;
   530   0000D6  92F2               	bcf	242,1,c	;volatile
   531   0000D8                     i2l45:
   532   0000D8  9204               	bcf	int$flags,1,c	;clear compiler interrupt flag (level 2)
   533   0000DA  0011               	retfie		f
   534   0000DC                     __end_of_INT0_ISR:
   535                           	callstack 0
   536   000000                     
   537                           	psect	rparam
   538   000000                     
   539                           	psect	temp
   540   000004                     btemp:
   541                           	callstack 0
   542   000004                     	ds	1
   543   000000                     int$flags	set	btemp
   544   000000                     wtemp8	set	btemp+1
   545   000000                     ttemp5	set	btemp+1
   546   000000                     ttemp6	set	btemp+4
   547   000000                     ttemp7	set	btemp+8
   548                           
   549                           	psect	idloc
   550                           
   551                           ;Config register IDLOC0 @ 0x200000
   552                           ;	unspecified, using default values
   553   200000                     	org	2097152
   554   200000  FF                 	db	255
   555                           
   556                           ;Config register IDLOC1 @ 0x200001
   557                           ;	unspecified, using default values
   558   200001                     	org	2097153
   559   200001  FF                 	db	255
   560                           
   561                           ;Config register IDLOC2 @ 0x200002
   562                           ;	unspecified, using default values
   563   200002                     	org	2097154
   564   200002  FF                 	db	255
   565                           
   566                           ;Config register IDLOC3 @ 0x200003
   567                           ;	unspecified, using default values
   568   200003                     	org	2097155
   569   200003  FF                 	db	255
   570                           
   571                           ;Config register IDLOC4 @ 0x200004
   572                           ;	unspecified, using default values
   573   200004                     	org	2097156
   574   200004  FF                 	db	255
   575                           
   576                           ;Config register IDLOC5 @ 0x200005
   577                           ;	unspecified, using default values
   578   200005                     	org	2097157
   579   200005  FF                 	db	255
   580                           
   581                           ;Config register IDLOC6 @ 0x200006
   582                           ;	unspecified, using default values
   583   200006                     	org	2097158
   584   200006  FF                 	db	255
   585                           
   586                           ;Config register IDLOC7 @ 0x200007
   587                           ;	unspecified, using default values
   588   200007                     	org	2097159
   589   200007  FF                 	db	255
   590                           
   591                           	psect	config
   592                           
   593                           ;Config register CONFIG1L @ 0x300000
   594                           ;	PLL Prescaler Selection bits
   595                           ;	PLLDIV = 1, No prescale (4 MHz oscillator input drives PLL directly)
   596                           ;	System Clock Postscaler Selection bits
   597                           ;	CPUDIV = OSC1_PLL2, [Primary Oscillator Src: /1][96 MHz PLL Src: /2]
   598                           ;	USB Clock Selection bit (used in Full-Speed USB mode only; UCFG:FSEN = 1)
   599                           ;	USBDIV = 1, USB clock source comes directly from the primary oscillator block with no 
      +                          postscale
   600   300000                     	org	3145728
   601   300000  00                 	db	0
   602                           
   603                           ;Config register CONFIG1H @ 0x300001
   604                           ;	Oscillator Selection bits
   605                           ;	FOSC = INTOSC_HS, Internal oscillator, HS oscillator used by USB (INTHS)
   606                           ;	Fail-Safe Clock Monitor Enable bit
   607                           ;	FCMEN = OFF, Fail-Safe Clock Monitor disabled
   608                           ;	Internal/External Oscillator Switchover bit
   609                           ;	IESO = OFF, Oscillator Switchover mode disabled
   610   300001                     	org	3145729
   611   300001  0B                 	db	11
   612                           
   613                           ;Config register CONFIG2L @ 0x300002
   614                           ;	Power-up Timer Enable bit
   615                           ;	PWRT = OFF, PWRT disabled
   616                           ;	Brown-out Reset Enable bits
   617                           ;	BOR = OFF, Brown-out Reset disabled in hardware and software
   618                           ;	Brown-out Reset Voltage bits
   619                           ;	BORV = 3, Minimum setting 2.05V
   620                           ;	USB Voltage Regulator Enable bit
   621                           ;	VREGEN = OFF, USB voltage regulator disabled
   622   300002                     	org	3145730
   623   300002  19                 	db	25
   624                           
   625                           ;Config register CONFIG2H @ 0x300003
   626                           ;	Watchdog Timer Enable bit
   627                           ;	WDT = OFF, WDT disabled (control is placed on the SWDTEN bit)
   628                           ;	Watchdog Timer Postscale Select bits
   629                           ;	WDTPS = 32768, 1:32768
   630   300003                     	org	3145731
   631   300003  1E                 	db	30
   632                           
   633                           ; Padding undefined space
   634   300004                     	org	3145732
   635   300004  FF                 	db	255
   636                           
   637                           ;Config register CONFIG3H @ 0x300005
   638                           ;	CCP2 MUX bit
   639                           ;	CCP2MX = OFF, CCP2 input/output is multiplexed with RB3
   640                           ;	PORTB A/D Enable bit
   641                           ;	PBADEN = OFF, PORTB<4:0> pins are configured as digital I/O on Reset
   642                           ;	Low-Power Timer 1 Oscillator Enable bit
   643                           ;	LPT1OSC = OFF, Timer1 configured for higher power operation
   644                           ;	MCLR Pin Enable bit
   645                           ;	MCLRE = ON, MCLR pin enabled; RE3 input pin disabled
   646   300005                     	org	3145733
   647   300005  80                 	db	128
   648                           
   649                           ;Config register CONFIG4L @ 0x300006
   650                           ;	Stack Full/Underflow Reset Enable bit
   651                           ;	STVREN = OFF, Stack full/underflow will not cause Reset
   652                           ;	Single-Supply ICSP Enable bit
   653                           ;	LVP = OFF, Single-Supply ICSP disabled
   654                           ;	Dedicated In-Circuit Debug/Programming Port (ICPORT) Enable bit
   655                           ;	ICPRT = OFF, ICPORT disabled
   656                           ;	Extended Instruction Set Enable bit
   657                           ;	XINST = OFF, Instruction set extension and Indexed Addressing mode disabled (Legacy mo
      +                          de)
   658                           ;	Background Debugger Enable bit
   659                           ;	DEBUG = 0x1, unprogrammed default
   660   300006                     	org	3145734
   661   300006  80                 	db	128
   662                           
   663                           ; Padding undefined space
   664   300007                     	org	3145735
   665   300007  FF                 	db	255
   666                           
   667                           ;Config register CONFIG5L @ 0x300008
   668                           ;	Code Protection bit
   669                           ;	CP0 = OFF, Block 0 (000800-001FFFh) is not code-protected
   670                           ;	Code Protection bit
   671                           ;	CP1 = OFF, Block 1 (002000-003FFFh) is not code-protected
   672                           ;	Code Protection bit
   673                           ;	CP2 = OFF, Block 2 (004000-005FFFh) is not code-protected
   674                           ;	Code Protection bit
   675                           ;	CP3 = OFF, Block 3 (006000-007FFFh) is not code-protected
   676   300008                     	org	3145736
   677   300008  0F                 	db	15
   678                           
   679                           ;Config register CONFIG5H @ 0x300009
   680                           ;	Boot Block Code Protection bit
   681                           ;	CPB = OFF, Boot block (000000-0007FFh) is not code-protected
   682                           ;	Data EEPROM Code Protection bit
   683                           ;	CPD = OFF, Data EEPROM is not code-protected
   684   300009                     	org	3145737
   685   300009  C0                 	db	192
   686                           
   687                           ;Config register CONFIG6L @ 0x30000A
   688                           ;	Write Protection bit
   689                           ;	WRT0 = OFF, Block 0 (000800-001FFFh) is not write-protected
   690                           ;	Write Protection bit
   691                           ;	WRT1 = OFF, Block 1 (002000-003FFFh) is not write-protected
   692                           ;	Write Protection bit
   693                           ;	WRT2 = OFF, Block 2 (004000-005FFFh) is not write-protected
   694                           ;	Write Protection bit
   695                           ;	WRT3 = OFF, Block 3 (006000-007FFFh) is not write-protected
   696   30000A                     	org	3145738
   697   30000A  0F                 	db	15
   698                           
   699                           ;Config register CONFIG6H @ 0x30000B
   700                           ;	Configuration Register Write Protection bit
   701                           ;	WRTC = OFF, Configuration registers (300000-3000FFh) are not write-protected
   702                           ;	Boot Block Write Protection bit
   703                           ;	WRTB = OFF, Boot block (000000-0007FFh) is not write-protected
   704                           ;	Data EEPROM Write Protection bit
   705                           ;	WRTD = OFF, Data EEPROM is not write-protected
   706   30000B                     	org	3145739
   707   30000B  E0                 	db	224
   708                           
   709                           ;Config register CONFIG7L @ 0x30000C
   710                           ;	Table Read Protection bit
   711                           ;	EBTR0 = OFF, Block 0 (000800-001FFFh) is not protected from table reads executed in ot
      +                          her blocks
   712                           ;	Table Read Protection bit
   713                           ;	EBTR1 = OFF, Block 1 (002000-003FFFh) is not protected from table reads executed in ot
      +                          her blocks
   714                           ;	Table Read Protection bit
   715                           ;	EBTR2 = OFF, Block 2 (004000-005FFFh) is not protected from table reads executed in ot
      +                          her blocks
   716                           ;	Table Read Protection bit
   717                           ;	EBTR3 = OFF, Block 3 (006000-007FFFh) is not protected from table reads executed in ot
      +                          her blocks
   718   30000C                     	org	3145740
   719   30000C  0F                 	db	15
   720                           
   721                           ;Config register CONFIG7H @ 0x30000D
   722                           ;	Boot Block Table Read Protection bit
   723                           ;	EBTRB = OFF, Boot block (000000-0007FFh) is not protected from table reads executed in
      +                           other blocks
   724   30000D                     	org	3145741
   725   30000D  40                 	db	64
   726                           tosu	equ	0xFFF
   727                           tosh	equ	0xFFE
   728                           tosl	equ	0xFFD
   729                           stkptr	equ	0xFFC
   730                           pclatu	equ	0xFFB
   731                           pclath	equ	0xFFA
   732                           pcl	equ	0xFF9
   733                           tblptru	equ	0xFF8
   734                           tblptrh	equ	0xFF7
   735                           tblptrl	equ	0xFF6
   736                           tablat	equ	0xFF5
   737                           prodh	equ	0xFF4
   738                           prodl	equ	0xFF3
   739                           indf0	equ	0xFEF
   740                           postinc0	equ	0xFEE
   741                           postdec0	equ	0xFED
   742                           preinc0	equ	0xFEC
   743                           plusw0	equ	0xFEB
   744                           fsr0h	equ	0xFEA
   745                           fsr0l	equ	0xFE9
   746                           wreg	equ	0xFE8
   747                           indf1	equ	0xFE7
   748                           postinc1	equ	0xFE6
   749                           postdec1	equ	0xFE5
   750                           preinc1	equ	0xFE4
   751                           plusw1	equ	0xFE3
   752                           fsr1h	equ	0xFE2
   753                           fsr1l	equ	0xFE1
   754                           bsr	equ	0xFE0
   755                           indf2	equ	0xFDF
   756                           postinc2	equ	0xFDE
   757                           postdec2	equ	0xFDD
   758                           preinc2	equ	0xFDC
   759                           plusw2	equ	0xFDB
   760                           fsr2h	equ	0xFDA
   761                           fsr2l	equ	0xFD9
   762                           status	equ	0xFD8

Data Sizes:
    Strings     0
    Constant    0
    Data        0
    BSS         0
    Persistent  0
    Stack       0

Auto Spaces:
    Space          Size  Autos    Used
    COMRAM           94      3       3
    BANK0           160      0       0
    BANK1           256      0       0
    BANK2           256      0       0
    BANK3           256      0       0
    BANK4           256      0       0
    BANK5           256      0       0
    BANK6           256      0       0
    BANK7           256      0       0

Pointer List with Targets:

    None.

Critical Paths under _main in COMRAM

    None.

Critical Paths under _INT1_ISR in COMRAM

    None.

Critical Paths under _INT0_ISR in COMRAM

    None.

Critical Paths under _main in BANK0

    None.

Critical Paths under _INT1_ISR in BANK0

    None.

Critical Paths under _INT0_ISR in BANK0

    None.

Critical Paths under _main in BANK1

    None.

Critical Paths under _INT1_ISR in BANK1

    None.

Critical Paths under _INT0_ISR in BANK1

    None.

Critical Paths under _main in BANK2

    None.

Critical Paths under _INT1_ISR in BANK2

    None.

Critical Paths under _INT0_ISR in BANK2

    None.

Critical Paths under _main in BANK3

    None.

Critical Paths under _INT1_ISR in BANK3

    None.

Critical Paths under _INT0_ISR in BANK3

    None.

Critical Paths under _main in BANK4

    None.

Critical Paths under _INT1_ISR in BANK4

    None.

Critical Paths under _INT0_ISR in BANK4

    None.

Critical Paths under _main in BANK5

    None.

Critical Paths under _INT1_ISR in BANK5

    None.

Critical Paths under _INT0_ISR in BANK5

    None.

Critical Paths under _main in BANK6

    None.

Critical Paths under _INT1_ISR in BANK6

    None.

Critical Paths under _INT0_ISR in BANK6

    None.

Critical Paths under _main in BANK7

    None.

Critical Paths under _INT1_ISR in BANK7

    None.

Critical Paths under _INT0_ISR in BANK7

    None.

Call Graph Tables:

 ---------------------------------------------------------------------------------
 (Depth) Function   	        Calls       Base Space   Used Autos Params    Refs
 ---------------------------------------------------------------------------------
 (0) _main                                                 2     2      0       0
                                              1 COMRAM     2     2      0
            _Init_External_Interrupt
                   _Init_Gpio_System
           _Init_Internal_Oscillator
 ---------------------------------------------------------------------------------
 (1) _Init_Internal_Oscillator                             0     0      0       0
 ---------------------------------------------------------------------------------
 (1) _Init_Gpio_System                                     0     0      0       0
 ---------------------------------------------------------------------------------
 (1) _Init_External_Interrupt                              0     0      0       0
 ---------------------------------------------------------------------------------
 Estimated maximum stack depth 1
 ---------------------------------------------------------------------------------
 (Depth) Function   	        Calls       Base Space   Used Autos Params    Refs
 ---------------------------------------------------------------------------------
 (2) _INT1_ISR                                             1     1      0       0
                                              0 COMRAM     1     1      0
 ---------------------------------------------------------------------------------
 Estimated maximum stack depth 2
 ---------------------------------------------------------------------------------
 (Depth) Function   	        Calls       Base Space   Used Autos Params    Refs
 ---------------------------------------------------------------------------------
 (3) _INT0_ISR                                             0     0      0       0
 ---------------------------------------------------------------------------------
 Estimated maximum stack depth 3
 ---------------------------------------------------------------------------------

 Call Graph Graphs:

 _main (ROOT)
   _Init_External_Interrupt
   _Init_Gpio_System
   _Init_Internal_Oscillator

 _INT1_ISR (ROOT)

 _INT0_ISR (ROOT)

 Address spaces:
Name               Size   Autos  Total    Cost      Usage
BITCOMRAM           5E      0       0       0        0.0%
EEDATA             100      0       0       0        0.0%
NULL                 0      0       0       0        0.0%
CODE                 0      0       0       0        0.0%
COMRAM              5E      3       3       1        3.2%
STACK                0      0       0       2        0.0%
DATA                 0      0       0       3        0.0%
BITBANK0            A0      0       0       4        0.0%
BANK0               A0      0       0       5        0.0%
BITBANK1           100      0       0       6        0.0%
BANK1              100      0       0       7        0.0%
BITBANK2           100      0       0       8        0.0%
BANK2              100      0       0       9        0.0%
BITBANK3           100      0       0      10        0.0%
BANK3              100      0       0      11        0.0%
BITBANK4           100      0       0      12        0.0%
BANK4              100      0       0      13        0.0%
BITBANK5           100      0       0      14        0.0%
BANK5              100      0       0      15        0.0%
BITBANK6           100      0       0      16        0.0%
BANK6              100      0       0      17        0.0%
BITBANK7           100      0       0      18        0.0%
BANK7              100      0       0      19        0.0%
BITBIGSFRh           D      0       0      20        0.0%
BITBIGSFRlhlhh      1C      0       0      21        0.0%
BITBIGSFRlhlhl       2      0       0      22        0.0%
BITBIGSFRlhllh      3A      0       0      23        0.0%
BITBIGSFRlhlllh      1      0       0      24        0.0%
BITBIGSFRlhllll      6      0       0      25        0.0%
BITBIGSFRllh         A      0       0      26        0.0%
BITBIGSFRlll        21      0       0      27        0.0%
ABS                  0      0       0      28        0.0%
BIGRAM             7FF      0       0      29        0.0%
BIGSFR               0      0       0     200        0.0%
BITSFR               0      0       0     200        0.0%
SFR                  0      0       0     200        0.0%


Microchip Technology PIC18 Macro Assembler V2.41 build 20230208172133 
Symbol Table                                                                                   Wed May 24 16:50:49 2023

                              l71 0110                                l65 0100                                l68 011C  
                              u70 0078                                u71 0070                                u88 007A  
                              u97 0092                                bsr 0FE0           _Init_External_Interrupt 00DC  
                             l751 0112                               l761 00F2                               l753 00DC  
                             l771 00FC                               l763 00F4                               l755 00EC  
                             l747 0102                               l773 00FE                               l765 00F6  
                             l757 00EE                               l749 0106                               l767 00F8  
                             l759 00F0                               l791 0062                               l769 00FA  
                             l793 0066                               l795 0088                               l787 005A  
                             l789 005E                               wreg 0FE8                              i1l51 003E  
                            i1l53 004C                              i1l54 004E                              i2l42 00C8  
                            i2l44 00D6                              i2l45 00D8                              _RCON 0FD0  
                            _main 005A                              btemp 0004                              start 0056  
                    ___param_bank 0000                  __end_of_INT0_ISR 00DC                  __end_of_INT1_ISR 0056  
               ?_Init_Gpio_System 0001                             ?_main 0001                             i1l781 001E  
                           i1l783 002C                             i1l785 003A                             i2l775 00A8  
                           i2l777 00B6                             i2l779 00C4                ??_Init_Gpio_System 0002  
                           ttemp5 0005                             ttemp6 0008                             ttemp7 000C  
                           wtemp8 0005                   __initialization 011E                      __end_of_main 00A6  
       ??_Init_External_Interrupt 0002                            ??_main 0002                     __activetblptr 0000  
                          _INTCON 0FF2                            _OSCCON 0FD3                            i1u4_20 002C  
                          i1u4_21 0028                            i1u5_20 003A                            i1u5_21 0036  
                          i2u1_40 00B6                            i2u1_41 00B2                            i1u6_20 004C  
                          i1u6_21 0048                            i2u2_40 00C4                            i2u2_41 00C0  
                          i2u3_40 00D6                            i2u3_41 00D2                            isa$std 0001  
                      __accesstop 0060           __end_of__initialization 011E                         ?_INT0_ISR 0001  
                       ?_INT1_ISR 0001                     ___rparam_used 0001                    __pcstackCOMRAM 0001  
                      ??_INT0_ISR 0001                        ??_INT1_ISR 0001         ?_Init_Internal_Oscillator 0001  
                         _INTCON2 0FF1                           _INTCON3 0FF0                           __Hparam 0000  
                         __Lparam 0000                           __pcinit 011E                           __ramtop 0800  
                         __ptext0 005A                           __ptext1 0102                           __ptext2 0112  
                         __ptext3 00DC                    __pintcode_body 00A6              end_of_initialization 011E  
                         int_func 00A6                         _PORTBbits 0F81                         _TRISBbits 0F93  
                       _TRISDbits 0F95          ?_Init_External_Interrupt 0001               start_initialization 011E  
                _Init_Gpio_System 0112  __end_of_Init_Internal_Oscillator 0112   __end_of_Init_External_Interrupt 0102  
                       __pintcode 0008                       __pintcodelo 0018                          _INT0_ISR 0008  
                        _INT1_ISR 0018                          _LATDbits 0F8C          _Init_Internal_Oscillator 0102  
                        _RCONbits 0FD0                       _INTCON2bits 0FF1                       _INTCON3bits 0FF0  
                        __Hrparam 0000                          __Lrparam 0000          __end_of_Init_Gpio_System 011E  
                        isa$xinst 0000                          int$flags 0004                        _INTCONbits 0FF2  
                        intlevel1 0000                          intlevel2 0000                        _OSCCONbits 0FD3  
      ??_Init_Internal_Oscillator 0002  
