

Microchip MPLAB XC8 Assembler V2.41 build 20230208172133 
                                                                                               Wed May 24 21:35:20 2023

Microchip MPLAB XC8 C Compiler v2.41 (Free license) build 20230208172133 Og1 
     1                           	processor	18F4550
     2                           	fnconf	rparam,??,?,0
     3                           	pagewidth 120
     4                           	opt	flic
     5                           	psect	idataCOMRAM,global,class=CODE,delta=1,noexec
     6                           	psect	cinit,global,reloc=2,class=CODE,delta=1
     7                           	psect	dataCOMRAM,global,class=COMRAM,space=1,delta=1,lowdata,noexec
     8                           	psect	cstackCOMRAM,global,class=COMRAM,space=1,delta=1,lowdata,noexec
     9                           	psect	text0,global,reloc=2,class=CODE,delta=1
    10                           	psect	text1,global,reloc=2,class=CODE,delta=1
    11                           	psect	text2,global,reloc=2,class=CODE,delta=1
    12                           	psect	text3,global,reloc=2,class=CODE,delta=1
    13                           	psect	intcode,global,reloc=2,class=CODE,delta=1
    14                           	psect	intcode_body,global,reloc=2,class=CODE,delta=1
    15                           	psect	intsave_regs,global,class=BIGRAM,space=1,delta=1,noexec
    16                           	psect	rparam,global,class=COMRAM,space=1,delta=1,noexec
    17                           	psect	temp,global,ovrld,common,class=COMRAM,space=1,delta=1
    18                           	psect	idloc,global,abs,ovrld,class=IDLOC,space=5,delta=1,noexec
    19                           	psect	config,global,abs,ovrld,class=CONFIG,space=4,delta=1,noexec
    20   000000                     
    21                           ; Version 2.40
    22                           ; Generated 17/11/2021 GMT
    23                           ; 
    24                           ; Copyright © 2021, Microchip Technology Inc. and its subsidiaries ("Microchip")
    25                           ; All rights reserved.
    26                           ; 
    27                           ; This software is developed by Microchip Technology Inc. and its subsidiaries ("Microch
      +                          ip").
    28                           ; 
    29                           ; Redistribution and use in source and binary forms, with or without modification, are
    30                           ; permitted provided that the following conditions are met:
    31                           ; 
    32                           ;     1. Redistributions of source code must retain the above copyright notice, this lis
      +                          t of
    33                           ;        conditions and the following disclaimer.
    34                           ; 
    35                           ;     2. Redistributions in binary form must reproduce the above copyright notice, this 
      +                          list
    36                           ;        of conditions and the following disclaimer in the documentation and/or other
    37                           ;        materials provided with the distribution. Publication is not required when
    38                           ;        this file is used in an embedded application.
    39                           ; 
    40                           ;     3. Microchip's name may not be used to endorse or promote products derived from th
      +                          is
    41                           ;        software without specific prior written permission.
    42                           ; 
    43                           ; THIS SOFTWARE IS PROVIDED BY MICROCHIP "AS IS" AND ANY EXPRESS OR IMPLIED WARRANTIES,
    44                           ; INCLUDING, BUT NOT LIMITED TO, THE IMPLIED WARRANTIES OF MERCHANTABILITY AND FITNESS F
      +                          OR
    45                           ; PURPOSE ARE DISCLAIMED.  IN NO EVENT SHALL MICROCHIP BE LIABLE FOR ANY DIRECT, INDIREC
      +                          T,
    46                           ; INCIDENTAL, SPECIAL, EXEMPLARY, OR CONSEQUENTIAL DAMAGES (INCLUDING BUT NOT LIMITED TO
    47                           ; PROCUREMENT OF SUBSTITUTE GOODS OR SERVICES; LOSS OF USE, DATA OR PROFITS; OR BUSINESS
    48                           ; INTERRUPTION) HOWSOEVER CAUSED AND ON ANY THEORY OF LIABILITY, WHETHER IN CONTRACT, ST
      +                          RICT
    49                           ; LIABILITY, OR TORT (INCLUDING NEGLIGENCE OR OTHERWISE) ARISING IN ANY WAY OUT OF THE U
      +                          SE OF
    50                           ; THIS SOFTWARE, EVEN IF ADVISED OF THE POSSIBILITY OF SUCH DAMAGE.
    51                           ; 
    52                           ; 
    53                           ; Code-generator required, PIC18F4550 Definitions
    54                           ; 
    55                           ; SFR Addresses
    56   000000                     
    57                           	psect	idataCOMRAM
    58   0000EE                     __pidataCOMRAM:
    59                           	callstack 0
    60                           
    61                           ;initializer for _lookup_table
    62   0000EE  07                 	db	7
    63   0000EF  08                 	db	8
    64   0000F0  09                 	db	9
    65   0000F1  00                 	db	0
    66   0000F2  04                 	db	4
    67   0000F3  05                 	db	5
    68   0000F4  06                 	db	6
    69   0000F5  00                 	db	0
    70   0000F6  01                 	db	1
    71   0000F7  02                 	db	2
    72   0000F8  03                 	db	3
    73   0000F9  00                 	db	0
    74   0000FA  00                 	db	0
    75   0000FB  00                 	db	0
    76   0000FC  00                 	db	0
    77   0000FD  00                 	db	0
    78   000000                     _OSCCONbits	set	4051
    79   000000                     _INTCON2bits	set	4081
    80   000000                     _RCONbits	set	4048
    81   000000                     _INTCON	set	4082
    82   000000                     _PORTD	set	3971
    83   000000                     _INTCONbits	set	4082
    84   000000                     _LATCbits	set	3979
    85   000000                     _LATD	set	3980
    86   000000                     _TRISBbits	set	3987
    87   000000                     _TRISD	set	3989
    88   000000                     _RCON	set	4048
    89   000000                     _OSCCON	set	4051
    90   000000                     _INTCON3	set	4080
    91   000000                     _INTCON2	set	4081
    92                           
    93                           ; #config settings
    94                           
    95                           	psect	cinit
    96   0000A8                     __pcinit:
    97                           	callstack 0
    98   0000A8                     start_initialization:
    99                           	callstack 0
   100   0000A8                     __initialization:
   101                           	callstack 0
   102                           
   103                           ; Initialize objects allocated to COMRAM (16 bytes)
   104                           ; load TBLPTR registers with __pidataCOMRAM
   105   0000A8  0EEE               	movlw	low __pidataCOMRAM
   106   0000AA  6EF6               	movwf	tblptrl,c
   107   0000AC  0E00               	movlw	high __pidataCOMRAM
   108   0000AE  6EF7               	movwf	tblptrh,c
   109   0000B0  0E00               	movlw	low (__pidataCOMRAM shr (0+16))
   110   0000B2  6EF8               	movwf	tblptru,c
   111   0000B4  EE00  F001         	lfsr	0,__pdataCOMRAM
   112   0000B8  EE10 F010          	lfsr	1,16
   113   0000BC                     copy_data0:
   114   0000BC  0009               	tblrd		*+
   115   0000BE  CFF5 FFEE          	movff	tablat,postinc0
   116   0000C2  50E5               	movf	postdec1,w,c
   117   0000C4  50E1               	movf	fsr1l,w,c
   118   0000C6  E1FA               	bnz	copy_data0
   119   0000C8                     end_of_initialization:
   120                           	callstack 0
   121   0000C8                     __end_of__initialization:
   122                           	callstack 0
   123   0000C8  9016               	bcf	int$flags,0,c	;clear compiler interrupt flag (level 1)
   124   0000CA  9216               	bcf	int$flags,1,c	;clear compiler interrupt flag (level 2)
   125   0000CC  0100               	movlb	0
   126   0000CE  EF2F  F000         	goto	_main	;jump to C main() function
   127                           
   128                           	psect	dataCOMRAM
   129   000001                     __pdataCOMRAM:
   130                           	callstack 0
   131   000001                     _lookup_table:
   132                           	callstack 0
   133   000001                     	ds	16
   134                           
   135                           	psect	cstackCOMRAM
   136   000011                     __pcstackCOMRAM:
   137                           	callstack 0
   138   000011                     ??_RPBI_ISR:
   139   000011                     
   140                           ; 2 bytes @ 0x0
   141   000011                     	ds	2
   142   000013                     RPBI_ISR@num_rec:
   143                           	callstack 0
   144                           
   145                           ; 1 bytes @ 0x2
   146   000013                     	ds	1
   147   000014                     ??_main:
   148                           
   149                           ; 1 bytes @ 0x3
   150   000014                     	ds	2
   151                           
   152 ;;
   153 ;;Main: autosize = 0, tempsize = 2, incstack = 0, save=0
   154 ;;
   155 ;; *************** function _main *****************
   156 ;; Defined at:
   157 ;;		line 46 in file "main.c"
   158 ;; Parameters:    Size  Location     Type
   159 ;;		None
   160 ;; Auto vars:     Size  Location     Type
   161 ;;		None
   162 ;; Return value:  Size  Location     Type
   163 ;;                  2   48[None  ] int 
   164 ;; Registers used:
   165 ;;		wreg, status,2, status,0, cstack
   166 ;; Tracked objects:
   167 ;;		On entry : 0/0
   168 ;;		On exit  : 0/0
   169 ;;		Unchanged: 0/0
   170 ;; Data sizes:     COMRAM   BANK0   BANK1   BANK2   BANK3   BANK4   BANK5   BANK6   BANK7
   171 ;;      Params:         0       0       0       0       0       0       0       0       0
   172 ;;      Locals:         0       0       0       0       0       0       0       0       0
   173 ;;      Temps:          2       0       0       0       0       0       0       0       0
   174 ;;      Totals:         2       0       0       0       0       0       0       0       0
   175 ;;Total ram usage:        2 bytes
   176 ;; Hardware stack levels required when called: 2
   177 ;; This function calls:
   178 ;;		_Init_External_InterruptB
   179 ;;		_Init_Gpio_System
   180 ;;		_Init_Internal_Oscillator
   181 ;; This function is called by:
   182 ;;		Startup code after reset
   183 ;; This function uses a non-reentrant model
   184 ;;
   185                           
   186                           	psect	text0
   187   00005E                     __ptext0:
   188                           	callstack 0
   189   00005E                     _main:
   190                           	callstack 29
   191   00005E                     
   192                           ;main.c: 49:     Init_Internal_Oscillator();
   193   00005E  EC7F  F000         	call	_Init_Internal_Oscillator	;wreg free
   194                           
   195                           ;main.c: 51:     Init_External_InterruptB();
   196   000062  EC69  F000         	call	_Init_External_InterruptB	;wreg free
   197                           
   198                           ;main.c: 53:     Init_Gpio_System();
   199   000066  EC87  F000         	call	_Init_Gpio_System	;wreg free
   200   00006A                     l769:
   201                           
   202                           ;main.c: 56:     {;main.c: 58:         LATCbits.LATC0 = !LATCbits.LATC0;
   203   00006A  A08B               	btfss	139,0,c	;volatile
   204   00006C  EF3A  F000         	goto	u31
   205   000070  EF3E  F000         	goto	u30
   206   000074                     u31:
   207   000074  6A14               	clrf	??_main^0,c
   208   000076  2A14               	incf	??_main^0,f,c
   209   000078  EF3F  F000         	goto	u48
   210   00007C                     u30:
   211   00007C  6A14               	clrf	??_main^0,c
   212   00007E                     u48:
   213   00007E  508B               	movf	139,w,c	;volatile
   214   000080  1814               	xorwf	??_main^0,w,c
   215   000082  0BFE               	andlw	-2
   216   000084  1814               	xorwf	??_main^0,w,c
   217   000086  6E8B               	movwf	139,c	;volatile
   218   000088                     
   219                           ;main.c: 59:         _delay((unsigned long)((100)*(8000000UL/4000.0)));
   220   000088  0E02               	movlw	2
   221   00008A  6E15               	movwf	(??_main+1)^0,c
   222   00008C  0E04               	movlw	4
   223   00008E  6E14               	movwf	??_main^0,c
   224   000090  0EBA               	movlw	186
   225   000092                     u57:
   226   000092  2EE8               	decfsz	wreg,f,c
   227   000094  D7FE               	bra	u57
   228   000096  2E14               	decfsz	??_main^0,f,c
   229   000098  D7FC               	bra	u57
   230   00009A  2E15               	decfsz	(??_main+1)^0,f,c
   231   00009C  D7FA               	bra	u57
   232   00009E  D000               	nop2	
   233   0000A0  EF35  F000         	goto	l769
   234   0000A4  EF07  F000         	goto	start
   235   0000A8                     __end_of_main:
   236                           	callstack 0
   237                           
   238 ;; *************** function _Init_Internal_Oscillator *****************
   239 ;; Defined at:
   240 ;;		line 92 in file "main.c"
   241 ;; Parameters:    Size  Location     Type
   242 ;;		None
   243 ;; Auto vars:     Size  Location     Type
   244 ;;		None
   245 ;; Return value:  Size  Location     Type
   246 ;;                  1    wreg      void 
   247 ;; Registers used:
   248 ;;		wreg, status,2
   249 ;; Tracked objects:
   250 ;;		On entry : 0/0
   251 ;;		On exit  : 0/0
   252 ;;		Unchanged: 0/0
   253 ;; Data sizes:     COMRAM   BANK0   BANK1   BANK2   BANK3   BANK4   BANK5   BANK6   BANK7
   254 ;;      Params:         0       0       0       0       0       0       0       0       0
   255 ;;      Locals:         0       0       0       0       0       0       0       0       0
   256 ;;      Temps:          0       0       0       0       0       0       0       0       0
   257 ;;      Totals:         0       0       0       0       0       0       0       0       0
   258 ;;Total ram usage:        0 bytes
   259 ;; Hardware stack levels used: 1
   260 ;; Hardware stack levels required when called: 1
   261 ;; This function calls:
   262 ;;		Nothing
   263 ;; This function is called by:
   264 ;;		_main
   265 ;; This function uses a non-reentrant model
   266 ;;
   267                           
   268                           	psect	text1
   269   0000FE                     __ptext1:
   270                           	callstack 0
   271   0000FE                     _Init_Internal_Oscillator:
   272                           	callstack 29
   273   0000FE                     
   274                           ;main.c: 95:     OSCCON = 0x00;
   275   0000FE  0E00               	movlw	0
   276   000100  6ED3               	movwf	211,c	;volatile
   277   000102                     
   278                           ;main.c: 97:     OSCCONbits.IDLEN = 0;
   279   000102  9ED3               	bcf	211,7,c	;volatile
   280                           
   281                           ;main.c: 98:     OSCCONbits.IRCF = 0b111;
   282   000104  0E70               	movlw	112
   283   000106  12D3               	iorwf	211,f,c	;volatile
   284                           
   285                           ;main.c: 99:     OSCCONbits.SCS = 0b11;
   286   000108  0E03               	movlw	3
   287   00010A  12D3               	iorwf	211,f,c	;volatile
   288   00010C  0012               	return		;funcret
   289   00010E                     __end_of_Init_Internal_Oscillator:
   290                           	callstack 0
   291                           
   292 ;; *************** function _Init_Gpio_System *****************
   293 ;; Defined at:
   294 ;;		line 66 in file "main.c"
   295 ;; Parameters:    Size  Location     Type
   296 ;;		None
   297 ;; Auto vars:     Size  Location     Type
   298 ;;		None
   299 ;; Return value:  Size  Location     Type
   300 ;;                  1    wreg      void 
   301 ;; Registers used:
   302 ;;		wreg, status,2
   303 ;; Tracked objects:
   304 ;;		On entry : 0/0
   305 ;;		On exit  : 0/0
   306 ;;		Unchanged: 0/0
   307 ;; Data sizes:     COMRAM   BANK0   BANK1   BANK2   BANK3   BANK4   BANK5   BANK6   BANK7
   308 ;;      Params:         0       0       0       0       0       0       0       0       0
   309 ;;      Locals:         0       0       0       0       0       0       0       0       0
   310 ;;      Temps:          0       0       0       0       0       0       0       0       0
   311 ;;      Totals:         0       0       0       0       0       0       0       0       0
   312 ;;Total ram usage:        0 bytes
   313 ;; Hardware stack levels used: 1
   314 ;; Hardware stack levels required when called: 1
   315 ;; This function calls:
   316 ;;		Nothing
   317 ;; This function is called by:
   318 ;;		_main
   319 ;; This function uses a non-reentrant model
   320 ;;
   321                           
   322                           	psect	text2
   323   00010E                     __ptext2:
   324                           	callstack 0
   325   00010E                     _Init_Gpio_System:
   326                           	callstack 29
   327   00010E                     
   328                           ;main.c: 72:     TRISD = 0xF0;
   329   00010E  0EF0               	movlw	240
   330   000110  6E95               	movwf	149,c	;volatile
   331   000112                     
   332                           ;main.c: 73:     TRISBbits.RB0 = 1;
   333   000112  8093               	bsf	147,0,c	;volatile
   334   000114  0012               	return		;funcret
   335   000116                     __end_of_Init_Gpio_System:
   336                           	callstack 0
   337                           
   338 ;; *************** function _Init_External_InterruptB *****************
   339 ;; Defined at:
   340 ;;		line 76 in file "main.c"
   341 ;; Parameters:    Size  Location     Type
   342 ;;		None
   343 ;; Auto vars:     Size  Location     Type
   344 ;;		None
   345 ;; Return value:  Size  Location     Type
   346 ;;                  1    wreg      void 
   347 ;; Registers used:
   348 ;;		wreg, status,2
   349 ;; Tracked objects:
   350 ;;		On entry : 0/0
   351 ;;		On exit  : 0/0
   352 ;;		Unchanged: 0/0
   353 ;; Data sizes:     COMRAM   BANK0   BANK1   BANK2   BANK3   BANK4   BANK5   BANK6   BANK7
   354 ;;      Params:         0       0       0       0       0       0       0       0       0
   355 ;;      Locals:         0       0       0       0       0       0       0       0       0
   356 ;;      Temps:          0       0       0       0       0       0       0       0       0
   357 ;;      Totals:         0       0       0       0       0       0       0       0       0
   358 ;;Total ram usage:        0 bytes
   359 ;; Hardware stack levels used: 1
   360 ;; Hardware stack levels required when called: 1
   361 ;; This function calls:
   362 ;;		Nothing
   363 ;; This function is called by:
   364 ;;		_main
   365 ;; This function uses a non-reentrant model
   366 ;;
   367                           
   368                           	psect	text3
   369   0000D2                     __ptext3:
   370                           	callstack 0
   371   0000D2                     _Init_External_InterruptB:
   372                           	callstack 29
   373   0000D2                     
   374                           ;main.c: 79:     RCON = 0x00;
   375   0000D2  0E00               	movlw	0
   376   0000D4  6ED0               	movwf	208,c	;volatile
   377                           
   378                           ;main.c: 80:     INTCON = 0x00;
   379   0000D6  0E00               	movlw	0
   380   0000D8  6EF2               	movwf	242,c	;volatile
   381                           
   382                           ;main.c: 81:     INTCON2 = 0x00;
   383   0000DA  0E00               	movlw	0
   384   0000DC  6EF1               	movwf	241,c	;volatile
   385                           
   386                           ;main.c: 82:     INTCON3 = 0x00;
   387   0000DE  0E00               	movlw	0
   388   0000E0  6EF0               	movwf	240,c	;volatile
   389   0000E2                     
   390                           ;main.c: 85:     RCONbits.IPEN = 0;
   391   0000E2  9ED0               	bcf	208,7,c	;volatile
   392   0000E4                     
   393                           ;main.c: 86:     INTCONbits.GIE = 1;
   394   0000E4  8EF2               	bsf	242,7,c	;volatile
   395   0000E6                     
   396                           ;main.c: 87:     INTCONbits.INT0IE = 1;
   397   0000E6  88F2               	bsf	242,4,c	;volatile
   398   0000E8                     
   399                           ;main.c: 88:     INTCONbits.INT0IF = 0;
   400   0000E8  92F2               	bcf	242,1,c	;volatile
   401   0000EA                     
   402                           ;main.c: 89:     INTCON2bits.INTEDG0 = 1;
   403   0000EA  8CF1               	bsf	241,6,c	;volatile
   404   0000EC  0012               	return		;funcret
   405   0000EE                     __end_of_Init_External_InterruptB:
   406                           	callstack 0
   407                           
   408 ;; *************** function _RPBI_ISR *****************
   409 ;; Defined at:
   410 ;;		line 28 in file "main.c"
   411 ;; Parameters:    Size  Location     Type
   412 ;;		None
   413 ;; Auto vars:     Size  Location     Type
   414 ;;  num_rec         1    2[COMRAM] unsigned char 
   415 ;; Return value:  Size  Location     Type
   416 ;;                  1    wreg      void 
   417 ;; Registers used:
   418 ;;		wreg, fsr2l, fsr2h, status,2, status,0
   419 ;; Tracked objects:
   420 ;;		On entry : 0/0
   421 ;;		On exit  : 0/0
   422 ;;		Unchanged: 0/0
   423 ;; Data sizes:     COMRAM   BANK0   BANK1   BANK2   BANK3   BANK4   BANK5   BANK6   BANK7
   424 ;;      Params:         0       0       0       0       0       0       0       0       0
   425 ;;      Locals:         1       0       0       0       0       0       0       0       0
   426 ;;      Temps:          2       0       0       0       0       0       0       0       0
   427 ;;      Totals:         3       0       0       0       0       0       0       0       0
   428 ;;Total ram usage:        3 bytes
   429 ;; Hardware stack levels used: 1
   430 ;; This function calls:
   431 ;;		Nothing
   432 ;; This function is called by:
   433 ;;		Interrupt level 2
   434 ;; This function uses a non-reentrant model
   435 ;;
   436                           
   437                           	psect	intcode
   438   000008                     __pintcode:
   439                           	callstack 0
   440   000008                     _RPBI_ISR:
   441                           	callstack 29
   442                           
   443                           ;incstack = 0
   444   000008  8216               	bsf	int$flags,1,c	;set compiler interrupt flag (level 2)
   445   00000A  ED09  F000         	call	int_func,f	;refresh shadow registers
   446                           
   447                           	psect	intcode_body
   448   000012                     __pintcode_body:
   449                           	callstack 29
   450   000012                     int_func:
   451                           	callstack 29
   452   000012  0006               	pop		; remove dummy address from shadow register refresh
   453   000014  CFD9 F011          	movff	fsr2l,??_RPBI_ISR
   454   000018  CFDA F012          	movff	fsr2h,??_RPBI_ISR+1
   455   00001C                     
   456                           ;main.c: 30:     if(INTCONbits.INT0IE && INTCONbits.INT0IF)
   457   00001C  A8F2               	btfss	242,4,c	;volatile
   458   00001E  EF13  F000         	goto	i2u1_41
   459   000022  EF15  F000         	goto	i2u1_40
   460   000026                     i2u1_41:
   461   000026  EF29  F000         	goto	i2l44
   462   00002A                     i2u1_40:
   463   00002A  A2F2               	btfss	242,1,c	;volatile
   464   00002C  EF1A  F000         	goto	i2u2_41
   465   000030  EF1C  F000         	goto	i2u2_40
   466   000034                     i2u2_41:
   467   000034  EF29  F000         	goto	i2l44
   468   000038                     i2u2_40:
   469   000038                     
   470                           ;main.c: 31:     {;main.c: 33:         uint8_t num_rec = (PORTD & 0xF0) >> 4;
   471   000038  3883               	swapf	131,w,c	;volatile
   472   00003A  0B0F               	andlw	15
   473   00003C  0B0F               	andlw	15
   474   00003E  6E13               	movwf	RPBI_ISR@num_rec^0,c
   475   000040                     
   476                           ;main.c: 34:         LATD = lookup_table[num_rec];
   477   000040  0E01               	movlw	low _lookup_table
   478   000042  2413               	addwf	RPBI_ISR@num_rec^0,w,c
   479   000044  6ED9               	movwf	fsr2l,c
   480   000046  6ADA               	clrf	fsr2h,c
   481   000048  0E00               	movlw	high _lookup_table
   482   00004A  22DA               	addwfc	fsr2h,f,c
   483   00004C  50DF               	movf	indf2,w,c
   484   00004E  6E8C               	movwf	140,c	;volatile
   485   000050                     
   486                           ;main.c: 36:         INTCONbits.INT0IF = 0;
   487   000050  92F2               	bcf	242,1,c	;volatile
   488   000052                     i2l44:
   489   000052  C012  FFDA         	movff	??_RPBI_ISR+1,fsr2h
   490   000056  C011  FFD9         	movff	??_RPBI_ISR,fsr2l
   491   00005A  9216               	bcf	int$flags,1,c	;clear compiler interrupt flag (level 2)
   492   00005C  0011               	retfie		f
   493   00005E                     __end_of_RPBI_ISR:
   494                           	callstack 0
   495   000000                     
   496                           	psect	rparam
   497   000000                     
   498                           	psect	temp
   499   000016                     btemp:
   500                           	callstack 0
   501   000016                     	ds	1
   502   000000                     int$flags	set	btemp
   503   000000                     wtemp8	set	btemp+1
   504   000000                     ttemp5	set	btemp+1
   505   000000                     ttemp6	set	btemp+4
   506   000000                     ttemp7	set	btemp+8
   507                           
   508                           	psect	idloc
   509                           
   510                           ;Config register IDLOC0 @ 0x200000
   511                           ;	unspecified, using default values
   512   200000                     	org	2097152
   513   200000  FF                 	db	255
   514                           
   515                           ;Config register IDLOC1 @ 0x200001
   516                           ;	unspecified, using default values
   517   200001                     	org	2097153
   518   200001  FF                 	db	255
   519                           
   520                           ;Config register IDLOC2 @ 0x200002
   521                           ;	unspecified, using default values
   522   200002                     	org	2097154
   523   200002  FF                 	db	255
   524                           
   525                           ;Config register IDLOC3 @ 0x200003
   526                           ;	unspecified, using default values
   527   200003                     	org	2097155
   528   200003  FF                 	db	255
   529                           
   530                           ;Config register IDLOC4 @ 0x200004
   531                           ;	unspecified, using default values
   532   200004                     	org	2097156
   533   200004  FF                 	db	255
   534                           
   535                           ;Config register IDLOC5 @ 0x200005
   536                           ;	unspecified, using default values
   537   200005                     	org	2097157
   538   200005  FF                 	db	255
   539                           
   540                           ;Config register IDLOC6 @ 0x200006
   541                           ;	unspecified, using default values
   542   200006                     	org	2097158
   543   200006  FF                 	db	255
   544                           
   545                           ;Config register IDLOC7 @ 0x200007
   546                           ;	unspecified, using default values
   547   200007                     	org	2097159
   548   200007  FF                 	db	255
   549                           
   550                           	psect	config
   551                           
   552                           ;Config register CONFIG1L @ 0x300000
   553                           ;	PLL Prescaler Selection bits
   554                           ;	PLLDIV = 1, No prescale (4 MHz oscillator input drives PLL directly)
   555                           ;	System Clock Postscaler Selection bits
   556                           ;	CPUDIV = OSC1_PLL2, [Primary Oscillator Src: /1][96 MHz PLL Src: /2]
   557                           ;	USB Clock Selection bit (used in Full-Speed USB mode only; UCFG:FSEN = 1)
   558                           ;	USBDIV = 1, USB clock source comes directly from the primary oscillator block with no 
      +                          postscale
   559   300000                     	org	3145728
   560   300000  00                 	db	0
   561                           
   562                           ;Config register CONFIG1H @ 0x300001
   563                           ;	Oscillator Selection bits
   564                           ;	FOSC = INTOSC_HS, Internal oscillator, HS oscillator used by USB (INTHS)
   565                           ;	Fail-Safe Clock Monitor Enable bit
   566                           ;	FCMEN = OFF, Fail-Safe Clock Monitor disabled
   567                           ;	Internal/External Oscillator Switchover bit
   568                           ;	IESO = OFF, Oscillator Switchover mode disabled
   569   300001                     	org	3145729
   570   300001  0B                 	db	11
   571                           
   572                           ;Config register CONFIG2L @ 0x300002
   573                           ;	Power-up Timer Enable bit
   574                           ;	PWRT = OFF, PWRT disabled
   575                           ;	Brown-out Reset Enable bits
   576                           ;	BOR = OFF, Brown-out Reset disabled in hardware and software
   577                           ;	Brown-out Reset Voltage bits
   578                           ;	BORV = 3, Minimum setting 2.05V
   579                           ;	USB Voltage Regulator Enable bit
   580                           ;	VREGEN = OFF, USB voltage regulator disabled
   581   300002                     	org	3145730
   582   300002  19                 	db	25
   583                           
   584                           ;Config register CONFIG2H @ 0x300003
   585                           ;	Watchdog Timer Enable bit
   586                           ;	WDT = OFF, WDT disabled (control is placed on the SWDTEN bit)
   587                           ;	Watchdog Timer Postscale Select bits
   588                           ;	WDTPS = 32768, 1:32768
   589   300003                     	org	3145731
   590   300003  1E                 	db	30
   591                           
   592                           ; Padding undefined space
   593   300004                     	org	3145732
   594   300004  FF                 	db	255
   595                           
   596                           ;Config register CONFIG3H @ 0x300005
   597                           ;	CCP2 MUX bit
   598                           ;	CCP2MX = OFF, CCP2 input/output is multiplexed with RB3
   599                           ;	PORTB A/D Enable bit
   600                           ;	PBADEN = OFF, PORTB<4:0> pins are configured as digital I/O on Reset
   601                           ;	Low-Power Timer 1 Oscillator Enable bit
   602                           ;	LPT1OSC = OFF, Timer1 configured for higher power operation
   603                           ;	MCLR Pin Enable bit
   604                           ;	MCLRE = ON, MCLR pin enabled; RE3 input pin disabled
   605   300005                     	org	3145733
   606   300005  80                 	db	128
   607                           
   608                           ;Config register CONFIG4L @ 0x300006
   609                           ;	Stack Full/Underflow Reset Enable bit
   610                           ;	STVREN = OFF, Stack full/underflow will not cause Reset
   611                           ;	Single-Supply ICSP Enable bit
   612                           ;	LVP = OFF, Single-Supply ICSP disabled
   613                           ;	Dedicated In-Circuit Debug/Programming Port (ICPORT) Enable bit
   614                           ;	ICPRT = OFF, ICPORT disabled
   615                           ;	Extended Instruction Set Enable bit
   616                           ;	XINST = OFF, Instruction set extension and Indexed Addressing mode disabled (Legacy mo
      +                          de)
   617                           ;	Background Debugger Enable bit
   618                           ;	DEBUG = 0x1, unprogrammed default
   619   300006                     	org	3145734
   620   300006  80                 	db	128
   621                           
   622                           ; Padding undefined space
   623   300007                     	org	3145735
   624   300007  FF                 	db	255
   625                           
   626                           ;Config register CONFIG5L @ 0x300008
   627                           ;	Code Protection bit
   628                           ;	CP0 = OFF, Block 0 (000800-001FFFh) is not code-protected
   629                           ;	Code Protection bit
   630                           ;	CP1 = OFF, Block 1 (002000-003FFFh) is not code-protected
   631                           ;	Code Protection bit
   632                           ;	CP2 = OFF, Block 2 (004000-005FFFh) is not code-protected
   633                           ;	Code Protection bit
   634                           ;	CP3 = OFF, Block 3 (006000-007FFFh) is not code-protected
   635   300008                     	org	3145736
   636   300008  0F                 	db	15
   637                           
   638                           ;Config register CONFIG5H @ 0x300009
   639                           ;	Boot Block Code Protection bit
   640                           ;	CPB = OFF, Boot block (000000-0007FFh) is not code-protected
   641                           ;	Data EEPROM Code Protection bit
   642                           ;	CPD = OFF, Data EEPROM is not code-protected
   643   300009                     	org	3145737
   644   300009  C0                 	db	192
   645                           
   646                           ;Config register CONFIG6L @ 0x30000A
   647                           ;	Write Protection bit
   648                           ;	WRT0 = OFF, Block 0 (000800-001FFFh) is not write-protected
   649                           ;	Write Protection bit
   650                           ;	WRT1 = OFF, Block 1 (002000-003FFFh) is not write-protected
   651                           ;	Write Protection bit
   652                           ;	WRT2 = OFF, Block 2 (004000-005FFFh) is not write-protected
   653                           ;	Write Protection bit
   654                           ;	WRT3 = OFF, Block 3 (006000-007FFFh) is not write-protected
   655   30000A                     	org	3145738
   656   30000A  0F                 	db	15
   657                           
   658                           ;Config register CONFIG6H @ 0x30000B
   659                           ;	Configuration Register Write Protection bit
   660                           ;	WRTC = OFF, Configuration registers (300000-3000FFh) are not write-protected
   661                           ;	Boot Block Write Protection bit
   662                           ;	WRTB = OFF, Boot block (000000-0007FFh) is not write-protected
   663                           ;	Data EEPROM Write Protection bit
   664                           ;	WRTD = OFF, Data EEPROM is not write-protected
   665   30000B                     	org	3145739
   666   30000B  E0                 	db	224
   667                           
   668                           ;Config register CONFIG7L @ 0x30000C
   669                           ;	Table Read Protection bit
   670                           ;	EBTR0 = OFF, Block 0 (000800-001FFFh) is not protected from table reads executed in ot
      +                          her blocks
   671                           ;	Table Read Protection bit
   672                           ;	EBTR1 = OFF, Block 1 (002000-003FFFh) is not protected from table reads executed in ot
      +                          her blocks
   673                           ;	Table Read Protection bit
   674                           ;	EBTR2 = OFF, Block 2 (004000-005FFFh) is not protected from table reads executed in ot
      +                          her blocks
   675                           ;	Table Read Protection bit
   676                           ;	EBTR3 = OFF, Block 3 (006000-007FFFh) is not protected from table reads executed in ot
      +                          her blocks
   677   30000C                     	org	3145740
   678   30000C  0F                 	db	15
   679                           
   680                           ;Config register CONFIG7H @ 0x30000D
   681                           ;	Boot Block Table Read Protection bit
   682                           ;	EBTRB = OFF, Boot block (000000-0007FFh) is not protected from table reads executed in
      +                           other blocks
   683   30000D                     	org	3145741
   684   30000D  40                 	db	64
   685                           tosu	equ	0xFFF
   686                           tosh	equ	0xFFE
   687                           tosl	equ	0xFFD
   688                           stkptr	equ	0xFFC
   689                           pclatu	equ	0xFFB
   690                           pclath	equ	0xFFA
   691                           pcl	equ	0xFF9
   692                           tblptru	equ	0xFF8
   693                           tblptrh	equ	0xFF7
   694                           tblptrl	equ	0xFF6
   695                           tablat	equ	0xFF5
   696                           prodh	equ	0xFF4
   697                           prodl	equ	0xFF3
   698                           indf0	equ	0xFEF
   699                           postinc0	equ	0xFEE
   700                           postdec0	equ	0xFED
   701                           preinc0	equ	0xFEC
   702                           plusw0	equ	0xFEB
   703                           fsr0h	equ	0xFEA
   704                           fsr0l	equ	0xFE9
   705                           wreg	equ	0xFE8
   706                           indf1	equ	0xFE7
   707                           postinc1	equ	0xFE6
   708                           postdec1	equ	0xFE5
   709                           preinc1	equ	0xFE4
   710                           plusw1	equ	0xFE3
   711                           fsr1h	equ	0xFE2
   712                           fsr1l	equ	0xFE1
   713                           bsr	equ	0xFE0
   714                           indf2	equ	0xFDF
   715                           postinc2	equ	0xFDE
   716                           postdec2	equ	0xFDD
   717                           preinc2	equ	0xFDC
   718                           plusw2	equ	0xFDB
   719                           fsr2h	equ	0xFDA
   720                           fsr2l	equ	0xFD9
   721                           status	equ	0xFD8

Data Sizes:
    Strings     0
    Constant    0
    Data        16
    BSS         0
    Persistent  0
    Stack       0

Auto Spaces:
    Space          Size  Autos    Used
    COMRAM           94      5      21
    BANK0           160      0       0
    BANK1           256      0       0
    BANK2           256      0       0
    BANK3           256      0       0
    BANK4           256      0       0
    BANK5           256      0       0
    BANK6           256      0       0
    BANK7           256      0       0

Pointer List with Targets:

    None.

Critical Paths under _main in COMRAM

    None.

Critical Paths under _RPBI_ISR in COMRAM

    None.

Critical Paths under _main in BANK0

    None.

Critical Paths under _RPBI_ISR in BANK0

    None.

Critical Paths under _main in BANK1

    None.

Critical Paths under _RPBI_ISR in BANK1

    None.

Critical Paths under _main in BANK2

    None.

Critical Paths under _RPBI_ISR in BANK2

    None.

Critical Paths under _main in BANK3

    None.

Critical Paths under _RPBI_ISR in BANK3

    None.

Critical Paths under _main in BANK4

    None.

Critical Paths under _RPBI_ISR in BANK4

    None.

Critical Paths under _main in BANK5

    None.

Critical Paths under _RPBI_ISR in BANK5

    None.

Critical Paths under _main in BANK6

    None.

Critical Paths under _RPBI_ISR in BANK6

    None.

Critical Paths under _main in BANK7

    None.

Critical Paths under _RPBI_ISR in BANK7

    None.

Call Graph Tables:

 ---------------------------------------------------------------------------------
 (Depth) Function   	        Calls       Base Space   Used Autos Params    Refs
 ---------------------------------------------------------------------------------
 (0) _main                                                 2     2      0       0
                                              3 COMRAM     2     2      0
           _Init_External_InterruptB
                   _Init_Gpio_System
           _Init_Internal_Oscillator
 ---------------------------------------------------------------------------------
 (1) _Init_Internal_Oscillator                             0     0      0       0
 ---------------------------------------------------------------------------------
 (1) _Init_Gpio_System                                     0     0      0       0
 ---------------------------------------------------------------------------------
 (1) _Init_External_InterruptB                             0     0      0       0
 ---------------------------------------------------------------------------------
 Estimated maximum stack depth 1
 ---------------------------------------------------------------------------------
 (Depth) Function   	        Calls       Base Space   Used Autos Params    Refs
 ---------------------------------------------------------------------------------
 (2) _RPBI_ISR                                             3     3      0      15
                                              0 COMRAM     3     3      0
 ---------------------------------------------------------------------------------
 Estimated maximum stack depth 2
 ---------------------------------------------------------------------------------

 Call Graph Graphs:

 _main (ROOT)
   _Init_External_InterruptB
   _Init_Gpio_System
   _Init_Internal_Oscillator

 _RPBI_ISR (ROOT)

 Address spaces:
Name               Size   Autos  Total    Cost      Usage
BIGRAM             7FF      0       0      29        0.0%
EEDATA             100      0       0       0        0.0%
BITBANK7           100      0       0      18        0.0%
BANK7              100      0       0      19        0.0%
BITBANK6           100      0       0      16        0.0%
BANK6              100      0       0      17        0.0%
BITBANK5           100      0       0      14        0.0%
BANK5              100      0       0      15        0.0%
BITBANK4           100      0       0      12        0.0%
BANK4              100      0       0      13        0.0%
BITBANK3           100      0       0      10        0.0%
BANK3              100      0       0      11        0.0%
BITBANK2           100      0       0       8        0.0%
BANK2              100      0       0       9        0.0%
BITBANK1           100      0       0       6        0.0%
BANK1              100      0       0       7        0.0%
BITBANK0            A0      0       0       4        0.0%
BANK0               A0      0       0       5        0.0%
BITCOMRAM           5E      0       0       0        0.0%
COMRAM              5E      5      15       1       22.3%
BITBIGSFRlhhhl      3A      0       0      23        0.0%
BITBIGSFRll         23      0       0      27        0.0%
BITBIGSFRlhhhhh     1C      0       0      21        0.0%
BITBIGSFRh           D      0       0      20        0.0%
BITBIGSFRlhl         7      0       0      26        0.0%
BITBIGSFRlhhll       6      0       0      25        0.0%
BITBIGSFRlhhhhl      2      0       0      22        0.0%
BITBIGSFRlhhlh       1      0       0      24        0.0%
BIGSFR               0      0       0     200        0.0%
BITSFR               0      0       0     200        0.0%
SFR                  0      0       0     200        0.0%
STACK                0      0       0       2        0.0%
NULL                 0      0       0       0        0.0%
ABS                  0      0      15      28        0.0%
DATA                 0      0      15       3        0.0%
CODE                 0      0       0       0        0.0%


Microchip Technology PIC18 Macro Assembler V2.41 build 20230208172133 
Symbol Table                                                                                   Wed May 24 21:35:20 2023

                              l61 010C                                l55 0114                                l58 00EC  
                              u30 007C                                u31 0074                                u48 007E  
                              u57 0092                               l741 00D2                               l751 00EA  
                             l743 00E2                               l745 00E4                               l753 010E  
                             l737 00FE                               l747 00E6                               l755 0112  
                             l739 0102                               l771 0088                               l749 00E8  
                             l767 005E                               l769 006A                               wreg 0FE8  
        _Init_External_InterruptB 00D2                              _LATD 0F8C                              i2l44 0052  
                            _RCON 0FD0                              _main 005E                              fsr2h 0FDA  
                            indf2 0FDF                              fsr1l 0FE1                              fsr2l 0FD9  
                            btemp 0016                              start 000E                      ___param_bank 0000  
               ?_Init_Gpio_System 0011                             ?_main 0011                             i2l761 0038  
                           i2l763 0040                             i2l765 0050                             i2l757 001C  
                           i2l759 002A                ??_Init_Gpio_System 0014                             _PORTD 0F83  
                           _TRISD 0F95                  __end_of_RPBI_ISR 005E                             tablat 0FF5  
                           ttemp5 0017                             ttemp6 001A                             ttemp7 001E  
                           wtemp8 0017                   __initialization 00A8                      __end_of_main 00A8  
                          ??_main 0014                     __activetblptr 0000                            _INTCON 0FF2  
                          _OSCCON 0FD3                            i2u1_40 002A                            i2u1_41 0026  
                          i2u2_40 0038                            i2u2_41 0034                            isa$std 0001  
                    __pdataCOMRAM 0001                            tblptrh 0FF7                            tblptrl 0FF6  
                          tblptru 0FF8                        __accesstop 0060           __end_of__initialization 00C8  
                   ___rparam_used 0001                    __pcstackCOMRAM 0011                         ?_RPBI_ISR 0011  
      ??_Init_External_InterruptB 0014                        ??_RPBI_ISR 0011         ?_Init_Internal_Oscillator 0011  
                         _INTCON2 0FF1                           _INTCON3 0FF0                           __Hparam 0000  
                         __Lparam 0000                           __pcinit 00A8                           __ramtop 0800  
                         __ptext0 005E                           __ptext1 00FE                           __ptext2 010E  
                         __ptext3 00D2                    __pintcode_body 0012              end_of_initialization 00C8  
                         int_func 0012                           postdec1 0FE5                           postinc0 0FEE  
                       _TRISBbits 0F93                     __pidataCOMRAM 00EE               start_initialization 00A8  
                _Init_Gpio_System 010E  __end_of_Init_Internal_Oscillator 010E         ?_Init_External_InterruptB 0011  
                       __pintcode 0008                          _LATCbits 0F8B          _Init_Internal_Oscillator 00FE  
                        _RCONbits 0FD0                          _RPBI_ISR 0008                       _INTCON2bits 0FF1  
                       copy_data0 00BC                          __Hrparam 0000                          __Lrparam 0000  
        __end_of_Init_Gpio_System 0116                      _lookup_table 0001                   RPBI_ISR@num_rec 0013  
                        isa$xinst 0000                          int$flags 0016  __end_of_Init_External_InterruptB 00EE  
                      _INTCONbits 0FF2                          intlevel2 0000                        _OSCCONbits 0FD3  
      ??_Init_Internal_Oscillator 0014  
