

Microchip MPLAB XC8 Assembler V2.41 build 20230208172133 
                                                                                               Fri Jun 02 14:20:55 2023

Microchip MPLAB XC8 C Compiler v2.41 (Free license) build 20230208172133 Og1 
     1                           	processor	18F4550
     2                           	fnconf	rparam,??,?,0
     3                           	pagewidth 120
     4                           	opt	flic
     5                           	psect	cinit,global,reloc=2,class=CODE,delta=1
     6                           	psect	cstackCOMRAM,global,class=COMRAM,space=1,delta=1,lowdata,noexec
     7                           	psect	text0,global,reloc=2,class=CODE,delta=1
     8                           	psect	text1,global,reloc=2,class=CODE,delta=1
     9                           	psect	text2,global,reloc=2,class=CODE,delta=1
    10                           	psect	text3,global,reloc=2,class=CODE,delta=1
    11                           	psect	intcode,global,reloc=2,class=CODE,delta=1
    12                           	psect	intcode_body,global,reloc=2,class=CODE,delta=1
    13                           	psect	intsave_regs,global,class=BIGRAM,space=1,delta=1,noexec
    14                           	psect	rparam,global,class=COMRAM,space=1,delta=1,noexec
    15                           	psect	temp,global,ovrld,common,class=COMRAM,space=1,delta=1
    16                           	psect	idloc,global,abs,ovrld,class=IDLOC,space=5,delta=1,noexec
    17                           	psect	config,global,abs,ovrld,class=CONFIG,space=4,delta=1,noexec
    18   000000                     
    19                           ; Version 2.40
    20                           ; Generated 17/11/2021 GMT
    21                           ; 
    22                           ; Copyright © 2021, Microchip Technology Inc. and its subsidiaries ("Microchip")
    23                           ; All rights reserved.
    24                           ; 
    25                           ; This software is developed by Microchip Technology Inc. and its subsidiaries ("Microch
      +                          ip").
    26                           ; 
    27                           ; Redistribution and use in source and binary forms, with or without modification, are
    28                           ; permitted provided that the following conditions are met:
    29                           ; 
    30                           ;     1. Redistributions of source code must retain the above copyright notice, this lis
      +                          t of
    31                           ;        conditions and the following disclaimer.
    32                           ; 
    33                           ;     2. Redistributions in binary form must reproduce the above copyright notice, this 
      +                          list
    34                           ;        of conditions and the following disclaimer in the documentation and/or other
    35                           ;        materials provided with the distribution. Publication is not required when
    36                           ;        this file is used in an embedded application.
    37                           ; 
    38                           ;     3. Microchip's name may not be used to endorse or promote products derived from th
      +                          is
    39                           ;        software without specific prior written permission.
    40                           ; 
    41                           ; THIS SOFTWARE IS PROVIDED BY MICROCHIP "AS IS" AND ANY EXPRESS OR IMPLIED WARRANTIES,
    42                           ; INCLUDING, BUT NOT LIMITED TO, THE IMPLIED WARRANTIES OF MERCHANTABILITY AND FITNESS F
      +                          OR
    43                           ; PURPOSE ARE DISCLAIMED.  IN NO EVENT SHALL MICROCHIP BE LIABLE FOR ANY DIRECT, INDIREC
      +                          T,
    44                           ; INCIDENTAL, SPECIAL, EXEMPLARY, OR CONSEQUENTIAL DAMAGES (INCLUDING BUT NOT LIMITED TO
    45                           ; PROCUREMENT OF SUBSTITUTE GOODS OR SERVICES; LOSS OF USE, DATA OR PROFITS; OR BUSINESS
    46                           ; INTERRUPTION) HOWSOEVER CAUSED AND ON ANY THEORY OF LIABILITY, WHETHER IN CONTRACT, ST
      +                          RICT
    47                           ; LIABILITY, OR TORT (INCLUDING NEGLIGENCE OR OTHERWISE) ARISING IN ANY WAY OUT OF THE U
      +                          SE OF
    48                           ; THIS SOFTWARE, EVEN IF ADVISED OF THE POSSIBILITY OF SUCH DAMAGE.
    49                           ; 
    50                           ; 
    51                           ; Code-generator required, PIC18F4550 Definitions
    52                           ; 
    53                           ; SFR Addresses
    54   000000                     _OSCCONbits	set	4051
    55   000000                     _PIE1bits	set	3997
    56   000000                     _INTCONbits	set	4082
    57   000000                     _RCONbits	set	4048
    58   000000                     _PIR1	set	3998
    59   000000                     _T2CONbits	set	4042
    60   000000                     _LATBbits	set	3978
    61   000000                     _PIR1bits	set	3998
    62   000000                     _T2CON	set	4042
    63   000000                     _TRISBbits	set	3987
    64   000000                     _PIE1	set	3997
    65   000000                     _RCON	set	4048
    66   000000                     _PR2	set	4043
    67   000000                     _OSCCON	set	4051
    68   000000                     _INTCON	set	4082
    69                           
    70                           ; #config settings
    71                           
    72                           	psect	cinit
    73   0000B0                     __pcinit:
    74                           	callstack 0
    75   0000B0                     start_initialization:
    76                           	callstack 0
    77   0000B0                     __initialization:
    78                           	callstack 0
    79   0000B0                     end_of_initialization:
    80                           	callstack 0
    81   0000B0                     __end_of__initialization:
    82                           	callstack 0
    83   0000B0  9002               	bcf	int$flags,0,c	;clear compiler interrupt flag (level 1)
    84   0000B2  9202               	bcf	int$flags,1,c	;clear compiler interrupt flag (level 2)
    85   0000B4  0100               	movlb	0
    86   0000B6  EF45  F000         	goto	_main	;jump to C main() function
    87                           
    88                           	psect	cstackCOMRAM
    89   000001                     __pcstackCOMRAM:
    90                           	callstack 0
    91   000001                     ??_TIMER2_ISR:
    92   000001                     
    93                           ; 2 bytes @ 0x0
    94   000001                     	ds	1
    95   000002                     
    96                           ; 1 bytes @ 0x1
    97 ;;
    98 ;;Main: autosize = 0, tempsize = 0, incstack = 0, save=0
    99 ;;
   100 ;; *************** function _main *****************
   101 ;; Defined at:
   102 ;;		line 39 in file "main.c"
   103 ;; Parameters:    Size  Location     Type
   104 ;;		None
   105 ;; Auto vars:     Size  Location     Type
   106 ;;		None
   107 ;; Return value:  Size  Location     Type
   108 ;;                  2   48[None  ] int 
   109 ;; Registers used:
   110 ;;		wreg, status,2, cstack
   111 ;; Tracked objects:
   112 ;;		On entry : 0/0
   113 ;;		On exit  : 0/0
   114 ;;		Unchanged: 0/0
   115 ;; Data sizes:     COMRAM   BANK0   BANK1   BANK2   BANK3   BANK4   BANK5   BANK6   BANK7
   116 ;;      Params:         0       0       0       0       0       0       0       0       0
   117 ;;      Locals:         0       0       0       0       0       0       0       0       0
   118 ;;      Temps:          0       0       0       0       0       0       0       0       0
   119 ;;      Totals:         0       0       0       0       0       0       0       0       0
   120 ;;Total ram usage:        0 bytes
   121 ;; Hardware stack levels required when called: 2
   122 ;; This function calls:
   123 ;;		_Init_Internal_Oscillator
   124 ;;		_Init_Timer2_As_Comparer
   125 ;;		_Init_Timer2_Interrupts
   126 ;; This function is called by:
   127 ;;		Startup code after reset
   128 ;; This function uses a non-reentrant model
   129 ;;
   130                           
   131                           	psect	text0
   132   00008A                     __ptext0:
   133                           	callstack 0
   134   00008A                     _main:
   135                           	callstack 29
   136   00008A                     
   137                           ;main.c: 42:     Init_Internal_Oscillator();
   138   00008A  EC51  F000         	call	_Init_Internal_Oscillator	;wreg free
   139                           
   140                           ;main.c: 44:     Init_Timer2_Interrupts();
   141   00008E  EC2A  F000         	call	_Init_Timer2_Interrupts	;wreg free
   142                           
   143                           ;main.c: 46:     Init_Timer2_As_Comparer();
   144   000092  EC38  F000         	call	_Init_Timer2_As_Comparer	;wreg free
   145   000096                     
   146                           ;main.c: 48:     TRISBbits.RB0 = 0;
   147   000096  9093               	bcf	147,0,c	;volatile
   148   000098                     l769:
   149                           
   150                           ;main.c: 51:     {;main.c: 52:         __nop();
   151   000098  F000               	nop	
   152   00009A  EF4C  F000         	goto	l769
   153   00009E  EF07  F000         	goto	start
   154   0000A2                     __end_of_main:
   155                           	callstack 0
   156                           
   157 ;; *************** function _Init_Timer2_Interrupts *****************
   158 ;; Defined at:
   159 ;;		line 91 in file "main.c"
   160 ;; Parameters:    Size  Location     Type
   161 ;;		None
   162 ;; Auto vars:     Size  Location     Type
   163 ;;		None
   164 ;; Return value:  Size  Location     Type
   165 ;;                  1    wreg      void 
   166 ;; Registers used:
   167 ;;		wreg, status,2
   168 ;; Tracked objects:
   169 ;;		On entry : 0/0
   170 ;;		On exit  : 0/0
   171 ;;		Unchanged: 0/0
   172 ;; Data sizes:     COMRAM   BANK0   BANK1   BANK2   BANK3   BANK4   BANK5   BANK6   BANK7
   173 ;;      Params:         0       0       0       0       0       0       0       0       0
   174 ;;      Locals:         0       0       0       0       0       0       0       0       0
   175 ;;      Temps:          0       0       0       0       0       0       0       0       0
   176 ;;      Totals:         0       0       0       0       0       0       0       0       0
   177 ;;Total ram usage:        0 bytes
   178 ;; Hardware stack levels used: 1
   179 ;; Hardware stack levels required when called: 1
   180 ;; This function calls:
   181 ;;		Nothing
   182 ;; This function is called by:
   183 ;;		_main
   184 ;; This function uses a non-reentrant model
   185 ;;
   186                           
   187                           	psect	text1
   188   000054                     __ptext1:
   189                           	callstack 0
   190   000054                     _Init_Timer2_Interrupts:
   191                           	callstack 29
   192   000054                     
   193                           ;main.c: 94:     RCON = 0x00;
   194   000054  0E00               	movlw	0
   195   000056  6ED0               	movwf	208,c	;volatile
   196                           
   197                           ;main.c: 95:     INTCON = 0x00;
   198   000058  0E00               	movlw	0
   199   00005A  6EF2               	movwf	242,c	;volatile
   200                           
   201                           ;main.c: 96:     PIR1 = 0x00;
   202   00005C  0E00               	movlw	0
   203   00005E  6E9E               	movwf	158,c	;volatile
   204                           
   205                           ;main.c: 97:     PIE1 = 0x00;
   206   000060  0E00               	movlw	0
   207   000062  6E9D               	movwf	157,c	;volatile
   208   000064                     
   209                           ;main.c: 100:     RCONbits.IPEN = 0;
   210   000064  9ED0               	bcf	208,7,c	;volatile
   211   000066                     
   212                           ;main.c: 101:     INTCONbits.GIE = 1;
   213   000066  8EF2               	bsf	242,7,c	;volatile
   214   000068                     
   215                           ;main.c: 102:     INTCONbits.PEIE = 1;
   216   000068  8CF2               	bsf	242,6,c	;volatile
   217   00006A                     
   218                           ;main.c: 104:     PIR1bits.TMR2IF = 0;
   219   00006A  929E               	bcf	158,1,c	;volatile
   220   00006C                     
   221                           ;main.c: 105:     PIE1bits.TMR2IE = 1;
   222   00006C  829D               	bsf	157,1,c	;volatile
   223   00006E  0012               	return		;funcret
   224   000070                     __end_of_Init_Timer2_Interrupts:
   225                           	callstack 0
   226                           
   227 ;; *************** function _Init_Timer2_As_Comparer *****************
   228 ;; Defined at:
   229 ;;		line 60 in file "main.c"
   230 ;; Parameters:    Size  Location     Type
   231 ;;		None
   232 ;; Auto vars:     Size  Location     Type
   233 ;;		None
   234 ;; Return value:  Size  Location     Type
   235 ;;                  1    wreg      void 
   236 ;; Registers used:
   237 ;;		wreg, status,2
   238 ;; Tracked objects:
   239 ;;		On entry : 0/0
   240 ;;		On exit  : 0/0
   241 ;;		Unchanged: 0/0
   242 ;; Data sizes:     COMRAM   BANK0   BANK1   BANK2   BANK3   BANK4   BANK5   BANK6   BANK7
   243 ;;      Params:         0       0       0       0       0       0       0       0       0
   244 ;;      Locals:         0       0       0       0       0       0       0       0       0
   245 ;;      Temps:          0       0       0       0       0       0       0       0       0
   246 ;;      Totals:         0       0       0       0       0       0       0       0       0
   247 ;;Total ram usage:        0 bytes
   248 ;; Hardware stack levels used: 1
   249 ;; Hardware stack levels required when called: 1
   250 ;; This function calls:
   251 ;;		Nothing
   252 ;; This function is called by:
   253 ;;		_main
   254 ;; This function uses a non-reentrant model
   255 ;;
   256                           
   257                           	psect	text2
   258   000070                     __ptext2:
   259                           	callstack 0
   260   000070                     _Init_Timer2_As_Comparer:
   261                           	callstack 29
   262   000070                     
   263                           ;main.c: 63:     T2CON = 0x00;
   264   000070  0E00               	movlw	0
   265   000072  6ECA               	movwf	202,c	;volatile
   266   000074                     
   267                           ;main.c: 66:     T2CONbits.TMR2ON = 0;
   268   000074  94CA               	bcf	202,2,c	;volatile
   269                           
   270                           ;main.c: 67:     T2CONbits.T2CKPS = 0b11;
   271   000076  0E03               	movlw	3
   272   000078  12CA               	iorwf	202,f,c	;volatile
   273                           
   274                           ;main.c: 70:     T2CONbits.TOUTPS = 0x9;
   275   00007A  50CA               	movf	202,w,c	;volatile
   276   00007C  0B87               	andlw	-121
   277   00007E  0948               	iorlw	72
   278   000080  6ECA               	movwf	202,c	;volatile
   279                           
   280                           ;main.c: 73:     PR2 = 249;
   281   000082  0EF9               	movlw	249
   282   000084  6ECB               	movwf	203,c	;volatile
   283   000086                     
   284                           ;main.c: 88:     T2CONbits.TMR2ON = 1;
   285   000086  84CA               	bsf	202,2,c	;volatile
   286   000088  0012               	return		;funcret
   287   00008A                     __end_of_Init_Timer2_As_Comparer:
   288                           	callstack 0
   289                           
   290 ;; *************** function _Init_Internal_Oscillator *****************
   291 ;; Defined at:
   292 ;;		line 108 in file "main.c"
   293 ;; Parameters:    Size  Location     Type
   294 ;;		None
   295 ;; Auto vars:     Size  Location     Type
   296 ;;		None
   297 ;; Return value:  Size  Location     Type
   298 ;;                  1    wreg      void 
   299 ;; Registers used:
   300 ;;		wreg, status,2
   301 ;; Tracked objects:
   302 ;;		On entry : 0/0
   303 ;;		On exit  : 0/0
   304 ;;		Unchanged: 0/0
   305 ;; Data sizes:     COMRAM   BANK0   BANK1   BANK2   BANK3   BANK4   BANK5   BANK6   BANK7
   306 ;;      Params:         0       0       0       0       0       0       0       0       0
   307 ;;      Locals:         0       0       0       0       0       0       0       0       0
   308 ;;      Temps:          0       0       0       0       0       0       0       0       0
   309 ;;      Totals:         0       0       0       0       0       0       0       0       0
   310 ;;Total ram usage:        0 bytes
   311 ;; Hardware stack levels used: 1
   312 ;; Hardware stack levels required when called: 1
   313 ;; This function calls:
   314 ;;		Nothing
   315 ;; This function is called by:
   316 ;;		_main
   317 ;; This function uses a non-reentrant model
   318 ;;
   319                           
   320                           	psect	text3
   321   0000A2                     __ptext3:
   322                           	callstack 0
   323   0000A2                     _Init_Internal_Oscillator:
   324                           	callstack 29
   325   0000A2                     
   326                           ;main.c: 111:     OSCCON = 0x00;
   327   0000A2  0E00               	movlw	0
   328   0000A4  6ED3               	movwf	211,c	;volatile
   329                           
   330                           ;main.c: 113:     OSCCONbits.IRCF = 0b111;
   331   0000A6  0E70               	movlw	112
   332   0000A8  12D3               	iorwf	211,f,c	;volatile
   333                           
   334                           ;main.c: 114:     OSCCONbits.SCS = 0b11;
   335   0000AA  0E03               	movlw	3
   336   0000AC  12D3               	iorwf	211,f,c	;volatile
   337   0000AE  0012               	return		;funcret
   338   0000B0                     __end_of_Init_Internal_Oscillator:
   339                           	callstack 0
   340                           
   341 ;; *************** function _TIMER2_ISR *****************
   342 ;; Defined at:
   343 ;;		line 21 in file "main.c"
   344 ;; Parameters:    Size  Location     Type
   345 ;;		None
   346 ;; Auto vars:     Size  Location     Type
   347 ;;		None
   348 ;; Return value:  Size  Location     Type
   349 ;;                  1    wreg      void 
   350 ;; Registers used:
   351 ;;		wreg, status,2, status,0
   352 ;; Tracked objects:
   353 ;;		On entry : 0/0
   354 ;;		On exit  : 0/0
   355 ;;		Unchanged: 0/0
   356 ;; Data sizes:     COMRAM   BANK0   BANK1   BANK2   BANK3   BANK4   BANK5   BANK6   BANK7
   357 ;;      Params:         0       0       0       0       0       0       0       0       0
   358 ;;      Locals:         0       0       0       0       0       0       0       0       0
   359 ;;      Temps:          1       0       0       0       0       0       0       0       0
   360 ;;      Totals:         1       0       0       0       0       0       0       0       0
   361 ;;Total ram usage:        1 bytes
   362 ;; Hardware stack levels used: 1
   363 ;; This function calls:
   364 ;;		Nothing
   365 ;; This function is called by:
   366 ;;		Interrupt level 2
   367 ;; This function uses a non-reentrant model
   368 ;;
   369                           
   370                           	psect	intcode
   371   000008                     __pintcode:
   372                           	callstack 0
   373   000008                     _TIMER2_ISR:
   374                           	callstack 29
   375                           
   376                           ;incstack = 0
   377   000008  8202               	bsf	int$flags,1,c	;set compiler interrupt flag (level 2)
   378   00000A  ED09  F000         	call	int_func,f	;refresh shadow registers
   379                           
   380                           	psect	intcode_body
   381   000012                     __pintcode_body:
   382                           	callstack 29
   383   000012                     int_func:
   384                           	callstack 29
   385   000012  0006               	pop		; remove dummy address from shadow register refresh
   386   000014                     
   387                           ;main.c: 23:     if(PIR1bits.TMR2IF && PIR1bits.TMR2IF)
   388   000014  A29E               	btfss	158,1,c	;volatile
   389   000016  EF0F  F000         	goto	i2u1_41
   390   00001A  EF11  F000         	goto	i2u1_40
   391   00001E                     i2u1_41:
   392   00001E  EF28  F000         	goto	i2l44
   393   000022                     i2u1_40:
   394   000022  A29E               	btfss	158,1,c	;volatile
   395   000024  EF16  F000         	goto	i2u2_41
   396   000028  EF18  F000         	goto	i2u2_40
   397   00002C                     i2u2_41:
   398   00002C  EF28  F000         	goto	i2l44
   399   000030                     i2u2_40:
   400   000030                     
   401                           ;main.c: 24:     {;main.c: 26:         LATBbits.LATB0 = !LATBbits.LATB0;
   402   000030  A08A               	btfss	138,0,c	;volatile
   403   000032  EF1D  F000         	goto	i2u3_41
   404   000036  EF21  F000         	goto	i2u3_40
   405   00003A                     i2u3_41:
   406   00003A  6A01               	clrf	??_TIMER2_ISR^0,c
   407   00003C  2A01               	incf	??_TIMER2_ISR^0,f,c
   408   00003E  EF22  F000         	goto	i2u4_48
   409   000042                     i2u3_40:
   410   000042  6A01               	clrf	??_TIMER2_ISR^0,c
   411   000044                     i2u4_48:
   412   000044  508A               	movf	138,w,c	;volatile
   413   000046  1801               	xorwf	??_TIMER2_ISR^0,w,c
   414   000048  0BFE               	andlw	-2
   415   00004A  1801               	xorwf	??_TIMER2_ISR^0,w,c
   416   00004C  6E8A               	movwf	138,c	;volatile
   417   00004E                     
   418                           ;main.c: 28:         PIR1bits.TMR2IF = 0;
   419   00004E  929E               	bcf	158,1,c	;volatile
   420   000050                     i2l44:
   421   000050  9202               	bcf	int$flags,1,c	;clear compiler interrupt flag (level 2)
   422   000052  0011               	retfie		f
   423   000054                     __end_of_TIMER2_ISR:
   424                           	callstack 0
   425   000000                     
   426                           	psect	rparam
   427   000000                     
   428                           	psect	temp
   429   000002                     btemp:
   430                           	callstack 0
   431   000002                     	ds	1
   432   000000                     int$flags	set	btemp
   433   000000                     wtemp8	set	btemp+1
   434   000000                     ttemp5	set	btemp+1
   435   000000                     ttemp6	set	btemp+4
   436   000000                     ttemp7	set	btemp+8
   437                           
   438                           	psect	idloc
   439                           
   440                           ;Config register IDLOC0 @ 0x200000
   441                           ;	unspecified, using default values
   442   200000                     	org	2097152
   443   200000  FF                 	db	255
   444                           
   445                           ;Config register IDLOC1 @ 0x200001
   446                           ;	unspecified, using default values
   447   200001                     	org	2097153
   448   200001  FF                 	db	255
   449                           
   450                           ;Config register IDLOC2 @ 0x200002
   451                           ;	unspecified, using default values
   452   200002                     	org	2097154
   453   200002  FF                 	db	255
   454                           
   455                           ;Config register IDLOC3 @ 0x200003
   456                           ;	unspecified, using default values
   457   200003                     	org	2097155
   458   200003  FF                 	db	255
   459                           
   460                           ;Config register IDLOC4 @ 0x200004
   461                           ;	unspecified, using default values
   462   200004                     	org	2097156
   463   200004  FF                 	db	255
   464                           
   465                           ;Config register IDLOC5 @ 0x200005
   466                           ;	unspecified, using default values
   467   200005                     	org	2097157
   468   200005  FF                 	db	255
   469                           
   470                           ;Config register IDLOC6 @ 0x200006
   471                           ;	unspecified, using default values
   472   200006                     	org	2097158
   473   200006  FF                 	db	255
   474                           
   475                           ;Config register IDLOC7 @ 0x200007
   476                           ;	unspecified, using default values
   477   200007                     	org	2097159
   478   200007  FF                 	db	255
   479                           
   480                           	psect	config
   481                           
   482                           ;Config register CONFIG1L @ 0x300000
   483                           ;	PLL Prescaler Selection bits
   484                           ;	PLLDIV = 1, No prescale (4 MHz oscillator input drives PLL directly)
   485                           ;	System Clock Postscaler Selection bits
   486                           ;	CPUDIV = OSC1_PLL2, [Primary Oscillator Src: /1][96 MHz PLL Src: /2]
   487                           ;	USB Clock Selection bit (used in Full-Speed USB mode only; UCFG:FSEN = 1)
   488                           ;	USBDIV = 1, USB clock source comes directly from the primary oscillator block with no 
      +                          postscale
   489   300000                     	org	3145728
   490   300000  00                 	db	0
   491                           
   492                           ;Config register CONFIG1H @ 0x300001
   493                           ;	Oscillator Selection bits
   494                           ;	FOSC = INTOSC_HS, Internal oscillator, HS oscillator used by USB (INTHS)
   495                           ;	Fail-Safe Clock Monitor Enable bit
   496                           ;	FCMEN = OFF, Fail-Safe Clock Monitor disabled
   497                           ;	Internal/External Oscillator Switchover bit
   498                           ;	IESO = OFF, Oscillator Switchover mode disabled
   499   300001                     	org	3145729
   500   300001  0B                 	db	11
   501                           
   502                           ;Config register CONFIG2L @ 0x300002
   503                           ;	Power-up Timer Enable bit
   504                           ;	PWRT = OFF, PWRT disabled
   505                           ;	Brown-out Reset Enable bits
   506                           ;	BOR = OFF, Brown-out Reset disabled in hardware and software
   507                           ;	Brown-out Reset Voltage bits
   508                           ;	BORV = 3, Minimum setting 2.05V
   509                           ;	USB Voltage Regulator Enable bit
   510                           ;	VREGEN = OFF, USB voltage regulator disabled
   511   300002                     	org	3145730
   512   300002  19                 	db	25
   513                           
   514                           ;Config register CONFIG2H @ 0x300003
   515                           ;	Watchdog Timer Enable bit
   516                           ;	WDT = OFF, WDT disabled (control is placed on the SWDTEN bit)
   517                           ;	Watchdog Timer Postscale Select bits
   518                           ;	WDTPS = 32768, 1:32768
   519   300003                     	org	3145731
   520   300003  1E                 	db	30
   521                           
   522                           ; Padding undefined space
   523   300004                     	org	3145732
   524   300004  FF                 	db	255
   525                           
   526                           ;Config register CONFIG3H @ 0x300005
   527                           ;	CCP2 MUX bit
   528                           ;	CCP2MX = OFF, CCP2 input/output is multiplexed with RB3
   529                           ;	PORTB A/D Enable bit
   530                           ;	PBADEN = OFF, PORTB<4:0> pins are configured as digital I/O on Reset
   531                           ;	Low-Power Timer 1 Oscillator Enable bit
   532                           ;	LPT1OSC = OFF, Timer1 configured for higher power operation
   533                           ;	MCLR Pin Enable bit
   534                           ;	MCLRE = ON, MCLR pin enabled; RE3 input pin disabled
   535   300005                     	org	3145733
   536   300005  80                 	db	128
   537                           
   538                           ;Config register CONFIG4L @ 0x300006
   539                           ;	Stack Full/Underflow Reset Enable bit
   540                           ;	STVREN = OFF, Stack full/underflow will not cause Reset
   541                           ;	Single-Supply ICSP Enable bit
   542                           ;	LVP = OFF, Single-Supply ICSP disabled
   543                           ;	Dedicated In-Circuit Debug/Programming Port (ICPORT) Enable bit
   544                           ;	ICPRT = OFF, ICPORT disabled
   545                           ;	Extended Instruction Set Enable bit
   546                           ;	XINST = OFF, Instruction set extension and Indexed Addressing mode disabled (Legacy mo
      +                          de)
   547                           ;	Background Debugger Enable bit
   548                           ;	DEBUG = 0x1, unprogrammed default
   549   300006                     	org	3145734
   550   300006  80                 	db	128
   551                           
   552                           ; Padding undefined space
   553   300007                     	org	3145735
   554   300007  FF                 	db	255
   555                           
   556                           ;Config register CONFIG5L @ 0x300008
   557                           ;	Code Protection bit
   558                           ;	CP0 = OFF, Block 0 (000800-001FFFh) is not code-protected
   559                           ;	Code Protection bit
   560                           ;	CP1 = OFF, Block 1 (002000-003FFFh) is not code-protected
   561                           ;	Code Protection bit
   562                           ;	CP2 = OFF, Block 2 (004000-005FFFh) is not code-protected
   563                           ;	Code Protection bit
   564                           ;	CP3 = OFF, Block 3 (006000-007FFFh) is not code-protected
   565   300008                     	org	3145736
   566   300008  0F                 	db	15
   567                           
   568                           ;Config register CONFIG5H @ 0x300009
   569                           ;	Boot Block Code Protection bit
   570                           ;	CPB = OFF, Boot block (000000-0007FFh) is not code-protected
   571                           ;	Data EEPROM Code Protection bit
   572                           ;	CPD = OFF, Data EEPROM is not code-protected
   573   300009                     	org	3145737
   574   300009  C0                 	db	192
   575                           
   576                           ;Config register CONFIG6L @ 0x30000A
   577                           ;	Write Protection bit
   578                           ;	WRT0 = OFF, Block 0 (000800-001FFFh) is not write-protected
   579                           ;	Write Protection bit
   580                           ;	WRT1 = OFF, Block 1 (002000-003FFFh) is not write-protected
   581                           ;	Write Protection bit
   582                           ;	WRT2 = OFF, Block 2 (004000-005FFFh) is not write-protected
   583                           ;	Write Protection bit
   584                           ;	WRT3 = OFF, Block 3 (006000-007FFFh) is not write-protected
   585   30000A                     	org	3145738
   586   30000A  0F                 	db	15
   587                           
   588                           ;Config register CONFIG6H @ 0x30000B
   589                           ;	Configuration Register Write Protection bit
   590                           ;	WRTC = OFF, Configuration registers (300000-3000FFh) are not write-protected
   591                           ;	Boot Block Write Protection bit
   592                           ;	WRTB = OFF, Boot block (000000-0007FFh) is not write-protected
   593                           ;	Data EEPROM Write Protection bit
   594                           ;	WRTD = OFF, Data EEPROM is not write-protected
   595   30000B                     	org	3145739
   596   30000B  E0                 	db	224
   597                           
   598                           ;Config register CONFIG7L @ 0x30000C
   599                           ;	Table Read Protection bit
   600                           ;	EBTR0 = OFF, Block 0 (000800-001FFFh) is not protected from table reads executed in ot
      +                          her blocks
   601                           ;	Table Read Protection bit
   602                           ;	EBTR1 = OFF, Block 1 (002000-003FFFh) is not protected from table reads executed in ot
      +                          her blocks
   603                           ;	Table Read Protection bit
   604                           ;	EBTR2 = OFF, Block 2 (004000-005FFFh) is not protected from table reads executed in ot
      +                          her blocks
   605                           ;	Table Read Protection bit
   606                           ;	EBTR3 = OFF, Block 3 (006000-007FFFh) is not protected from table reads executed in ot
      +                          her blocks
   607   30000C                     	org	3145740
   608   30000C  0F                 	db	15
   609                           
   610                           ;Config register CONFIG7H @ 0x30000D
   611                           ;	Boot Block Table Read Protection bit
   612                           ;	EBTRB = OFF, Boot block (000000-0007FFh) is not protected from table reads executed in
      +                           other blocks
   613   30000D                     	org	3145741
   614   30000D  40                 	db	64
   615                           tosu	equ	0xFFF
   616                           tosh	equ	0xFFE
   617                           tosl	equ	0xFFD
   618                           stkptr	equ	0xFFC
   619                           pclatu	equ	0xFFB
   620                           pclath	equ	0xFFA
   621                           pcl	equ	0xFF9
   622                           tblptru	equ	0xFF8
   623                           tblptrh	equ	0xFF7
   624                           tblptrl	equ	0xFF6
   625                           tablat	equ	0xFF5
   626                           prodh	equ	0xFF4
   627                           prodl	equ	0xFF3
   628                           indf0	equ	0xFEF
   629                           postinc0	equ	0xFEE
   630                           postdec0	equ	0xFED
   631                           preinc0	equ	0xFEC
   632                           plusw0	equ	0xFEB
   633                           fsr0h	equ	0xFEA
   634                           fsr0l	equ	0xFE9
   635                           wreg	equ	0xFE8
   636                           indf1	equ	0xFE7
   637                           postinc1	equ	0xFE6
   638                           postdec1	equ	0xFE5
   639                           preinc1	equ	0xFE4
   640                           plusw1	equ	0xFE3
   641                           fsr1h	equ	0xFE2
   642                           fsr1l	equ	0xFE1
   643                           bsr	equ	0xFE0
   644                           indf2	equ	0xFDF
   645                           postinc2	equ	0xFDE
   646                           postdec2	equ	0xFDD
   647                           preinc2	equ	0xFDC
   648                           plusw2	equ	0xFDB
   649                           fsr2h	equ	0xFDA
   650                           fsr2l	equ	0xFD9
   651                           status	equ	0xFD8

Data Sizes:
    Strings     0
    Constant    0
    Data        0
    BSS         0
    Persistent  0
    Stack       0

Auto Spaces:
    Space          Size  Autos    Used
    COMRAM           94      1       1
    BANK0           160      0       0
    BANK1           256      0       0
    BANK2           256      0       0
    BANK3           256      0       0
    BANK4           256      0       0
    BANK5           256      0       0
    BANK6           256      0       0
    BANK7           256      0       0

Pointer List with Targets:

    None.

Critical Paths under _main in COMRAM

    None.

Critical Paths under _TIMER2_ISR in COMRAM

    None.

Critical Paths under _main in BANK0

    None.

Critical Paths under _TIMER2_ISR in BANK0

    None.

Critical Paths under _main in BANK1

    None.

Critical Paths under _TIMER2_ISR in BANK1

    None.

Critical Paths under _main in BANK2

    None.

Critical Paths under _TIMER2_ISR in BANK2

    None.

Critical Paths under _main in BANK3

    None.

Critical Paths under _TIMER2_ISR in BANK3

    None.

Critical Paths under _main in BANK4

    None.

Critical Paths under _TIMER2_ISR in BANK4

    None.

Critical Paths under _main in BANK5

    None.

Critical Paths under _TIMER2_ISR in BANK5

    None.

Critical Paths under _main in BANK6

    None.

Critical Paths under _TIMER2_ISR in BANK6

    None.

Critical Paths under _main in BANK7

    None.

Critical Paths under _TIMER2_ISR in BANK7

    None.

Call Graph Tables:

 ---------------------------------------------------------------------------------
 (Depth) Function   	        Calls       Base Space   Used Autos Params    Refs
 ---------------------------------------------------------------------------------
 (0) _main                                                 0     0      0       0
           _Init_Internal_Oscillator
            _Init_Timer2_As_Comparer
             _Init_Timer2_Interrupts
 ---------------------------------------------------------------------------------
 (1) _Init_Timer2_Interrupts                               0     0      0       0
 ---------------------------------------------------------------------------------
 (1) _Init_Timer2_As_Comparer                              0     0      0       0
 ---------------------------------------------------------------------------------
 (1) _Init_Internal_Oscillator                             0     0      0       0
 ---------------------------------------------------------------------------------
 Estimated maximum stack depth 1
 ---------------------------------------------------------------------------------
 (Depth) Function   	        Calls       Base Space   Used Autos Params    Refs
 ---------------------------------------------------------------------------------
 (2) _TIMER2_ISR                                           1     1      0       0
                                              0 COMRAM     1     1      0
 ---------------------------------------------------------------------------------
 Estimated maximum stack depth 2
 ---------------------------------------------------------------------------------

 Call Graph Graphs:

 _main (ROOT)
   _Init_Internal_Oscillator
   _Init_Timer2_As_Comparer
   _Init_Timer2_Interrupts

 _TIMER2_ISR (ROOT)

 Address spaces:
Name               Size   Autos  Total    Cost      Usage
BITCOMRAM           5E      0       0       0        0.0%
EEDATA             100      0       0       0        0.0%
NULL                 0      0       0       0        0.0%
CODE                 0      0       0       0        0.0%
COMRAM              5E      1       1       1        1.1%
STACK                0      0       0       2        0.0%
DATA                 0      0       0       3        0.0%
BITBANK0            A0      0       0       4        0.0%
BANK0               A0      0       0       5        0.0%
BITBANK1           100      0       0       6        0.0%
BANK1              100      0       0       7        0.0%
BITBANK2           100      0       0       8        0.0%
BANK2              100      0       0       9        0.0%
BITBANK3           100      0       0      10        0.0%
BANK3              100      0       0      11        0.0%
BITBANK4           100      0       0      12        0.0%
BANK4              100      0       0      13        0.0%
BITBANK5           100      0       0      14        0.0%
BANK5              100      0       0      15        0.0%
BITBANK6           100      0       0      16        0.0%
BANK6              100      0       0      17        0.0%
BITBANK7           100      0       0      18        0.0%
BANK7              100      0       0      19        0.0%
BITBIGSFRhhhh        D      0       0      20        0.0%
BITBIGSFRhhhlh      1E      0       0      21        0.0%
BITBIGSFRhhhll       2      0       0      22        0.0%
BITBIGSFRhhl         4      0       0      23        0.0%
BITBIGSFRhl         2B      0       0      24        0.0%
BITBIGSFRlhh         9      0       0      25        0.0%
BITBIGSFRlhl         8      0       0      26        0.0%
BITBIGSFRll         2A      0       0      27        0.0%
ABS                  0      0       0      28        0.0%
BIGRAM             7FF      0       0      29        0.0%
BIGSFR               0      0       0     200        0.0%
BITSFR               0      0       0     200        0.0%
SFR                  0      0       0     200        0.0%


Microchip Technology PIC18 Macro Assembler V2.41 build 20230208172133 
Symbol Table                                                                                   Fri Jun 02 14:20:55 2023

                              l61 00AE                                l55 0088                                l58 006E  
                             l741 0064                               l751 0070                               l743 0066  
                             l737 00A2                               l753 0074                               l745 0068  
                             l755 0086                               l747 006A                               l739 0054  
                             l749 006C                               l765 008A                               l767 0096  
                             l769 0098                               _PR2 0FCB                              _PIE1 0F9D  
                            _PIR1 0F9E                              i2l44 0050                              _RCON 0FD0  
                            _main 008A                              btemp 0002                              start 000E  
                    ___param_bank 0000                       ?_TIMER2_ISR 0001                             ?_main 0001  
                           _T2CON 0FCA                             i2l761 0030                             i2l763 004E  
                           i2l757 0014                             i2l759 0022                             ttemp5 0003  
                           ttemp6 0006                             ttemp7 000A                             wtemp8 0003  
                 __initialization 00B0                      __end_of_main 00A2                            ??_main 0002  
                   __activetblptr 0000                            _INTCON 0FF2                            _OSCCON 0FD3  
                          i2u1_40 0022                            i2u1_41 001E                            i2u2_40 0030  
                          i2u2_41 002C                            i2u3_40 0042                            i2u3_41 003A  
                          i2u4_48 0044                            isa$std 0001                        __accesstop 0060  
         __end_of__initialization 00B0                     ___rparam_used 0001                    __pcstackCOMRAM 0001  
        ??_Init_Timer2_Interrupts 0002          ?_Init_Timer2_As_Comparer 0001                      ??_TIMER2_ISR 0001  
       ?_Init_Internal_Oscillator 0001                __end_of_TIMER2_ISR 0054                           __Hparam 0000  
                         __Lparam 0000                           __pcinit 00B0   __end_of_Init_Timer2_As_Comparer 008A  
                         __ramtop 0800                           __ptext0 008A                           __ptext1 0054  
                         __ptext2 0070                           __ptext3 00A2                         _T2CONbits 0FCA  
                  __pintcode_body 0012              end_of_initialization 00B0                           int_func 0012  
                       _TRISBbits 0F93            _Init_Timer2_Interrupts 0054               start_initialization 00B0  
__end_of_Init_Internal_Oscillator 00B0                         __pintcode 0008                          _LATBbits 0F8A  
                        _PIE1bits 0F9D                          _PIR1bits 0F9E          _Init_Internal_Oscillator 00A2  
                        _RCONbits 0FD0           ?_Init_Timer2_Interrupts 0001           _Init_Timer2_As_Comparer 0070  
                        __Hrparam 0000                          __Lrparam 0000    __end_of_Init_Timer2_Interrupts 0070  
                        isa$xinst 0000                          int$flags 0002                        _INTCONbits 0FF2  
       ??_Init_Timer2_As_Comparer 0002                          intlevel2 0000                        _OSCCONbits 0FD3  
                      _TIMER2_ISR 0008        ??_Init_Internal_Oscillator 0002  
