

Microchip MPLAB XC8 Assembler V2.41 build 20230208172133 
                                                                                               Wed May 24 17:50:13 2023

Microchip MPLAB XC8 C Compiler v2.41 (Free license) build 20230208172133 Og1 
     1                           	processor	18F4550
     2                           	fnconf	rparam,??,?,0
     3                           	pagewidth 120
     4                           	opt	flic
     5                           	psect	cinit,global,reloc=2,class=CODE,delta=1
     6                           	psect	cstackCOMRAM,global,class=COMRAM,space=1,delta=1,lowdata,noexec
     7                           	psect	text0,global,reloc=2,class=CODE,delta=1
     8                           	psect	text1,global,reloc=2,class=CODE,delta=1
     9                           	psect	text2,global,reloc=2,class=CODE,delta=1
    10                           	psect	text3,global,reloc=2,class=CODE,delta=1
    11                           	psect	intcode,global,reloc=2,class=CODE,delta=1
    12                           	psect	intcode_body,global,reloc=2,class=CODE,delta=1
    13                           	psect	intsave_regs,global,class=BIGRAM,space=1,delta=1,noexec
    14                           	psect	rparam,global,class=COMRAM,space=1,delta=1,noexec
    15                           	psect	temp,global,ovrld,common,class=COMRAM,space=1,delta=1
    16                           	psect	idloc,global,abs,ovrld,class=IDLOC,space=5,delta=1,noexec
    17                           	psect	config,global,abs,ovrld,class=CONFIG,space=4,delta=1,noexec
    18   000000                     
    19                           ; Version 2.40
    20                           ; Generated 17/11/2021 GMT
    21                           ; 
    22                           ; Copyright © 2021, Microchip Technology Inc. and its subsidiaries ("Microchip")
    23                           ; All rights reserved.
    24                           ; 
    25                           ; This software is developed by Microchip Technology Inc. and its subsidiaries ("Microch
      +                          ip").
    26                           ; 
    27                           ; Redistribution and use in source and binary forms, with or without modification, are
    28                           ; permitted provided that the following conditions are met:
    29                           ; 
    30                           ;     1. Redistributions of source code must retain the above copyright notice, this lis
      +                          t of
    31                           ;        conditions and the following disclaimer.
    32                           ; 
    33                           ;     2. Redistributions in binary form must reproduce the above copyright notice, this 
      +                          list
    34                           ;        of conditions and the following disclaimer in the documentation and/or other
    35                           ;        materials provided with the distribution. Publication is not required when
    36                           ;        this file is used in an embedded application.
    37                           ; 
    38                           ;     3. Microchip's name may not be used to endorse or promote products derived from th
      +                          is
    39                           ;        software without specific prior written permission.
    40                           ; 
    41                           ; THIS SOFTWARE IS PROVIDED BY MICROCHIP "AS IS" AND ANY EXPRESS OR IMPLIED WARRANTIES,
    42                           ; INCLUDING, BUT NOT LIMITED TO, THE IMPLIED WARRANTIES OF MERCHANTABILITY AND FITNESS F
      +                          OR
    43                           ; PURPOSE ARE DISCLAIMED.  IN NO EVENT SHALL MICROCHIP BE LIABLE FOR ANY DIRECT, INDIREC
      +                          T,
    44                           ; INCIDENTAL, SPECIAL, EXEMPLARY, OR CONSEQUENTIAL DAMAGES (INCLUDING BUT NOT LIMITED TO
    45                           ; PROCUREMENT OF SUBSTITUTE GOODS OR SERVICES; LOSS OF USE, DATA OR PROFITS; OR BUSINESS
    46                           ; INTERRUPTION) HOWSOEVER CAUSED AND ON ANY THEORY OF LIABILITY, WHETHER IN CONTRACT, ST
      +                          RICT
    47                           ; LIABILITY, OR TORT (INCLUDING NEGLIGENCE OR OTHERWISE) ARISING IN ANY WAY OUT OF THE U
      +                          SE OF
    48                           ; THIS SOFTWARE, EVEN IF ADVISED OF THE POSSIBILITY OF SUCH DAMAGE.
    49                           ; 
    50                           ; 
    51                           ; Code-generator required, PIC18F4550 Definitions
    52                           ; 
    53                           ; SFR Addresses
    54   000000                     _TRISCbits	set	3988
    55   000000                     _TRISD	set	3989
    56   000000                     _OSCCONbits	set	4051
    57   000000                     _INTCON2bits	set	4081
    58   000000                     _RCONbits	set	4048
    59   000000                     _INTCON	set	4082
    60   000000                     _PORTB	set	3969
    61   000000                     _LATD	set	3980
    62   000000                     _INTCONbits	set	4082
    63   000000                     _TRISB	set	3987
    64   000000                     _RCON	set	4048
    65   000000                     _LATCbits	set	3979
    66   000000                     _OSCCON	set	4051
    67   000000                     _INTCON3	set	4080
    68   000000                     _INTCON2	set	4081
    69                           
    70                           ; #config settings
    71                           
    72                           	psect	cinit
    73   0000AE                     __pcinit:
    74                           	callstack 0
    75   0000AE                     start_initialization:
    76                           	callstack 0
    77   0000AE                     __initialization:
    78                           	callstack 0
    79   0000AE                     end_of_initialization:
    80                           	callstack 0
    81   0000AE                     __end_of__initialization:
    82                           	callstack 0
    83   0000AE  9003               	bcf	int$flags,0,c	;clear compiler interrupt flag (level 1)
    84   0000B0  9203               	bcf	int$flags,1,c	;clear compiler interrupt flag (level 2)
    85   0000B2  0100               	movlb	0
    86   0000B4  EF09  F000         	goto	_main	;jump to C main() function
    87                           
    88                           	psect	cstackCOMRAM
    89   000001                     __pcstackCOMRAM:
    90                           	callstack 0
    91   000001                     ??_main:
    92   000001                     
    93                           ; 2 bytes @ 0x0
    94   000001                     	ds	2
    95                           
    96 ;;
    97 ;;Main: autosize = 0, tempsize = 2, incstack = 0, save=0
    98 ;;
    99 ;; *************** function _main *****************
   100 ;; Defined at:
   101 ;;		line 41 in file "main.c"
   102 ;; Parameters:    Size  Location     Type
   103 ;;		None
   104 ;; Auto vars:     Size  Location     Type
   105 ;;		None
   106 ;; Return value:  Size  Location     Type
   107 ;;                  2   48[None  ] int 
   108 ;; Registers used:
   109 ;;		wreg, status,2, status,0, cstack
   110 ;; Tracked objects:
   111 ;;		On entry : 0/0
   112 ;;		On exit  : 0/0
   113 ;;		Unchanged: 0/0
   114 ;; Data sizes:     COMRAM   BANK0   BANK1   BANK2   BANK3   BANK4   BANK5   BANK6   BANK7
   115 ;;      Params:         0       0       0       0       0       0       0       0       0
   116 ;;      Locals:         0       0       0       0       0       0       0       0       0
   117 ;;      Temps:          2       0       0       0       0       0       0       0       0
   118 ;;      Totals:         2       0       0       0       0       0       0       0       0
   119 ;;Total ram usage:        2 bytes
   120 ;; Hardware stack levels required when called: 2
   121 ;; This function calls:
   122 ;;		_Init_Gpio_System
   123 ;;		_Init_Internal_Oscillator
   124 ;;		_Init_Interrupt_Config
   125 ;; This function is called by:
   126 ;;		Startup code after reset
   127 ;; This function uses a non-reentrant model
   128 ;;
   129                           
   130                           	psect	text0
   131   000012                     __ptext0:
   132                           	callstack 0
   133   000012                     _main:
   134                           	callstack 29
   135   000012                     
   136                           ;main.c: 44:     Init_Internal_Oscillator();
   137   000012  EC50  F000         	call	_Init_Internal_Oscillator	;wreg free
   138                           
   139                           ;main.c: 46:     Init_Gpio_System();
   140   000016  EC5C  F000         	call	_Init_Gpio_System	;wreg free
   141                           
   142                           ;main.c: 48:     Init_Interrupt_Config ();
   143   00001A  EC42  F000         	call	_Init_Interrupt_Config	;wreg free
   144   00001E                     l767:
   145                           
   146                           ;main.c: 50:     {;main.c: 51:         LATCbits.LATC0 = !LATCbits.LATC0;
   147   00001E  A08B               	btfss	139,0,c	;volatile
   148   000020  EF14  F000         	goto	u31
   149   000024  EF18  F000         	goto	u30
   150   000028                     u31:
   151   000028  6A01               	clrf	??_main^0,c
   152   00002A  2A01               	incf	??_main^0,f,c
   153   00002C  EF19  F000         	goto	u48
   154   000030                     u30:
   155   000030  6A01               	clrf	??_main^0,c
   156   000032                     u48:
   157   000032  508B               	movf	139,w,c	;volatile
   158   000034  1801               	xorwf	??_main^0,w,c
   159   000036  0BFE               	andlw	-2
   160   000038  1801               	xorwf	??_main^0,w,c
   161   00003A  6E8B               	movwf	139,c	;volatile
   162   00003C                     
   163                           ;main.c: 52:         _delay((unsigned long)((250)*(8000000UL/4000.0)));
   164   00003C  0E03               	movlw	3
   165   00003E  6E02               	movwf	(??_main+1)^0,c
   166   000040  0E8A               	movlw	138
   167   000042  6E01               	movwf	??_main^0,c
   168   000044  0E56               	movlw	86
   169   000046                     u57:
   170   000046  2EE8               	decfsz	wreg,f,c
   171   000048  D7FE               	bra	u57
   172   00004A  2E01               	decfsz	??_main^0,f,c
   173   00004C  D7FC               	bra	u57
   174   00004E  2E02               	decfsz	(??_main+1)^0,f,c
   175   000050  D7FA               	bra	u57
   176   000052  EF0F  F000         	goto	l767
   177   000056  EF07  F000         	goto	start
   178   00005A                     __end_of_main:
   179                           	callstack 0
   180                           
   181 ;; *************** function _Init_Interrupt_Config *****************
   182 ;; Defined at:
   183 ;;		line 60 in file "main.c"
   184 ;; Parameters:    Size  Location     Type
   185 ;;		None
   186 ;; Auto vars:     Size  Location     Type
   187 ;;		None
   188 ;; Return value:  Size  Location     Type
   189 ;;                  1    wreg      void 
   190 ;; Registers used:
   191 ;;		wreg, status,2
   192 ;; Tracked objects:
   193 ;;		On entry : 0/0
   194 ;;		On exit  : 0/0
   195 ;;		Unchanged: 0/0
   196 ;; Data sizes:     COMRAM   BANK0   BANK1   BANK2   BANK3   BANK4   BANK5   BANK6   BANK7
   197 ;;      Params:         0       0       0       0       0       0       0       0       0
   198 ;;      Locals:         0       0       0       0       0       0       0       0       0
   199 ;;      Temps:          0       0       0       0       0       0       0       0       0
   200 ;;      Totals:         0       0       0       0       0       0       0       0       0
   201 ;;Total ram usage:        0 bytes
   202 ;; Hardware stack levels used: 1
   203 ;; Hardware stack levels required when called: 1
   204 ;; This function calls:
   205 ;;		Nothing
   206 ;; This function is called by:
   207 ;;		_main
   208 ;; This function uses a non-reentrant model
   209 ;;
   210                           
   211                           	psect	text1
   212   000084                     __ptext1:
   213                           	callstack 0
   214   000084                     _Init_Interrupt_Config:
   215                           	callstack 29
   216   000084                     
   217                           ;main.c: 63:     RCON = 0x00;
   218   000084  0E00               	movlw	0
   219   000086  6ED0               	movwf	208,c	;volatile
   220                           
   221                           ;main.c: 64:     INTCON = 0x00;
   222   000088  0E00               	movlw	0
   223   00008A  6EF2               	movwf	242,c	;volatile
   224                           
   225                           ;main.c: 65:     INTCON2 = 0x00;
   226   00008C  0E00               	movlw	0
   227   00008E  6EF1               	movwf	241,c	;volatile
   228                           
   229                           ;main.c: 66:     INTCON3 = 0x00;
   230   000090  0E00               	movlw	0
   231   000092  6EF0               	movwf	240,c	;volatile
   232   000094                     
   233                           ;main.c: 69:     RCONbits.IPEN = 0;
   234   000094  9ED0               	bcf	208,7,c	;volatile
   235   000096                     
   236                           ;main.c: 70:     INTCONbits.GIE = 1;
   237   000096  8EF2               	bsf	242,7,c	;volatile
   238   000098                     
   239                           ;main.c: 71:     INTCONbits.RBIE = 1;
   240   000098  86F2               	bsf	242,3,c	;volatile
   241   00009A                     
   242                           ;main.c: 72:     INTCONbits.RBIF = 0;
   243   00009A  90F2               	bcf	242,0,c	;volatile
   244   00009C                     
   245                           ;main.c: 73:     INTCON2bits.nRBPU = 0;
   246   00009C  9EF1               	bcf	241,7,c	;volatile
   247   00009E  0012               	return		;funcret
   248   0000A0                     __end_of_Init_Interrupt_Config:
   249                           	callstack 0
   250                           
   251 ;; *************** function _Init_Internal_Oscillator *****************
   252 ;; Defined at:
   253 ;;		line 89 in file "main.c"
   254 ;; Parameters:    Size  Location     Type
   255 ;;		None
   256 ;; Auto vars:     Size  Location     Type
   257 ;;		None
   258 ;; Return value:  Size  Location     Type
   259 ;;                  1    wreg      void 
   260 ;; Registers used:
   261 ;;		wreg, status,2
   262 ;; Tracked objects:
   263 ;;		On entry : 0/0
   264 ;;		On exit  : 0/0
   265 ;;		Unchanged: 0/0
   266 ;; Data sizes:     COMRAM   BANK0   BANK1   BANK2   BANK3   BANK4   BANK5   BANK6   BANK7
   267 ;;      Params:         0       0       0       0       0       0       0       0       0
   268 ;;      Locals:         0       0       0       0       0       0       0       0       0
   269 ;;      Temps:          0       0       0       0       0       0       0       0       0
   270 ;;      Totals:         0       0       0       0       0       0       0       0       0
   271 ;;Total ram usage:        0 bytes
   272 ;; Hardware stack levels used: 1
   273 ;; Hardware stack levels required when called: 1
   274 ;; This function calls:
   275 ;;		Nothing
   276 ;; This function is called by:
   277 ;;		_main
   278 ;; This function uses a non-reentrant model
   279 ;;
   280                           
   281                           	psect	text2
   282   0000A0                     __ptext2:
   283                           	callstack 0
   284   0000A0                     _Init_Internal_Oscillator:
   285                           	callstack 29
   286   0000A0                     
   287                           ;main.c: 92:     OSCCON = 0x00;
   288   0000A0  0E00               	movlw	0
   289   0000A2  6ED3               	movwf	211,c	;volatile
   290                           
   291                           ;main.c: 95:     OSCCONbits.IRCF = 0b111;
   292   0000A4  0E70               	movlw	112
   293   0000A6  12D3               	iorwf	211,f,c	;volatile
   294                           
   295                           ;main.c: 96:     OSCCONbits.SCS = 0b11;
   296   0000A8  0E03               	movlw	3
   297   0000AA  12D3               	iorwf	211,f,c	;volatile
   298   0000AC  0012               	return		;funcret
   299   0000AE                     __end_of_Init_Internal_Oscillator:
   300                           	callstack 0
   301                           
   302 ;; *************** function _Init_Gpio_System *****************
   303 ;; Defined at:
   304 ;;		line 77 in file "main.c"
   305 ;; Parameters:    Size  Location     Type
   306 ;;		None
   307 ;; Auto vars:     Size  Location     Type
   308 ;;		None
   309 ;; Return value:  Size  Location     Type
   310 ;;                  1    wreg      void 
   311 ;; Registers used:
   312 ;;		wreg, status,2
   313 ;; Tracked objects:
   314 ;;		On entry : 0/0
   315 ;;		On exit  : 0/0
   316 ;;		Unchanged: 0/0
   317 ;; Data sizes:     COMRAM   BANK0   BANK1   BANK2   BANK3   BANK4   BANK5   BANK6   BANK7
   318 ;;      Params:         0       0       0       0       0       0       0       0       0
   319 ;;      Locals:         0       0       0       0       0       0       0       0       0
   320 ;;      Temps:          0       0       0       0       0       0       0       0       0
   321 ;;      Totals:         0       0       0       0       0       0       0       0       0
   322 ;;Total ram usage:        0 bytes
   323 ;; Hardware stack levels used: 1
   324 ;; Hardware stack levels required when called: 1
   325 ;; This function calls:
   326 ;;		Nothing
   327 ;; This function is called by:
   328 ;;		_main
   329 ;; This function uses a non-reentrant model
   330 ;;
   331                           
   332                           	psect	text3
   333   0000B8                     __ptext3:
   334                           	callstack 0
   335   0000B8                     _Init_Gpio_System:
   336                           	callstack 29
   337   0000B8                     
   338                           ;main.c: 80:     TRISB = 0xFF;
   339   0000B8  6893               	setf	147,c	;volatile
   340   0000BA                     
   341                           ;main.c: 83:     TRISD = 0x00;
   342   0000BA  0E00               	movlw	0
   343   0000BC  6E95               	movwf	149,c	;volatile
   344   0000BE                     
   345                           ;main.c: 86:     TRISCbits.RC0 = 0;
   346   0000BE  9094               	bcf	148,0,c	;volatile
   347   0000C0  0012               	return		;funcret
   348   0000C2                     __end_of_Init_Gpio_System:
   349                           	callstack 0
   350                           
   351 ;; *************** function _RBPI_ISR *****************
   352 ;; Defined at:
   353 ;;		line 24 in file "main.c"
   354 ;; Parameters:    Size  Location     Type
   355 ;;		None
   356 ;; Auto vars:     Size  Location     Type
   357 ;;		None
   358 ;; Return value:  Size  Location     Type
   359 ;;                  1    wreg      void 
   360 ;; Registers used:
   361 ;;		wreg, status,2, status,0
   362 ;; Tracked objects:
   363 ;;		On entry : 0/0
   364 ;;		On exit  : 0/0
   365 ;;		Unchanged: 0/0
   366 ;; Data sizes:     COMRAM   BANK0   BANK1   BANK2   BANK3   BANK4   BANK5   BANK6   BANK7
   367 ;;      Params:         0       0       0       0       0       0       0       0       0
   368 ;;      Locals:         0       0       0       0       0       0       0       0       0
   369 ;;      Temps:          0       0       0       0       0       0       0       0       0
   370 ;;      Totals:         0       0       0       0       0       0       0       0       0
   371 ;;Total ram usage:        0 bytes
   372 ;; Hardware stack levels used: 1
   373 ;; This function calls:
   374 ;;		Nothing
   375 ;; This function is called by:
   376 ;;		Interrupt level 2
   377 ;; This function uses a non-reentrant model
   378 ;;
   379                           
   380                           	psect	intcode
   381   000008                     __pintcode:
   382                           	callstack 0
   383   000008                     _RBPI_ISR:
   384                           	callstack 29
   385                           
   386                           ;incstack = 0
   387   000008  8203               	bsf	int$flags,1,c	;set compiler interrupt flag (level 2)
   388   00000A  ED2D  F000         	call	int_func,f	;refresh shadow registers
   389                           
   390                           	psect	intcode_body
   391   00005A                     __pintcode_body:
   392                           	callstack 29
   393   00005A                     int_func:
   394                           	callstack 29
   395   00005A  0006               	pop		; remove dummy address from shadow register refresh
   396   00005C                     
   397                           ;main.c: 26:     if(INTCONbits.RBIE && INTCONbits.RBIF)
   398   00005C  A6F2               	btfss	242,3,c	;volatile
   399   00005E  EF33  F000         	goto	i2u1_41
   400   000062  EF35  F000         	goto	i2u1_40
   401   000066                     i2u1_41:
   402   000066  EF40  F000         	goto	i2l44
   403   00006A                     i2u1_40:
   404   00006A  A0F2               	btfss	242,0,c	;volatile
   405   00006C  EF3A  F000         	goto	i2u2_41
   406   000070  EF3C  F000         	goto	i2u2_40
   407   000074                     i2u2_41:
   408   000074  EF40  F000         	goto	i2l44
   409   000078                     i2u2_40:
   410   000078                     
   411                           ;main.c: 27:     {;main.c: 29:         LATD |= ~PORTB;
   412   000078  5081               	movf	129,w,c	;volatile
   413   00007A  0AFF               	xorlw	255
   414   00007C  128C               	iorwf	140,f,c	;volatile
   415   00007E                     
   416                           ;main.c: 31:         INTCONbits.RBIF = 0;
   417   00007E  90F2               	bcf	242,0,c	;volatile
   418   000080                     i2l44:
   419   000080  9203               	bcf	int$flags,1,c	;clear compiler interrupt flag (level 2)
   420   000082  0011               	retfie		f
   421   000084                     __end_of_RBPI_ISR:
   422                           	callstack 0
   423   000000                     
   424                           	psect	rparam
   425   000000                     
   426                           	psect	temp
   427   000003                     btemp:
   428                           	callstack 0
   429   000003                     	ds	1
   430   000000                     int$flags	set	btemp
   431   000000                     wtemp8	set	btemp+1
   432   000000                     ttemp5	set	btemp+1
   433   000000                     ttemp6	set	btemp+4
   434   000000                     ttemp7	set	btemp+8
   435                           
   436                           	psect	idloc
   437                           
   438                           ;Config register IDLOC0 @ 0x200000
   439                           ;	unspecified, using default values
   440   200000                     	org	2097152
   441   200000  FF                 	db	255
   442                           
   443                           ;Config register IDLOC1 @ 0x200001
   444                           ;	unspecified, using default values
   445   200001                     	org	2097153
   446   200001  FF                 	db	255
   447                           
   448                           ;Config register IDLOC2 @ 0x200002
   449                           ;	unspecified, using default values
   450   200002                     	org	2097154
   451   200002  FF                 	db	255
   452                           
   453                           ;Config register IDLOC3 @ 0x200003
   454                           ;	unspecified, using default values
   455   200003                     	org	2097155
   456   200003  FF                 	db	255
   457                           
   458                           ;Config register IDLOC4 @ 0x200004
   459                           ;	unspecified, using default values
   460   200004                     	org	2097156
   461   200004  FF                 	db	255
   462                           
   463                           ;Config register IDLOC5 @ 0x200005
   464                           ;	unspecified, using default values
   465   200005                     	org	2097157
   466   200005  FF                 	db	255
   467                           
   468                           ;Config register IDLOC6 @ 0x200006
   469                           ;	unspecified, using default values
   470   200006                     	org	2097158
   471   200006  FF                 	db	255
   472                           
   473                           ;Config register IDLOC7 @ 0x200007
   474                           ;	unspecified, using default values
   475   200007                     	org	2097159
   476   200007  FF                 	db	255
   477                           
   478                           	psect	config
   479                           
   480                           ;Config register CONFIG1L @ 0x300000
   481                           ;	PLL Prescaler Selection bits
   482                           ;	PLLDIV = 1, No prescale (4 MHz oscillator input drives PLL directly)
   483                           ;	System Clock Postscaler Selection bits
   484                           ;	CPUDIV = OSC1_PLL2, [Primary Oscillator Src: /1][96 MHz PLL Src: /2]
   485                           ;	USB Clock Selection bit (used in Full-Speed USB mode only; UCFG:FSEN = 1)
   486                           ;	USBDIV = 1, USB clock source comes directly from the primary oscillator block with no 
      +                          postscale
   487   300000                     	org	3145728
   488   300000  00                 	db	0
   489                           
   490                           ;Config register CONFIG1H @ 0x300001
   491                           ;	Oscillator Selection bits
   492                           ;	FOSC = INTOSC_HS, Internal oscillator, HS oscillator used by USB (INTHS)
   493                           ;	Fail-Safe Clock Monitor Enable bit
   494                           ;	FCMEN = OFF, Fail-Safe Clock Monitor disabled
   495                           ;	Internal/External Oscillator Switchover bit
   496                           ;	IESO = OFF, Oscillator Switchover mode disabled
   497   300001                     	org	3145729
   498   300001  0B                 	db	11
   499                           
   500                           ;Config register CONFIG2L @ 0x300002
   501                           ;	Power-up Timer Enable bit
   502                           ;	PWRT = OFF, PWRT disabled
   503                           ;	Brown-out Reset Enable bits
   504                           ;	BOR = OFF, Brown-out Reset disabled in hardware and software
   505                           ;	Brown-out Reset Voltage bits
   506                           ;	BORV = 3, Minimum setting 2.05V
   507                           ;	USB Voltage Regulator Enable bit
   508                           ;	VREGEN = OFF, USB voltage regulator disabled
   509   300002                     	org	3145730
   510   300002  19                 	db	25
   511                           
   512                           ;Config register CONFIG2H @ 0x300003
   513                           ;	Watchdog Timer Enable bit
   514                           ;	WDT = OFF, WDT disabled (control is placed on the SWDTEN bit)
   515                           ;	Watchdog Timer Postscale Select bits
   516                           ;	WDTPS = 32768, 1:32768
   517   300003                     	org	3145731
   518   300003  1E                 	db	30
   519                           
   520                           ; Padding undefined space
   521   300004                     	org	3145732
   522   300004  FF                 	db	255
   523                           
   524                           ;Config register CONFIG3H @ 0x300005
   525                           ;	CCP2 MUX bit
   526                           ;	CCP2MX = OFF, CCP2 input/output is multiplexed with RB3
   527                           ;	PORTB A/D Enable bit
   528                           ;	PBADEN = OFF, PORTB<4:0> pins are configured as digital I/O on Reset
   529                           ;	Low-Power Timer 1 Oscillator Enable bit
   530                           ;	LPT1OSC = OFF, Timer1 configured for higher power operation
   531                           ;	MCLR Pin Enable bit
   532                           ;	MCLRE = ON, MCLR pin enabled; RE3 input pin disabled
   533   300005                     	org	3145733
   534   300005  80                 	db	128
   535                           
   536                           ;Config register CONFIG4L @ 0x300006
   537                           ;	Stack Full/Underflow Reset Enable bit
   538                           ;	STVREN = OFF, Stack full/underflow will not cause Reset
   539                           ;	Single-Supply ICSP Enable bit
   540                           ;	LVP = OFF, Single-Supply ICSP disabled
   541                           ;	Dedicated In-Circuit Debug/Programming Port (ICPORT) Enable bit
   542                           ;	ICPRT = OFF, ICPORT disabled
   543                           ;	Extended Instruction Set Enable bit
   544                           ;	XINST = OFF, Instruction set extension and Indexed Addressing mode disabled (Legacy mo
      +                          de)
   545                           ;	Background Debugger Enable bit
   546                           ;	DEBUG = 0x1, unprogrammed default
   547   300006                     	org	3145734
   548   300006  80                 	db	128
   549                           
   550                           ; Padding undefined space
   551   300007                     	org	3145735
   552   300007  FF                 	db	255
   553                           
   554                           ;Config register CONFIG5L @ 0x300008
   555                           ;	Code Protection bit
   556                           ;	CP0 = OFF, Block 0 (000800-001FFFh) is not code-protected
   557                           ;	Code Protection bit
   558                           ;	CP1 = OFF, Block 1 (002000-003FFFh) is not code-protected
   559                           ;	Code Protection bit
   560                           ;	CP2 = OFF, Block 2 (004000-005FFFh) is not code-protected
   561                           ;	Code Protection bit
   562                           ;	CP3 = OFF, Block 3 (006000-007FFFh) is not code-protected
   563   300008                     	org	3145736
   564   300008  0F                 	db	15
   565                           
   566                           ;Config register CONFIG5H @ 0x300009
   567                           ;	Boot Block Code Protection bit
   568                           ;	CPB = OFF, Boot block (000000-0007FFh) is not code-protected
   569                           ;	Data EEPROM Code Protection bit
   570                           ;	CPD = OFF, Data EEPROM is not code-protected
   571   300009                     	org	3145737
   572   300009  C0                 	db	192
   573                           
   574                           ;Config register CONFIG6L @ 0x30000A
   575                           ;	Write Protection bit
   576                           ;	WRT0 = OFF, Block 0 (000800-001FFFh) is not write-protected
   577                           ;	Write Protection bit
   578                           ;	WRT1 = OFF, Block 1 (002000-003FFFh) is not write-protected
   579                           ;	Write Protection bit
   580                           ;	WRT2 = OFF, Block 2 (004000-005FFFh) is not write-protected
   581                           ;	Write Protection bit
   582                           ;	WRT3 = OFF, Block 3 (006000-007FFFh) is not write-protected
   583   30000A                     	org	3145738
   584   30000A  0F                 	db	15
   585                           
   586                           ;Config register CONFIG6H @ 0x30000B
   587                           ;	Configuration Register Write Protection bit
   588                           ;	WRTC = OFF, Configuration registers (300000-3000FFh) are not write-protected
   589                           ;	Boot Block Write Protection bit
   590                           ;	WRTB = OFF, Boot block (000000-0007FFh) is not write-protected
   591                           ;	Data EEPROM Write Protection bit
   592                           ;	WRTD = OFF, Data EEPROM is not write-protected
   593   30000B                     	org	3145739
   594   30000B  E0                 	db	224
   595                           
   596                           ;Config register CONFIG7L @ 0x30000C
   597                           ;	Table Read Protection bit
   598                           ;	EBTR0 = OFF, Block 0 (000800-001FFFh) is not protected from table reads executed in ot
      +                          her blocks
   599                           ;	Table Read Protection bit
   600                           ;	EBTR1 = OFF, Block 1 (002000-003FFFh) is not protected from table reads executed in ot
      +                          her blocks
   601                           ;	Table Read Protection bit
   602                           ;	EBTR2 = OFF, Block 2 (004000-005FFFh) is not protected from table reads executed in ot
      +                          her blocks
   603                           ;	Table Read Protection bit
   604                           ;	EBTR3 = OFF, Block 3 (006000-007FFFh) is not protected from table reads executed in ot
      +                          her blocks
   605   30000C                     	org	3145740
   606   30000C  0F                 	db	15
   607                           
   608                           ;Config register CONFIG7H @ 0x30000D
   609                           ;	Boot Block Table Read Protection bit
   610                           ;	EBTRB = OFF, Boot block (000000-0007FFh) is not protected from table reads executed in
      +                           other blocks
   611   30000D                     	org	3145741
   612   30000D  40                 	db	64
   613                           tosu	equ	0xFFF
   614                           tosh	equ	0xFFE
   615                           tosl	equ	0xFFD
   616                           stkptr	equ	0xFFC
   617                           pclatu	equ	0xFFB
   618                           pclath	equ	0xFFA
   619                           pcl	equ	0xFF9
   620                           tblptru	equ	0xFF8
   621                           tblptrh	equ	0xFF7
   622                           tblptrl	equ	0xFF6
   623                           tablat	equ	0xFF5
   624                           prodh	equ	0xFF4
   625                           prodl	equ	0xFF3
   626                           indf0	equ	0xFEF
   627                           postinc0	equ	0xFEE
   628                           postdec0	equ	0xFED
   629                           preinc0	equ	0xFEC
   630                           plusw0	equ	0xFEB
   631                           fsr0h	equ	0xFEA
   632                           fsr0l	equ	0xFE9
   633                           wreg	equ	0xFE8
   634                           indf1	equ	0xFE7
   635                           postinc1	equ	0xFE6
   636                           postdec1	equ	0xFE5
   637                           preinc1	equ	0xFE4
   638                           plusw1	equ	0xFE3
   639                           fsr1h	equ	0xFE2
   640                           fsr1l	equ	0xFE1
   641                           bsr	equ	0xFE0
   642                           indf2	equ	0xFDF
   643                           postinc2	equ	0xFDE
   644                           postdec2	equ	0xFDD
   645                           preinc2	equ	0xFDC
   646                           plusw2	equ	0xFDB
   647                           fsr2h	equ	0xFDA
   648                           fsr2l	equ	0xFD9
   649                           status	equ	0xFD8

Data Sizes:
    Strings     0
    Constant    0
    Data        0
    BSS         0
    Persistent  0
    Stack       0

Auto Spaces:
    Space          Size  Autos    Used
    COMRAM           94      2       2
    BANK0           160      0       0
    BANK1           256      0       0
    BANK2           256      0       0
    BANK3           256      0       0
    BANK4           256      0       0
    BANK5           256      0       0
    BANK6           256      0       0
    BANK7           256      0       0

Pointer List with Targets:

    None.

Critical Paths under _main in COMRAM

    None.

Critical Paths under _RBPI_ISR in COMRAM

    None.

Critical Paths under _main in BANK0

    None.

Critical Paths under _RBPI_ISR in BANK0

    None.

Critical Paths under _main in BANK1

    None.

Critical Paths under _RBPI_ISR in BANK1

    None.

Critical Paths under _main in BANK2

    None.

Critical Paths under _RBPI_ISR in BANK2

    None.

Critical Paths under _main in BANK3

    None.

Critical Paths under _RBPI_ISR in BANK3

    None.

Critical Paths under _main in BANK4

    None.

Critical Paths under _RBPI_ISR in BANK4

    None.

Critical Paths under _main in BANK5

    None.

Critical Paths under _RBPI_ISR in BANK5

    None.

Critical Paths under _main in BANK6

    None.

Critical Paths under _RBPI_ISR in BANK6

    None.

Critical Paths under _main in BANK7

    None.

Critical Paths under _RBPI_ISR in BANK7

    None.

Call Graph Tables:

 ---------------------------------------------------------------------------------
 (Depth) Function   	        Calls       Base Space   Used Autos Params    Refs
 ---------------------------------------------------------------------------------
 (0) _main                                                 2     2      0       0
                                              0 COMRAM     2     2      0
                   _Init_Gpio_System
           _Init_Internal_Oscillator
              _Init_Interrupt_Config
 ---------------------------------------------------------------------------------
 (1) _Init_Interrupt_Config                                0     0      0       0
 ---------------------------------------------------------------------------------
 (1) _Init_Internal_Oscillator                             0     0      0       0
 ---------------------------------------------------------------------------------
 (1) _Init_Gpio_System                                     0     0      0       0
 ---------------------------------------------------------------------------------
 Estimated maximum stack depth 1
 ---------------------------------------------------------------------------------
 (Depth) Function   	        Calls       Base Space   Used Autos Params    Refs
 ---------------------------------------------------------------------------------
 (2) _RBPI_ISR                                             0     0      0       0
 ---------------------------------------------------------------------------------
 Estimated maximum stack depth 2
 ---------------------------------------------------------------------------------

 Call Graph Graphs:

 _main (ROOT)
   _Init_Gpio_System
   _Init_Internal_Oscillator
   _Init_Interrupt_Config

 _RBPI_ISR (ROOT)

 Address spaces:
Name               Size   Autos  Total    Cost      Usage
BITCOMRAM           5E      0       0       0        0.0%
EEDATA             100      0       0       0        0.0%
NULL                 0      0       0       0        0.0%
CODE                 0      0       0       0        0.0%
COMRAM              5E      2       2       1        2.1%
STACK                0      0       0       2        0.0%
DATA                 0      0       0       3        0.0%
BITBANK0            A0      0       0       4        0.0%
BANK0               A0      0       0       5        0.0%
BITBANK1           100      0       0       6        0.0%
BANK1              100      0       0       7        0.0%
BITBANK2           100      0       0       8        0.0%
BANK2              100      0       0       9        0.0%
BITBANK3           100      0       0      10        0.0%
BANK3              100      0       0      11        0.0%
BITBANK4           100      0       0      12        0.0%
BANK4              100      0       0      13        0.0%
BITBANK5           100      0       0      14        0.0%
BANK5              100      0       0      15        0.0%
BITBANK6           100      0       0      16        0.0%
BANK6              100      0       0      17        0.0%
BITBANK7           100      0       0      18        0.0%
BANK7              100      0       0      19        0.0%
BITBIGSFRh           D      0       0      20        0.0%
BITBIGSFRlhhh       1C      0       0      21        0.0%
BITBIGSFRlhhl        2      0       0      22        0.0%
BITBIGSFRlhlhh      3A      0       0      23        0.0%
BITBIGSFRlhll        6      0       0      24        0.0%
BITBIGSFRllh         9      0       0      25        0.0%
BITBIGSFRlll        21      0       0      26        0.0%
ABS                  0      0       0      27        0.0%
BIGRAM             7FF      0       0      28        0.0%
BIGSFR               0      0       0     200        0.0%
BITSFR               0      0       0     200        0.0%
SFR                  0      0       0     200        0.0%


Microchip Technology PIC18 Macro Assembler V2.41 build 20230208172133 
Symbol Table                                                                                   Wed May 24 17:50:13 2023

           _Init_Interrupt_Config 0084                                l61 00AC                                l55 009E  
                              l58 00C0                                u30 0030                                u31 0028  
                              u48 0032                                u57 0046                               l741 00BA  
                             l743 00BE                               l751 0098                               l737 00A0  
                             l753 009A                               l745 0084                               l739 00B8  
                             l755 009C                               l747 0094                               l749 0096  
                             l765 0012                               l767 001E                               l769 003C  
                             wreg 0FE8                              _LATD 0F8C                              i2l44 0080  
                            _RCON 0FD0                              _main 0012                              btemp 0003  
                            start 000E                      ___param_bank 0000                 ?_Init_Gpio_System 0001  
                           ?_main 0001                  __end_of_RBPI_ISR 0084                             i2l761 0078  
                           i2l763 007E                             i2l757 005C                             i2l759 006A  
              ??_Init_Gpio_System 0001                             _PORTB 0F81                             _TRISB 0F93  
                           _TRISD 0F95                             ttemp5 0004                             ttemp6 0007  
                           ttemp7 000B                             wtemp8 0004                   __initialization 00AE  
          ?_Init_Interrupt_Config 0001                      __end_of_main 005A                            ??_main 0001  
                   __activetblptr 0000                            _INTCON 0FF2                            _OSCCON 0FD3  
                          i2u1_40 006A                            i2u1_41 0066                            i2u2_40 0078  
                          i2u2_41 0074                            isa$std 0001                        __accesstop 0060  
         __end_of__initialization 00AE                     ___rparam_used 0001                         ?_RBPI_ISR 0001  
                  __pcstackCOMRAM 0001                        ??_RBPI_ISR 0001         ?_Init_Internal_Oscillator 0001  
                         _INTCON2 0FF1                           _INTCON3 0FF0           ??_Init_Interrupt_Config 0001  
                         __Hparam 0000                           __Lparam 0000                           __pcinit 00AE  
                         __ramtop 0800                           __ptext0 0012                           __ptext1 0084  
                         __ptext2 00A0                           __ptext3 00B8                    __pintcode_body 005A  
            end_of_initialization 00AE                           int_func 005A                         _TRISCbits 0F94  
             start_initialization 00AE                  _Init_Gpio_System 00B8  __end_of_Init_Internal_Oscillator 00AE  
   __end_of_Init_Interrupt_Config 00A0                         __pintcode 0008                          _LATCbits 0F8B  
                        _RBPI_ISR 0008          _Init_Internal_Oscillator 00A0                          _RCONbits 0FD0  
                     _INTCON2bits 0FF1                          __Hrparam 0000                          __Lrparam 0000  
        __end_of_Init_Gpio_System 00C2                          isa$xinst 0000                          int$flags 0003  
                      _INTCONbits 0FF2                          intlevel2 0000                        _OSCCONbits 0FD3  
      ??_Init_Internal_Oscillator 0001  
