

Microchip MPLAB XC8 Assembler V2.41 build 20230208172133 
                                                                                               Tue May 30 17:05:29 2023

Microchip MPLAB XC8 C Compiler v2.41 (Free license) build 20230208172133 Og1 
     1                           	processor	18F4550
     2                           	fnconf	rparam,??,?,0
     3                           	pagewidth 120
     4                           	opt	flic
     5                           	psect	idataCOMRAM,global,class=CODE,delta=1,noexec
     6                           	psect	cinit,global,reloc=2,class=CODE,delta=1
     7                           	psect	bssCOMRAM,global,class=COMRAM,space=1,delta=1,lowdata,noexec
     8                           	psect	dataCOMRAM,global,class=COMRAM,space=1,delta=1,lowdata,noexec
     9                           	psect	cstackCOMRAM,global,class=COMRAM,space=1,delta=1,lowdata,noexec
    10                           	psect	text0,global,reloc=2,class=CODE,delta=1
    11                           	psect	text1,global,reloc=2,class=CODE,delta=1,group=1
    12                           	psect	text2,global,reloc=2,class=CODE,delta=1,group=1
    13                           	psect	text3,global,reloc=2,class=CODE,delta=1
    14                           	psect	text4,global,reloc=2,class=CODE,delta=1
    15                           	psect	text5,global,reloc=2,class=CODE,delta=1
    16                           	psect	text6,global,reloc=2,class=CODE,delta=1
    17                           	psect	intcode,global,reloc=2,class=CODE,delta=1
    18                           	psect	intcode_body,global,reloc=2,class=CODE,delta=1
    19                           	psect	intsave_regs,global,class=BIGRAM,space=1,delta=1,noexec
    20                           	psect	rparam,global,class=COMRAM,space=1,delta=1,noexec
    21                           	psect	temp,global,ovrld,common,class=COMRAM,space=1,delta=1
    22                           	psect	idloc,global,abs,ovrld,class=IDLOC,space=5,delta=1,noexec
    23                           	psect	config,global,abs,ovrld,class=CONFIG,space=4,delta=1,noexec
    24   000000                     
    25                           ; Version 2.40
    26                           ; Generated 17/11/2021 GMT
    27                           ; 
    28                           ; Copyright © 2021, Microchip Technology Inc. and its subsidiaries ("Microchip")
    29                           ; All rights reserved.
    30                           ; 
    31                           ; This software is developed by Microchip Technology Inc. and its subsidiaries ("Microch
      +                          ip").
    32                           ; 
    33                           ; Redistribution and use in source and binary forms, with or without modification, are
    34                           ; permitted provided that the following conditions are met:
    35                           ; 
    36                           ;     1. Redistributions of source code must retain the above copyright notice, this lis
      +                          t of
    37                           ;        conditions and the following disclaimer.
    38                           ; 
    39                           ;     2. Redistributions in binary form must reproduce the above copyright notice, this 
      +                          list
    40                           ;        of conditions and the following disclaimer in the documentation and/or other
    41                           ;        materials provided with the distribution. Publication is not required when
    42                           ;        this file is used in an embedded application.
    43                           ; 
    44                           ;     3. Microchip's name may not be used to endorse or promote products derived from th
      +                          is
    45                           ;        software without specific prior written permission.
    46                           ; 
    47                           ; THIS SOFTWARE IS PROVIDED BY MICROCHIP "AS IS" AND ANY EXPRESS OR IMPLIED WARRANTIES,
    48                           ; INCLUDING, BUT NOT LIMITED TO, THE IMPLIED WARRANTIES OF MERCHANTABILITY AND FITNESS F
      +                          OR
    49                           ; PURPOSE ARE DISCLAIMED.  IN NO EVENT SHALL MICROCHIP BE LIABLE FOR ANY DIRECT, INDIREC
      +                          T,
    50                           ; INCIDENTAL, SPECIAL, EXEMPLARY, OR CONSEQUENTIAL DAMAGES (INCLUDING BUT NOT LIMITED TO
    51                           ; PROCUREMENT OF SUBSTITUTE GOODS OR SERVICES; LOSS OF USE, DATA OR PROFITS; OR BUSINESS
    52                           ; INTERRUPTION) HOWSOEVER CAUSED AND ON ANY THEORY OF LIABILITY, WHETHER IN CONTRACT, ST
      +                          RICT
    53                           ; LIABILITY, OR TORT (INCLUDING NEGLIGENCE OR OTHERWISE) ARISING IN ANY WAY OUT OF THE U
      +                          SE OF
    54                           ; THIS SOFTWARE, EVEN IF ADVISED OF THE POSSIBILITY OF SUCH DAMAGE.
    55                           ; 
    56                           ; 
    57                           ; Code-generator required, PIC18F4550 Definitions
    58                           ; 
    59                           ; SFR Addresses
    60   000000                     
    61                           	psect	idataCOMRAM
    62   0002DE                     __pidataCOMRAM:
    63                           	callstack 0
    64                           
    65                           ;initializer for _num_disp
    66   0002DE  7E                 	db	126
    67   0002DF  30                 	db	48
    68   0002E0  6D                 	db	109
    69   0002E1  4F                 	db	79
    70   0002E2  27                 	db	39
    71   0002E3  5B                 	db	91
    72   0002E4  5F                 	db	95
    73   0002E5  46                 	db	70
    74   0002E6  7F                 	db	127
    75   0002E7  6F                 	db	111
    76                           
    77                           ;initializer for _mensaje
    78   0002E8  C8                 	db	200
    79   0002E9  81                 	db	129
    80   0002EA  F1                 	db	241
    81   0002EB  88                 	db	136
    82   000000                     _OSCCONbits	set	4051
    83   000000                     _RCONbits	set	4048
    84   000000                     _INTCON	set	4082
    85   000000                     _T0CONbits	set	4053
    86   000000                     _LATB	set	3978
    87   000000                     _LATD	set	3980
    88   000000                     _TMR0L	set	4054
    89   000000                     _INTCONbits	set	4082
    90   000000                     _TRISB	set	3987
    91   000000                     _T0CON	set	4053
    92   000000                     _TRISD	set	3989
    93   000000                     _RCON	set	4048
    94   000000                     _OSCCON	set	4051
    95                           
    96                           ; #config settings
    97                           
    98                           	psect	cinit
    99   000266                     __pcinit:
   100                           	callstack 0
   101   000266                     start_initialization:
   102                           	callstack 0
   103   000266                     __initialization:
   104                           	callstack 0
   105                           
   106                           ; Initialize objects allocated to COMRAM (14 bytes)
   107                           ; load TBLPTR registers with __pidataCOMRAM
   108   000266  0EDE               	movlw	low __pidataCOMRAM
   109   000268  6EF6               	movwf	tblptrl,c
   110   00026A  0E02               	movlw	high __pidataCOMRAM
   111   00026C  6EF7               	movwf	tblptrh,c
   112   00026E  0E00               	movlw	low (__pidataCOMRAM shr (0+16))
   113   000270  6EF8               	movwf	tblptru,c
   114   000272  EE00  F014         	lfsr	0,__pdataCOMRAM
   115   000276  EE10 F00E          	lfsr	1,14
   116   00027A                     copy_data0:
   117   00027A  0009               	tblrd		*+
   118   00027C  CFF5 FFEE          	movff	tablat,postinc0
   119   000280  50E5               	movf	postdec1,w,c
   120   000282  50E1               	movf	fsr1l,w,c
   121   000284  E1FA               	bnz	copy_data0
   122                           
   123                           ; Clear objects allocated to COMRAM (5 bytes)
   124   000286  6A26               	clrf	(__pbssCOMRAM+4)& (0+255),c
   125   000288  6A25               	clrf	(__pbssCOMRAM+3)& (0+255),c
   126   00028A  6A24               	clrf	(__pbssCOMRAM+2)& (0+255),c
   127   00028C  6A23               	clrf	(__pbssCOMRAM+1)& (0+255),c
   128   00028E  6A22               	clrf	__pbssCOMRAM& (0+255),c
   129   000290                     end_of_initialization:
   130                           	callstack 0
   131   000290                     __end_of__initialization:
   132                           	callstack 0
   133   000290  9027               	bcf	int$flags,0,c	;clear compiler interrupt flag (level 1)
   134   000292  9227               	bcf	int$flags,1,c	;clear compiler interrupt flag (level 2)
   135   000294  0100               	movlb	0
   136   000296  EF09  F000         	goto	_main	;jump to C main() function
   137                           
   138                           	psect	bssCOMRAM
   139   000022                     __pbssCOMRAM:
   140                           	callstack 0
   141   000022                     _num_decode:
   142                           	callstack 0
   143   000022                     	ds	4
   144   000026                     _timer_counter:
   145                           	callstack 0
   146   000026                     	ds	1
   147                           
   148                           	psect	dataCOMRAM
   149   000014                     __pdataCOMRAM:
   150                           	callstack 0
   151   000014                     _num_disp:
   152                           	callstack 0
   153   000014                     	ds	10
   154   00001E                     _mensaje:
   155                           	callstack 0
   156   00001E                     	ds	4
   157                           
   158                           	psect	cstackCOMRAM
   159   000001                     __pcstackCOMRAM:
   160                           	callstack 0
   161   000001                     ?___lwmod:
   162                           	callstack 0
   163   000001                     ___lwmod@dividend:
   164                           	callstack 0
   165                           
   166                           ; 2 bytes @ 0x0
   167   000001                     	ds	2
   168   000003                     ___lwmod@divisor:
   169                           	callstack 0
   170                           
   171                           ; 2 bytes @ 0x2
   172   000003                     	ds	2
   173   000005                     ___lwmod@counter:
   174                           	callstack 0
   175                           
   176                           ; 1 bytes @ 0x4
   177   000005                     	ds	1
   178   000006                     ?___lwdiv:
   179                           	callstack 0
   180   000006                     ___lwdiv@dividend:
   181                           	callstack 0
   182                           
   183                           ; 2 bytes @ 0x5
   184   000006                     	ds	2
   185   000008                     ___lwdiv@divisor:
   186                           	callstack 0
   187                           
   188                           ; 2 bytes @ 0x7
   189   000008                     	ds	2
   190   00000A                     ___lwdiv@quotient:
   191                           	callstack 0
   192                           
   193                           ; 2 bytes @ 0x9
   194   00000A                     	ds	2
   195   00000C                     ___lwdiv@counter:
   196                           	callstack 0
   197                           
   198                           ; 1 bytes @ 0xB
   199   00000C                     	ds	1
   200   00000D                     ??_main:
   201                           
   202                           ; 1 bytes @ 0xC
   203   00000D                     	ds	2
   204   00000F                     _main$899:
   205                           	callstack 0
   206                           
   207                           ; 2 bytes @ 0xE
   208   00000F                     	ds	2
   209   000011                     _main$898:
   210                           	callstack 0
   211                           
   212                           ; 2 bytes @ 0x10
   213   000011                     	ds	2
   214   000013                     main@mux_control:
   215                           	callstack 0
   216                           
   217                           ; 1 bytes @ 0x12
   218   000013                     	ds	1
   219                           
   220 ;;
   221 ;;Main: autosize = 0, tempsize = 2, incstack = 0, save=0
   222 ;;
   223 ;; *************** function _main *****************
   224 ;; Defined at:
   225 ;;		line 70 in file "main.c"
   226 ;; Parameters:    Size  Location     Type
   227 ;;		None
   228 ;; Auto vars:     Size  Location     Type
   229 ;;  valor           2    0        unsigned short 
   230 ;;  mux_control     1   18[COMRAM] unsigned char 
   231 ;; Return value:  Size  Location     Type
   232 ;;                  2   53[None  ] int 
   233 ;; Registers used:
   234 ;;		wreg, fsr2l, fsr2h, status,2, status,0, cstack
   235 ;; Tracked objects:
   236 ;;		On entry : 0/0
   237 ;;		On exit  : 0/0
   238 ;;		Unchanged: 0/0
   239 ;; Data sizes:     COMRAM   BANK0   BANK1   BANK2   BANK3   BANK4   BANK5   BANK6   BANK7
   240 ;;      Params:         0       0       0       0       0       0       0       0       0
   241 ;;      Locals:         5       0       0       0       0       0       0       0       0
   242 ;;      Temps:          2       0       0       0       0       0       0       0       0
   243 ;;      Totals:         7       0       0       0       0       0       0       0       0
   244 ;;Total ram usage:        7 bytes
   245 ;; Hardware stack levels required when called: 2
   246 ;; This function calls:
   247 ;;		_Init_Gpio_System
   248 ;;		_Init_Internal_Oscillator
   249 ;;		_Init_Timer0_As_Timer
   250 ;;		_Init_Timer0_Interrupt
   251 ;;		___lwdiv
   252 ;;		___lwmod
   253 ;; This function is called by:
   254 ;;		Startup code after reset
   255 ;; This function uses a non-reentrant model
   256 ;;
   257                           
   258                           	psect	text0
   259   000012                     __ptext0:
   260                           	callstack 0
   261   000012                     _main:
   262                           	callstack 29
   263   000012                     
   264                           ;main.c: 73:     Init_Internal_Oscillator();
   265   000012  EC76  F001         	call	_Init_Internal_Oscillator	;wreg free
   266                           
   267                           ;main.c: 75:     Init_Timer0_Interrupt();
   268   000016  EC5C  F001         	call	_Init_Timer0_Interrupt	;wreg free
   269   00001A                     
   270                           ;main.c: 77:     Init_Gpio_System();
   271   00001A  EC66  F001         	call	_Init_Gpio_System	;wreg free
   272   00001E                     
   273                           ;main.c: 79:     Init_Timer0_As_Timer();
   274   00001E  EC4D  F001         	call	_Init_Timer0_As_Timer	;wreg free
   275   000022                     l933:
   276                           
   277                           ;main.c: 82:     {;main.c: 83:         uint8_t mux_control = (timer_counter & 0x03);
   278   000022  5026               	movf	_timer_counter^0,w,c
   279   000024  0B03               	andlw	3
   280   000026  6E13               	movwf	main@mux_control^0,c
   281   000028                     
   282                           ;main.c: 84:         LATD = ~(1 << mux_control);
   283   000028  C013  F00D         	movff	main@mux_control,??_main
   284   00002C  0E01               	movlw	1
   285   00002E  6E0E               	movwf	(??_main+1)^0,c
   286   000030  2A0D               	incf	??_main^0,f,c
   287   000032  EF1D  F000         	goto	u174
   288   000036                     u175:
   289   000036  90D8               	bcf	status,0,c
   290   000038  360E               	rlcf	(??_main+1)^0,f,c
   291   00003A                     u174:
   292   00003A  2E0D               	decfsz	??_main^0,f,c
   293   00003C  EF1B  F000         	goto	u175
   294   000040  500E               	movf	(??_main+1)^0,w,c
   295   000042  0AFF               	xorlw	255
   296   000044  6E8C               	movwf	140,c	;volatile
   297   000046                     
   298                           ;main.c: 86:         num_decode[0] = valor / 1000;
   299   000046  0E11               	movlw	17
   300   000048  6E07               	movwf	(___lwdiv@dividend+1)^0,c
   301   00004A  0EC6               	movlw	198
   302   00004C  6E06               	movwf	___lwdiv@dividend^0,c
   303   00004E  0E03               	movlw	3
   304   000050  6E09               	movwf	(___lwdiv@divisor+1)^0,c
   305   000052  0EE8               	movlw	232
   306   000054  6E08               	movwf	___lwdiv@divisor^0,c
   307   000056  ECA7  F000         	call	___lwdiv	;wreg free
   308   00005A  5006               	movf	?___lwdiv^0,w,c
   309   00005C  6E22               	movwf	_num_decode^0,c
   310   00005E                     
   311                           ;main.c: 87:         num_decode[1] = (valor % 1000) / 100;
   312   00005E  0E03               	movlw	3
   313   000060  6E04               	movwf	(___lwmod@divisor+1)^0,c
   314   000062  0EE8               	movlw	232
   315   000064  6E03               	movwf	___lwmod@divisor^0,c
   316   000066  0E11               	movlw	17
   317   000068  6E02               	movwf	(___lwmod@dividend+1)^0,c
   318   00006A  0EC6               	movlw	198
   319   00006C  6E01               	movwf	___lwmod@dividend^0,c
   320   00006E  ECE1  F000         	call	___lwmod	;wreg free
   321   000072  C001  F006         	movff	?___lwmod,___lwdiv@dividend
   322   000076  C002  F007         	movff	?___lwmod+1,___lwdiv@dividend+1
   323   00007A  0E00               	movlw	0
   324   00007C  6E09               	movwf	(___lwdiv@divisor+1)^0,c
   325   00007E  0E64               	movlw	100
   326   000080  6E08               	movwf	___lwdiv@divisor^0,c
   327   000082  ECA7  F000         	call	___lwdiv	;wreg free
   328   000086  5006               	movf	?___lwdiv^0,w,c
   329   000088  6E23               	movwf	(_num_decode+1)^0,c
   330   00008A                     
   331                           ;main.c: 88:         num_decode[2] = ((valor % 1000) % 100) / 10;
   332   00008A  0E03               	movlw	3
   333   00008C  6E04               	movwf	(___lwmod@divisor+1)^0,c
   334   00008E  0EE8               	movlw	232
   335   000090  6E03               	movwf	___lwmod@divisor^0,c
   336   000092  0E11               	movlw	17
   337   000094  6E02               	movwf	(___lwmod@dividend+1)^0,c
   338   000096  0EC6               	movlw	198
   339   000098  6E01               	movwf	___lwmod@dividend^0,c
   340   00009A  ECE1  F000         	call	___lwmod	;wreg free
   341   00009E  C001  F011         	movff	?___lwmod,_main$898
   342   0000A2  C002  F012         	movff	?___lwmod+1,_main$898+1
   343   0000A6                     
   344                           ;main.c: 88:         num_decode[2] = ((valor % 1000) % 100) / 10;
   345   0000A6  0E00               	movlw	0
   346   0000A8  6E04               	movwf	(___lwmod@divisor+1)^0,c
   347   0000AA  0E64               	movlw	100
   348   0000AC  6E03               	movwf	___lwmod@divisor^0,c
   349   0000AE  C011  F001         	movff	_main$898,___lwmod@dividend
   350   0000B2  C012  F002         	movff	_main$898+1,___lwmod@dividend+1
   351   0000B6  ECE1  F000         	call	___lwmod	;wreg free
   352   0000BA  C001  F006         	movff	?___lwmod,___lwdiv@dividend
   353   0000BE  C002  F007         	movff	?___lwmod+1,___lwdiv@dividend+1
   354   0000C2  0E00               	movlw	0
   355   0000C4  6E09               	movwf	(___lwdiv@divisor+1)^0,c
   356   0000C6  0E0A               	movlw	10
   357   0000C8  6E08               	movwf	___lwdiv@divisor^0,c
   358   0000CA  ECA7  F000         	call	___lwdiv	;wreg free
   359   0000CE  5006               	movf	?___lwdiv^0,w,c
   360   0000D0  6E24               	movwf	(_num_decode+2)^0,c
   361   0000D2                     
   362                           ;main.c: 89:         num_decode[3] = ((valor % 1000) % 100) % 10;
   363   0000D2  0E03               	movlw	3
   364   0000D4  6E04               	movwf	(___lwmod@divisor+1)^0,c
   365   0000D6  0EE8               	movlw	232
   366   0000D8  6E03               	movwf	___lwmod@divisor^0,c
   367   0000DA  0E11               	movlw	17
   368   0000DC  6E02               	movwf	(___lwmod@dividend+1)^0,c
   369   0000DE  0EC6               	movlw	198
   370   0000E0  6E01               	movwf	___lwmod@dividend^0,c
   371   0000E2  ECE1  F000         	call	___lwmod	;wreg free
   372   0000E6  C001  F011         	movff	?___lwmod,_main$898
   373   0000EA  C002  F012         	movff	?___lwmod+1,_main$898+1
   374   0000EE                     
   375                           ;main.c: 89:         num_decode[3] = ((valor % 1000) % 100) % 10;
   376   0000EE  0E00               	movlw	0
   377   0000F0  6E04               	movwf	(___lwmod@divisor+1)^0,c
   378   0000F2  0E64               	movlw	100
   379   0000F4  6E03               	movwf	___lwmod@divisor^0,c
   380   0000F6  C011  F001         	movff	_main$898,___lwmod@dividend
   381   0000FA  C012  F002         	movff	_main$898+1,___lwmod@dividend+1
   382   0000FE  ECE1  F000         	call	___lwmod	;wreg free
   383   000102  C001  F00F         	movff	?___lwmod,_main$899
   384   000106  C002  F010         	movff	?___lwmod+1,_main$899+1
   385   00010A                     
   386                           ;main.c: 89:         num_decode[3] = ((valor % 1000) % 100) % 10;
   387   00010A  C00F  F001         	movff	_main$899,___lwmod@dividend
   388   00010E  C010  F002         	movff	_main$899+1,___lwmod@dividend+1
   389   000112  0E00               	movlw	0
   390   000114  6E04               	movwf	(___lwmod@divisor+1)^0,c
   391   000116  0E0A               	movlw	10
   392   000118  6E03               	movwf	___lwmod@divisor^0,c
   393   00011A  ECE1  F000         	call	___lwmod	;wreg free
   394   00011E  5001               	movf	?___lwmod^0,w,c
   395   000120  6E25               	movwf	(_num_decode+3)^0,c
   396   000122                     
   397                           ;main.c: 90:         LATB = ~num_disp[num_decode[mux_control]];
   398   000122  0E22               	movlw	low _num_decode
   399   000124  2413               	addwf	main@mux_control^0,w,c
   400   000126  6ED9               	movwf	fsr2l,c
   401   000128  6ADA               	clrf	fsr2h,c
   402   00012A  0E00               	movlw	high _num_decode
   403   00012C  22DA               	addwfc	fsr2h,f,c
   404   00012E  50DF               	movf	indf2,w,c
   405   000130  6E0D               	movwf	??_main^0,c
   406   000132  6A0E               	clrf	(??_main+1)^0,c
   407   000134  0E14               	movlw	low _num_disp
   408   000136  240D               	addwf	??_main^0,w,c
   409   000138  6ED9               	movwf	fsr2l,c
   410   00013A  0E00               	movlw	high _num_disp
   411   00013C  200E               	addwfc	(??_main+1)^0,w,c
   412   00013E  6EDA               	movwf	fsr2h,c
   413   000140  50DF               	movf	indf2,w,c
   414   000142  0AFF               	xorlw	255
   415   000144  6E8A               	movwf	138,c	;volatile
   416   000146  EF11  F000         	goto	l933
   417   00014A  EF07  F000         	goto	start
   418   00014E                     __end_of_main:
   419                           	callstack 0
   420                           
   421 ;; *************** function ___lwmod *****************
   422 ;; Defined at:
   423 ;;		line 7 in file "C:\Program Files\Microchip\xc8\v2.41\pic\sources\c99\common\lwmod.c"
   424 ;; Parameters:    Size  Location     Type
   425 ;;  dividend        2    0[COMRAM] unsigned int 
   426 ;;  divisor         2    2[COMRAM] unsigned int 
   427 ;; Auto vars:     Size  Location     Type
   428 ;;  counter         1    4[COMRAM] unsigned char 
   429 ;; Return value:  Size  Location     Type
   430 ;;                  2    0[COMRAM] unsigned int 
   431 ;; Registers used:
   432 ;;		wreg, status,2, status,0
   433 ;; Tracked objects:
   434 ;;		On entry : 0/0
   435 ;;		On exit  : 0/0
   436 ;;		Unchanged: 0/0
   437 ;; Data sizes:     COMRAM   BANK0   BANK1   BANK2   BANK3   BANK4   BANK5   BANK6   BANK7
   438 ;;      Params:         4       0       0       0       0       0       0       0       0
   439 ;;      Locals:         1       0       0       0       0       0       0       0       0
   440 ;;      Temps:          0       0       0       0       0       0       0       0       0
   441 ;;      Totals:         5       0       0       0       0       0       0       0       0
   442 ;;Total ram usage:        5 bytes
   443 ;; Hardware stack levels used: 1
   444 ;; Hardware stack levels required when called: 1
   445 ;; This function calls:
   446 ;;		Nothing
   447 ;; This function is called by:
   448 ;;		_main
   449 ;; This function uses a non-reentrant model
   450 ;;
   451                           
   452                           	psect	text1
   453   0001C2                     __ptext1:
   454                           	callstack 0
   455   0001C2                     ___lwmod:
   456                           	callstack 29
   457   0001C2  5003               	movf	___lwmod@divisor^0,w,c
   458   0001C4  1004               	iorwf	(___lwmod@divisor+1)^0,w,c
   459   0001C6  B4D8               	btfsc	status,2,c
   460   0001C8  EFE8  F000         	goto	u141
   461   0001CC  EFEA  F000         	goto	u140
   462   0001D0                     u141:
   463   0001D0  EF0E  F001         	goto	l573
   464   0001D4                     u140:
   465   0001D4  0E01               	movlw	1
   466   0001D6  6E05               	movwf	___lwmod@counter^0,c
   467   0001D8  EFF2  F000         	goto	l917
   468   0001DC                     l915:
   469   0001DC  90D8               	bcf	status,0,c
   470   0001DE  3603               	rlcf	___lwmod@divisor^0,f,c
   471   0001E0  3604               	rlcf	(___lwmod@divisor+1)^0,f,c
   472   0001E2  2A05               	incf	___lwmod@counter^0,f,c
   473   0001E4                     l917:
   474   0001E4  AE04               	btfss	(___lwmod@divisor+1)^0,7,c
   475   0001E6  EFF7  F000         	goto	u151
   476   0001EA  EFF9  F000         	goto	u150
   477   0001EE                     u151:
   478   0001EE  EFEE  F000         	goto	l915
   479   0001F2                     u150:
   480   0001F2                     l919:
   481   0001F2  5003               	movf	___lwmod@divisor^0,w,c
   482   0001F4  5C01               	subwf	___lwmod@dividend^0,w,c
   483   0001F6  5004               	movf	(___lwmod@divisor+1)^0,w,c
   484   0001F8  5802               	subwfb	(___lwmod@dividend+1)^0,w,c
   485   0001FA  A0D8               	btfss	status,0,c
   486   0001FC  EF02  F001         	goto	u161
   487   000200  EF04  F001         	goto	u160
   488   000204                     u161:
   489   000204  EF08  F001         	goto	l923
   490   000208                     u160:
   491   000208  5003               	movf	___lwmod@divisor^0,w,c
   492   00020A  5E01               	subwf	___lwmod@dividend^0,f,c
   493   00020C  5004               	movf	(___lwmod@divisor+1)^0,w,c
   494   00020E  5A02               	subwfb	(___lwmod@dividend+1)^0,f,c
   495   000210                     l923:
   496   000210  90D8               	bcf	status,0,c
   497   000212  3204               	rrcf	(___lwmod@divisor+1)^0,f,c
   498   000214  3203               	rrcf	___lwmod@divisor^0,f,c
   499   000216  2E05               	decfsz	___lwmod@counter^0,f,c
   500   000218  EFF9  F000         	goto	l919
   501   00021C                     l573:
   502   00021C  C001  F001         	movff	___lwmod@dividend,?___lwmod
   503   000220  C002  F002         	movff	___lwmod@dividend+1,?___lwmod+1
   504   000224  0012               	return		;funcret
   505   000226                     __end_of___lwmod:
   506                           	callstack 0
   507                           
   508 ;; *************** function ___lwdiv *****************
   509 ;; Defined at:
   510 ;;		line 7 in file "C:\Program Files\Microchip\xc8\v2.41\pic\sources\c99\common\lwdiv.c"
   511 ;; Parameters:    Size  Location     Type
   512 ;;  dividend        2    5[COMRAM] unsigned int 
   513 ;;  divisor         2    7[COMRAM] unsigned int 
   514 ;; Auto vars:     Size  Location     Type
   515 ;;  quotient        2    9[COMRAM] unsigned int 
   516 ;;  counter         1   11[COMRAM] unsigned char 
   517 ;; Return value:  Size  Location     Type
   518 ;;                  2    5[COMRAM] unsigned int 
   519 ;; Registers used:
   520 ;;		wreg, status,2, status,0
   521 ;; Tracked objects:
   522 ;;		On entry : 0/0
   523 ;;		On exit  : 0/0
   524 ;;		Unchanged: 0/0
   525 ;; Data sizes:     COMRAM   BANK0   BANK1   BANK2   BANK3   BANK4   BANK5   BANK6   BANK7
   526 ;;      Params:         4       0       0       0       0       0       0       0       0
   527 ;;      Locals:         3       0       0       0       0       0       0       0       0
   528 ;;      Temps:          0       0       0       0       0       0       0       0       0
   529 ;;      Totals:         7       0       0       0       0       0       0       0       0
   530 ;;Total ram usage:        7 bytes
   531 ;; Hardware stack levels used: 1
   532 ;; Hardware stack levels required when called: 1
   533 ;; This function calls:
   534 ;;		Nothing
   535 ;; This function is called by:
   536 ;;		_main
   537 ;; This function uses a non-reentrant model
   538 ;;
   539                           
   540                           	psect	text2
   541   00014E                     __ptext2:
   542                           	callstack 0
   543   00014E                     ___lwdiv:
   544                           	callstack 29
   545   00014E  0E00               	movlw	0
   546   000150  6E0B               	movwf	(___lwdiv@quotient+1)^0,c
   547   000152  0E00               	movlw	0
   548   000154  6E0A               	movwf	___lwdiv@quotient^0,c
   549   000156  5008               	movf	___lwdiv@divisor^0,w,c
   550   000158  1009               	iorwf	(___lwdiv@divisor+1)^0,w,c
   551   00015A  B4D8               	btfsc	status,2,c
   552   00015C  EFB2  F000         	goto	u111
   553   000160  EFB4  F000         	goto	u110
   554   000164                     u111:
   555   000164  EFDC  F000         	goto	l563
   556   000168                     u110:
   557   000168  0E01               	movlw	1
   558   00016A  6E0C               	movwf	___lwdiv@counter^0,c
   559   00016C  EFBC  F000         	goto	l897
   560   000170                     l895:
   561   000170  90D8               	bcf	status,0,c
   562   000172  3608               	rlcf	___lwdiv@divisor^0,f,c
   563   000174  3609               	rlcf	(___lwdiv@divisor+1)^0,f,c
   564   000176  2A0C               	incf	___lwdiv@counter^0,f,c
   565   000178                     l897:
   566   000178  AE09               	btfss	(___lwdiv@divisor+1)^0,7,c
   567   00017A  EFC1  F000         	goto	u121
   568   00017E  EFC3  F000         	goto	u120
   569   000182                     u121:
   570   000182  EFB8  F000         	goto	l895
   571   000186                     u120:
   572   000186                     l899:
   573   000186  90D8               	bcf	status,0,c
   574   000188  360A               	rlcf	___lwdiv@quotient^0,f,c
   575   00018A  360B               	rlcf	(___lwdiv@quotient+1)^0,f,c
   576   00018C  5008               	movf	___lwdiv@divisor^0,w,c
   577   00018E  5C06               	subwf	___lwdiv@dividend^0,w,c
   578   000190  5009               	movf	(___lwdiv@divisor+1)^0,w,c
   579   000192  5807               	subwfb	(___lwdiv@dividend+1)^0,w,c
   580   000194  A0D8               	btfss	status,0,c
   581   000196  EFCF  F000         	goto	u131
   582   00019A  EFD1  F000         	goto	u130
   583   00019E                     u131:
   584   00019E  EFD6  F000         	goto	l907
   585   0001A2                     u130:
   586   0001A2  5008               	movf	___lwdiv@divisor^0,w,c
   587   0001A4  5E06               	subwf	___lwdiv@dividend^0,f,c
   588   0001A6  5009               	movf	(___lwdiv@divisor+1)^0,w,c
   589   0001A8  5A07               	subwfb	(___lwdiv@dividend+1)^0,f,c
   590   0001AA  800A               	bsf	___lwdiv@quotient^0,0,c
   591   0001AC                     l907:
   592   0001AC  90D8               	bcf	status,0,c
   593   0001AE  3209               	rrcf	(___lwdiv@divisor+1)^0,f,c
   594   0001B0  3208               	rrcf	___lwdiv@divisor^0,f,c
   595   0001B2  2E0C               	decfsz	___lwdiv@counter^0,f,c
   596   0001B4  EFC3  F000         	goto	l899
   597   0001B8                     l563:
   598   0001B8  C00A  F006         	movff	___lwdiv@quotient,?___lwdiv
   599   0001BC  C00B  F007         	movff	___lwdiv@quotient+1,?___lwdiv+1
   600   0001C0  0012               	return		;funcret
   601   0001C2                     __end_of___lwdiv:
   602                           	callstack 0
   603                           
   604 ;; *************** function _Init_Timer0_Interrupt *****************
   605 ;; Defined at:
   606 ;;		line 139 in file "main.c"
   607 ;; Parameters:    Size  Location     Type
   608 ;;		None
   609 ;; Auto vars:     Size  Location     Type
   610 ;;		None
   611 ;; Return value:  Size  Location     Type
   612 ;;                  1    wreg      void 
   613 ;; Registers used:
   614 ;;		wreg, status,2
   615 ;; Tracked objects:
   616 ;;		On entry : 0/0
   617 ;;		On exit  : 0/0
   618 ;;		Unchanged: 0/0
   619 ;; Data sizes:     COMRAM   BANK0   BANK1   BANK2   BANK3   BANK4   BANK5   BANK6   BANK7
   620 ;;      Params:         0       0       0       0       0       0       0       0       0
   621 ;;      Locals:         0       0       0       0       0       0       0       0       0
   622 ;;      Temps:          0       0       0       0       0       0       0       0       0
   623 ;;      Totals:         0       0       0       0       0       0       0       0       0
   624 ;;Total ram usage:        0 bytes
   625 ;; Hardware stack levels used: 1
   626 ;; Hardware stack levels required when called: 1
   627 ;; This function calls:
   628 ;;		Nothing
   629 ;; This function is called by:
   630 ;;		_main
   631 ;; This function uses a non-reentrant model
   632 ;;
   633                           
   634                           	psect	text3
   635   0002B8                     __ptext3:
   636                           	callstack 0
   637   0002B8                     _Init_Timer0_Interrupt:
   638                           	callstack 29
   639   0002B8                     
   640                           ;main.c: 142:     RCON = 0x00;
   641   0002B8  0E00               	movlw	0
   642   0002BA  6ED0               	movwf	208,c	;volatile
   643                           
   644                           ;main.c: 143:     INTCON = 0x00;
   645   0002BC  0E00               	movlw	0
   646   0002BE  6EF2               	movwf	242,c	;volatile
   647   0002C0                     
   648                           ;main.c: 146:     RCONbits.IPEN = 0;
   649   0002C0  9ED0               	bcf	208,7,c	;volatile
   650   0002C2                     
   651                           ;main.c: 147:     INTCONbits.GIE = 1;
   652   0002C2  8EF2               	bsf	242,7,c	;volatile
   653   0002C4                     
   654                           ;main.c: 148:     INTCONbits.PEIE = 1;
   655   0002C4  8CF2               	bsf	242,6,c	;volatile
   656   0002C6                     
   657                           ;main.c: 149:     INTCONbits.TMR0IE = 1;
   658   0002C6  8AF2               	bsf	242,5,c	;volatile
   659   0002C8                     
   660                           ;main.c: 150:     INTCONbits.TMR0IF = 0;
   661   0002C8  94F2               	bcf	242,2,c	;volatile
   662   0002CA  0012               	return		;funcret
   663   0002CC                     __end_of_Init_Timer0_Interrupt:
   664                           	callstack 0
   665                           
   666 ;; *************** function _Init_Timer0_As_Timer *****************
   667 ;; Defined at:
   668 ;;		line 106 in file "main.c"
   669 ;; Parameters:    Size  Location     Type
   670 ;;		None
   671 ;; Auto vars:     Size  Location     Type
   672 ;;		None
   673 ;; Return value:  Size  Location     Type
   674 ;;                  1    wreg      void 
   675 ;; Registers used:
   676 ;;		wreg, status,2
   677 ;; Tracked objects:
   678 ;;		On entry : 0/0
   679 ;;		On exit  : 0/0
   680 ;;		Unchanged: 0/0
   681 ;; Data sizes:     COMRAM   BANK0   BANK1   BANK2   BANK3   BANK4   BANK5   BANK6   BANK7
   682 ;;      Params:         0       0       0       0       0       0       0       0       0
   683 ;;      Locals:         0       0       0       0       0       0       0       0       0
   684 ;;      Temps:          0       0       0       0       0       0       0       0       0
   685 ;;      Totals:         0       0       0       0       0       0       0       0       0
   686 ;;Total ram usage:        0 bytes
   687 ;; Hardware stack levels used: 1
   688 ;; Hardware stack levels required when called: 1
   689 ;; This function calls:
   690 ;;		Nothing
   691 ;; This function is called by:
   692 ;;		_main
   693 ;; This function uses a non-reentrant model
   694 ;;
   695                           
   696                           	psect	text4
   697   00029A                     __ptext4:
   698                           	callstack 0
   699   00029A                     _Init_Timer0_As_Timer:
   700                           	callstack 29
   701   00029A                     
   702                           ;main.c: 109:     T0CON = 0x00;
   703   00029A  0E00               	movlw	0
   704   00029C  6ED5               	movwf	213,c	;volatile
   705   00029E                     
   706                           ;main.c: 112:     T0CONbits.TMR0ON = 0;
   707   00029E  9ED5               	bcf	213,7,c	;volatile
   708   0002A0                     
   709                           ;main.c: 113:     T0CONbits.T08BIT = 1;
   710   0002A0  8CD5               	bsf	213,6,c	;volatile
   711   0002A2                     
   712                           ;main.c: 114:     T0CONbits.T0CS = 0;
   713   0002A2  9AD5               	bcf	213,5,c	;volatile
   714   0002A4                     
   715                           ;main.c: 115:     T0CONbits.T0SE = 0;
   716   0002A4  98D5               	bcf	213,4,c	;volatile
   717   0002A6                     
   718                           ;main.c: 116:     T0CONbits.PSA = 0;
   719   0002A6  96D5               	bcf	213,3,c	;volatile
   720                           
   721                           ;main.c: 117:     T0CONbits.T0PS = 0b010;
   722   0002A8  50D5               	movf	213,w,c	;volatile
   723   0002AA  0BF8               	andlw	-8
   724   0002AC  0902               	iorlw	2
   725   0002AE  6ED5               	movwf	213,c	;volatile
   726                           
   727                           ;main.c: 121:     TMR0L = 6;
   728   0002B0  0E06               	movlw	6
   729   0002B2  6ED6               	movwf	214,c	;volatile
   730   0002B4                     
   731                           ;main.c: 124:     T0CONbits.TMR0ON = 1;
   732   0002B4  8ED5               	bsf	213,7,c	;volatile
   733   0002B6  0012               	return		;funcret
   734   0002B8                     __end_of_Init_Timer0_As_Timer:
   735                           	callstack 0
   736                           
   737 ;; *************** function _Init_Internal_Oscillator *****************
   738 ;; Defined at:
   739 ;;		line 153 in file "main.c"
   740 ;; Parameters:    Size  Location     Type
   741 ;;		None
   742 ;; Auto vars:     Size  Location     Type
   743 ;;		None
   744 ;; Return value:  Size  Location     Type
   745 ;;                  1    wreg      void 
   746 ;; Registers used:
   747 ;;		wreg, status,2
   748 ;; Tracked objects:
   749 ;;		On entry : 0/0
   750 ;;		On exit  : 0/0
   751 ;;		Unchanged: 0/0
   752 ;; Data sizes:     COMRAM   BANK0   BANK1   BANK2   BANK3   BANK4   BANK5   BANK6   BANK7
   753 ;;      Params:         0       0       0       0       0       0       0       0       0
   754 ;;      Locals:         0       0       0       0       0       0       0       0       0
   755 ;;      Temps:          0       0       0       0       0       0       0       0       0
   756 ;;      Totals:         0       0       0       0       0       0       0       0       0
   757 ;;Total ram usage:        0 bytes
   758 ;; Hardware stack levels used: 1
   759 ;; Hardware stack levels required when called: 1
   760 ;; This function calls:
   761 ;;		Nothing
   762 ;; This function is called by:
   763 ;;		_main
   764 ;; This function uses a non-reentrant model
   765 ;;
   766                           
   767                           	psect	text5
   768   0002EC                     __ptext5:
   769                           	callstack 0
   770   0002EC                     _Init_Internal_Oscillator:
   771                           	callstack 29
   772   0002EC                     
   773                           ;main.c: 156:     OSCCON = 0x00;
   774   0002EC  0E00               	movlw	0
   775   0002EE  6ED3               	movwf	211,c	;volatile
   776                           
   777                           ;main.c: 159:     OSCCONbits.IRCF = 0b111;
   778   0002F0  0E70               	movlw	112
   779   0002F2  12D3               	iorwf	211,f,c	;volatile
   780                           
   781                           ;main.c: 160:     OSCCONbits.SCS = 0b11;
   782   0002F4  0E03               	movlw	3
   783   0002F6  12D3               	iorwf	211,f,c	;volatile
   784   0002F8  0012               	return		;funcret
   785   0002FA                     __end_of_Init_Internal_Oscillator:
   786                           	callstack 0
   787                           
   788 ;; *************** function _Init_Gpio_System *****************
   789 ;; Defined at:
   790 ;;		line 127 in file "main.c"
   791 ;; Parameters:    Size  Location     Type
   792 ;;		None
   793 ;; Auto vars:     Size  Location     Type
   794 ;;		None
   795 ;; Return value:  Size  Location     Type
   796 ;;                  1    wreg      void 
   797 ;; Registers used:
   798 ;;		wreg, status,2, status,0
   799 ;; Tracked objects:
   800 ;;		On entry : 0/0
   801 ;;		On exit  : 0/0
   802 ;;		Unchanged: 0/0
   803 ;; Data sizes:     COMRAM   BANK0   BANK1   BANK2   BANK3   BANK4   BANK5   BANK6   BANK7
   804 ;;      Params:         0       0       0       0       0       0       0       0       0
   805 ;;      Locals:         0       0       0       0       0       0       0       0       0
   806 ;;      Temps:          0       0       0       0       0       0       0       0       0
   807 ;;      Totals:         0       0       0       0       0       0       0       0       0
   808 ;;Total ram usage:        0 bytes
   809 ;; Hardware stack levels used: 1
   810 ;; Hardware stack levels required when called: 1
   811 ;; This function calls:
   812 ;;		Nothing
   813 ;; This function is called by:
   814 ;;		_main
   815 ;; This function uses a non-reentrant model
   816 ;;
   817                           
   818                           	psect	text6
   819   0002CC                     __ptext6:
   820                           	callstack 0
   821   0002CC                     _Init_Gpio_System:
   822                           	callstack 29
   823   0002CC                     
   824                           ;main.c: 130:     TRISB = 0x00;
   825   0002CC  0E00               	movlw	0
   826   0002CE  6E93               	movwf	147,c	;volatile
   827   0002D0                     
   828                           ;main.c: 132:     TRISD &= ~0x0F;
   829   0002D0  0EF0               	movlw	240
   830   0002D2  1695               	andwf	149,f,c	;volatile
   831   0002D4                     
   832                           ;main.c: 135:     LATB = 0x00;
   833   0002D4  0E00               	movlw	0
   834   0002D6  6E8A               	movwf	138,c	;volatile
   835                           
   836                           ;main.c: 136:     LATD &= ~0x0F;
   837   0002D8  0EF0               	movlw	240
   838   0002DA  168C               	andwf	140,f,c	;volatile
   839   0002DC  0012               	return		;funcret
   840   0002DE                     __end_of_Init_Gpio_System:
   841                           	callstack 0
   842                           
   843 ;; *************** function _TIMER0_ISR *****************
   844 ;; Defined at:
   845 ;;		line 41 in file "main.c"
   846 ;; Parameters:    Size  Location     Type
   847 ;;		None
   848 ;; Auto vars:     Size  Location     Type
   849 ;;		None
   850 ;; Return value:  Size  Location     Type
   851 ;;                  1    wreg      void 
   852 ;; Registers used:
   853 ;;		wreg, status,2, status,0
   854 ;; Tracked objects:
   855 ;;		On entry : 0/0
   856 ;;		On exit  : 0/0
   857 ;;		Unchanged: 0/0
   858 ;; Data sizes:     COMRAM   BANK0   BANK1   BANK2   BANK3   BANK4   BANK5   BANK6   BANK7
   859 ;;      Params:         0       0       0       0       0       0       0       0       0
   860 ;;      Locals:         0       0       0       0       0       0       0       0       0
   861 ;;      Temps:          0       0       0       0       0       0       0       0       0
   862 ;;      Totals:         0       0       0       0       0       0       0       0       0
   863 ;;Total ram usage:        0 bytes
   864 ;; Hardware stack levels used: 1
   865 ;; This function calls:
   866 ;;		Nothing
   867 ;; This function is called by:
   868 ;;		Interrupt level 2
   869 ;; This function uses a non-reentrant model
   870 ;;
   871                           
   872                           	psect	intcode
   873   000008                     __pintcode:
   874                           	callstack 0
   875   000008                     _TIMER0_ISR:
   876                           	callstack 29
   877                           
   878                           ;incstack = 0
   879   000008  8227               	bsf	int$flags,1,c	;set compiler interrupt flag (level 2)
   880   00000A  ED13  F001         	call	int_func,f	;refresh shadow registers
   881                           
   882                           	psect	intcode_body
   883   000226                     __pintcode_body:
   884                           	callstack 29
   885   000226                     int_func:
   886                           	callstack 29
   887   000226  0006               	pop		; remove dummy address from shadow register refresh
   888   000228                     
   889                           ;main.c: 43:     if(INTCONbits.TMR0IE && INTCONbits.TMR0IF)
   890   000228  AAF2               	btfss	242,5,c	;volatile
   891   00022A  EF19  F001         	goto	i2u7_41
   892   00022E  EF1B  F001         	goto	i2u7_40
   893   000232                     i2u7_41:
   894   000232  EF31  F001         	goto	i2l49
   895   000236                     i2u7_40:
   896   000236  A4F2               	btfss	242,2,c	;volatile
   897   000238  EF20  F001         	goto	i2u8_41
   898   00023C  EF22  F001         	goto	i2u8_40
   899   000240                     i2u8_41:
   900   000240  EF31  F001         	goto	i2l49
   901   000244                     i2u8_40:
   902   000244                     
   903                           ;main.c: 44:     {;main.c: 46:         if (timer_counter++ == 3)
   904   000244  2A26               	incf	_timer_counter^0,f,c
   905   000246  0E04               	movlw	4
   906   000248  1826               	xorwf	_timer_counter^0,w,c
   907   00024A  A4D8               	btfss	status,2,c
   908   00024C  EF2A  F001         	goto	i2u9_41
   909   000250  EF2C  F001         	goto	i2u9_40
   910   000254                     i2u9_41:
   911   000254  EF2E  F001         	goto	i2l48
   912   000258                     i2u9_40:
   913   000258                     
   914                           ;main.c: 47:         {;main.c: 48:             timer_counter = 0;
   915   000258  0E00               	movlw	0
   916   00025A  6E26               	movwf	_timer_counter^0,c
   917   00025C                     i2l48:
   918                           
   919                           ;main.c: 52:         TMR0L = 6;
   920   00025C  0E06               	movlw	6
   921   00025E  6ED6               	movwf	214,c	;volatile
   922   000260                     
   923                           ;main.c: 54:         INTCONbits.TMR0IF = 0;
   924   000260  94F2               	bcf	242,2,c	;volatile
   925   000262                     i2l49:
   926   000262  9227               	bcf	int$flags,1,c	;clear compiler interrupt flag (level 2)
   927   000264  0011               	retfie		f
   928   000266                     __end_of_TIMER0_ISR:
   929                           	callstack 0
   930   000000                     
   931                           	psect	rparam
   932   000000                     
   933                           	psect	temp
   934   000027                     btemp:
   935                           	callstack 0
   936   000027                     	ds	1
   937   000000                     int$flags	set	btemp
   938   000000                     wtemp8	set	btemp+1
   939   000000                     ttemp5	set	btemp+1
   940   000000                     ttemp6	set	btemp+4
   941   000000                     ttemp7	set	btemp+8
   942                           
   943                           	psect	idloc
   944                           
   945                           ;Config register IDLOC0 @ 0x200000
   946                           ;	unspecified, using default values
   947   200000                     	org	2097152
   948   200000  FF                 	db	255
   949                           
   950                           ;Config register IDLOC1 @ 0x200001
   951                           ;	unspecified, using default values
   952   200001                     	org	2097153
   953   200001  FF                 	db	255
   954                           
   955                           ;Config register IDLOC2 @ 0x200002
   956                           ;	unspecified, using default values
   957   200002                     	org	2097154
   958   200002  FF                 	db	255
   959                           
   960                           ;Config register IDLOC3 @ 0x200003
   961                           ;	unspecified, using default values
   962   200003                     	org	2097155
   963   200003  FF                 	db	255
   964                           
   965                           ;Config register IDLOC4 @ 0x200004
   966                           ;	unspecified, using default values
   967   200004                     	org	2097156
   968   200004  FF                 	db	255
   969                           
   970                           ;Config register IDLOC5 @ 0x200005
   971                           ;	unspecified, using default values
   972   200005                     	org	2097157
   973   200005  FF                 	db	255
   974                           
   975                           ;Config register IDLOC6 @ 0x200006
   976                           ;	unspecified, using default values
   977   200006                     	org	2097158
   978   200006  FF                 	db	255
   979                           
   980                           ;Config register IDLOC7 @ 0x200007
   981                           ;	unspecified, using default values
   982   200007                     	org	2097159
   983   200007  FF                 	db	255
   984                           
   985                           	psect	config
   986                           
   987                           ;Config register CONFIG1L @ 0x300000
   988                           ;	PLL Prescaler Selection bits
   989                           ;	PLLDIV = 1, No prescale (4 MHz oscillator input drives PLL directly)
   990                           ;	System Clock Postscaler Selection bits
   991                           ;	CPUDIV = OSC1_PLL2, [Primary Oscillator Src: /1][96 MHz PLL Src: /2]
   992                           ;	USB Clock Selection bit (used in Full-Speed USB mode only; UCFG:FSEN = 1)
   993                           ;	USBDIV = 1, USB clock source comes directly from the primary oscillator block with no 
      +                          postscale
   994   300000                     	org	3145728
   995   300000  00                 	db	0
   996                           
   997                           ;Config register CONFIG1H @ 0x300001
   998                           ;	Oscillator Selection bits
   999                           ;	FOSC = INTOSC_HS, Internal oscillator, HS oscillator used by USB (INTHS)
  1000                           ;	Fail-Safe Clock Monitor Enable bit
  1001                           ;	FCMEN = OFF, Fail-Safe Clock Monitor disabled
  1002                           ;	Internal/External Oscillator Switchover bit
  1003                           ;	IESO = OFF, Oscillator Switchover mode disabled
  1004   300001                     	org	3145729
  1005   300001  0B                 	db	11
  1006                           
  1007                           ;Config register CONFIG2L @ 0x300002
  1008                           ;	Power-up Timer Enable bit
  1009                           ;	PWRT = OFF, PWRT disabled
  1010                           ;	Brown-out Reset Enable bits
  1011                           ;	BOR = OFF, Brown-out Reset disabled in hardware and software
  1012                           ;	Brown-out Reset Voltage bits
  1013                           ;	BORV = 3, Minimum setting 2.05V
  1014                           ;	USB Voltage Regulator Enable bit
  1015                           ;	VREGEN = OFF, USB voltage regulator disabled
  1016   300002                     	org	3145730
  1017   300002  19                 	db	25
  1018                           
  1019                           ;Config register CONFIG2H @ 0x300003
  1020                           ;	Watchdog Timer Enable bit
  1021                           ;	WDT = OFF, WDT disabled (control is placed on the SWDTEN bit)
  1022                           ;	Watchdog Timer Postscale Select bits
  1023                           ;	WDTPS = 32768, 1:32768
  1024   300003                     	org	3145731
  1025   300003  1E                 	db	30
  1026                           
  1027                           ; Padding undefined space
  1028   300004                     	org	3145732
  1029   300004  FF                 	db	255
  1030                           
  1031                           ;Config register CONFIG3H @ 0x300005
  1032                           ;	CCP2 MUX bit
  1033                           ;	CCP2MX = OFF, CCP2 input/output is multiplexed with RB3
  1034                           ;	PORTB A/D Enable bit
  1035                           ;	PBADEN = OFF, PORTB<4:0> pins are configured as digital I/O on Reset
  1036                           ;	Low-Power Timer 1 Oscillator Enable bit
  1037                           ;	LPT1OSC = OFF, Timer1 configured for higher power operation
  1038                           ;	MCLR Pin Enable bit
  1039                           ;	MCLRE = ON, MCLR pin enabled; RE3 input pin disabled
  1040   300005                     	org	3145733
  1041   300005  80                 	db	128
  1042                           
  1043                           ;Config register CONFIG4L @ 0x300006
  1044                           ;	Stack Full/Underflow Reset Enable bit
  1045                           ;	STVREN = OFF, Stack full/underflow will not cause Reset
  1046                           ;	Single-Supply ICSP Enable bit
  1047                           ;	LVP = OFF, Single-Supply ICSP disabled
  1048                           ;	Dedicated In-Circuit Debug/Programming Port (ICPORT) Enable bit
  1049                           ;	ICPRT = OFF, ICPORT disabled
  1050                           ;	Extended Instruction Set Enable bit
  1051                           ;	XINST = OFF, Instruction set extension and Indexed Addressing mode disabled (Legacy mo
      +                          de)
  1052                           ;	Background Debugger Enable bit
  1053                           ;	DEBUG = 0x1, unprogrammed default
  1054   300006                     	org	3145734
  1055   300006  80                 	db	128
  1056                           
  1057                           ; Padding undefined space
  1058   300007                     	org	3145735
  1059   300007  FF                 	db	255
  1060                           
  1061                           ;Config register CONFIG5L @ 0x300008
  1062                           ;	Code Protection bit
  1063                           ;	CP0 = OFF, Block 0 (000800-001FFFh) is not code-protected
  1064                           ;	Code Protection bit
  1065                           ;	CP1 = OFF, Block 1 (002000-003FFFh) is not code-protected
  1066                           ;	Code Protection bit
  1067                           ;	CP2 = OFF, Block 2 (004000-005FFFh) is not code-protected
  1068                           ;	Code Protection bit
  1069                           ;	CP3 = OFF, Block 3 (006000-007FFFh) is not code-protected
  1070   300008                     	org	3145736
  1071   300008  0F                 	db	15
  1072                           
  1073                           ;Config register CONFIG5H @ 0x300009
  1074                           ;	Boot Block Code Protection bit
  1075                           ;	CPB = OFF, Boot block (000000-0007FFh) is not code-protected
  1076                           ;	Data EEPROM Code Protection bit
  1077                           ;	CPD = OFF, Data EEPROM is not code-protected
  1078   300009                     	org	3145737
  1079   300009  C0                 	db	192
  1080                           
  1081                           ;Config register CONFIG6L @ 0x30000A
  1082                           ;	Write Protection bit
  1083                           ;	WRT0 = OFF, Block 0 (000800-001FFFh) is not write-protected
  1084                           ;	Write Protection bit
  1085                           ;	WRT1 = OFF, Block 1 (002000-003FFFh) is not write-protected
  1086                           ;	Write Protection bit
  1087                           ;	WRT2 = OFF, Block 2 (004000-005FFFh) is not write-protected
  1088                           ;	Write Protection bit
  1089                           ;	WRT3 = OFF, Block 3 (006000-007FFFh) is not write-protected
  1090   30000A                     	org	3145738
  1091   30000A  0F                 	db	15
  1092                           
  1093                           ;Config register CONFIG6H @ 0x30000B
  1094                           ;	Configuration Register Write Protection bit
  1095                           ;	WRTC = OFF, Configuration registers (300000-3000FFh) are not write-protected
  1096                           ;	Boot Block Write Protection bit
  1097                           ;	WRTB = OFF, Boot block (000000-0007FFh) is not write-protected
  1098                           ;	Data EEPROM Write Protection bit
  1099                           ;	WRTD = OFF, Data EEPROM is not write-protected
  1100   30000B                     	org	3145739
  1101   30000B  E0                 	db	224
  1102                           
  1103                           ;Config register CONFIG7L @ 0x30000C
  1104                           ;	Table Read Protection bit
  1105                           ;	EBTR0 = OFF, Block 0 (000800-001FFFh) is not protected from table reads executed in ot
      +                          her blocks
  1106                           ;	Table Read Protection bit
  1107                           ;	EBTR1 = OFF, Block 1 (002000-003FFFh) is not protected from table reads executed in ot
      +                          her blocks
  1108                           ;	Table Read Protection bit
  1109                           ;	EBTR2 = OFF, Block 2 (004000-005FFFh) is not protected from table reads executed in ot
      +                          her blocks
  1110                           ;	Table Read Protection bit
  1111                           ;	EBTR3 = OFF, Block 3 (006000-007FFFh) is not protected from table reads executed in ot
      +                          her blocks
  1112   30000C                     	org	3145740
  1113   30000C  0F                 	db	15
  1114                           
  1115                           ;Config register CONFIG7H @ 0x30000D
  1116                           ;	Boot Block Table Read Protection bit
  1117                           ;	EBTRB = OFF, Boot block (000000-0007FFh) is not protected from table reads executed in
      +                           other blocks
  1118   30000D                     	org	3145741
  1119   30000D  40                 	db	64
  1120                           tosu	equ	0xFFF
  1121                           tosh	equ	0xFFE
  1122                           tosl	equ	0xFFD
  1123                           stkptr	equ	0xFFC
  1124                           pclatu	equ	0xFFB
  1125                           pclath	equ	0xFFA
  1126                           pcl	equ	0xFF9
  1127                           tblptru	equ	0xFF8
  1128                           tblptrh	equ	0xFF7
  1129                           tblptrl	equ	0xFF6
  1130                           tablat	equ	0xFF5
  1131                           prodh	equ	0xFF4
  1132                           prodl	equ	0xFF3
  1133                           indf0	equ	0xFEF
  1134                           postinc0	equ	0xFEE
  1135                           postdec0	equ	0xFED
  1136                           preinc0	equ	0xFEC
  1137                           plusw0	equ	0xFEB
  1138                           fsr0h	equ	0xFEA
  1139                           fsr0l	equ	0xFE9
  1140                           wreg	equ	0xFE8
  1141                           indf1	equ	0xFE7
  1142                           postinc1	equ	0xFE6
  1143                           postdec1	equ	0xFE5
  1144                           preinc1	equ	0xFE4
  1145                           plusw1	equ	0xFE3
  1146                           fsr1h	equ	0xFE2
  1147                           fsr1l	equ	0xFE1
  1148                           bsr	equ	0xFE0
  1149                           indf2	equ	0xFDF
  1150                           postinc2	equ	0xFDE
  1151                           postdec2	equ	0xFDD
  1152                           preinc2	equ	0xFDC
  1153                           plusw2	equ	0xFDB
  1154                           fsr2h	equ	0xFDA
  1155                           fsr2l	equ	0xFD9
  1156                           status	equ	0xFD8

Data Sizes:
    Strings     0
    Constant    0
    Data        14
    BSS         5
    Persistent  0
    Stack       0

Auto Spaces:
    Space          Size  Autos    Used
    COMRAM           94     19      38
    BANK0           160      0       0
    BANK1           256      0       0
    BANK2           256      0       0
    BANK3           256      0       0
    BANK4           256      0       0
    BANK5           256      0       0
    BANK6           256      0       0
    BANK7           256      0       0

Pointer List with Targets:

    None.

Critical Paths under _main in COMRAM

    _main->___lwdiv
    ___lwdiv->___lwmod

Critical Paths under _TIMER0_ISR in COMRAM

    None.

Critical Paths under _main in BANK0

    None.

Critical Paths under _TIMER0_ISR in BANK0

    None.

Critical Paths under _main in BANK1

    None.

Critical Paths under _TIMER0_ISR in BANK1

    None.

Critical Paths under _main in BANK2

    None.

Critical Paths under _TIMER0_ISR in BANK2

    None.

Critical Paths under _main in BANK3

    None.

Critical Paths under _TIMER0_ISR in BANK3

    None.

Critical Paths under _main in BANK4

    None.

Critical Paths under _TIMER0_ISR in BANK4

    None.

Critical Paths under _main in BANK5

    None.

Critical Paths under _TIMER0_ISR in BANK5

    None.

Critical Paths under _main in BANK6

    None.

Critical Paths under _TIMER0_ISR in BANK6

    None.

Critical Paths under _main in BANK7

    None.

Critical Paths under _TIMER0_ISR in BANK7

    None.

Call Graph Tables:

 ---------------------------------------------------------------------------------
 (Depth) Function   	        Calls       Base Space   Used Autos Params    Refs
 ---------------------------------------------------------------------------------
 (0) _main                                                 9     9      0    1892
                                             12 COMRAM     7     7      0
                   _Init_Gpio_System
           _Init_Internal_Oscillator
               _Init_Timer0_As_Timer
              _Init_Timer0_Interrupt
                            ___lwdiv
                            ___lwmod
 ---------------------------------------------------------------------------------
 (1) ___lwmod                                              5     1      4    1071
                                              0 COMRAM     5     1      4
 ---------------------------------------------------------------------------------
 (1) ___lwdiv                                              7     3      4     618
                                              5 COMRAM     7     3      4
                            ___lwmod (ARG)
 ---------------------------------------------------------------------------------
 (1) _Init_Timer0_Interrupt                                0     0      0       0
 ---------------------------------------------------------------------------------
 (1) _Init_Timer0_As_Timer                                 0     0      0       0
 ---------------------------------------------------------------------------------
 (1) _Init_Internal_Oscillator                             0     0      0       0
 ---------------------------------------------------------------------------------
 (1) _Init_Gpio_System                                     0     0      0       0
 ---------------------------------------------------------------------------------
 Estimated maximum stack depth 1
 ---------------------------------------------------------------------------------
 (Depth) Function   	        Calls       Base Space   Used Autos Params    Refs
 ---------------------------------------------------------------------------------
 (2) _TIMER0_ISR                                           0     0      0       0
 ---------------------------------------------------------------------------------
 Estimated maximum stack depth 2
 ---------------------------------------------------------------------------------

 Call Graph Graphs:

 _main (ROOT)
   _Init_Gpio_System
   _Init_Internal_Oscillator
   _Init_Timer0_As_Timer
   _Init_Timer0_Interrupt
   ___lwdiv
     ___lwmod (ARG)
   ___lwmod

 _TIMER0_ISR (ROOT)

 Address spaces:
Name               Size   Autos  Total    Cost      Usage
BIGRAM             7FF      0       0      30        0.0%
EEDATA             100      0       0       0        0.0%
BITBANK7           100      0       0      18        0.0%
BANK7              100      0       0      19        0.0%
BITBANK6           100      0       0      16        0.0%
BANK6              100      0       0      17        0.0%
BITBANK5           100      0       0      14        0.0%
BANK5              100      0       0      15        0.0%
BITBANK4           100      0       0      12        0.0%
BANK4              100      0       0      13        0.0%
BITBANK3           100      0       0      10        0.0%
BANK3              100      0       0      11        0.0%
BITBANK2           100      0       0       8        0.0%
BANK2              100      0       0       9        0.0%
BITBANK1           100      0       0       6        0.0%
BANK1              100      0       0       7        0.0%
BITBANK0            A0      0       0       4        0.0%
BANK0               A0      0       0       5        0.0%
BITCOMRAM           5E      0       0       0        0.0%
COMRAM              5E     13      26       1       40.4%
BITBIGSFRllhhhl     3A      0       0      24        0.0%
BITBIGSFRllll       2A      0       0      28        0.0%
BITBIGSFRlh         1B      0       0      21        0.0%
BITBIGSFRh           D      0       0      20        0.0%
BITBIGSFRllhl        6      0       0      26        0.0%
BITBIGSFRllhhhh      2      0       0      23        0.0%
BITBIGSFRllhhhh      1      0       0      22        0.0%
BITBIGSFRllhhl       1      0       0      25        0.0%
BITBIGSFRlllh        1      0       0      27        0.0%
BIGSFR               0      0       0     200        0.0%
BITSFR               0      0       0     200        0.0%
SFR                  0      0       0     200        0.0%
STACK                0      0       0       2        0.0%
NULL                 0      0       0       0        0.0%
ABS                  0      0      26      29        0.0%
DATA                 0      0      26       3        0.0%
CODE                 0      0       0       0        0.0%


Microchip Technology PIC18 Macro Assembler V2.41 build 20230208172133 
Symbol Table                                                                                   Tue May 30 17:05:29 2023

                              l60 02B6                                l63 02DC                                l66 02CA  
                              l69 02F8                               l570 01C0                               l563 01B8  
                             l580 0224                               l901 018C                               l573 021C  
                             l903 01A2                               l911 01C2                               l905 01AA  
                             l921 0208                               l913 01D4                               l907 01AC  
                             l923 0210                               l915 01DC                               l931 001E  
                             l861 02C2                               l909 01B2                               l925 0216  
                             l917 01E4                               l941 005E                               l933 0022  
                             l871 02D0                               l855 02EC                               l863 02C4  
                             l919 01F2                               l951 010A                               l943 008A  
                             l935 0028                               l927 0012                               l873 02D4  
                             l881 02A2                               l865 02C6                               l857 02B8  
                             l953 0122                               l945 00A6                               l937 0046  
                             l929 001A                               l883 02A4                               l875 029A  
                             l867 02C8                               l859 02C0                               l891 0156  
                             l947 00D2                               l939 0046                               l869 02CC  
                             l885 02A6                               l877 029E                               l893 0168  
                             l949 00EE                               l887 02B4                               l879 02A0  
                             l895 0170                               l897 0178                               l889 014E  
                             l899 0186                               u110 0168                               u111 0164  
                             u120 0186                               u121 0182                               u130 01A2  
                             u131 019E                               u140 01D4                               u141 01D0  
                             u150 01F2                               u151 01EE                               u160 0208  
                             u161 0204                               u174 003A                               u175 0036  
                            _LATB 0F8A                              _LATD 0F8C                              i2l48 025C  
                            i2l49 0262                              _RCON 0FD0                              _main 0012  
                            indf2 0FDF                              fsr1l 0FE1                              fsr2l 0FD9  
                            btemp 0027                              start 000E                      ___param_bank 0000  
                     ?_TIMER0_ISR 0001                 ?_Init_Gpio_System 0001                             ?_main 0001  
                           _T0CON 0FD5                   __end_of___lwdiv 01C2                   __end_of___lwmod 0226  
                           i2l821 0244                             i2l823 0258                             i2l825 0260  
                           i2l817 0228                             i2l819 0236                ??_Init_Gpio_System 0001  
                           _TMR0L 0FD6                             _TRISB 0F93                             _TRISD 0F95  
                           tablat 0FF5                             ttemp5 0028                             ttemp6 002B  
                           ttemp7 002F                             status 0FD8                             wtemp8 0028  
                 __initialization 0266                      __end_of_main 014E                            ??_main 000D  
                   __activetblptr 0000                            _INTCON 0FF2                            _OSCCON 0FD3  
                          i2u7_40 0236                            i2u7_41 0232                            i2u8_40 0244  
                          i2u8_41 0240                            i2u9_40 0258                            i2u9_41 0254  
                       ??___lwdiv 000A                         ??___lwmod 0005                            isa$std 0001  
                    __pdataCOMRAM 0014             _Init_Timer0_Interrupt 02B8                            tblptrh 0FF7  
                          tblptrl 0FF6                            tblptru 0FF8                        __accesstop 0060  
         __end_of__initialization 0290                     ___rparam_used 0001                    __pcstackCOMRAM 0001  
                    ??_TIMER0_ISR 0001         ?_Init_Internal_Oscillator 0001            ?_Init_Timer0_Interrupt 0001  
              __end_of_TIMER0_ISR 0266                           __Hparam 0000                           __Lparam 0000  
                         ___lwdiv 014E                           ___lwmod 01C2      __end_of_Init_Timer0_As_Timer 02B8  
                         __pcinit 0266                           __ramtop 0800                           __ptext0 0012  
                         __ptext1 01C2                           __ptext2 014E                           __ptext3 02B8  
                         __ptext4 029A                           __ptext5 02EC                           __ptext6 02CC  
                       _T0CONbits 0FD5                           _mensaje 001E                    __pintcode_body 0226  
            end_of_initialization 0290                           int_func 0226                           postdec1 0FE5  
                      _num_decode 0022                           postinc0 0FEE                     __pidataCOMRAM 02DE  
             start_initialization 0266                  _Init_Gpio_System 02CC              _Init_Timer0_As_Timer 029A  
__end_of_Init_Internal_Oscillator 02FA           ??_Init_Timer0_Interrupt 0001                       __pbssCOMRAM 0022  
           ?_Init_Timer0_As_Timer 0001                  ___lwdiv@dividend 0006                         __pintcode 0008  
                        ?___lwdiv 0006                          ?___lwmod 0001                  ___lwdiv@quotient 000A  
        _Init_Internal_Oscillator 02EC                          _RCONbits 0FD0                         copy_data0 027A  
          ??_Init_Timer0_As_Timer 0001                          __Hrparam 0000                          __Lrparam 0000  
        __end_of_Init_Gpio_System 02DE                          _main$898 0011                          _main$899 000F  
                 ___lwdiv@divisor 0008                   ___lwdiv@counter 000C                          _num_disp 0014  
                        isa$xinst 0000                          int$flags 0027                     _timer_counter 0026  
   __end_of_Init_Timer0_Interrupt 02CC                        _INTCONbits 0FF2                          intlevel2 0000  
                 main@mux_control 0013                  ___lwmod@dividend 0001                        _OSCCONbits 0FD3  
                      _TIMER0_ISR 0008                   ___lwmod@divisor 0003                   ___lwmod@counter 0005  
      ??_Init_Internal_Oscillator 0001  
