

Microchip MPLAB XC8 Assembler V2.32 build 20210201212658 
                                                                                               Sun Jun 25 02:09:22 2023

Microchip MPLAB XC8 C Compiler v2.32 (Free license) build 20210201212658 Og1 
     1                           	processor	18F4550
     2                           	fnconf	rparam,??,?,0
     3                           	pagewidth 120
     4                           	opt	flic
     5                           	psect	cinit,global,reloc=2,class=CODE,delta=1
     6                           	psect	cstackCOMRAM,global,class=COMRAM,space=1,delta=1,lowdata,noexec
     7                           	psect	text0,global,reloc=2,class=CODE,delta=1
     8                           	psect	text1,global,reloc=2,class=CODE,delta=1
     9                           	psect	text2,global,reloc=2,class=CODE,delta=1
    10                           	psect	intcode,global,reloc=2,class=CODE,delta=1
    11                           	psect	intcode_body,global,reloc=2,class=CODE,delta=1
    12                           	psect	intsave_regs,global,class=BIGRAM,space=1,delta=1,noexec
    13                           	psect	rparam,global,class=COMRAM,space=1,delta=1,noexec
    14                           	psect	temp,global,ovrld,common,class=COMRAM,space=1,delta=1
    15                           	psect	idloc,global,abs,ovrld,class=IDLOC,space=5,delta=1,noexec
    16                           	psect	config,global,abs,ovrld,class=CONFIG,space=4,delta=1,noexec
    17  0000                     
    18                           ; Version 2.40
    19                           ; Generated 17/11/2021 GMT
    20                           ; 
    21                           ; Copyright © 2021, Microchip Technology Inc. and its subsidiaries ("Microchip")
    22                           ; All rights reserved.
    23                           ; 
    24                           ; This software is developed by Microchip Technology Inc. and its subsidiaries ("Microch
      +                          ip").
    25                           ; 
    26                           ; Redistribution and use in source and binary forms, with or without modification, are
    27                           ; permitted provided that the following conditions are met:
    28                           ; 
    29                           ;     1. Redistributions of source code must retain the above copyright notice, this lis
      +                          t of
    30                           ;        conditions and the following disclaimer.
    31                           ; 
    32                           ;     2. Redistributions in binary form must reproduce the above copyright notice, this 
      +                          list
    33                           ;        of conditions and the following disclaimer in the documentation and/or other
    34                           ;        materials provided with the distribution. Publication is not required when
    35                           ;        this file is used in an embedded application.
    36                           ; 
    37                           ;     3. Microchip's name may not be used to endorse or promote products derived from th
      +                          is
    38                           ;        software without specific prior written permission.
    39                           ; 
    40                           ; THIS SOFTWARE IS PROVIDED BY MICROCHIP "AS IS" AND ANY EXPRESS OR IMPLIED WARRANTIES,
    41                           ; INCLUDING, BUT NOT LIMITED TO, THE IMPLIED WARRANTIES OF MERCHANTABILITY AND FITNESS F
      +                          OR
    42                           ; PURPOSE ARE DISCLAIMED.  IN NO EVENT SHALL MICROCHIP BE LIABLE FOR ANY DIRECT, INDIREC
      +                          T,
    43                           ; INCIDENTAL, SPECIAL, EXEMPLARY, OR CONSEQUENTIAL DAMAGES (INCLUDING BUT NOT LIMITED TO
    44                           ; PROCUREMENT OF SUBSTITUTE GOODS OR SERVICES; LOSS OF USE, DATA OR PROFITS; OR BUSINESS
    45                           ; INTERRUPTION) HOWSOEVER CAUSED AND ON ANY THEORY OF LIABILITY, WHETHER IN CONTRACT, ST
      +                          RICT
    46                           ; LIABILITY, OR TORT (INCLUDING NEGLIGENCE OR OTHERWISE) ARISING IN ANY WAY OUT OF THE U
      +                          SE OF
    47                           ; THIS SOFTWARE, EVEN IF ADVISED OF THE POSSIBILITY OF SUCH DAMAGE.
    48                           ; 
    49                           ; 
    50                           ; Code-generator required, PIC18F4550 Definitions
    51                           ; 
    52                           ; SFR Addresses
    53  0000                     _OSCCONbits	set	4051
    54  0000                     _OSCCON	set	4051
    55  0000                     _TMR2	set	4044
    56  0000                     _T2CONbits	set	4042
    57  0000                     _CCP1CONbits	set	4029
    58  0000                     _CCPR1L	set	4030
    59  0000                     _PR2	set	4043
    60  0000                     _TRISCbits	set	3988
    61  0000                     _LATDbits	set	3980
    62  0000                     _TRISDbits	set	3989
    63                           
    64                           ; #config settings
    65                           
    66                           	psect	cinit
    67  000084                     __pcinit:
    68                           	callstack 0
    69  000084                     start_initialization:
    70                           	callstack 0
    71  000084                     __initialization:
    72                           	callstack 0
    73  000084                     end_of_initialization:
    74                           	callstack 0
    75  000084                     __end_of__initialization:
    76                           	callstack 0
    77  000084  9003               	bcf	int$flags,0,c	;clear compiler interrupt flag (level 1)
    78  000086  9203               	bcf	int$flags,1,c	;clear compiler interrupt flag (level 2)
    79  000088  0100               	movlb	0
    80  00008A  EF09  F000         	goto	_main	;jump to C main() function
    81                           
    82                           	psect	cstackCOMRAM
    83  000001                     __pcstackCOMRAM:
    84                           	callstack 0
    85  000001                     ??_main:
    86  000001                     
    87                           ; 2 bytes @ 0x0
    88  000001                     	ds	2
    89                           
    90 ;;
    91 ;;Main: autosize = 0, tempsize = 2, incstack = 0, save=0
    92 ;;
    93 ;; *************** function _main *****************
    94 ;; Defined at:
    95 ;;		line 32 in file "main.c"
    96 ;; Parameters:    Size  Location     Type
    97 ;;		None
    98 ;; Auto vars:     Size  Location     Type
    99 ;;		None
   100 ;; Return value:  Size  Location     Type
   101 ;;                  2   35[None  ] int 
   102 ;; Registers used:
   103 ;;		wreg, status,2, status,0, cstack
   104 ;; Tracked objects:
   105 ;;		On entry : 0/0
   106 ;;		On exit  : 0/0
   107 ;;		Unchanged: 0/0
   108 ;; Data sizes:     COMRAM   BANK0   BANK1   BANK2   BANK3   BANK4   BANK5   BANK6   BANK7
   109 ;;      Params:         0       0       0       0       0       0       0       0       0
   110 ;;      Locals:         0       0       0       0       0       0       0       0       0
   111 ;;      Temps:          2       0       0       0       0       0       0       0       0
   112 ;;      Totals:         2       0       0       0       0       0       0       0       0
   113 ;;Total ram usage:        2 bytes
   114 ;; Hardware stack levels required when called: 2
   115 ;; This function calls:
   116 ;;		_Init_Internal_Oscillator
   117 ;;		_Init_PWM
   118 ;; This function is called by:
   119 ;;		Startup code after reset
   120 ;; This function uses a non-reentrant model
   121 ;;
   122                           
   123                           	psect	text0
   124  000012                     __ptext0:
   125                           	callstack 0
   126  000012                     _main:
   127                           	callstack 29
   128  000012                     
   129                           ;main.c: 35:     Init_Internal_Oscillator();
   130  000012  EC3B  F000         	call	_Init_Internal_Oscillator	;wreg free
   131                           
   132                           ;main.c: 37:     Init_PWM();
   133  000016  EC2C  F000         	call	_Init_PWM	;wreg free
   134  00001A                     
   135                           ;main.c: 39:     TRISDbits.RD0 = 0;
   136  00001A  9095               	bcf	149,0,c	;volatile
   137  00001C                     l733:
   138                           
   139                           ;main.c: 42:         LATDbits.LATD0 = !LATDbits.LATD0;
   140  00001C  A08C               	btfss	140,0,c	;volatile
   141  00001E  EF13  F000         	goto	u11
   142  000022  EF17  F000         	goto	u10
   143  000026                     u11:
   144  000026  6A01               	clrf	??_main^0,c
   145  000028  2A01               	incf	??_main^0,f,c
   146  00002A  EF18  F000         	goto	u28
   147  00002E                     u10:
   148  00002E  6A01               	clrf	??_main^0,c
   149  000030                     u28:
   150  000030  508C               	movf	140,w,c	;volatile
   151  000032  1801               	xorwf	??_main^0,w,c
   152  000034  0BFE               	andlw	-2
   153  000036  1801               	xorwf	??_main^0,w,c
   154  000038  6E8C               	movwf	140,c	;volatile
   155  00003A                     
   156                           ;main.c: 43:         _delay((unsigned long)((250)*(8000000UL/4000.0)));
   157  00003A  0E03               	movlw	3
   158  00003C  6E02               	movwf	(??_main+1)^0,c
   159  00003E  0E8A               	movlw	138
   160  000040  6E01               	movwf	??_main^0,c
   161  000042  0E56               	movlw	86
   162  000044                     u37:
   163  000044  2EE8               	decfsz	wreg,f,c
   164  000046  D7FE               	bra	u37
   165  000048  2E01               	decfsz	??_main^0,f,c
   166  00004A  D7FC               	bra	u37
   167  00004C  2E02               	decfsz	(??_main+1)^0,f,c
   168  00004E  D7FA               	bra	u37
   169  000050  EF0E  F000         	goto	l733
   170  000054  EF07  F000         	goto	start
   171  000058                     __end_of_main:
   172                           	callstack 0
   173                           
   174 ;; *************** function _Init_PWM *****************
   175 ;; Defined at:
   176 ;;		line 50 in file "main.c"
   177 ;; Parameters:    Size  Location     Type
   178 ;;		None
   179 ;; Auto vars:     Size  Location     Type
   180 ;;		None
   181 ;; Return value:  Size  Location     Type
   182 ;;                  1    wreg      void 
   183 ;; Registers used:
   184 ;;		wreg, status,2
   185 ;; Tracked objects:
   186 ;;		On entry : 0/0
   187 ;;		On exit  : 0/0
   188 ;;		Unchanged: 0/0
   189 ;; Data sizes:     COMRAM   BANK0   BANK1   BANK2   BANK3   BANK4   BANK5   BANK6   BANK7
   190 ;;      Params:         0       0       0       0       0       0       0       0       0
   191 ;;      Locals:         0       0       0       0       0       0       0       0       0
   192 ;;      Temps:          0       0       0       0       0       0       0       0       0
   193 ;;      Totals:         0       0       0       0       0       0       0       0       0
   194 ;;Total ram usage:        0 bytes
   195 ;; Hardware stack levels used: 1
   196 ;; Hardware stack levels required when called: 1
   197 ;; This function calls:
   198 ;;		Nothing
   199 ;; This function is called by:
   200 ;;		_main
   201 ;; This function uses a non-reentrant model
   202 ;;
   203                           
   204                           	psect	text1
   205  000058                     __ptext1:
   206                           	callstack 0
   207  000058                     _Init_PWM:
   208                           	callstack 29
   209  000058                     
   210                           ;main.c: 53:     TRISCbits.RC2 = 0;
   211  000058  9494               	bcf	148,2,c	;volatile
   212  00005A                     
   213                           ;main.c: 70:     PR2 = 249;
   214  00005A  0EF9               	movlw	249
   215  00005C  6ECB               	movwf	203,c	;volatile
   216                           
   217                           ;main.c: 86:     CCPR1L = 0b01111101;
   218  00005E  0E7D               	movlw	125
   219  000060  6EBE               	movwf	190,c	;volatile
   220                           
   221                           ;main.c: 87:     CCP1CONbits.DC1B = 0b00;
   222  000062  0ECF               	movlw	-49
   223  000064  16BD               	andwf	189,f,c	;volatile
   224                           
   225                           ;main.c: 91:     CCP1CONbits.CCP1M = 0b1111;
   226  000066  0E0F               	movlw	15
   227  000068  12BD               	iorwf	189,f,c	;volatile
   228                           
   229                           ;main.c: 94:     T2CONbits.T2CKPS = 0b11;
   230  00006A  0E03               	movlw	3
   231  00006C  12CA               	iorwf	202,f,c	;volatile
   232                           
   233                           ;main.c: 97:     TMR2 = 0;
   234  00006E  0E00               	movlw	0
   235  000070  6ECC               	movwf	204,c	;volatile
   236  000072                     
   237                           ;main.c: 100:     T2CONbits.TMR2ON = 1;
   238  000072  84CA               	bsf	202,2,c	;volatile
   239  000074  0012               	return		;funcret
   240  000076                     __end_of_Init_PWM:
   241                           	callstack 0
   242                           
   243 ;; *************** function _Init_Internal_Oscillator *****************
   244 ;; Defined at:
   245 ;;		line 103 in file "main.c"
   246 ;; Parameters:    Size  Location     Type
   247 ;;		None
   248 ;; Auto vars:     Size  Location     Type
   249 ;;		None
   250 ;; Return value:  Size  Location     Type
   251 ;;                  1    wreg      void 
   252 ;; Registers used:
   253 ;;		wreg, status,2
   254 ;; Tracked objects:
   255 ;;		On entry : 0/0
   256 ;;		On exit  : 0/0
   257 ;;		Unchanged: 0/0
   258 ;; Data sizes:     COMRAM   BANK0   BANK1   BANK2   BANK3   BANK4   BANK5   BANK6   BANK7
   259 ;;      Params:         0       0       0       0       0       0       0       0       0
   260 ;;      Locals:         0       0       0       0       0       0       0       0       0
   261 ;;      Temps:          0       0       0       0       0       0       0       0       0
   262 ;;      Totals:         0       0       0       0       0       0       0       0       0
   263 ;;Total ram usage:        0 bytes
   264 ;; Hardware stack levels used: 1
   265 ;; Hardware stack levels required when called: 1
   266 ;; This function calls:
   267 ;;		Nothing
   268 ;; This function is called by:
   269 ;;		_main
   270 ;; This function uses a non-reentrant model
   271 ;;
   272                           
   273                           	psect	text2
   274  000076                     __ptext2:
   275                           	callstack 0
   276  000076                     _Init_Internal_Oscillator:
   277                           	callstack 29
   278  000076                     
   279                           ;main.c: 106:     OSCCON = 0x00;
   280  000076  0E00               	movlw	0
   281  000078  6ED3               	movwf	211,c	;volatile
   282                           
   283                           ;main.c: 108:     OSCCONbits.IRCF = 0b111;
   284  00007A  0E70               	movlw	112
   285  00007C  12D3               	iorwf	211,f,c	;volatile
   286                           
   287                           ;main.c: 109:     OSCCONbits.SCS = 0b11;
   288  00007E  0E03               	movlw	3
   289  000080  12D3               	iorwf	211,f,c	;volatile
   290  000082  0012               	return		;funcret
   291  000084                     __end_of_Init_Internal_Oscillator:
   292                           	callstack 0
   293                           
   294 ;; *************** function _ISR *****************
   295 ;; Defined at:
   296 ;;		line 21 in file "main.c"
   297 ;; Parameters:    Size  Location     Type
   298 ;;		None
   299 ;; Auto vars:     Size  Location     Type
   300 ;;		None
   301 ;; Return value:  Size  Location     Type
   302 ;;                  1    wreg      void 
   303 ;; Registers used:
   304 ;;		None
   305 ;; Tracked objects:
   306 ;;		On entry : 0/0
   307 ;;		On exit  : 0/0
   308 ;;		Unchanged: 0/0
   309 ;; Data sizes:     COMRAM   BANK0   BANK1   BANK2   BANK3   BANK4   BANK5   BANK6   BANK7
   310 ;;      Params:         0       0       0       0       0       0       0       0       0
   311 ;;      Locals:         0       0       0       0       0       0       0       0       0
   312 ;;      Temps:          0       0       0       0       0       0       0       0       0
   313 ;;      Totals:         0       0       0       0       0       0       0       0       0
   314 ;;Total ram usage:        0 bytes
   315 ;; Hardware stack levels used: 1
   316 ;; This function calls:
   317 ;;		Nothing
   318 ;; This function is called by:
   319 ;;		Interrupt level 2
   320 ;; This function uses a non-reentrant model
   321 ;;
   322                           
   323                           	psect	intcode
   324  000008                     __pintcode:
   325                           	callstack 0
   326  000008                     _ISR:
   327                           	callstack 29
   328                           
   329                           ;incstack = 0
   330  000008  8203               	bsf	int$flags,1,c	;set compiler interrupt flag (level 2)
   331  00000A  ED47  F000         	call	int_func,f	;refresh shadow registers
   332                           
   333                           	psect	intcode_body
   334  00008E                     __pintcode_body:
   335                           	callstack 29
   336  00008E                     int_func:
   337                           	callstack 29
   338  00008E  0006               	pop		; remove dummy address from shadow register refresh
   339  000090  9203               	bcf	int$flags,1,c	;clear compiler interrupt flag (level 2)
   340  000092  0011               	retfie		f
   341  000094                     __end_of_ISR:
   342                           	callstack 0
   343  0000                     
   344                           	psect	rparam
   345  0000                     
   346                           	psect	temp
   347  000003                     btemp:
   348                           	callstack 0
   349  000003                     	ds	1
   350  0000                     int$flags	set	btemp
   351  0000                     wtemp8	set	btemp+1
   352  0000                     ttemp5	set	btemp+1
   353  0000                     ttemp6	set	btemp+4
   354  0000                     ttemp7	set	btemp+8
   355                           
   356                           	psect	idloc
   357                           
   358                           ;Config register IDLOC0 @ 0x200000
   359                           ;	unspecified, using default values
   360  200000                     	org	2097152
   361  200000  FF                 	db	255
   362                           
   363                           ;Config register IDLOC1 @ 0x200001
   364                           ;	unspecified, using default values
   365  200001                     	org	2097153
   366  200001  FF                 	db	255
   367                           
   368                           ;Config register IDLOC2 @ 0x200002
   369                           ;	unspecified, using default values
   370  200002                     	org	2097154
   371  200002  FF                 	db	255
   372                           
   373                           ;Config register IDLOC3 @ 0x200003
   374                           ;	unspecified, using default values
   375  200003                     	org	2097155
   376  200003  FF                 	db	255
   377                           
   378                           ;Config register IDLOC4 @ 0x200004
   379                           ;	unspecified, using default values
   380  200004                     	org	2097156
   381  200004  FF                 	db	255
   382                           
   383                           ;Config register IDLOC5 @ 0x200005
   384                           ;	unspecified, using default values
   385  200005                     	org	2097157
   386  200005  FF                 	db	255
   387                           
   388                           ;Config register IDLOC6 @ 0x200006
   389                           ;	unspecified, using default values
   390  200006                     	org	2097158
   391  200006  FF                 	db	255
   392                           
   393                           ;Config register IDLOC7 @ 0x200007
   394                           ;	unspecified, using default values
   395  200007                     	org	2097159
   396  200007  FF                 	db	255
   397                           
   398                           	psect	config
   399                           
   400                           ;Config register CONFIG1L @ 0x300000
   401                           ;	PLL Prescaler Selection bits
   402                           ;	PLLDIV = 1, No prescale (4 MHz oscillator input drives PLL directly)
   403                           ;	System Clock Postscaler Selection bits
   404                           ;	CPUDIV = OSC1_PLL2, [Primary Oscillator Src: /1][96 MHz PLL Src: /2]
   405                           ;	USB Clock Selection bit (used in Full-Speed USB mode only; UCFG:FSEN = 1)
   406                           ;	USBDIV = 1, USB clock source comes directly from the primary oscillator block with no 
      +                          postscale
   407  300000                     	org	3145728
   408  300000  00                 	db	0
   409                           
   410                           ;Config register CONFIG1H @ 0x300001
   411                           ;	Oscillator Selection bits
   412                           ;	FOSC = INTOSC_HS, Internal oscillator, HS oscillator used by USB (INTHS)
   413                           ;	Fail-Safe Clock Monitor Enable bit
   414                           ;	FCMEN = OFF, Fail-Safe Clock Monitor disabled
   415                           ;	Internal/External Oscillator Switchover bit
   416                           ;	IESO = OFF, Oscillator Switchover mode disabled
   417  300001                     	org	3145729
   418  300001  0B                 	db	11
   419                           
   420                           ;Config register CONFIG2L @ 0x300002
   421                           ;	Power-up Timer Enable bit
   422                           ;	PWRT = OFF, PWRT disabled
   423                           ;	Brown-out Reset Enable bits
   424                           ;	BOR = OFF, Brown-out Reset disabled in hardware and software
   425                           ;	Brown-out Reset Voltage bits
   426                           ;	BORV = 3, Minimum setting 2.05V
   427                           ;	USB Voltage Regulator Enable bit
   428                           ;	VREGEN = OFF, USB voltage regulator disabled
   429  300002                     	org	3145730
   430  300002  19                 	db	25
   431                           
   432                           ;Config register CONFIG2H @ 0x300003
   433                           ;	Watchdog Timer Enable bit
   434                           ;	WDT = OFF, WDT disabled (control is placed on the SWDTEN bit)
   435                           ;	Watchdog Timer Postscale Select bits
   436                           ;	WDTPS = 32768, 1:32768
   437  300003                     	org	3145731
   438  300003  1E                 	db	30
   439                           
   440                           ; Padding undefined space
   441  300004                     	org	3145732
   442  300004  FF                 	db	255
   443                           
   444                           ;Config register CONFIG3H @ 0x300005
   445                           ;	CCP2 MUX bit
   446                           ;	CCP2MX = OFF, CCP2 input/output is multiplexed with RB3
   447                           ;	PORTB A/D Enable bit
   448                           ;	PBADEN = OFF, PORTB<4:0> pins are configured as digital I/O on Reset
   449                           ;	Low-Power Timer 1 Oscillator Enable bit
   450                           ;	LPT1OSC = OFF, Timer1 configured for higher power operation
   451                           ;	MCLR Pin Enable bit
   452                           ;	MCLRE = ON, MCLR pin enabled; RE3 input pin disabled
   453  300005                     	org	3145733
   454  300005  80                 	db	128
   455                           
   456                           ;Config register CONFIG4L @ 0x300006
   457                           ;	Stack Full/Underflow Reset Enable bit
   458                           ;	STVREN = OFF, Stack full/underflow will not cause Reset
   459                           ;	Single-Supply ICSP Enable bit
   460                           ;	LVP = OFF, Single-Supply ICSP disabled
   461                           ;	Dedicated In-Circuit Debug/Programming Port (ICPORT) Enable bit
   462                           ;	ICPRT = OFF, ICPORT disabled
   463                           ;	Extended Instruction Set Enable bit
   464                           ;	XINST = OFF, Instruction set extension and Indexed Addressing mode disabled (Legacy mo
      +                          de)
   465                           ;	Background Debugger Enable bit
   466                           ;	DEBUG = 0x1, unprogrammed default
   467  300006                     	org	3145734
   468  300006  80                 	db	128
   469                           
   470                           ; Padding undefined space
   471  300007                     	org	3145735
   472  300007  FF                 	db	255
   473                           
   474                           ;Config register CONFIG5L @ 0x300008
   475                           ;	Code Protection bit
   476                           ;	CP0 = OFF, Block 0 (000800-001FFFh) is not code-protected
   477                           ;	Code Protection bit
   478                           ;	CP1 = OFF, Block 1 (002000-003FFFh) is not code-protected
   479                           ;	Code Protection bit
   480                           ;	CP2 = OFF, Block 2 (004000-005FFFh) is not code-protected
   481                           ;	Code Protection bit
   482                           ;	CP3 = OFF, Block 3 (006000-007FFFh) is not code-protected
   483  300008                     	org	3145736
   484  300008  0F                 	db	15
   485                           
   486                           ;Config register CONFIG5H @ 0x300009
   487                           ;	Boot Block Code Protection bit
   488                           ;	CPB = OFF, Boot block (000000-0007FFh) is not code-protected
   489                           ;	Data EEPROM Code Protection bit
   490                           ;	CPD = OFF, Data EEPROM is not code-protected
   491  300009                     	org	3145737
   492  300009  C0                 	db	192
   493                           
   494                           ;Config register CONFIG6L @ 0x30000A
   495                           ;	Write Protection bit
   496                           ;	WRT0 = OFF, Block 0 (000800-001FFFh) is not write-protected
   497                           ;	Write Protection bit
   498                           ;	WRT1 = OFF, Block 1 (002000-003FFFh) is not write-protected
   499                           ;	Write Protection bit
   500                           ;	WRT2 = OFF, Block 2 (004000-005FFFh) is not write-protected
   501                           ;	Write Protection bit
   502                           ;	WRT3 = OFF, Block 3 (006000-007FFFh) is not write-protected
   503  30000A                     	org	3145738
   504  30000A  0F                 	db	15
   505                           
   506                           ;Config register CONFIG6H @ 0x30000B
   507                           ;	Configuration Register Write Protection bit
   508                           ;	WRTC = OFF, Configuration registers (300000-3000FFh) are not write-protected
   509                           ;	Boot Block Write Protection bit
   510                           ;	WRTB = OFF, Boot block (000000-0007FFh) is not write-protected
   511                           ;	Data EEPROM Write Protection bit
   512                           ;	WRTD = OFF, Data EEPROM is not write-protected
   513  30000B                     	org	3145739
   514  30000B  E0                 	db	224
   515                           
   516                           ;Config register CONFIG7L @ 0x30000C
   517                           ;	Table Read Protection bit
   518                           ;	EBTR0 = OFF, Block 0 (000800-001FFFh) is not protected from table reads executed in ot
      +                          her blocks
   519                           ;	Table Read Protection bit
   520                           ;	EBTR1 = OFF, Block 1 (002000-003FFFh) is not protected from table reads executed in ot
      +                          her blocks
   521                           ;	Table Read Protection bit
   522                           ;	EBTR2 = OFF, Block 2 (004000-005FFFh) is not protected from table reads executed in ot
      +                          her blocks
   523                           ;	Table Read Protection bit
   524                           ;	EBTR3 = OFF, Block 3 (006000-007FFFh) is not protected from table reads executed in ot
      +                          her blocks
   525  30000C                     	org	3145740
   526  30000C  0F                 	db	15
   527                           
   528                           ;Config register CONFIG7H @ 0x30000D
   529                           ;	Boot Block Table Read Protection bit
   530                           ;	EBTRB = OFF, Boot block (000000-0007FFh) is not protected from table reads executed in
      +                           other blocks
   531  30000D                     	org	3145741
   532  30000D  40                 	db	64
   533                           tosu	equ	0xFFF
   534                           tosh	equ	0xFFE
   535                           tosl	equ	0xFFD
   536                           stkptr	equ	0xFFC
   537                           pclatu	equ	0xFFB
   538                           pclath	equ	0xFFA
   539                           pcl	equ	0xFF9
   540                           tblptru	equ	0xFF8
   541                           tblptrh	equ	0xFF7
   542                           tblptrl	equ	0xFF6
   543                           tablat	equ	0xFF5
   544                           prodh	equ	0xFF4
   545                           prodl	equ	0xFF3
   546                           indf0	equ	0xFEF
   547                           postinc0	equ	0xFEE
   548                           postdec0	equ	0xFED
   549                           preinc0	equ	0xFEC
   550                           plusw0	equ	0xFEB
   551                           fsr0h	equ	0xFEA
   552                           fsr0l	equ	0xFE9
   553                           wreg	equ	0xFE8
   554                           indf1	equ	0xFE7
   555                           postinc1	equ	0xFE6
   556                           postdec1	equ	0xFE5
   557                           preinc1	equ	0xFE4
   558                           plusw1	equ	0xFE3
   559                           fsr1h	equ	0xFE2
   560                           fsr1l	equ	0xFE1
   561                           bsr	equ	0xFE0
   562                           indf2	equ	0xFDF
   563                           postinc2	equ	0xFDE
   564                           postdec2	equ	0xFDD
   565                           preinc2	equ	0xFDC
   566                           plusw2	equ	0xFDB
   567                           fsr2h	equ	0xFDA
   568                           fsr2l	equ	0xFD9
   569                           status	equ	0xFD8

Data Sizes:
    Strings     0
    Constant    0
    Data        0
    BSS         0
    Persistent  0
    Stack       0

Auto Spaces:
    Space          Size  Autos    Used
    COMRAM           94      2       2
    BANK0           160      0       0
    BANK1           256      0       0
    BANK2           256      0       0
    BANK3           256      0       0
    BANK4           256      0       0
    BANK5           256      0       0
    BANK6           256      0       0
    BANK7           256      0       0

Pointer List with Targets:

    None.

Critical Paths under _main in COMRAM

    None.

Critical Paths under _ISR in COMRAM

    None.

Critical Paths under _main in BANK0

    None.

Critical Paths under _ISR in BANK0

    None.

Critical Paths under _main in BANK1

    None.

Critical Paths under _ISR in BANK1

    None.

Critical Paths under _main in BANK2

    None.

Critical Paths under _ISR in BANK2

    None.

Critical Paths under _main in BANK3

    None.

Critical Paths under _ISR in BANK3

    None.

Critical Paths under _main in BANK4

    None.

Critical Paths under _ISR in BANK4

    None.

Critical Paths under _main in BANK5

    None.

Critical Paths under _ISR in BANK5

    None.

Critical Paths under _main in BANK6

    None.

Critical Paths under _ISR in BANK6

    None.

Critical Paths under _main in BANK7

    None.

Critical Paths under _ISR in BANK7

    None.

Call Graph Tables:

 ---------------------------------------------------------------------------------
 (Depth) Function   	        Calls       Base Space   Used Autos Params    Refs
 ---------------------------------------------------------------------------------
 (0) _main                                                 2     2      0       0
                                              0 COMRAM     2     2      0
           _Init_Internal_Oscillator
                           _Init_PWM
 ---------------------------------------------------------------------------------
 (1) _Init_PWM                                             0     0      0       0
 ---------------------------------------------------------------------------------
 (1) _Init_Internal_Oscillator                             0     0      0       0
 ---------------------------------------------------------------------------------
 Estimated maximum stack depth 1
 ---------------------------------------------------------------------------------
 (Depth) Function   	        Calls       Base Space   Used Autos Params    Refs
 ---------------------------------------------------------------------------------
 (2) _ISR                                                  0     0      0       0
 ---------------------------------------------------------------------------------
 Estimated maximum stack depth 2
 ---------------------------------------------------------------------------------

 Call Graph Graphs:

 _main (ROOT)
   _Init_Internal_Oscillator
   _Init_PWM

 _ISR (ROOT)

 Address spaces:
Name               Size   Autos  Total    Cost      Usage
BITCOMRAM           5E      0       0       0        0.0%
EEDATA             100      0       0       0        0.0%
NULL                 0      0       0       0        0.0%
CODE                 0      0       0       0        0.0%
COMRAM              5E      2       2       1        2.1%
STACK                0      0       0       2        0.0%
DATA                 0      0       0       3        0.0%
BITBANK0            A0      0       0       4        0.0%
BANK0               A0      0       0       5        0.0%
BITBANK1           100      0       0       6        0.0%
BANK1              100      0       0       7        0.0%
BITBANK2           100      0       0       8        0.0%
BANK2              100      0       0       9        0.0%
BITBANK3           100      0       0      10        0.0%
BANK3              100      0       0      11        0.0%
BITBANK4           100      0       0      12        0.0%
BANK4              100      0       0      13        0.0%
BITBANK5           100      0       0      14        0.0%
BANK5              100      0       0      15        0.0%
BITBANK6           100      0       0      16        0.0%
BANK6              100      0       0      17        0.0%
BITBANK7           100      0       0      18        0.0%
BANK7              100      0       0      19        0.0%
ABS                  0      0       0      20        0.0%
BIGRAM             7FF      0       0      21        0.0%
BITSFR               0      0       0     200        0.0%
SFR                  0      0       0     200        0.0%


Microchip Technology PIC18 Macro Assembler V2.32 build 20210201212658 
Symbol Table                                                                                   Sun Jun 25 02:09:22 2023

                               l42 0074                                 l45 0082  
                               u10 002E                                 u11 0026  
                               u28 0030                                 u37 0044  
                              l721 0076                                l723 0058  
                              l731 001A                                l725 005A  
                              l733 001C                                l727 0072  
                              l735 003A                                l729 0012  
                              _PR2 000FCB                                _ISR 0008  
                              wreg 000FE8                               ?_ISR 0001  
                             i2l31 0090                               _TMR2 000FCC  
                             _main 0012                               btemp 0003  
                             start 000E                       ___param_bank 000000  
                            ??_ISR 0001                              ?_main 0001  
                            ttemp5 0004                              ttemp6 0007  
                            ttemp7 000B                              wtemp8 0004  
                  __initialization 0084                       __end_of_main 0058  
                 __end_of_Init_PWM 0076                             ??_main 0001  
                    __activetblptr 000000                             _CCPR1L 000FBE  
                           _OSCCON 000FD3                             isa$std 000001  
                       __accesstop 0060            __end_of__initialization 0084  
                    ___rparam_used 000001                     __pcstackCOMRAM 0001  
                        ?_Init_PWM 0001  __size_of_Init_Internal_Oscillator 000E  
        ?_Init_Internal_Oscillator 0001                         ??_Init_PWM 0001  
                          __Hparam 0000                            __Lparam 0000  
                          __pcinit 0084                            __ramtop 0800  
                          __ptext0 0012                            __ptext1 0058  
                          __ptext2 0076                       __size_of_ISR 008C  
                        _T2CONbits 000FCA                     __pintcode_body 008E  
             end_of_initialization 0084                            int_func 008E  
                        _TRISCbits 000F94                          _TRISDbits 000F95  
                      _CCP1CONbits 000FBD                start_initialization 0084  
                      __end_of_ISR 0094   __end_of_Init_Internal_Oscillator 0084  
                __size_of_Init_PWM 001E                          __pintcode 0008  
                         _LATDbits 000F8C           _Init_Internal_Oscillator 0076  
                         _Init_PWM 0058                           __Hrparam 0000  
                         __Lrparam 0000                      __size_of_main 0046  
                         isa$xinst 000000                           int$flags 0003  
                         intlevel2 0000                         _OSCCONbits 000FD3  
       ??_Init_Internal_Oscillator 0001  
