

Microchip MPLAB XC8 Assembler V2.40 build 20220703182018 
                                                                                               Sat Jun 03 19:39:10 2023

Microchip MPLAB XC8 C Compiler v2.40 (Free license) build 20220703182018 Og1 
     1                           	processor	18F4550
     2                           	fnconf	rparam,??,?,0
     3                           	pagewidth 120
     4                           	opt	flic
     5                           	psect	cinit,global,reloc=2,class=CODE,delta=1
     6                           	psect	cstackCOMRAM,global,class=COMRAM,space=1,delta=1,lowdata,noexec
     7                           	psect	text0,global,reloc=2,class=CODE,delta=1
     8                           	psect	text1,global,reloc=2,class=CODE,delta=1
     9                           	psect	text2,global,reloc=2,class=CODE,delta=1
    10                           	psect	intsave_regs,global,class=BIGRAM,space=1,delta=1,noexec
    11                           	psect	rparam,global,class=COMRAM,space=1,delta=1,noexec
    12                           	psect	idloc,global,abs,ovrld,class=IDLOC,space=5,delta=1,noexec
    13                           	psect	config,global,abs,ovrld,class=CONFIG,space=4,delta=1,noexec
    14   000000                     
    15                           ; Version 2.40
    16                           ; Generated 17/11/2021 GMT
    17                           ; 
    18                           ; Copyright © 2021, Microchip Technology Inc. and its subsidiaries ("Microchip")
    19                           ; All rights reserved.
    20                           ; 
    21                           ; This software is developed by Microchip Technology Inc. and its subsidiaries ("Microch
      +                          ip").
    22                           ; 
    23                           ; Redistribution and use in source and binary forms, with or without modification, are
    24                           ; permitted provided that the following conditions are met:
    25                           ; 
    26                           ;     1. Redistributions of source code must retain the above copyright notice, this lis
      +                          t of
    27                           ;        conditions and the following disclaimer.
    28                           ; 
    29                           ;     2. Redistributions in binary form must reproduce the above copyright notice, this 
      +                          list
    30                           ;        of conditions and the following disclaimer in the documentation and/or other
    31                           ;        materials provided with the distribution. Publication is not required when
    32                           ;        this file is used in an embedded application.
    33                           ; 
    34                           ;     3. Microchip's name may not be used to endorse or promote products derived from th
      +                          is
    35                           ;        software without specific prior written permission.
    36                           ; 
    37                           ; THIS SOFTWARE IS PROVIDED BY MICROCHIP "AS IS" AND ANY EXPRESS OR IMPLIED WARRANTIES,
    38                           ; INCLUDING, BUT NOT LIMITED TO, THE IMPLIED WARRANTIES OF MERCHANTABILITY AND FITNESS F
      +                          OR
    39                           ; PURPOSE ARE DISCLAIMED.  IN NO EVENT SHALL MICROCHIP BE LIABLE FOR ANY DIRECT, INDIREC
      +                          T,
    40                           ; INCIDENTAL, SPECIAL, EXEMPLARY, OR CONSEQUENTIAL DAMAGES (INCLUDING BUT NOT LIMITED TO
    41                           ; PROCUREMENT OF SUBSTITUTE GOODS OR SERVICES; LOSS OF USE, DATA OR PROFITS; OR BUSINESS
    42                           ; INTERRUPTION) HOWSOEVER CAUSED AND ON ANY THEORY OF LIABILITY, WHETHER IN CONTRACT, ST
      +                          RICT
    43                           ; LIABILITY, OR TORT (INCLUDING NEGLIGENCE OR OTHERWISE) ARISING IN ANY WAY OUT OF THE U
      +                          SE OF
    44                           ; THIS SOFTWARE, EVEN IF ADVISED OF THE POSSIBILITY OF SUCH DAMAGE.
    45                           ; 
    46                           ; 
    47                           ; Code-generator required, PIC18F4550 Definitions
    48                           ; 
    49                           ; SFR Addresses
    50   000000                     _OSCCONbits	set	4051
    51   000000                     _T0CONbits	set	4053
    52   000000                     _LATBbits	set	3978
    53   000000                     _TRISBbits	set	3987
    54   000000                     _TMR0	set	4054
    55   000000                     _OSCCON	set	4051
    56   000000                     _T0CON	set	4053
    57   000000                     _INTCONbits	set	4082
    58                           
    59                           ; #config settings
    60                           
    61                           	psect	cinit
    62   007F60                     __pcinit:
    63                           	callstack 0
    64   007F60                     start_initialization:
    65                           	callstack 0
    66   007F60                     __initialization:
    67                           	callstack 0
    68   007F60                     end_of_initialization:
    69                           	callstack 0
    70   007F60                     __end_of__initialization:
    71                           	callstack 0
    72   007F60  0100               	movlb	0
    73   007F62  EFCB  F03F         	goto	_main	;jump to C main() function
    74                           
    75                           	psect	cstackCOMRAM
    76   000001                     __pcstackCOMRAM:
    77                           	callstack 0
    78   000001                     ??_main:
    79   000001                     
    80                           ; 2 bytes @ 0x0
    81   000001                     	ds	1
    82   000002                     main@contador_ms:
    83                           	callstack 0
    84                           
    85                           ; 2 bytes @ 0x1
    86   000002                     	ds	2
    87                           
    88 ;;
    89 ;;Main: autosize = 0, tempsize = 1, incstack = 0, save=0
    90 ;;
    91 ;; *************** function _main *****************
    92 ;; Defined at:
    93 ;;		line 25 in file "main.c"
    94 ;; Parameters:    Size  Location     Type
    95 ;;		None
    96 ;; Auto vars:     Size  Location     Type
    97 ;;  contador_ms     2    1[COMRAM] unsigned short 
    98 ;; Return value:  Size  Location     Type
    99 ;;                  2   24[None  ] int 
   100 ;; Registers used:
   101 ;;		wreg, status,2, status,0, cstack
   102 ;; Tracked objects:
   103 ;;		On entry : 0/0
   104 ;;		On exit  : 0/0
   105 ;;		Unchanged: 0/0
   106 ;; Data sizes:     COMRAM   BANK0   BANK1   BANK2   BANK3   BANK4   BANK5   BANK6   BANK7
   107 ;;      Params:         0       0       0       0       0       0       0       0       0
   108 ;;      Locals:         2       0       0       0       0       0       0       0       0
   109 ;;      Temps:          1       0       0       0       0       0       0       0       0
   110 ;;      Totals:         3       0       0       0       0       0       0       0       0
   111 ;;Total ram usage:        3 bytes
   112 ;; Hardware stack levels required when called: 1
   113 ;; This function calls:
   114 ;;		_Init_Internal_Oscilator
   115 ;;		_Init_Timer0_As_Timer
   116 ;; This function is called by:
   117 ;;		Startup code after reset
   118 ;; This function uses a non-reentrant model
   119 ;;
   120                           
   121                           	psect	text0
   122   007F96                     __ptext0:
   123                           	callstack 0
   124   007F96                     _main:
   125                           	callstack 30
   126   007F96                     
   127                           ;main.c: 28:     Init_Internal_Oscilator();
   128   007F96  ECB3  F03F         	call	_Init_Internal_Oscilator	;wreg free
   129                           
   130                           ;main.c: 30:     Init_Timer0_As_Timer();
   131   007F9A  ECBA  F03F         	call	_Init_Timer0_As_Timer	;wreg free
   132   007F9E                     
   133                           ;main.c: 32:     TRISBbits.RB0 = 0;
   134   007F9E  9093               	bcf	147,0,c	;volatile
   135   007FA0                     l732:
   136                           
   137                           ;main.c: 34:     uint16_t contador_ms = 0;
   138   007FA0  0E00               	movlw	0
   139   007FA2  6E03               	movwf	(main@contador_ms+1)^0,c
   140   007FA4  0E00               	movlw	0
   141   007FA6  6E02               	movwf	main@contador_ms^0,c
   142   007FA8                     l734:
   143                           
   144                           ;main.c: 37:     {;main.c: 38:         if(INTCONbits.TMR0IF)
   145   007FA8  A4F2               	btfss	242,2,c	;volatile
   146   007FAA  EFD9  F03F         	goto	u11
   147   007FAE  EFDB  F03F         	goto	u10
   148   007FB2                     u11:
   149   007FB2  EFE2  F03F         	goto	l742
   150   007FB6                     u10:
   151   007FB6                     
   152                           ;main.c: 39:         {;main.c: 41:             contador_ms++;
   153   007FB6  4A02               	infsnz	main@contador_ms^0,f,c
   154   007FB8  2A03               	incf	(main@contador_ms+1)^0,f,c
   155   007FBA                     
   156                           ;main.c: 43:             TMR0 = 65286;
   157   007FBA  0EFF               	movlw	255
   158   007FBC  6ED7               	movwf	215,c	;volatile
   159   007FBE  0E06               	movlw	6
   160   007FC0  6ED6               	movwf	214,c	;volatile
   161   007FC2                     
   162                           ;main.c: 45:             INTCONbits.TMR0IF = 0;
   163   007FC2  94F2               	bcf	242,2,c	;volatile
   164   007FC4                     l742:
   165                           
   166                           ;main.c: 47:         if(contador_ms == 499)
   167   007FC4  0EF3               	movlw	243
   168   007FC6  1802               	xorwf	main@contador_ms^0,w,c
   169   007FC8  E106               	bnz	u21
   170   007FCA  0403               	decf	(main@contador_ms+1)^0,w,c
   171   007FCC  A4D8               	btfss	status,2,c
   172   007FCE  EFEB  F03F         	goto	u21
   173   007FD2  EFED  F03F         	goto	u20
   174   007FD6                     u21:
   175   007FD6  EFD4  F03F         	goto	l734
   176   007FDA                     u20:
   177   007FDA                     
   178                           ;main.c: 48:         {;main.c: 49:             LATBbits.LATB0 =! LATBbits.LATB0;
   179   007FDA  A08A               	btfss	138,0,c	;volatile
   180   007FDC  EFF2  F03F         	goto	u31
   181   007FE0  EFF6  F03F         	goto	u30
   182   007FE4                     u31:
   183   007FE4  6A01               	clrf	??_main^0,c
   184   007FE6  2A01               	incf	??_main^0,f,c
   185   007FE8  EFF7  F03F         	goto	u48
   186   007FEC                     u30:
   187   007FEC  6A01               	clrf	??_main^0,c
   188   007FEE                     u48:
   189   007FEE  508A               	movf	138,w,c	;volatile
   190   007FF0  1801               	xorwf	??_main^0,w,c
   191   007FF2  0BFE               	andlw	-2
   192   007FF4  1801               	xorwf	??_main^0,w,c
   193   007FF6  6E8A               	movwf	138,c	;volatile
   194   007FF8  EFD0  F03F         	goto	l732
   195   007FFC  EF00  F000         	goto	start
   196   008000                     __end_of_main:
   197                           	callstack 0
   198                           
   199 ;; *************** function _Init_Timer0_As_Timer *****************
   200 ;; Defined at:
   201 ;;		line 58 in file "main.c"
   202 ;; Parameters:    Size  Location     Type
   203 ;;		None
   204 ;; Auto vars:     Size  Location     Type
   205 ;;		None
   206 ;; Return value:  Size  Location     Type
   207 ;;                  1    wreg      void 
   208 ;; Registers used:
   209 ;;		wreg, status,2
   210 ;; Tracked objects:
   211 ;;		On entry : 0/0
   212 ;;		On exit  : 0/0
   213 ;;		Unchanged: 0/0
   214 ;; Data sizes:     COMRAM   BANK0   BANK1   BANK2   BANK3   BANK4   BANK5   BANK6   BANK7
   215 ;;      Params:         0       0       0       0       0       0       0       0       0
   216 ;;      Locals:         0       0       0       0       0       0       0       0       0
   217 ;;      Temps:          0       0       0       0       0       0       0       0       0
   218 ;;      Totals:         0       0       0       0       0       0       0       0       0
   219 ;;Total ram usage:        0 bytes
   220 ;; Hardware stack levels used: 1
   221 ;; This function calls:
   222 ;;		Nothing
   223 ;; This function is called by:
   224 ;;		_main
   225 ;; This function uses a non-reentrant model
   226 ;;
   227                           
   228                           	psect	text1
   229   007F74                     __ptext1:
   230                           	callstack 0
   231   007F74                     _Init_Timer0_As_Timer:
   232                           	callstack 30
   233   007F74                     
   234                           ;main.c: 61:     T0CON = 0x00;
   235   007F74  0E00               	movlw	0
   236   007F76  6ED5               	movwf	213,c	;volatile
   237   007F78                     
   238                           ;main.c: 63:     T0CONbits.TMR0ON = 0;
   239   007F78  9ED5               	bcf	213,7,c	;volatile
   240   007F7A                     
   241                           ;main.c: 64:     T0CONbits.T08BIT = 0;
   242   007F7A  9CD5               	bcf	213,6,c	;volatile
   243   007F7C                     
   244                           ;main.c: 65:     T0CONbits.T0CS = 0;
   245   007F7C  9AD5               	bcf	213,5,c	;volatile
   246   007F7E                     
   247                           ;main.c: 66:     T0CONbits.T0SE = 0;
   248   007F7E  98D5               	bcf	213,4,c	;volatile
   249   007F80                     
   250                           ;main.c: 67:     T0CONbits.PSA = 0;
   251   007F80  96D5               	bcf	213,3,c	;volatile
   252                           
   253                           ;main.c: 68:     T0CONbits.T0PS = 0b010;
   254   007F82  50D5               	movf	213,w,c	;volatile
   255   007F84  0BF8               	andlw	-8
   256   007F86  0902               	iorlw	2
   257   007F88  6ED5               	movwf	213,c	;volatile
   258                           
   259                           ;main.c: 79:     TMR0 = 65286;
   260   007F8A  0EFF               	movlw	255
   261   007F8C  6ED7               	movwf	215,c	;volatile
   262   007F8E  0E06               	movlw	6
   263   007F90  6ED6               	movwf	214,c	;volatile
   264   007F92                     
   265                           ;main.c: 81:     T0CONbits.TMR0ON = 1;
   266   007F92  8ED5               	bsf	213,7,c	;volatile
   267   007F94  0012               	return		;funcret
   268   007F96                     __end_of_Init_Timer0_As_Timer:
   269                           	callstack 0
   270                           
   271 ;; *************** function _Init_Internal_Oscilator *****************
   272 ;; Defined at:
   273 ;;		line 84 in file "main.c"
   274 ;; Parameters:    Size  Location     Type
   275 ;;		None
   276 ;; Auto vars:     Size  Location     Type
   277 ;;		None
   278 ;; Return value:  Size  Location     Type
   279 ;;                  1    wreg      void 
   280 ;; Registers used:
   281 ;;		wreg, status,2
   282 ;; Tracked objects:
   283 ;;		On entry : 0/0
   284 ;;		On exit  : 0/0
   285 ;;		Unchanged: 0/0
   286 ;; Data sizes:     COMRAM   BANK0   BANK1   BANK2   BANK3   BANK4   BANK5   BANK6   BANK7
   287 ;;      Params:         0       0       0       0       0       0       0       0       0
   288 ;;      Locals:         0       0       0       0       0       0       0       0       0
   289 ;;      Temps:          0       0       0       0       0       0       0       0       0
   290 ;;      Totals:         0       0       0       0       0       0       0       0       0
   291 ;;Total ram usage:        0 bytes
   292 ;; Hardware stack levels used: 1
   293 ;; This function calls:
   294 ;;		Nothing
   295 ;; This function is called by:
   296 ;;		_main
   297 ;; This function uses a non-reentrant model
   298 ;;
   299                           
   300                           	psect	text2
   301   007F66                     __ptext2:
   302                           	callstack 0
   303   007F66                     _Init_Internal_Oscilator:
   304                           	callstack 30
   305   007F66                     
   306                           ;main.c: 87:     OSCCON = 0x00;
   307   007F66  0E00               	movlw	0
   308   007F68  6ED3               	movwf	211,c	;volatile
   309                           
   310                           ;main.c: 89:     OSCCONbits.IRCF = 0b111;
   311   007F6A  0E70               	movlw	112
   312   007F6C  12D3               	iorwf	211,f,c	;volatile
   313                           
   314                           ;main.c: 90:     OSCCONbits.SCS = 0b11;
   315   007F6E  0E03               	movlw	3
   316   007F70  12D3               	iorwf	211,f,c	;volatile
   317   007F72  0012               	return		;funcret
   318   007F74                     __end_of_Init_Internal_Oscilator:
   319                           	callstack 0
   320   000000                     
   321                           	psect	rparam
   322   000000                     
   323                           	psect	idloc
   324                           
   325                           ;Config register IDLOC0 @ 0x200000
   326                           ;	unspecified, using default values
   327   200000                     	org	2097152
   328   200000  FF                 	db	255
   329                           
   330                           ;Config register IDLOC1 @ 0x200001
   331                           ;	unspecified, using default values
   332   200001                     	org	2097153
   333   200001  FF                 	db	255
   334                           
   335                           ;Config register IDLOC2 @ 0x200002
   336                           ;	unspecified, using default values
   337   200002                     	org	2097154
   338   200002  FF                 	db	255
   339                           
   340                           ;Config register IDLOC3 @ 0x200003
   341                           ;	unspecified, using default values
   342   200003                     	org	2097155
   343   200003  FF                 	db	255
   344                           
   345                           ;Config register IDLOC4 @ 0x200004
   346                           ;	unspecified, using default values
   347   200004                     	org	2097156
   348   200004  FF                 	db	255
   349                           
   350                           ;Config register IDLOC5 @ 0x200005
   351                           ;	unspecified, using default values
   352   200005                     	org	2097157
   353   200005  FF                 	db	255
   354                           
   355                           ;Config register IDLOC6 @ 0x200006
   356                           ;	unspecified, using default values
   357   200006                     	org	2097158
   358   200006  FF                 	db	255
   359                           
   360                           ;Config register IDLOC7 @ 0x200007
   361                           ;	unspecified, using default values
   362   200007                     	org	2097159
   363   200007  FF                 	db	255
   364                           
   365                           	psect	config
   366                           
   367                           ;Config register CONFIG1L @ 0x300000
   368                           ;	PLL Prescaler Selection bits
   369                           ;	PLLDIV = 1, No prescale (4 MHz oscillator input drives PLL directly)
   370                           ;	System Clock Postscaler Selection bits
   371                           ;	CPUDIV = OSC1_PLL2, [Primary Oscillator Src: /1][96 MHz PLL Src: /2]
   372                           ;	USB Clock Selection bit (used in Full-Speed USB mode only; UCFG:FSEN = 1)
   373                           ;	USBDIV = 1, USB clock source comes directly from the primary oscillator block with no 
      +                          postscale
   374   300000                     	org	3145728
   375   300000  00                 	db	0
   376                           
   377                           ;Config register CONFIG1H @ 0x300001
   378                           ;	Oscillator Selection bits
   379                           ;	FOSC = INTOSC_HS, Internal oscillator, HS oscillator used by USB (INTHS)
   380                           ;	Fail-Safe Clock Monitor Enable bit
   381                           ;	FCMEN = OFF, Fail-Safe Clock Monitor disabled
   382                           ;	Internal/External Oscillator Switchover bit
   383                           ;	IESO = OFF, Oscillator Switchover mode disabled
   384   300001                     	org	3145729
   385   300001  0B                 	db	11
   386                           
   387                           ;Config register CONFIG2L @ 0x300002
   388                           ;	Power-up Timer Enable bit
   389                           ;	PWRT = OFF, PWRT disabled
   390                           ;	Brown-out Reset Enable bits
   391                           ;	BOR = OFF, Brown-out Reset disabled in hardware and software
   392                           ;	Brown-out Reset Voltage bits
   393                           ;	BORV = 3, Minimum setting 2.05V
   394                           ;	USB Voltage Regulator Enable bit
   395                           ;	VREGEN = OFF, USB voltage regulator disabled
   396   300002                     	org	3145730
   397   300002  19                 	db	25
   398                           
   399                           ;Config register CONFIG2H @ 0x300003
   400                           ;	Watchdog Timer Enable bit
   401                           ;	WDT = OFF, WDT disabled (control is placed on the SWDTEN bit)
   402                           ;	Watchdog Timer Postscale Select bits
   403                           ;	WDTPS = 32768, 1:32768
   404   300003                     	org	3145731
   405   300003  1E                 	db	30
   406                           
   407                           ; Padding undefined space
   408   300004                     	org	3145732
   409   300004  FF                 	db	255
   410                           
   411                           ;Config register CONFIG3H @ 0x300005
   412                           ;	CCP2 MUX bit
   413                           ;	CCP2MX = OFF, CCP2 input/output is multiplexed with RB3
   414                           ;	PORTB A/D Enable bit
   415                           ;	PBADEN = OFF, PORTB<4:0> pins are configured as digital I/O on Reset
   416                           ;	Low-Power Timer 1 Oscillator Enable bit
   417                           ;	LPT1OSC = OFF, Timer1 configured for higher power operation
   418                           ;	MCLR Pin Enable bit
   419                           ;	MCLRE = ON, MCLR pin enabled; RE3 input pin disabled
   420   300005                     	org	3145733
   421   300005  80                 	db	128
   422                           
   423                           ;Config register CONFIG4L @ 0x300006
   424                           ;	Stack Full/Underflow Reset Enable bit
   425                           ;	STVREN = OFF, Stack full/underflow will not cause Reset
   426                           ;	Single-Supply ICSP Enable bit
   427                           ;	LVP = OFF, Single-Supply ICSP disabled
   428                           ;	Dedicated In-Circuit Debug/Programming Port (ICPORT) Enable bit
   429                           ;	ICPRT = OFF, ICPORT disabled
   430                           ;	Extended Instruction Set Enable bit
   431                           ;	XINST = OFF, Instruction set extension and Indexed Addressing mode disabled (Legacy mo
      +                          de)
   432                           ;	Background Debugger Enable bit
   433                           ;	DEBUG = 0x1, unprogrammed default
   434   300006                     	org	3145734
   435   300006  80                 	db	128
   436                           
   437                           ; Padding undefined space
   438   300007                     	org	3145735
   439   300007  FF                 	db	255
   440                           
   441                           ;Config register CONFIG5L @ 0x300008
   442                           ;	Code Protection bit
   443                           ;	CP0 = OFF, Block 0 (000800-001FFFh) is not code-protected
   444                           ;	Code Protection bit
   445                           ;	CP1 = OFF, Block 1 (002000-003FFFh) is not code-protected
   446                           ;	Code Protection bit
   447                           ;	CP2 = OFF, Block 2 (004000-005FFFh) is not code-protected
   448                           ;	Code Protection bit
   449                           ;	CP3 = OFF, Block 3 (006000-007FFFh) is not code-protected
   450   300008                     	org	3145736
   451   300008  0F                 	db	15
   452                           
   453                           ;Config register CONFIG5H @ 0x300009
   454                           ;	Boot Block Code Protection bit
   455                           ;	CPB = OFF, Boot block (000000-0007FFh) is not code-protected
   456                           ;	Data EEPROM Code Protection bit
   457                           ;	CPD = OFF, Data EEPROM is not code-protected
   458   300009                     	org	3145737
   459   300009  C0                 	db	192
   460                           
   461                           ;Config register CONFIG6L @ 0x30000A
   462                           ;	Write Protection bit
   463                           ;	WRT0 = OFF, Block 0 (000800-001FFFh) is not write-protected
   464                           ;	Write Protection bit
   465                           ;	WRT1 = OFF, Block 1 (002000-003FFFh) is not write-protected
   466                           ;	Write Protection bit
   467                           ;	WRT2 = OFF, Block 2 (004000-005FFFh) is not write-protected
   468                           ;	Write Protection bit
   469                           ;	WRT3 = OFF, Block 3 (006000-007FFFh) is not write-protected
   470   30000A                     	org	3145738
   471   30000A  0F                 	db	15
   472                           
   473                           ;Config register CONFIG6H @ 0x30000B
   474                           ;	Configuration Register Write Protection bit
   475                           ;	WRTC = OFF, Configuration registers (300000-3000FFh) are not write-protected
   476                           ;	Boot Block Write Protection bit
   477                           ;	WRTB = OFF, Boot block (000000-0007FFh) is not write-protected
   478                           ;	Data EEPROM Write Protection bit
   479                           ;	WRTD = OFF, Data EEPROM is not write-protected
   480   30000B                     	org	3145739
   481   30000B  E0                 	db	224
   482                           
   483                           ;Config register CONFIG7L @ 0x30000C
   484                           ;	Table Read Protection bit
   485                           ;	EBTR0 = OFF, Block 0 (000800-001FFFh) is not protected from table reads executed in ot
      +                          her blocks
   486                           ;	Table Read Protection bit
   487                           ;	EBTR1 = OFF, Block 1 (002000-003FFFh) is not protected from table reads executed in ot
      +                          her blocks
   488                           ;	Table Read Protection bit
   489                           ;	EBTR2 = OFF, Block 2 (004000-005FFFh) is not protected from table reads executed in ot
      +                          her blocks
   490                           ;	Table Read Protection bit
   491                           ;	EBTR3 = OFF, Block 3 (006000-007FFFh) is not protected from table reads executed in ot
      +                          her blocks
   492   30000C                     	org	3145740
   493   30000C  0F                 	db	15
   494                           
   495                           ;Config register CONFIG7H @ 0x30000D
   496                           ;	Boot Block Table Read Protection bit
   497                           ;	EBTRB = OFF, Boot block (000000-0007FFh) is not protected from table reads executed in
      +                           other blocks
   498   30000D                     	org	3145741
   499   30000D  40                 	db	64
   500                           tosu	equ	0xFFF
   501                           tosh	equ	0xFFE
   502                           tosl	equ	0xFFD
   503                           stkptr	equ	0xFFC
   504                           pclatu	equ	0xFFB
   505                           pclath	equ	0xFFA
   506                           pcl	equ	0xFF9
   507                           tblptru	equ	0xFF8
   508                           tblptrh	equ	0xFF7
   509                           tblptrl	equ	0xFF6
   510                           tablat	equ	0xFF5
   511                           prodh	equ	0xFF4
   512                           prodl	equ	0xFF3
   513                           indf0	equ	0xFEF
   514                           postinc0	equ	0xFEE
   515                           postdec0	equ	0xFED
   516                           preinc0	equ	0xFEC
   517                           plusw0	equ	0xFEB
   518                           fsr0h	equ	0xFEA
   519                           fsr0l	equ	0xFE9
   520                           wreg	equ	0xFE8
   521                           indf1	equ	0xFE7
   522                           postinc1	equ	0xFE6
   523                           postdec1	equ	0xFE5
   524                           preinc1	equ	0xFE4
   525                           plusw1	equ	0xFE3
   526                           fsr1h	equ	0xFE2
   527                           fsr1l	equ	0xFE1
   528                           bsr	equ	0xFE0
   529                           indf2	equ	0xFDF
   530                           postinc2	equ	0xFDE
   531                           postdec2	equ	0xFDD
   532                           preinc2	equ	0xFDC
   533                           plusw2	equ	0xFDB
   534                           fsr2h	equ	0xFDA
   535                           fsr2l	equ	0xFD9
   536                           status	equ	0xFD8

Data Sizes:
    Strings     0
    Constant    0
    Data        0
    BSS         0
    Persistent  0
    Stack       0

Auto Spaces:
    Space          Size  Autos    Used
    COMRAM           95      3       3
    BANK0           160      0       0
    BANK1           256      0       0
    BANK2           256      0       0
    BANK3           256      0       0
    BANK4           256      0       0
    BANK5           256      0       0
    BANK6           256      0       0
    BANK7           256      0       0

Pointer List with Targets:

    None.

Critical Paths under _main in COMRAM

    None.

Critical Paths under _main in BANK0

    None.

Critical Paths under _main in BANK1

    None.

Critical Paths under _main in BANK2

    None.

Critical Paths under _main in BANK3

    None.

Critical Paths under _main in BANK4

    None.

Critical Paths under _main in BANK5

    None.

Critical Paths under _main in BANK6

    None.

Critical Paths under _main in BANK7

    None.

Call Graph Tables:

 ---------------------------------------------------------------------------------
 (Depth) Function   	        Calls       Base Space   Used Autos Params    Refs
 ---------------------------------------------------------------------------------
 (0) _main                                                 3     3      0      15
                                              0 COMRAM     3     3      0
            _Init_Internal_Oscilator
               _Init_Timer0_As_Timer
 ---------------------------------------------------------------------------------
 (1) _Init_Timer0_As_Timer                                 0     0      0       0
 ---------------------------------------------------------------------------------
 (1) _Init_Internal_Oscilator                              0     0      0       0
 ---------------------------------------------------------------------------------
 Estimated maximum stack depth 1
 ---------------------------------------------------------------------------------

 Call Graph Graphs:

 _main (ROOT)
   _Init_Internal_Oscilator
   _Init_Timer0_As_Timer

 Address spaces:
Name               Size   Autos  Total    Cost      Usage
BITCOMRAM           5F      0       0       0        0.0%
EEDATA             100      0       0       0        0.0%
NULL                 0      0       0       0        0.0%
CODE                 0      0       0       0        0.0%
COMRAM              5F      3       3       1        3.2%
STACK                0      0       0       2        0.0%
ABS                  0      0       0       3        0.0%
DATA                 0      0       0       4        0.0%
BITBANK0            A0      0       0       5        0.0%
BANK0               A0      0       0       6        0.0%
BITBANK1           100      0       0       7        0.0%
BANK1              100      0       0       8        0.0%
BITBANK2           100      0       0       9        0.0%
BANK2              100      0       0      10        0.0%
BITBANK3           100      0       0      11        0.0%
BANK3              100      0       0      12        0.0%
BITBANK4           100      0       0      13        0.0%
BANK4              100      0       0      14        0.0%
BITBANK5           100      0       0      15        0.0%
BANK5              100      0       0      16        0.0%
BITBANK6           100      0       0      17        0.0%
BANK6              100      0       0      18        0.0%
BITBANK7           100      0       0      19        0.0%
BANK7              100      0       0      20        0.0%
BITBIGSFRhh          D      0       0      21        0.0%
BITBIGSFRhlh        1A      0       0      22        0.0%
BITBIGSFRhllh        1      0       0      23        0.0%
BITBIGSFRhlll       3F      0       0      24        0.0%
BITBIGSFRlh          8      0       0      25        0.0%
BITBIGSFRll         2A      0       0      26        0.0%
BIGRAM             7FF      0       0      27        0.0%
BIGSFR               0      0       0     200        0.0%
BITSFR               0      0       0     200        0.0%
SFR                  0      0       0     200        0.0%


Microchip Technology PIC18 Macro Assembler V2.40 build 20220703182018 
Symbol Table                                                                                   Sat Jun 03 19:39:10 2023

                             l33 7F94                               l36 7F72  
                             u10 7FB6                               u11 7FB2  
                             u20 7FDA                               u21 7FD6  
                             u30 7FEC                               u31 7FE4  
                             u48 7FEE                              l712 7F66  
                            l720 7F7C                              l722 7F7E  
                            l714 7F74                              l730 7F9E  
                            l724 7F80                              l716 7F78  
                            l740 7FC2                              l732 7FA0  
                            l726 7F92                              l718 7F7A  
                            l742 7FC4                              l734 7FA8  
                            l744 7FDA                              l736 7FB6  
                            l728 7F96                              l738 7FBA  
                           _TMR0 000FD6                             _main 7F96  
                           start 0000                     ___param_bank 000000  
                          ?_main 0001                            _T0CON 000FD5  
                          status 000FD8                  __initialization 7F60  
                   __end_of_main 8000                           ??_main 0001  
                  __activetblptr 000000                           _OSCCON 000FD3  
                         isa$std 000001                       __accesstop 0060  
        __end_of__initialization 7F60                    ___rparam_used 000001  
                 __pcstackCOMRAM 0001         ?_Init_Internal_Oscilator 0001  
                        __Hparam 0000                          __Lparam 0000  
   __end_of_Init_Timer0_As_Timer 7F96                          __pcinit 7F60  
                        __ramtop 0800                          __ptext0 7F96  
                        __ptext1 7F74                          __ptext2 7F66  
                      _T0CONbits 000FD5             end_of_initialization 7F60  
__end_of_Init_Internal_Oscilator 7F74                        _TRISBbits 000F93  
            start_initialization 7F60             _Init_Timer0_As_Timer 7F74  
          ?_Init_Timer0_As_Timer 0001                  main@contador_ms 0002  
                       _LATBbits 000F8A           ??_Init_Timer0_As_Timer 0001  
                       __Hrparam 0000                         __Lrparam 0000  
        _Init_Internal_Oscilator 7F66                         isa$xinst 000000  
                     _INTCONbits 000FF2                       _OSCCONbits 000FD3  
      ??_Init_Internal_Oscilator 0001  
