

Microchip MPLAB XC8 Assembler V2.41 build 20230208172133 
                                                                                               Mon May 29 20:42:31 2023

Microchip MPLAB XC8 C Compiler v2.41 (Free license) build 20230208172133 Og1 
     1                           	processor	18F4550
     2                           	fnconf	rparam,??,?,0
     3                           	pagewidth 120
     4                           	opt	flic
     5                           	psect	smallconst,global,reloc=2,class=SMALLCONST,delta=1,noexec
     6                           	psect	cinit,global,reloc=2,class=CODE,delta=1
     7                           	psect	bssCOMRAM,global,class=COMRAM,space=1,delta=1,lowdata,noexec
     8                           	psect	cstackCOMRAM,global,class=COMRAM,space=1,delta=1,lowdata,noexec
     9                           	psect	text0,global,reloc=2,class=CODE,delta=1
    10                           	psect	text1,global,reloc=2,class=CODE,delta=1,group=3
    11                           	psect	text2,global,reloc=2,class=CODE,delta=1,group=1
    12                           	psect	text3,global,reloc=2,class=CODE,delta=1,group=1
    13                           	psect	text4,global,reloc=2,class=CODE,delta=1,group=3
    14                           	psect	text5,global,reloc=2,class=CODE,delta=1,group=3
    15                           	psect	text6,global,reloc=2,class=CODE,delta=1
    16                           	psect	text7,global,reloc=2,class=CODE,delta=1
    17                           	psect	text8,global,reloc=2,class=CODE,delta=1
    18                           	psect	text9,global,reloc=2,class=CODE,delta=1
    19                           	psect	intcode,global,reloc=2,class=CODE,delta=1
    20                           	psect	intcode_body,global,reloc=2,class=CODE,delta=1
    21                           	psect	intsave_regs,global,class=BIGRAM,space=1,delta=1,noexec
    22                           	psect	rparam,global,class=COMRAM,space=1,delta=1,noexec
    23                           	psect	temp,global,ovrld,common,class=COMRAM,space=1,delta=1
    24                           	psect	idloc,global,abs,ovrld,class=IDLOC,space=5,delta=1,noexec
    25                           	psect	config,global,abs,ovrld,class=CONFIG,space=4,delta=1,noexec
    26   000000                     
    27                           ; Version 2.40
    28                           ; Generated 17/11/2021 GMT
    29                           ; 
    30                           ; Copyright © 2021, Microchip Technology Inc. and its subsidiaries ("Microchip")
    31                           ; All rights reserved.
    32                           ; 
    33                           ; This software is developed by Microchip Technology Inc. and its subsidiaries ("Microch
      +                          ip").
    34                           ; 
    35                           ; Redistribution and use in source and binary forms, with or without modification, are
    36                           ; permitted provided that the following conditions are met:
    37                           ; 
    38                           ;     1. Redistributions of source code must retain the above copyright notice, this lis
      +                          t of
    39                           ;        conditions and the following disclaimer.
    40                           ; 
    41                           ;     2. Redistributions in binary form must reproduce the above copyright notice, this 
      +                          list
    42                           ;        of conditions and the following disclaimer in the documentation and/or other
    43                           ;        materials provided with the distribution. Publication is not required when
    44                           ;        this file is used in an embedded application.
    45                           ; 
    46                           ;     3. Microchip's name may not be used to endorse or promote products derived from th
      +                          is
    47                           ;        software without specific prior written permission.
    48                           ; 
    49                           ; THIS SOFTWARE IS PROVIDED BY MICROCHIP "AS IS" AND ANY EXPRESS OR IMPLIED WARRANTIES,
    50                           ; INCLUDING, BUT NOT LIMITED TO, THE IMPLIED WARRANTIES OF MERCHANTABILITY AND FITNESS F
      +                          OR
    51                           ; PURPOSE ARE DISCLAIMED.  IN NO EVENT SHALL MICROCHIP BE LIABLE FOR ANY DIRECT, INDIREC
      +                          T,
    52                           ; INCIDENTAL, SPECIAL, EXEMPLARY, OR CONSEQUENTIAL DAMAGES (INCLUDING BUT NOT LIMITED TO
    53                           ; PROCUREMENT OF SUBSTITUTE GOODS OR SERVICES; LOSS OF USE, DATA OR PROFITS; OR BUSINESS
    54                           ; INTERRUPTION) HOWSOEVER CAUSED AND ON ANY THEORY OF LIABILITY, WHETHER IN CONTRACT, ST
      +                          RICT
    55                           ; LIABILITY, OR TORT (INCLUDING NEGLIGENCE OR OTHERWISE) ARISING IN ANY WAY OUT OF THE U
      +                          SE OF
    56                           ; THIS SOFTWARE, EVEN IF ADVISED OF THE POSSIBILITY OF SUCH DAMAGE.
    57                           ; 
    58                           ; 
    59                           ; Code-generator required, PIC18F4550 Definitions
    60                           ; 
    61                           ; SFR Addresses
    62   000000                     _OSCCONbits	set	4051
    63   000000                     _T0CONbits	set	4053
    64   000000                     _LATBbits	set	3978
    65   000000                     _INTCONbits	set	4082
    66   000000                     _TRISBbits	set	3987
    67   000000                     _TMR0L	set	4054
    68   000000                     _TMR0H	set	4055
    69   000000                     _OSCCON	set	4051
    70   000000                     _T0CON	set	4053
    71                           
    72                           	psect	smallconst
    73   000800                     __psmallconst:
    74                           	callstack 0
    75   000800  00                 	db	0
    76   000801                     STR_1:
    77   000801  48                 	db	72	;'H'
    78   000802  6F                 	db	111	;'o'
    79   000803  6C                 	db	108	;'l'
    80   000804  61                 	db	97	;'a'
    81   000805  21                 	db	33
    82   000806  00                 	db	0
    83   000807  00                 	db	0	; dummy byte at the end
    84   000000                     
    85                           ; #config settings
    86                           
    87                           	psect	cinit
    88   000A56                     __pcinit:
    89                           	callstack 0
    90   000A56                     start_initialization:
    91                           	callstack 0
    92   000A56                     __initialization:
    93                           	callstack 0
    94                           
    95                           ; Clear objects allocated to COMRAM (37 bytes)
    96   000A56  EE00  F001         	lfsr	0,__pbssCOMRAM
    97   000A5A  0E25               	movlw	37
    98   000A5C                     clear_0:
    99   000A5C  6AEE               	clrf	postinc0,c
   100   000A5E  06E8               	decf	wreg,f,c
   101   000A60  E1FD               	bnz	clear_0
   102   000A62                     end_of_initialization:
   103                           	callstack 0
   104   000A62                     __end_of__initialization:
   105                           	callstack 0
   106   000A62  9042               	bcf	int$flags,0,c	;clear compiler interrupt flag (level 1)
   107   000A64  9242               	bcf	int$flags,1,c	;clear compiler interrupt flag (level 2)
   108   000A66  0E00               	movlw	low (__Lsmallconst shr (0+16))
   109   000A68  6EF8               	movwf	tblptru,c
   110   000A6A  0E08               	movlw	high __Lsmallconst
   111   000A6C  6EF7               	movwf	tblptrh,c
   112   000A6E  0100               	movlb	0
   113   000A70  EFF4  F004         	goto	_main	;jump to C main() function
   114                           
   115                           	psect	bssCOMRAM
   116   000001                     __pbssCOMRAM:
   117                           	callstack 0
   118   000001                     	ds	32
   119   000021                     _width:
   120                           	callstack 0
   121   000021                     	ds	2
   122   000023                     _prec:
   123                           	callstack 0
   124   000023                     	ds	2
   125   000025                     _flags:
   126                           	callstack 0
   127   000025                     	ds	1
   128                           
   129                           	psect	cstackCOMRAM
   130   000026                     __pcstackCOMRAM:
   131                           	callstack 0
   132   000026                     ??_TIMER0_ISR:
   133   000026                     
   134                           ; 1 bytes @ 0x0
   135   000026                     	ds	1
   136   000027                     fputc@c:
   137                           	callstack 0
   138                           
   139                           ; 2 bytes @ 0x1
   140   000027                     	ds	2
   141   000029                     fputc@fp:
   142                           	callstack 0
   143                           
   144                           ; 2 bytes @ 0x3
   145   000029                     	ds	2
   146   00002B                     ??_fputc:
   147                           
   148                           ; 1 bytes @ 0x5
   149   00002B                     	ds	5
   150   000030                     vfpfcnvrt@fp:
   151                           	callstack 0
   152                           
   153                           ; 2 bytes @ 0xA
   154   000030                     	ds	2
   155   000032                     vfpfcnvrt@fmt:
   156                           	callstack 0
   157                           
   158                           ; 2 bytes @ 0xC
   159   000032                     	ds	2
   160   000034                     vfpfcnvrt@ap:
   161                           	callstack 0
   162                           
   163                           ; 2 bytes @ 0xE
   164   000034                     	ds	2
   165   000036                     ?_vfprintf:
   166                           	callstack 0
   167   000036                     vfprintf@fp:
   168                           	callstack 0
   169                           
   170                           ; 2 bytes @ 0x10
   171   000036                     	ds	2
   172   000038                     vfprintf@fmt:
   173                           	callstack 0
   174                           
   175                           ; 2 bytes @ 0x12
   176   000038                     	ds	2
   177   00003A                     vfprintf@ap:
   178                           	callstack 0
   179                           
   180                           ; 2 bytes @ 0x14
   181   00003A                     	ds	2
   182   00003C                     vfprintf@cfmt:
   183                           	callstack 0
   184                           
   185                           ; 2 bytes @ 0x16
   186   00003C                     	ds	2
   187   00003E                     ?_printf:
   188                           	callstack 0
   189   00003E                     printf@fmt:
   190                           	callstack 0
   191                           
   192                           ; 2 bytes @ 0x18
   193   00003E                     	ds	2
   194   000040                     printf@ap:
   195                           	callstack 0
   196                           
   197                           ; 2 bytes @ 0x1A
   198   000040                     	ds	2
   199   000042                     
   200                           ; 1 bytes @ 0x1C
   201 ;;
   202 ;;Main: autosize = 0, tempsize = 0, incstack = 0, save=0
   203 ;;
   204 ;; *************** function _main *****************
   205 ;; Defined at:
   206 ;;		line 43 in file "main.c"
   207 ;; Parameters:    Size  Location     Type
   208 ;;		None
   209 ;; Auto vars:     Size  Location     Type
   210 ;;		None
   211 ;; Return value:  Size  Location     Type
   212 ;;                  2   40[None  ] int 
   213 ;; Registers used:
   214 ;;		wreg, fsr1l, fsr1h, fsr2l, fsr2h, status,2, status,0, tblptrl, tblptrh, tblptru, cstack
   215 ;; Tracked objects:
   216 ;;		On entry : 0/0
   217 ;;		On exit  : 0/0
   218 ;;		Unchanged: 0/0
   219 ;; Data sizes:     COMRAM   BANK0   BANK1   BANK2   BANK3   BANK4   BANK5   BANK6   BANK7
   220 ;;      Params:         0       0       0       0       0       0       0       0       0
   221 ;;      Locals:         0       0       0       0       0       0       0       0       0
   222 ;;      Temps:          0       0       0       0       0       0       0       0       0
   223 ;;      Totals:         0       0       0       0       0       0       0       0       0
   224 ;;Total ram usage:        0 bytes
   225 ;; Hardware stack levels required when called: 6
   226 ;; This function calls:
   227 ;;		_Init_Internal_Oscillator
   228 ;;		_Init_Peripheral_GPIO
   229 ;;		_Init_Peripheral_Interrupt
   230 ;;		_Init_Peripheral_Timer0
   231 ;;		_printf
   232 ;; This function is called by:
   233 ;;		Startup code after reset
   234 ;; This function uses a non-reentrant model
   235 ;;
   236                           
   237                           	psect	text0
   238   0009E8                     __ptext0:
   239                           	callstack 0
   240   0009E8                     _main:
   241                           	callstack 25
   242   0009E8                     
   243                           ;main.c: 46:     Init_Internal_Oscillator();
   244   0009E8  EC3A  F005         	call	_Init_Internal_Oscillator	;wreg free
   245   0009EC                     
   246                           ;main.c: 48:     Init_Peripheral_Interrupt();
   247   0009EC  EC41  F005         	call	_Init_Peripheral_Interrupt	;wreg free
   248   0009F0                     
   249                           ;main.c: 50:     Init_Peripheral_GPIO();
   250   0009F0  EC46  F005         	call	_Init_Peripheral_GPIO	;wreg free
   251                           
   252                           ;main.c: 52:     Init_Peripheral_Timer0();
   253   0009F4  EC1A  F005         	call	_Init_Peripheral_Timer0	;wreg free
   254   0009F8                     l938:
   255                           
   256                           ;main.c: 54:     {;main.c: 55:         printf("Hola!");
   257   0009F8  0E01               	movlw	low STR_1
   258   0009FA  6E3E               	movwf	printf@fmt^0,c
   259   0009FC  0E08               	movlw	high STR_1
   260   0009FE  6E3F               	movwf	(printf@fmt+1)^0,c
   261   000A00  EC07  F005         	call	_printf	;wreg free
   262   000A04                     
   263                           ;main.c: 56:         __nop();
   264   000A04  F000               	nop	
   265   000A06  EFFC  F004         	goto	l938
   266   000A0A  EF07  F000         	goto	start
   267   000A0E                     __end_of_main:
   268                           	callstack 0
   269                           
   270 ;; *************** function _printf *****************
   271 ;; Defined at:
   272 ;;		line 5 in file "C:\Program Files\Microchip\xc8\v2.41\pic\sources\c99\common\printf.c"
   273 ;; Parameters:    Size  Location     Type
   274 ;;  fmt             2   24[COMRAM] PTR const unsigned char 
   275 ;;		 -> STR_1(6), 
   276 ;; Auto vars:     Size  Location     Type
   277 ;;  ap              2   26[COMRAM] PTR void [1]
   278 ;;		 -> ?_printf(2), 
   279 ;;  ret             2    0        int 
   280 ;; Return value:  Size  Location     Type
   281 ;;                  2   24[COMRAM] int 
   282 ;; Registers used:
   283 ;;		wreg, fsr1l, fsr1h, fsr2l, fsr2h, status,2, status,0, tblptrl, tblptrh, tblptru, cstack
   284 ;; Tracked objects:
   285 ;;		On entry : 0/0
   286 ;;		On exit  : 0/0
   287 ;;		Unchanged: 0/0
   288 ;; Data sizes:     COMRAM   BANK0   BANK1   BANK2   BANK3   BANK4   BANK5   BANK6   BANK7
   289 ;;      Params:         2       0       0       0       0       0       0       0       0
   290 ;;      Locals:         2       0       0       0       0       0       0       0       0
   291 ;;      Temps:          0       0       0       0       0       0       0       0       0
   292 ;;      Totals:         4       0       0       0       0       0       0       0       0
   293 ;;Total ram usage:        4 bytes
   294 ;; Hardware stack levels used: 1
   295 ;; Hardware stack levels required when called: 5
   296 ;; This function calls:
   297 ;;		_vfprintf
   298 ;; This function is called by:
   299 ;;		_main
   300 ;; This function uses a non-reentrant model
   301 ;;
   302                           
   303                           	psect	text1
   304   000A0E                     __ptext1:
   305                           	callstack 0
   306   000A0E                     _printf:
   307                           	callstack 25
   308   000A0E  0E40               	movlw	low (?_printf+2)
   309   000A10  6E40               	movwf	printf@ap^0,c
   310   000A12  0E00               	movlw	high (?_printf+2)
   311   000A14  6E41               	movwf	(printf@ap+1)^0,c
   312   000A16  0E00               	movlw	0
   313   000A18  6E36               	movwf	vfprintf@fp^0,c
   314   000A1A  0E00               	movlw	0
   315   000A1C  6E37               	movwf	(vfprintf@fp+1)^0,c
   316   000A1E  C03E  F038         	movff	printf@fmt,vfprintf@fmt
   317   000A22  C03F  F039         	movff	printf@fmt+1,vfprintf@fmt+1
   318   000A26  0E40               	movlw	low printf@ap
   319   000A28  6E3A               	movwf	vfprintf@ap^0,c
   320   000A2A  0E00               	movlw	high printf@ap
   321   000A2C  6E3B               	movwf	(vfprintf@ap+1)^0,c
   322   000A2E  ECA8  F004         	call	_vfprintf	;wreg free
   323   000A32  0012               	return		;funcret
   324   000A34                     __end_of_printf:
   325                           	callstack 0
   326                           
   327 ;; *************** function _vfprintf *****************
   328 ;; Defined at:
   329 ;;		line 1546 in file "C:\Program Files\Microchip\xc8\v2.41\pic\sources\c99\common\doprnt.c"
   330 ;; Parameters:    Size  Location     Type
   331 ;;  fp              2   16[COMRAM] PTR struct _IO_FILE
   332 ;;		 -> NULL(0), 
   333 ;;  fmt             2   18[COMRAM] PTR const unsigned char 
   334 ;;		 -> STR_1(6), 
   335 ;;  ap              2   20[COMRAM] PTR PTR void 
   336 ;;		 -> printf@ap(2), 
   337 ;; Auto vars:     Size  Location     Type
   338 ;;  cfmt            2   22[COMRAM] PTR unsigned char 
   339 ;;		 -> STR_1(6), 
   340 ;; Return value:  Size  Location     Type
   341 ;;                  2   16[COMRAM] int 
   342 ;; Registers used:
   343 ;;		wreg, fsr1l, fsr1h, fsr2l, fsr2h, status,2, status,0, tblptrl, tblptrh, tblptru, cstack
   344 ;; Tracked objects:
   345 ;;		On entry : 0/0
   346 ;;		On exit  : 0/0
   347 ;;		Unchanged: 0/0
   348 ;; Data sizes:     COMRAM   BANK0   BANK1   BANK2   BANK3   BANK4   BANK5   BANK6   BANK7
   349 ;;      Params:         6       0       0       0       0       0       0       0       0
   350 ;;      Locals:         2       0       0       0       0       0       0       0       0
   351 ;;      Temps:          0       0       0       0       0       0       0       0       0
   352 ;;      Totals:         8       0       0       0       0       0       0       0       0
   353 ;;Total ram usage:        8 bytes
   354 ;; Hardware stack levels used: 1
   355 ;; Hardware stack levels required when called: 4
   356 ;; This function calls:
   357 ;;		_vfpfcnvrt
   358 ;; This function is called by:
   359 ;;		_printf
   360 ;; This function uses a non-reentrant model
   361 ;;
   362                           
   363                           	psect	text2
   364   000950                     __ptext2:
   365                           	callstack 0
   366   000950                     _vfprintf:
   367                           	callstack 25
   368   000950                     
   369                           ;C:\Program Files\Microchip\xc8\v2.41\pic\sources\c99\common\doprnt.c: 1546: int vfprint
      +                          f(FILE *fp, const char *fmt, va_list ap);C:\Program Files\Microchip\xc8\v2.41\pic\source
      +                          s\c99\common\doprnt.c: 1547: {;C:\Program Files\Microchip\xc8\v2.41\pic\sources\c99\comm
      +                          on\doprnt.c: 1549:     char *cfmt;;C:\Program Files\Microchip\xc8\v2.41\pic\sources\c99\
      +                          common\doprnt.c: 1551:     cfmt = (char *)fmt;
   370   000950  C038  F03C         	movff	vfprintf@fmt,vfprintf@cfmt
   371   000954  C039  F03D         	movff	vfprintf@fmt+1,vfprintf@cfmt+1
   372                           
   373                           ;C:\Program Files\Microchip\xc8\v2.41\pic\sources\c99\common\doprnt.c: 1555:     while (
      +                          *cfmt) {
   374   000958  EFBC  F004         	goto	l920
   375   00095C                     l918:
   376                           
   377                           ;C:\Program Files\Microchip\xc8\v2.41\pic\sources\c99\common\doprnt.c: 1559:    vfpfcnvr
      +                          t(fp, &cfmt, ap);
   378   00095C  C036  F030         	movff	vfprintf@fp,vfpfcnvrt@fp
   379   000960  C037  F031         	movff	vfprintf@fp+1,vfpfcnvrt@fp+1
   380   000964  0E3C               	movlw	low vfprintf@cfmt
   381   000966  6E32               	movwf	vfpfcnvrt@fmt^0,c
   382   000968  0E00               	movlw	high vfprintf@cfmt
   383   00096A  6E33               	movwf	(vfpfcnvrt@fmt+1)^0,c
   384   00096C  C03A  F034         	movff	vfprintf@ap,vfpfcnvrt@ap
   385   000970  C03B  F035         	movff	vfprintf@ap+1,vfpfcnvrt@ap+1
   386   000974  EC69  F004         	call	_vfpfcnvrt	;wreg free
   387   000978                     l920:
   388                           
   389                           ;C:\Program Files\Microchip\xc8\v2.41\pic\sources\c99\common\doprnt.c: 1555:     while (
      +                          *cfmt) {
   390   000978  C03C  FFF6         	movff	vfprintf@cfmt,tblptrl
   391   00097C  C03D  FFF7         	movff	vfprintf@cfmt+1,tblptrh
   392   000980                     	if	0	;tblptru may be non-zero
   393   000980                     	endif
   394   000980                     	if	0	;tblptru may be non-zero
   395   000980                     	endif
   396   000980  0008               	tblrd		*
   397   000982  50F5               	movf	tablat,w,c
   398   000984  0900               	iorlw	0
   399   000986  A4D8               	btfss	status,2,c
   400   000988  EFC8  F004         	goto	u161
   401   00098C  EFCA  F004         	goto	u160
   402   000990                     u161:
   403   000990  EFAE  F004         	goto	l918
   404   000994                     u160:
   405   000994                     
   406                           ;C:\Program Files\Microchip\xc8\v2.41\pic\sources\c99\common\doprnt.c: 1564:  return 0;
   407   000994  0E00               	movlw	0
   408   000996  6E37               	movwf	(?_vfprintf+1)^0,c
   409   000998  0E00               	movlw	0
   410   00099A  6E36               	movwf	?_vfprintf^0,c
   411   00099C  0012               	return		;funcret
   412   00099E                     __end_of_vfprintf:
   413                           	callstack 0
   414                           
   415 ;; *************** function _vfpfcnvrt *****************
   416 ;; Defined at:
   417 ;;		line 1048 in file "C:\Program Files\Microchip\xc8\v2.41\pic\sources\c99\common\doprnt.c"
   418 ;; Parameters:    Size  Location     Type
   419 ;;  fp              2   10[COMRAM] PTR struct _IO_FILE
   420 ;;		 -> NULL(0), 
   421 ;;  fmt             2   12[COMRAM] PTR PTR unsigned char 
   422 ;;		 -> vfprintf@cfmt(2), 
   423 ;;  ap              2   14[COMRAM] PTR PTR void 
   424 ;;		 -> printf@ap(2), 
   425 ;; Auto vars:     Size  Location     Type
   426 ;;  convarg         4    0        struct .
   427 ;;  cp              3    0        PTR unsigned char 
   428 ;;  i               2    0        int 
   429 ;;  done            2    0        int 
   430 ;;  c               1    0        unsigned char 
   431 ;; Return value:  Size  Location     Type
   432 ;;                  1    wreg      void 
   433 ;; Registers used:
   434 ;;		wreg, fsr1l, fsr1h, fsr2l, fsr2h, status,2, status,0, tblptrl, tblptrh, tblptru, cstack
   435 ;; Tracked objects:
   436 ;;		On entry : 0/0
   437 ;;		On exit  : 0/0
   438 ;;		Unchanged: 0/0
   439 ;; Data sizes:     COMRAM   BANK0   BANK1   BANK2   BANK3   BANK4   BANK5   BANK6   BANK7
   440 ;;      Params:         6       0       0       0       0       0       0       0       0
   441 ;;      Locals:         0       0       0       0       0       0       0       0       0
   442 ;;      Temps:          0       0       0       0       0       0       0       0       0
   443 ;;      Totals:         6       0       0       0       0       0       0       0       0
   444 ;;Total ram usage:        6 bytes
   445 ;; Hardware stack levels used: 1
   446 ;; Hardware stack levels required when called: 3
   447 ;; This function calls:
   448 ;;		_fputc
   449 ;; This function is called by:
   450 ;;		_vfprintf
   451 ;; This function uses a non-reentrant model
   452 ;;
   453                           
   454                           	psect	text3
   455   0008D2                     __ptext3:
   456                           	callstack 0
   457   0008D2                     _vfpfcnvrt:
   458                           	callstack 25
   459   0008D2                     
   460                           ;C:\Program Files\Microchip\xc8\v2.41\pic\sources\c99\common\doprnt.c: 1048: vfpfcnvrt(F
      +                          ILE *fp, char *fmt[], va_list ap);C:\Program Files\Microchip\xc8\v2.41\pic\sources\c99\c
      +                          ommon\doprnt.c: 1049: {;C:\Program Files\Microchip\xc8\v2.41\pic\sources\c99\common\dopr
      +                          nt.c: 1050:     char c, *cp;;C:\Program Files\Microchip\xc8\v2.41\pic\sources\c99\common
      +                          \doprnt.c: 1051:     int done, i;;C:\Program Files\Microchip\xc8\v2.41\pic\sources\c99\c
      +                          ommon\doprnt.c: 1059:  } convarg;;C:\Program Files\Microchip\xc8\v2.41\pic\sources\c99\c
      +                          ommon\doprnt.c: 1062:     if ((*fmt)[0] == '%') {
   461   0008D2  C032  FFD9         	movff	vfpfcnvrt@fmt,fsr2l
   462   0008D6  C033  FFDA         	movff	vfpfcnvrt@fmt+1,fsr2h
   463   0008DA  CFDE FFF6          	movff	postinc2,tblptrl
   464   0008DE  CFDD FFF7          	movff	postdec2,tblptrh
   465   0008E2                     	if	0	;tblptru may be non-zero
   466   0008E2                     	endif
   467   0008E2                     	if	0	;tblptru may be non-zero
   468   0008E2                     	endif
   469   0008E2  0008               	tblrd		*
   470   0008E4  50F5               	movf	tablat,w,c
   471   0008E6  0A25               	xorlw	37
   472   0008E8  A4D8               	btfss	status,2,c
   473   0008EA  EF79  F004         	goto	u151
   474   0008EE  EF7B  F004         	goto	u150
   475   0008F2                     u151:
   476   0008F2  EF93  F004         	goto	l910
   477   0008F6                     u150:
   478   0008F6                     
   479                           ;C:\Program Files\Microchip\xc8\v2.41\pic\sources\c99\common\doprnt.c: 1063:         ++*
      +                          fmt;
   480   0008F6  C032  FFD9         	movff	vfpfcnvrt@fmt,fsr2l
   481   0008FA  C033  FFDA         	movff	vfpfcnvrt@fmt+1,fsr2h
   482   0008FE  2ADE               	incf	postinc2,f,c
   483   000900  0E00               	movlw	0
   484   000902  22DD               	addwfc	postdec2,f,c
   485   000904                     
   486                           ;C:\Program Files\Microchip\xc8\v2.41\pic\sources\c99\common\doprnt.c: 1065:         fla
      +                          gs = width = 0;
   487   000904  0E00               	movlw	0
   488   000906  6E22               	movwf	(_width+1)^0,c
   489   000908  0E00               	movlw	0
   490   00090A  6E21               	movwf	_width^0,c
   491   00090C  C021  F025         	movff	_width,_flags
   492   000910                     
   493                           ;C:\Program Files\Microchip\xc8\v2.41\pic\sources\c99\common\doprnt.c: 1066:         pre
      +                          c = -1;
   494   000910  6823               	setf	_prec^0,c
   495   000912  6824               	setf	(_prec+1)^0,c
   496   000914                     l906:
   497                           
   498                           ;C:\Program Files\Microchip\xc8\v2.41\pic\sources\c99\common\doprnt.c: 1535:         ++*
      +                          fmt;
   499   000914  C032  FFD9         	movff	vfpfcnvrt@fmt,fsr2l
   500   000918  C033  FFDA         	movff	vfpfcnvrt@fmt+1,fsr2h
   501   00091C  2ADE               	incf	postinc2,f,c
   502   00091E  0E00               	movlw	0
   503   000920  22DD               	addwfc	postdec2,f,c
   504   000922  EFA7  F004         	goto	l763
   505   000926                     l910:
   506                           
   507                           ;C:\Program Files\Microchip\xc8\v2.41\pic\sources\c99\common\doprnt.c: 1540:     fputc((
      +                          int)(*fmt)[0], fp);
   508   000926  C032  FFD9         	movff	vfpfcnvrt@fmt,fsr2l
   509   00092A  C033  FFDA         	movff	vfpfcnvrt@fmt+1,fsr2h
   510   00092E  CFDE FFF6          	movff	postinc2,tblptrl
   511   000932  CFDD FFF7          	movff	postdec2,tblptrh
   512   000936                     	if	0	;tblptru may be non-zero
   513   000936                     	endif
   514   000936                     	if	0	;tblptru may be non-zero
   515   000936                     	endif
   516   000936  0008               	tblrd		*
   517   000938  50F5               	movf	tablat,w,c
   518   00093A  6E27               	movwf	fputc@c^0,c
   519   00093C  6A28               	clrf	(fputc@c+1)^0,c
   520   00093E  C030  F029         	movff	vfpfcnvrt@fp,fputc@fp
   521   000942  C031  F02A         	movff	vfpfcnvrt@fp+1,fputc@fp+1
   522   000946  EC04  F004         	call	_fputc	;wreg free
   523   00094A  EF8A  F004         	goto	l906
   524   00094E                     l763:
   525   00094E  0012               	return		;funcret
   526   000950                     __end_of_vfpfcnvrt:
   527                           	callstack 0
   528                           
   529 ;; *************** function _fputc *****************
   530 ;; Defined at:
   531 ;;		line 8 in file "C:\Program Files\Microchip\xc8\v2.41\pic\sources\c99\common\nf_fputc.c"
   532 ;; Parameters:    Size  Location     Type
   533 ;;  c               2    1[COMRAM] int 
   534 ;;  fp              2    3[COMRAM] PTR struct _IO_FILE
   535 ;;		 -> NULL(0), 
   536 ;; Auto vars:     Size  Location     Type
   537 ;;		None
   538 ;; Return value:  Size  Location     Type
   539 ;;                  2    1[COMRAM] int 
   540 ;; Registers used:
   541 ;;		wreg, fsr1l, fsr1h, fsr2l, fsr2h, status,2, status,0, cstack
   542 ;; Tracked objects:
   543 ;;		On entry : 0/0
   544 ;;		On exit  : 0/0
   545 ;;		Unchanged: 0/0
   546 ;; Data sizes:     COMRAM   BANK0   BANK1   BANK2   BANK3   BANK4   BANK5   BANK6   BANK7
   547 ;;      Params:         4       0       0       0       0       0       0       0       0
   548 ;;      Locals:         0       0       0       0       0       0       0       0       0
   549 ;;      Temps:          5       0       0       0       0       0       0       0       0
   550 ;;      Totals:         9       0       0       0       0       0       0       0       0
   551 ;;Total ram usage:        9 bytes
   552 ;; Hardware stack levels used: 1
   553 ;; Hardware stack levels required when called: 2
   554 ;; This function calls:
   555 ;;		_putch
   556 ;; This function is called by:
   557 ;;		_vfpfcnvrt
   558 ;; This function uses a non-reentrant model
   559 ;;
   560                           
   561                           	psect	text4
   562   000808                     __ptext4:
   563                           	callstack 0
   564   000808                     _fputc:
   565                           	callstack 25
   566   000808  5029               	movf	fputc@fp^0,w,c
   567   00080A  102A               	iorwf	(fputc@fp+1)^0,w,c
   568   00080C  B4D8               	btfsc	status,2,c
   569   00080E  EF0B  F004         	goto	u111
   570   000812  EF0D  F004         	goto	u110
   571   000816                     u111:
   572   000816  EF16  F004         	goto	l888
   573   00081A                     u110:
   574   00081A  5029               	movf	fputc@fp^0,w,c
   575   00081C  102A               	iorwf	(fputc@fp+1)^0,w,c
   576   00081E  A4D8               	btfss	status,2,c
   577   000820  EF14  F004         	goto	u121
   578   000824  EF16  F004         	goto	u120
   579   000828                     u121:
   580   000828  EF1B  F004         	goto	l890
   581   00082C                     u120:
   582   00082C                     l888:
   583   00082C  5027               	movf	fputc@c^0,w,c
   584   00082E  EC49  F005         	call	_putch
   585   000832  EF68  F004         	goto	l781
   586   000836                     l890:
   587   000836  EE20 F00A          	lfsr	2,10
   588   00083A  5029               	movf	fputc@fp^0,w,c
   589   00083C  26D9               	addwf	fsr2l,f,c
   590   00083E  502A               	movf	(fputc@fp+1)^0,w,c
   591   000840  22DA               	addwfc	fsr2h,f,c
   592   000842  50DE               	movf	postinc2,w,c
   593   000844  10DE               	iorwf	postinc2,w,c
   594   000846  B4D8               	btfsc	status,2,c
   595   000848  EF28  F004         	goto	u131
   596   00084C  EF2A  F004         	goto	u130
   597   000850                     u131:
   598   000850  EF45  F004         	goto	l894
   599   000854                     u130:
   600   000854  EE20 F00A          	lfsr	2,10
   601   000858  5029               	movf	fputc@fp^0,w,c
   602   00085A  26D9               	addwf	fsr2l,f,c
   603   00085C  502A               	movf	(fputc@fp+1)^0,w,c
   604   00085E  22DA               	addwfc	fsr2h,f,c
   605   000860  EE10 F003          	lfsr	1,3
   606   000864  5029               	movf	fputc@fp^0,w,c
   607   000866  26E1               	addwf	fsr1l,f,c
   608   000868  502A               	movf	(fputc@fp+1)^0,w,c
   609   00086A  22E2               	addwfc	fsr1h,f,c
   610   00086C  50DE               	movf	postinc2,w,c
   611   00086E  5CE6               	subwf	postinc1,w,c
   612   000870  50E6               	movf	postinc1,w,c
   613   000872  0A80               	xorlw	128
   614   000874  6E2F               	movwf	(??_fputc+4)^0,c
   615   000876  50DE               	movf	postinc2,w,c
   616   000878  0A80               	xorlw	128
   617   00087A  582F               	subwfb	(??_fputc+4)^0,w,c
   618   00087C  B0D8               	btfsc	status,0,c
   619   00087E  EF43  F004         	goto	u141
   620   000882  EF45  F004         	goto	u140
   621   000886                     u141:
   622   000886  EF68  F004         	goto	l781
   623   00088A                     u140:
   624   00088A                     l894:
   625   00088A  EE20 F003          	lfsr	2,3
   626   00088E  5029               	movf	fputc@fp^0,w,c
   627   000890  26D9               	addwf	fsr2l,f,c
   628   000892  502A               	movf	(fputc@fp+1)^0,w,c
   629   000894  22DA               	addwfc	fsr2h,f,c
   630   000896  CFDE F02B          	movff	postinc2,??_fputc
   631   00089A  CFDD F02C          	movff	postdec2,??_fputc+1
   632   00089E  C029  FFD9         	movff	fputc@fp,fsr2l
   633   0008A2  C02A  FFDA         	movff	fputc@fp+1,fsr2h
   634   0008A6  CFDE F02D          	movff	postinc2,??_fputc+2
   635   0008AA  CFDD F02E          	movff	postdec2,??_fputc+3
   636   0008AE  502B               	movf	??_fputc^0,w,c
   637   0008B0  242D               	addwf	(??_fputc+2)^0,w,c
   638   0008B2  6ED9               	movwf	fsr2l,c
   639   0008B4  502C               	movf	(??_fputc+1)^0,w,c
   640   0008B6  202E               	addwfc	(??_fputc+3)^0,w,c
   641   0008B8  6EDA               	movwf	fsr2h,c
   642   0008BA  C027  FFDF         	movff	fputc@c,indf2
   643   0008BE  EE20 F003          	lfsr	2,3
   644   0008C2  5029               	movf	fputc@fp^0,w,c
   645   0008C4  26D9               	addwf	fsr2l,f,c
   646   0008C6  502A               	movf	(fputc@fp+1)^0,w,c
   647   0008C8  22DA               	addwfc	fsr2h,f,c
   648   0008CA  2ADE               	incf	postinc2,f,c
   649   0008CC  0E00               	movlw	0
   650   0008CE  22DD               	addwfc	postdec2,f,c
   651   0008D0                     l781:
   652   0008D0  0012               	return		;funcret
   653   0008D2                     __end_of_fputc:
   654                           	callstack 0
   655                           
   656 ;; *************** function _putch *****************
   657 ;; Defined at:
   658 ;;		line 7 in file "C:\Program Files\Microchip\xc8\v2.41\pic\sources\c99\common\putch.c"
   659 ;; Parameters:    Size  Location     Type
   660 ;;  c               1    wreg     unsigned char 
   661 ;; Auto vars:     Size  Location     Type
   662 ;;  c               1    0[COMRAM] unsigned char 
   663 ;; Return value:  Size  Location     Type
   664 ;;                  1    wreg      void 
   665 ;; Registers used:
   666 ;;		wreg
   667 ;; Tracked objects:
   668 ;;		On entry : 0/0
   669 ;;		On exit  : 0/0
   670 ;;		Unchanged: 0/0
   671 ;; Data sizes:     COMRAM   BANK0   BANK1   BANK2   BANK3   BANK4   BANK5   BANK6   BANK7
   672 ;;      Params:         0       0       0       0       0       0       0       0       0
   673 ;;      Locals:         0       0       0       0       0       0       0       0       0
   674 ;;      Temps:          0       0       0       0       0       0       0       0       0
   675 ;;      Totals:         0       0       0       0       0       0       0       0       0
   676 ;;Total ram usage:        0 bytes
   677 ;; Hardware stack levels used: 1
   678 ;; Hardware stack levels required when called: 1
   679 ;; This function calls:
   680 ;;		Nothing
   681 ;; This function is called by:
   682 ;;		_fputc
   683 ;; This function uses a non-reentrant model
   684 ;;
   685                           
   686                           	psect	text5
   687   000A92                     __ptext5:
   688                           	callstack 0
   689   000A92                     _putch:
   690                           	callstack 25
   691   000A92  0012               	return		;funcret
   692   000A94                     __end_of_putch:
   693                           	callstack 0
   694                           
   695 ;; *************** function _Init_Peripheral_Timer0 *****************
   696 ;; Defined at:
   697 ;;		line 71 in file "main.c"
   698 ;; Parameters:    Size  Location     Type
   699 ;;		None
   700 ;; Auto vars:     Size  Location     Type
   701 ;;		None
   702 ;; Return value:  Size  Location     Type
   703 ;;                  1    wreg      void 
   704 ;; Registers used:
   705 ;;		wreg, status,2
   706 ;; Tracked objects:
   707 ;;		On entry : 0/0
   708 ;;		On exit  : 0/0
   709 ;;		Unchanged: 0/0
   710 ;; Data sizes:     COMRAM   BANK0   BANK1   BANK2   BANK3   BANK4   BANK5   BANK6   BANK7
   711 ;;      Params:         0       0       0       0       0       0       0       0       0
   712 ;;      Locals:         0       0       0       0       0       0       0       0       0
   713 ;;      Temps:          0       0       0       0       0       0       0       0       0
   714 ;;      Totals:         0       0       0       0       0       0       0       0       0
   715 ;;Total ram usage:        0 bytes
   716 ;; Hardware stack levels used: 1
   717 ;; Hardware stack levels required when called: 1
   718 ;; This function calls:
   719 ;;		Nothing
   720 ;; This function is called by:
   721 ;;		_main
   722 ;; This function uses a non-reentrant model
   723 ;;
   724                           
   725                           	psect	text6
   726   000A34                     __ptext6:
   727                           	callstack 0
   728   000A34                     _Init_Peripheral_Timer0:
   729                           	callstack 29
   730   000A34                     
   731                           ;main.c: 74:     T0CON = 0x00;
   732   000A34  0E00               	movlw	0
   733   000A36  6ED5               	movwf	213,c	;volatile
   734   000A38                     
   735                           ;main.c: 77:     T0CONbits.TMR0ON = 0;
   736   000A38  9ED5               	bcf	213,7,c	;volatile
   737   000A3A                     
   738                           ;main.c: 78:     T0CONbits.T08BIT = 0;
   739   000A3A  9CD5               	bcf	213,6,c	;volatile
   740   000A3C                     
   741                           ;main.c: 79:     T0CONbits.T0CS = 0;
   742   000A3C  9AD5               	bcf	213,5,c	;volatile
   743   000A3E                     
   744                           ;main.c: 80:     T0CONbits.T0SE = 0;
   745   000A3E  98D5               	bcf	213,4,c	;volatile
   746   000A40                     
   747                           ;main.c: 81:     T0CONbits.PSA = 0;
   748   000A40  96D5               	bcf	213,3,c	;volatile
   749                           
   750                           ;main.c: 82:     T0CONbits.T0PS = 0b010;
   751   000A42  50D5               	movf	213,w,c	;volatile
   752   000A44  0BF8               	andlw	-8
   753   000A46  0902               	iorlw	2
   754   000A48  6ED5               	movwf	213,c	;volatile
   755                           
   756                           ;main.c: 111:     TMR0H = 11;
   757   000A4A  0E0B               	movlw	11
   758   000A4C  6ED7               	movwf	215,c	;volatile
   759                           
   760                           ;main.c: 112:     TMR0L = 220;
   761   000A4E  0EDC               	movlw	220
   762   000A50  6ED6               	movwf	214,c	;volatile
   763   000A52                     
   764                           ;main.c: 115:     T0CONbits.TMR0ON = 1;
   765   000A52  8ED5               	bsf	213,7,c	;volatile
   766   000A54  0012               	return		;funcret
   767   000A56                     __end_of_Init_Peripheral_Timer0:
   768                           	callstack 0
   769                           
   770 ;; *************** function _Init_Peripheral_Interrupt *****************
   771 ;; Defined at:
   772 ;;		line 118 in file "main.c"
   773 ;; Parameters:    Size  Location     Type
   774 ;;		None
   775 ;; Auto vars:     Size  Location     Type
   776 ;;		None
   777 ;; Return value:  Size  Location     Type
   778 ;;                  1    wreg      void 
   779 ;; Registers used:
   780 ;;		None
   781 ;; Tracked objects:
   782 ;;		On entry : 0/0
   783 ;;		On exit  : 0/0
   784 ;;		Unchanged: 0/0
   785 ;; Data sizes:     COMRAM   BANK0   BANK1   BANK2   BANK3   BANK4   BANK5   BANK6   BANK7
   786 ;;      Params:         0       0       0       0       0       0       0       0       0
   787 ;;      Locals:         0       0       0       0       0       0       0       0       0
   788 ;;      Temps:          0       0       0       0       0       0       0       0       0
   789 ;;      Totals:         0       0       0       0       0       0       0       0       0
   790 ;;Total ram usage:        0 bytes
   791 ;; Hardware stack levels used: 1
   792 ;; Hardware stack levels required when called: 1
   793 ;; This function calls:
   794 ;;		Nothing
   795 ;; This function is called by:
   796 ;;		_main
   797 ;; This function uses a non-reentrant model
   798 ;;
   799                           
   800                           	psect	text7
   801   000A82                     __ptext7:
   802                           	callstack 0
   803   000A82                     _Init_Peripheral_Interrupt:
   804                           	callstack 29
   805   000A82                     
   806                           ;main.c: 121:     INTCONbits.GIE = 1;
   807   000A82  8EF2               	bsf	242,7,c	;volatile
   808                           
   809                           ;main.c: 123:     INTCONbits.PEIE = 1;
   810   000A84  8CF2               	bsf	242,6,c	;volatile
   811                           
   812                           ;main.c: 124:     INTCONbits.TMR0IE = 1;
   813   000A86  8AF2               	bsf	242,5,c	;volatile
   814                           
   815                           ;main.c: 125:     INTCONbits.TMR0IF = 0;
   816   000A88  94F2               	bcf	242,2,c	;volatile
   817   000A8A  0012               	return		;funcret
   818   000A8C                     __end_of_Init_Peripheral_Interrupt:
   819                           	callstack 0
   820                           
   821 ;; *************** function _Init_Peripheral_GPIO *****************
   822 ;; Defined at:
   823 ;;		line 63 in file "main.c"
   824 ;; Parameters:    Size  Location     Type
   825 ;;		None
   826 ;; Auto vars:     Size  Location     Type
   827 ;;		None
   828 ;; Return value:  Size  Location     Type
   829 ;;                  1    wreg      void 
   830 ;; Registers used:
   831 ;;		None
   832 ;; Tracked objects:
   833 ;;		On entry : 0/0
   834 ;;		On exit  : 0/0
   835 ;;		Unchanged: 0/0
   836 ;; Data sizes:     COMRAM   BANK0   BANK1   BANK2   BANK3   BANK4   BANK5   BANK6   BANK7
   837 ;;      Params:         0       0       0       0       0       0       0       0       0
   838 ;;      Locals:         0       0       0       0       0       0       0       0       0
   839 ;;      Temps:          0       0       0       0       0       0       0       0       0
   840 ;;      Totals:         0       0       0       0       0       0       0       0       0
   841 ;;Total ram usage:        0 bytes
   842 ;; Hardware stack levels used: 1
   843 ;; Hardware stack levels required when called: 1
   844 ;; This function calls:
   845 ;;		Nothing
   846 ;; This function is called by:
   847 ;;		_main
   848 ;; This function uses a non-reentrant model
   849 ;;
   850                           
   851                           	psect	text8
   852   000A8C                     __ptext8:
   853                           	callstack 0
   854   000A8C                     _Init_Peripheral_GPIO:
   855                           	callstack 29
   856   000A8C                     
   857                           ;main.c: 66:     TRISBbits.RB0 = 0;
   858   000A8C  9093               	bcf	147,0,c	;volatile
   859                           
   860                           ;main.c: 68:     LATBbits.LATB0 = 0;
   861   000A8E  908A               	bcf	138,0,c	;volatile
   862   000A90  0012               	return		;funcret
   863   000A92                     __end_of_Init_Peripheral_GPIO:
   864                           	callstack 0
   865                           
   866 ;; *************** function _Init_Internal_Oscillator *****************
   867 ;; Defined at:
   868 ;;		line 127 in file "main.c"
   869 ;; Parameters:    Size  Location     Type
   870 ;;		None
   871 ;; Auto vars:     Size  Location     Type
   872 ;;		None
   873 ;; Return value:  Size  Location     Type
   874 ;;                  1    wreg      void 
   875 ;; Registers used:
   876 ;;		wreg, status,2
   877 ;; Tracked objects:
   878 ;;		On entry : 0/0
   879 ;;		On exit  : 0/0
   880 ;;		Unchanged: 0/0
   881 ;; Data sizes:     COMRAM   BANK0   BANK1   BANK2   BANK3   BANK4   BANK5   BANK6   BANK7
   882 ;;      Params:         0       0       0       0       0       0       0       0       0
   883 ;;      Locals:         0       0       0       0       0       0       0       0       0
   884 ;;      Temps:          0       0       0       0       0       0       0       0       0
   885 ;;      Totals:         0       0       0       0       0       0       0       0       0
   886 ;;Total ram usage:        0 bytes
   887 ;; Hardware stack levels used: 1
   888 ;; Hardware stack levels required when called: 1
   889 ;; This function calls:
   890 ;;		Nothing
   891 ;; This function is called by:
   892 ;;		_main
   893 ;; This function uses a non-reentrant model
   894 ;;
   895                           
   896                           	psect	text9
   897   000A74                     __ptext9:
   898                           	callstack 0
   899   000A74                     _Init_Internal_Oscillator:
   900                           	callstack 29
   901   000A74                     
   902                           ;main.c: 130:     OSCCON = 0x00;
   903   000A74  0E00               	movlw	0
   904   000A76  6ED3               	movwf	211,c	;volatile
   905                           
   906                           ;main.c: 133:     OSCCONbits.IRCF = 0b111;
   907   000A78  0E70               	movlw	112
   908   000A7A  12D3               	iorwf	211,f,c	;volatile
   909                           
   910                           ;main.c: 134:     OSCCONbits.SCS = 0b11;
   911   000A7C  0E03               	movlw	3
   912   000A7E  12D3               	iorwf	211,f,c	;volatile
   913   000A80  0012               	return		;funcret
   914   000A82                     __end_of_Init_Internal_Oscillator:
   915                           	callstack 0
   916                           
   917 ;; *************** function _TIMER0_ISR *****************
   918 ;; Defined at:
   919 ;;		line 21 in file "main.c"
   920 ;; Parameters:    Size  Location     Type
   921 ;;		None
   922 ;; Auto vars:     Size  Location     Type
   923 ;;		None
   924 ;; Return value:  Size  Location     Type
   925 ;;                  1    wreg      void 
   926 ;; Registers used:
   927 ;;		wreg, status,2, status,0
   928 ;; Tracked objects:
   929 ;;		On entry : 0/0
   930 ;;		On exit  : 0/0
   931 ;;		Unchanged: 0/0
   932 ;; Data sizes:     COMRAM   BANK0   BANK1   BANK2   BANK3   BANK4   BANK5   BANK6   BANK7
   933 ;;      Params:         0       0       0       0       0       0       0       0       0
   934 ;;      Locals:         0       0       0       0       0       0       0       0       0
   935 ;;      Temps:          1       0       0       0       0       0       0       0       0
   936 ;;      Totals:         1       0       0       0       0       0       0       0       0
   937 ;;Total ram usage:        1 bytes
   938 ;; Hardware stack levels used: 1
   939 ;; This function calls:
   940 ;;		Nothing
   941 ;; This function is called by:
   942 ;;		Interrupt level 2
   943 ;; This function uses a non-reentrant model
   944 ;;
   945                           
   946                           	psect	intcode
   947   000008                     __pintcode:
   948                           	callstack 0
   949   000008                     _TIMER0_ISR:
   950                           	callstack 25
   951                           
   952                           ;incstack = 0
   953   000008  8242               	bsf	int$flags,1,c	;set compiler interrupt flag (level 2)
   954   00000A  EDCF  F004         	call	int_func,f	;refresh shadow registers
   955                           
   956                           	psect	intcode_body
   957   00099E                     __pintcode_body:
   958                           	callstack 25
   959   00099E                     int_func:
   960                           	callstack 25
   961   00099E  0006               	pop		; remove dummy address from shadow register refresh
   962   0009A0                     
   963                           ;main.c: 23:     if(INTCONbits.TMR0IE && INTCONbits.TMR0IF)
   964   0009A0  AAF2               	btfss	242,5,c	;volatile
   965   0009A2  EFD5  F004         	goto	i2u7_41
   966   0009A6  EFD7  F004         	goto	i2u7_40
   967   0009AA                     i2u7_41:
   968   0009AA  EFF2  F004         	goto	i2l36
   969   0009AE                     i2u7_40:
   970   0009AE  A4F2               	btfss	242,2,c	;volatile
   971   0009B0  EFDC  F004         	goto	i2u8_41
   972   0009B4  EFDE  F004         	goto	i2u8_40
   973   0009B8                     i2u8_41:
   974   0009B8  EFF2  F004         	goto	i2l36
   975   0009BC                     i2u8_40:
   976   0009BC                     
   977                           ;main.c: 24:     {;main.c: 26:         LATBbits.LATB0 = !LATBbits.LATB0;
   978   0009BC  A08A               	btfss	138,0,c	;volatile
   979   0009BE  EFE3  F004         	goto	i2u9_41
   980   0009C2  EFE7  F004         	goto	i2u9_40
   981   0009C6                     i2u9_41:
   982   0009C6  6A26               	clrf	??_TIMER0_ISR^0,c
   983   0009C8  2A26               	incf	??_TIMER0_ISR^0,f,c
   984   0009CA  EFE8  F004         	goto	i2u10_48
   985   0009CE                     i2u9_40:
   986   0009CE  6A26               	clrf	??_TIMER0_ISR^0,c
   987   0009D0                     i2u10_48:
   988   0009D0  508A               	movf	138,w,c	;volatile
   989   0009D2  1826               	xorwf	??_TIMER0_ISR^0,w,c
   990   0009D4  0BFE               	andlw	-2
   991   0009D6  1826               	xorwf	??_TIMER0_ISR^0,w,c
   992   0009D8  6E8A               	movwf	138,c	;volatile
   993   0009DA                     
   994                           ;main.c: 28:         TMR0H = 11;
   995   0009DA  0E0B               	movlw	11
   996   0009DC  6ED7               	movwf	215,c	;volatile
   997   0009DE                     
   998                           ;main.c: 29:         TMR0L = 220;
   999   0009DE  0EDC               	movlw	220
  1000   0009E0  6ED6               	movwf	214,c	;volatile
  1001   0009E2                     
  1002                           ;main.c: 31:         INTCONbits.TMR0IF = 0;
  1003   0009E2  94F2               	bcf	242,2,c	;volatile
  1004   0009E4                     i2l36:
  1005   0009E4  9242               	bcf	int$flags,1,c	;clear compiler interrupt flag (level 2)
  1006   0009E6  0011               	retfie		f
  1007   0009E8                     __end_of_TIMER0_ISR:
  1008                           	callstack 0
  1009                           
  1010                           	psect	rparam
  1011   000000                     
  1012                           	psect	temp
  1013   000042                     btemp:
  1014                           	callstack 0
  1015   000042                     	ds	1
  1016   000000                     int$flags	set	btemp
  1017   000000                     wtemp8	set	btemp+1
  1018   000000                     ttemp5	set	btemp+1
  1019   000000                     ttemp6	set	btemp+4
  1020   000000                     ttemp7	set	btemp+8
  1021                           
  1022                           	psect	idloc
  1023                           
  1024                           ;Config register IDLOC0 @ 0x200000
  1025                           ;	unspecified, using default values
  1026   200000                     	org	2097152
  1027   200000  FF                 	db	255
  1028                           
  1029                           ;Config register IDLOC1 @ 0x200001
  1030                           ;	unspecified, using default values
  1031   200001                     	org	2097153
  1032   200001  FF                 	db	255
  1033                           
  1034                           ;Config register IDLOC2 @ 0x200002
  1035                           ;	unspecified, using default values
  1036   200002                     	org	2097154
  1037   200002  FF                 	db	255
  1038                           
  1039                           ;Config register IDLOC3 @ 0x200003
  1040                           ;	unspecified, using default values
  1041   200003                     	org	2097155
  1042   200003  FF                 	db	255
  1043                           
  1044                           ;Config register IDLOC4 @ 0x200004
  1045                           ;	unspecified, using default values
  1046   200004                     	org	2097156
  1047   200004  FF                 	db	255
  1048                           
  1049                           ;Config register IDLOC5 @ 0x200005
  1050                           ;	unspecified, using default values
  1051   200005                     	org	2097157
  1052   200005  FF                 	db	255
  1053                           
  1054                           ;Config register IDLOC6 @ 0x200006
  1055                           ;	unspecified, using default values
  1056   200006                     	org	2097158
  1057   200006  FF                 	db	255
  1058                           
  1059                           ;Config register IDLOC7 @ 0x200007
  1060                           ;	unspecified, using default values
  1061   200007                     	org	2097159
  1062   200007  FF                 	db	255
  1063                           
  1064                           	psect	config
  1065                           
  1066                           ;Config register CONFIG1L @ 0x300000
  1067                           ;	PLL Prescaler Selection bits
  1068                           ;	PLLDIV = 1, No prescale (4 MHz oscillator input drives PLL directly)
  1069                           ;	System Clock Postscaler Selection bits
  1070                           ;	CPUDIV = OSC1_PLL2, [Primary Oscillator Src: /1][96 MHz PLL Src: /2]
  1071                           ;	USB Clock Selection bit (used in Full-Speed USB mode only; UCFG:FSEN = 1)
  1072                           ;	USBDIV = 1, USB clock source comes directly from the primary oscillator block with no 
      +                          postscale
  1073   300000                     	org	3145728
  1074   300000  00                 	db	0
  1075                           
  1076                           ;Config register CONFIG1H @ 0x300001
  1077                           ;	Oscillator Selection bits
  1078                           ;	FOSC = INTOSC_HS, Internal oscillator, HS oscillator used by USB (INTHS)
  1079                           ;	Fail-Safe Clock Monitor Enable bit
  1080                           ;	FCMEN = OFF, Fail-Safe Clock Monitor disabled
  1081                           ;	Internal/External Oscillator Switchover bit
  1082                           ;	IESO = OFF, Oscillator Switchover mode disabled
  1083   300001                     	org	3145729
  1084   300001  0B                 	db	11
  1085                           
  1086                           ;Config register CONFIG2L @ 0x300002
  1087                           ;	Power-up Timer Enable bit
  1088                           ;	PWRT = OFF, PWRT disabled
  1089                           ;	Brown-out Reset Enable bits
  1090                           ;	BOR = OFF, Brown-out Reset disabled in hardware and software
  1091                           ;	Brown-out Reset Voltage bits
  1092                           ;	BORV = 3, Minimum setting 2.05V
  1093                           ;	USB Voltage Regulator Enable bit
  1094                           ;	VREGEN = OFF, USB voltage regulator disabled
  1095   300002                     	org	3145730
  1096   300002  19                 	db	25
  1097                           
  1098                           ;Config register CONFIG2H @ 0x300003
  1099                           ;	Watchdog Timer Enable bit
  1100                           ;	WDT = OFF, WDT disabled (control is placed on the SWDTEN bit)
  1101                           ;	Watchdog Timer Postscale Select bits
  1102                           ;	WDTPS = 32768, 1:32768
  1103   300003                     	org	3145731
  1104   300003  1E                 	db	30
  1105                           
  1106                           ; Padding undefined space
  1107   300004                     	org	3145732
  1108   300004  FF                 	db	255
  1109                           
  1110                           ;Config register CONFIG3H @ 0x300005
  1111                           ;	CCP2 MUX bit
  1112                           ;	CCP2MX = OFF, CCP2 input/output is multiplexed with RB3
  1113                           ;	PORTB A/D Enable bit
  1114                           ;	PBADEN = OFF, PORTB<4:0> pins are configured as digital I/O on Reset
  1115                           ;	Low-Power Timer 1 Oscillator Enable bit
  1116                           ;	LPT1OSC = OFF, Timer1 configured for higher power operation
  1117                           ;	MCLR Pin Enable bit
  1118                           ;	MCLRE = ON, MCLR pin enabled; RE3 input pin disabled
  1119   300005                     	org	3145733
  1120   300005  80                 	db	128
  1121                           
  1122                           ;Config register CONFIG4L @ 0x300006
  1123                           ;	Stack Full/Underflow Reset Enable bit
  1124                           ;	STVREN = OFF, Stack full/underflow will not cause Reset
  1125                           ;	Single-Supply ICSP Enable bit
  1126                           ;	LVP = OFF, Single-Supply ICSP disabled
  1127                           ;	Dedicated In-Circuit Debug/Programming Port (ICPORT) Enable bit
  1128                           ;	ICPRT = OFF, ICPORT disabled
  1129                           ;	Extended Instruction Set Enable bit
  1130                           ;	XINST = OFF, Instruction set extension and Indexed Addressing mode disabled (Legacy mo
      +                          de)
  1131                           ;	Background Debugger Enable bit
  1132                           ;	DEBUG = 0x1, unprogrammed default
  1133   300006                     	org	3145734
  1134   300006  80                 	db	128
  1135                           
  1136                           ; Padding undefined space
  1137   300007                     	org	3145735
  1138   300007  FF                 	db	255
  1139                           
  1140                           ;Config register CONFIG5L @ 0x300008
  1141                           ;	Code Protection bit
  1142                           ;	CP0 = OFF, Block 0 (000800-001FFFh) is not code-protected
  1143                           ;	Code Protection bit
  1144                           ;	CP1 = OFF, Block 1 (002000-003FFFh) is not code-protected
  1145                           ;	Code Protection bit
  1146                           ;	CP2 = OFF, Block 2 (004000-005FFFh) is not code-protected
  1147                           ;	Code Protection bit
  1148                           ;	CP3 = OFF, Block 3 (006000-007FFFh) is not code-protected
  1149   300008                     	org	3145736
  1150   300008  0F                 	db	15
  1151                           
  1152                           ;Config register CONFIG5H @ 0x300009
  1153                           ;	Boot Block Code Protection bit
  1154                           ;	CPB = OFF, Boot block (000000-0007FFh) is not code-protected
  1155                           ;	Data EEPROM Code Protection bit
  1156                           ;	CPD = OFF, Data EEPROM is not code-protected
  1157   300009                     	org	3145737
  1158   300009  C0                 	db	192
  1159                           
  1160                           ;Config register CONFIG6L @ 0x30000A
  1161                           ;	Write Protection bit
  1162                           ;	WRT0 = OFF, Block 0 (000800-001FFFh) is not write-protected
  1163                           ;	Write Protection bit
  1164                           ;	WRT1 = OFF, Block 1 (002000-003FFFh) is not write-protected
  1165                           ;	Write Protection bit
  1166                           ;	WRT2 = OFF, Block 2 (004000-005FFFh) is not write-protected
  1167                           ;	Write Protection bit
  1168                           ;	WRT3 = OFF, Block 3 (006000-007FFFh) is not write-protected
  1169   30000A                     	org	3145738
  1170   30000A  0F                 	db	15
  1171                           
  1172                           ;Config register CONFIG6H @ 0x30000B
  1173                           ;	Configuration Register Write Protection bit
  1174                           ;	WRTC = OFF, Configuration registers (300000-3000FFh) are not write-protected
  1175                           ;	Boot Block Write Protection bit
  1176                           ;	WRTB = OFF, Boot block (000000-0007FFh) is not write-protected
  1177                           ;	Data EEPROM Write Protection bit
  1178                           ;	WRTD = OFF, Data EEPROM is not write-protected
  1179   30000B                     	org	3145739
  1180   30000B  E0                 	db	224
  1181                           
  1182                           ;Config register CONFIG7L @ 0x30000C
  1183                           ;	Table Read Protection bit
  1184                           ;	EBTR0 = OFF, Block 0 (000800-001FFFh) is not protected from table reads executed in ot
      +                          her blocks
  1185                           ;	Table Read Protection bit
  1186                           ;	EBTR1 = OFF, Block 1 (002000-003FFFh) is not protected from table reads executed in ot
      +                          her blocks
  1187                           ;	Table Read Protection bit
  1188                           ;	EBTR2 = OFF, Block 2 (004000-005FFFh) is not protected from table reads executed in ot
      +                          her blocks
  1189                           ;	Table Read Protection bit
  1190                           ;	EBTR3 = OFF, Block 3 (006000-007FFFh) is not protected from table reads executed in ot
      +                          her blocks
  1191   30000C                     	org	3145740
  1192   30000C  0F                 	db	15
  1193                           
  1194                           ;Config register CONFIG7H @ 0x30000D
  1195                           ;	Boot Block Table Read Protection bit
  1196                           ;	EBTRB = OFF, Boot block (000000-0007FFh) is not protected from table reads executed in
      +                           other blocks
  1197   30000D                     	org	3145741
  1198   30000D  40                 	db	64
  1199                           tosu	equ	0xFFF
  1200                           tosh	equ	0xFFE
  1201                           tosl	equ	0xFFD
  1202                           stkptr	equ	0xFFC
  1203                           pclatu	equ	0xFFB
  1204                           pclath	equ	0xFFA
  1205                           pcl	equ	0xFF9
  1206                           tblptru	equ	0xFF8
  1207                           tblptrh	equ	0xFF7
  1208                           tblptrl	equ	0xFF6
  1209                           tablat	equ	0xFF5
  1210                           prodh	equ	0xFF4
  1211                           prodl	equ	0xFF3
  1212                           indf0	equ	0xFEF
  1213                           postinc0	equ	0xFEE
  1214                           postdec0	equ	0xFED
  1215                           preinc0	equ	0xFEC
  1216                           plusw0	equ	0xFEB
  1217                           fsr0h	equ	0xFEA
  1218                           fsr0l	equ	0xFE9
  1219                           wreg	equ	0xFE8
  1220                           indf1	equ	0xFE7
  1221                           postinc1	equ	0xFE6
  1222                           postdec1	equ	0xFE5
  1223                           preinc1	equ	0xFE4
  1224                           plusw1	equ	0xFE3
  1225                           fsr1h	equ	0xFE2
  1226                           fsr1l	equ	0xFE1
  1227                           bsr	equ	0xFE0
  1228                           indf2	equ	0xFDF
  1229                           postinc2	equ	0xFDE
  1230                           postdec2	equ	0xFDD
  1231                           preinc2	equ	0xFDC
  1232                           plusw2	equ	0xFDB
  1233                           fsr2h	equ	0xFDA
  1234                           fsr2l	equ	0xFD9
  1235                           status	equ	0xFD8

Data Sizes:
    Strings     6
    Constant    0
    Data        0
    BSS         37
    Persistent  0
    Stack       0

Auto Spaces:
    Space          Size  Autos    Used
    COMRAM           94     28      65
    BANK0           160      0       0
    BANK1           256      0       0
    BANK2           256      0       0
    BANK3           256      0       0
    BANK4           256      0       0
    BANK5           256      0       0
    BANK6           256      0       0
    BANK7           256      0       0

Pointer List with Targets:

    vfpfcnvrt@ap	PTR PTR void  size(2) Largest target is 2
		 -> printf@ap(COMRAM[2]), 

    S739$source	PTR const unsigned char  size(2) Largest target is 0

    fputc@fp...source	PTR const unsigned char  size(2) Largest target is 0

    S739$buffer	PTR unsigned char  size(2) Largest target is 0

    fputc@fp...buffer	PTR unsigned char  size(2) Largest target is 0

    fputc@fp	PTR struct _IO_FILE size(2) Largest target is 0
		 -> NULL(NULL[0]), 

    vfprintf@ap	PTR PTR void  size(2) Largest target is 2
		 -> printf@ap(COMRAM[2]), 

    vfprintf@fp	PTR struct _IO_FILE size(2) Largest target is 0
		 -> NULL(NULL[0]), 

    vfprintf@fmt	PTR const unsigned char  size(2) Largest target is 6
		 -> STR_1(CODE[6]), 

    vfprintf@cfmt	PTR unsigned char  size(2) Largest target is 6
		 -> STR_1(CODE[6]), 

    vfpfcnvrt@fp	PTR struct _IO_FILE size(2) Largest target is 0
		 -> NULL(NULL[0]), 

    vfpfcnvrt@fmt	PTR PTR unsigned char  size(2) Largest target is 2
		 -> vfprintf@cfmt(COMRAM[2]), 

    S774$vp	PTR void  size(2) Largest target is 0

    convarg.vp	PTR void  size(2) Largest target is 0

    printf@fmt	PTR const unsigned char  size(2) Largest target is 6
		 -> STR_1(CODE[6]), 

    printf@ap	PTR void [1] size(2) Largest target is 2
		 -> ?_printf(COMRAM[2]), 


Critical Paths under _main in COMRAM

    _main->_printf
    _printf->_vfprintf
    _vfprintf->_vfpfcnvrt
    _vfpfcnvrt->_fputc

Critical Paths under _TIMER0_ISR in COMRAM

    None.

Critical Paths under _main in BANK0

    None.

Critical Paths under _TIMER0_ISR in BANK0

    None.

Critical Paths under _main in BANK1

    None.

Critical Paths under _TIMER0_ISR in BANK1

    None.

Critical Paths under _main in BANK2

    None.

Critical Paths under _TIMER0_ISR in BANK2

    None.

Critical Paths under _main in BANK3

    None.

Critical Paths under _TIMER0_ISR in BANK3

    None.

Critical Paths under _main in BANK4

    None.

Critical Paths under _TIMER0_ISR in BANK4

    None.

Critical Paths under _main in BANK5

    None.

Critical Paths under _TIMER0_ISR in BANK5

    None.

Critical Paths under _main in BANK6

    None.

Critical Paths under _TIMER0_ISR in BANK6

    None.

Critical Paths under _main in BANK7

    None.

Critical Paths under _TIMER0_ISR in BANK7

    None.

Call Graph Tables:

 ---------------------------------------------------------------------------------
 (Depth) Function   	        Calls       Base Space   Used Autos Params    Refs
 ---------------------------------------------------------------------------------
 (0) _main                                                 0     0      0    1465
           _Init_Internal_Oscillator
               _Init_Peripheral_GPIO
          _Init_Peripheral_Interrupt
             _Init_Peripheral_Timer0
                             _printf
 ---------------------------------------------------------------------------------
 (1) _printf                                               6     4      2    1465
                                             24 COMRAM     4     2      2
                           _vfprintf
 ---------------------------------------------------------------------------------
 (2) _vfprintf                                             8     2      6    1337
                                             16 COMRAM     8     2      6
                          _vfpfcnvrt
 ---------------------------------------------------------------------------------
 (3) _vfpfcnvrt                                           18    12      6     990
                                             10 COMRAM     6     0      6
                              _fputc
 ---------------------------------------------------------------------------------
 (4) _fputc                                                9     5      4     630
                                              1 COMRAM     9     5      4
                              _putch
 ---------------------------------------------------------------------------------
 (5) _putch                                                1     1      0       0
 ---------------------------------------------------------------------------------
 (1) _Init_Peripheral_Timer0                               0     0      0       0
 ---------------------------------------------------------------------------------
 (1) _Init_Peripheral_Interrupt                            0     0      0       0
 ---------------------------------------------------------------------------------
 (1) _Init_Peripheral_GPIO                                 0     0      0       0
 ---------------------------------------------------------------------------------
 (1) _Init_Internal_Oscillator                             0     0      0       0
 ---------------------------------------------------------------------------------
 Estimated maximum stack depth 5
 ---------------------------------------------------------------------------------
 (Depth) Function   	        Calls       Base Space   Used Autos Params    Refs
 ---------------------------------------------------------------------------------
 (6) _TIMER0_ISR                                           1     1      0       0
                                              0 COMRAM     1     1      0
 ---------------------------------------------------------------------------------
 Estimated maximum stack depth 6
 ---------------------------------------------------------------------------------

 Call Graph Graphs:

 _main (ROOT)
   _Init_Internal_Oscillator
   _Init_Peripheral_GPIO
   _Init_Peripheral_Interrupt
   _Init_Peripheral_Timer0
   _printf
     _vfprintf
       _vfpfcnvrt
         _fputc
           _putch

 _TIMER0_ISR (ROOT)

 Address spaces:
Name               Size   Autos  Total    Cost      Usage
BIGRAM             7FF      0       0      27        0.0%
EEDATA             100      0       0       0        0.0%
BITBANK7           100      0       0      19        0.0%
BANK7              100      0       0      20        0.0%
BITBANK6           100      0       0      17        0.0%
BANK6              100      0       0      18        0.0%
BITBANK5           100      0       0      15        0.0%
BANK5              100      0       0      16        0.0%
BITBANK4           100      0       0      13        0.0%
BANK4              100      0       0      14        0.0%
BITBANK3           100      0       0      11        0.0%
BANK3              100      0       0      12        0.0%
BITBANK2           100      0       0       9        0.0%
BANK2              100      0       0      10        0.0%
BITBANK1           100      0       0       7        0.0%
BANK1              100      0       0       8        0.0%
BITBANK0            A0      0       0       5        0.0%
BANK0               A0      0       0       6        0.0%
BITCOMRAM           5E      0       0       0        0.0%
COMRAM              5E     1C      41       1       69.1%
BITBIGSFRlhlhl      3F      0       0      24        0.0%
BITBIGSFRll         2A      0       0      26        0.0%
BITBIGSFRlhh        1A      0       0      22        0.0%
BITBIGSFRh           D      0       0      21        0.0%
BITBIGSFRlhll        8      0       0      25        0.0%
BITBIGSFRlhlhh       1      0       0      23        0.0%
BIGSFR               0      0       0     200        0.0%
BITSFR               0      0       0     200        0.0%
SFR                  0      0       0     200        0.0%
STACK                0      0       0       2        0.0%
NULL                 0      0       0       0        0.0%
ABS                  0      0      41       3        0.0%
DATA                 0      0      41       4        0.0%
CODE                 0      0       0       0        0.0%


Microchip Technology PIC18 Macro Assembler V2.41 build 20230208172133 
Symbol Table                                                                                   Mon May 29 20:42:31 2023

                               l50 0A54                                 l53 0A8A  
                               l47 0A90                                 l56 0A80  
                              l900 08F6                                l902 0904  
                              l910 0926                                l840 0A8C  
                              l904 0910                                l920 0978  
                              l737 0A32                                l850 0A3E  
                              l842 0A34                                l906 0914  
                              l922 0994                                l763 094E  
                              l836 0A74                                l852 0A40  
                              l844 0A38                                l916 0950  
                              l940 0A04                                l932 09E8  
                              l781 08D0                                l838 0A82  
                              l854 0A52                                l846 0A3A  
                              l918 095C                                l926 0A0E  
                              l934 09EC                                l848 0A3C  
                              l792 0A92                                l928 0A16  
                              l936 09F0                                l769 099C  
                              l890 0836                                l938 09F8  
                              l892 0854                                l884 0808  
                              l894 088A                                l886 081A  
                              l888 082C                                l898 08D2  
                              u110 081A                                u111 0816  
                              u120 082C                                u121 0828  
                              u130 0854                                u131 0850  
                              u140 088A                                u141 0886  
                              u150 08F6                                u151 08F2  
                              u160 0994                                u161 0990  
                              wreg 0FE8                               STR_1 0801  
                             i2l36 09E4              ?_Init_Peripheral_GPIO 0026  
                             _dbuf 0001                               _main 09E8  
                             _prec 0023                               fsr1h 0FE2  
                             fsr2h 0FDA                               indf2 0FDF  
                             fsr1l 0FE1                               fsr2l 0FD9  
                             btemp 0042                               start 000E  
                     ___param_bank 0000                        ?_TIMER0_ISR 0026  
                            ?_main 0026                              _T0CON 0FD5  
                            i2l870 09DE                              i2l862 09A0  
                            i2l872 09E2                              i2l864 09AE  
                            i2l866 09BC                              i2l868 09DA  
                     vfpfcnvrt@fmt 0032                              _TMR0H 0FD7  
                            _TMR0L 0FD6                              _flags 0025  
                            _fputc 0808                              _width 0021  
                            _putch 0A92                              tablat 0FF5  
                            ttemp5 0043                              ttemp6 0046  
                            ttemp7 004A                              status 0FD8  
                            wtemp8 0043                    __initialization 0A56  
                     __end_of_main 0A0E                             ??_main 0042  
                    __activetblptr 0001        ??_Init_Peripheral_Interrupt 0027  
                           ?_fputc 0027                             ?_putch 0026  
           ??_Init_Peripheral_GPIO 0027                             _OSCCON 0FD3  
                           i2u7_40 09AE                             i2u7_41 09AA  
                           i2u8_40 09BC                             i2u8_41 09B8  
                           i2u9_40 09CE                             i2u9_41 09C6  
                     vfprintf@cfmt 003C                             clear_0 0A5C  
                           isa$std 0001            ?_Init_Peripheral_Timer0 0026  
                           _printf 0A0E                             fputc@c 0027  
                     __mediumconst 0000                             tblptrh 0FF7  
                           tblptrl 0FF6                             tblptru 0FF8  
                           putch@c 0026                   __end_of_vfprintf 099E  
                       __accesstop 0060            __end_of__initialization 0A62  
                    ___rparam_used 0001          _Init_Peripheral_Interrupt 0A82  
                   __pcstackCOMRAM 0026                      __end_of_fputc 08D2  
   __end_of_Init_Peripheral_Timer0 0A56                      __end_of_putch 0A94  
                          ??_fputc 002B                            ??_putch 0027  
                     ??_TIMER0_ISR 0026          ?_Init_Internal_Oscillator 0026  
                          ?_printf 003E                            i2u10_48 09D0  
               __end_of_TIMER0_ISR 09E8                            __Hparam 0000  
                          __Lparam 0000                          ?_vfprintf 0036  
                     __psmallconst 0800                            __pcinit 0A56  
                          __ramtop 0800                            __ptext0 09E8  
                          __ptext1 0A0E                            __ptext2 0950  
                          __ptext3 08D2                            __ptext4 0808  
                          __ptext5 0A92                            __ptext6 0A34  
                          __ptext7 0A82                            __ptext8 0A8C  
                          __ptext9 0A74                          _T0CONbits 0FD5  
                   __pintcode_body 099E               end_of_initialization 0A62  
                          fputc@fp 0029                            int_func 099E  
                __end_of_vfpfcnvrt 0950                            postdec2 0FDD  
                          postinc0 0FEE                            postinc1 0FE6  
                          postinc2 0FDE                         ??_vfprintf 003C  
                        _TRISBbits 0F93                        vfpfcnvrt@ap 0034  
                      vfpfcnvrt@fp 0030                     __end_of_printf 0A34  
              start_initialization 0A56   __end_of_Init_Internal_Oscillator 0A82  
                      vfprintf@fmt 0038                           ??_printf 0040  
                      __pbssCOMRAM 0001                          __pintcode 0008  
                      __smallconst 0800                           _LATBbits 0F8A  
         ??_Init_Peripheral_Timer0 0027           _Init_Internal_Oscillator 0A74  
                        _vfpfcnvrt 08D2                           __Hrparam 0000  
                       vfprintf@ap 003A                           __Lrparam 0000  
                       vfprintf@fp 0036                       __Lsmallconst 0800  
                       ?_vfpfcnvrt 0030       __end_of_Init_Peripheral_GPIO 0A92  
                         isa$xinst 0000                           int$flags 0042  
                         _vfprintf 0950                          printf@fmt 003E  
                       _INTCONbits 0FF2         ?_Init_Peripheral_Interrupt 0026  
                         intlevel2 0000                         _OSCCONbits 0FD3  
                         printf@ap 0040                         _TIMER0_ISR 0008  
                      ??_vfpfcnvrt 0036             _Init_Peripheral_Timer0 0A34  
__end_of_Init_Peripheral_Interrupt 0A8C         ??_Init_Internal_Oscillator 0027  
             _Init_Peripheral_GPIO 0A8C  
