

Microchip MPLAB XC8 Assembler V2.41 build 20230208172133 
                                                                                               Tue May 30 21:02:55 2023

Microchip MPLAB XC8 C Compiler v2.41 (Free license) build 20230208172133 Og1 
     1                           	processor	18F4550
     2                           	fnconf	rparam,??,?,0
     3                           	pagewidth 120
     4                           	opt	flic
     5                           	psect	cinit,global,reloc=2,class=CODE,delta=1
     6                           	psect	cstackCOMRAM,global,class=COMRAM,space=1,delta=1,lowdata,noexec
     7                           	psect	text0,global,reloc=2,class=CODE,delta=1
     8                           	psect	text1,global,reloc=2,class=CODE,delta=1
     9                           	psect	text2,global,reloc=2,class=CODE,delta=1
    10                           	psect	text3,global,reloc=2,class=CODE,delta=1
    11                           	psect	intcode,global,reloc=2,class=CODE,delta=1
    12                           	psect	intcode_body,global,reloc=2,class=CODE,delta=1
    13                           	psect	intsave_regs,global,class=BIGRAM,space=1,delta=1,noexec
    14                           	psect	rparam,global,class=COMRAM,space=1,delta=1,noexec
    15                           	psect	temp,global,ovrld,common,class=COMRAM,space=1,delta=1
    16                           	psect	idloc,global,abs,ovrld,class=IDLOC,space=5,delta=1,noexec
    17                           	psect	config,global,abs,ovrld,class=CONFIG,space=4,delta=1,noexec
    18   000000                     
    19                           ; Version 2.40
    20                           ; Generated 17/11/2021 GMT
    21                           ; 
    22                           ; Copyright © 2021, Microchip Technology Inc. and its subsidiaries ("Microchip")
    23                           ; All rights reserved.
    24                           ; 
    25                           ; This software is developed by Microchip Technology Inc. and its subsidiaries ("Microch
      +                          ip").
    26                           ; 
    27                           ; Redistribution and use in source and binary forms, with or without modification, are
    28                           ; permitted provided that the following conditions are met:
    29                           ; 
    30                           ;     1. Redistributions of source code must retain the above copyright notice, this lis
      +                          t of
    31                           ;        conditions and the following disclaimer.
    32                           ; 
    33                           ;     2. Redistributions in binary form must reproduce the above copyright notice, this 
      +                          list
    34                           ;        of conditions and the following disclaimer in the documentation and/or other
    35                           ;        materials provided with the distribution. Publication is not required when
    36                           ;        this file is used in an embedded application.
    37                           ; 
    38                           ;     3. Microchip's name may not be used to endorse or promote products derived from th
      +                          is
    39                           ;        software without specific prior written permission.
    40                           ; 
    41                           ; THIS SOFTWARE IS PROVIDED BY MICROCHIP "AS IS" AND ANY EXPRESS OR IMPLIED WARRANTIES,
    42                           ; INCLUDING, BUT NOT LIMITED TO, THE IMPLIED WARRANTIES OF MERCHANTABILITY AND FITNESS F
      +                          OR
    43                           ; PURPOSE ARE DISCLAIMED.  IN NO EVENT SHALL MICROCHIP BE LIABLE FOR ANY DIRECT, INDIREC
      +                          T,
    44                           ; INCIDENTAL, SPECIAL, EXEMPLARY, OR CONSEQUENTIAL DAMAGES (INCLUDING BUT NOT LIMITED TO
    45                           ; PROCUREMENT OF SUBSTITUTE GOODS OR SERVICES; LOSS OF USE, DATA OR PROFITS; OR BUSINESS
    46                           ; INTERRUPTION) HOWSOEVER CAUSED AND ON ANY THEORY OF LIABILITY, WHETHER IN CONTRACT, ST
      +                          RICT
    47                           ; LIABILITY, OR TORT (INCLUDING NEGLIGENCE OR OTHERWISE) ARISING IN ANY WAY OUT OF THE U
      +                          SE OF
    48                           ; THIS SOFTWARE, EVEN IF ADVISED OF THE POSSIBILITY OF SUCH DAMAGE.
    49                           ; 
    50                           ; 
    51                           ; Code-generator required, PIC18F4550 Definitions
    52                           ; 
    53                           ; SFR Addresses
    54   000000                     _OSCCONbits	set	4051
    55   000000                     _INTCONbits	set	4082
    56   000000                     _RCONbits	set	4048
    57   000000                     _PIE1	set	3997
    58   000000                     _PIR1	set	3998
    59   000000                     _T1CONbits	set	4045
    60   000000                     _LATBbits	set	3978
    61   000000                     _PIE1bits	set	3997
    62   000000                     _TMR1	set	4046
    63   000000                     _T1CON	set	4045
    64   000000                     _PIR1bits	set	3998
    65   000000                     _TRISBbits	set	3987
    66   000000                     _OSCCON	set	4051
    67   000000                     _INTCON	set	4082
    68   000000                     _RCON	set	4048
    69                           
    70                           ; #config settings
    71                           
    72                           	psect	cinit
    73   0000BC                     __pcinit:
    74                           	callstack 0
    75   0000BC                     start_initialization:
    76                           	callstack 0
    77   0000BC                     __initialization:
    78                           	callstack 0
    79   0000BC                     end_of_initialization:
    80                           	callstack 0
    81   0000BC                     __end_of__initialization:
    82                           	callstack 0
    83   0000BC  9002               	bcf	int$flags,0,c	;clear compiler interrupt flag (level 1)
    84   0000BE  9202               	bcf	int$flags,1,c	;clear compiler interrupt flag (level 2)
    85   0000C0  0100               	movlb	0
    86   0000C2  EF4B  F000         	goto	_main	;jump to C main() function
    87                           
    88                           	psect	cstackCOMRAM
    89   000001                     __pcstackCOMRAM:
    90                           	callstack 0
    91   000001                     ??_TMR1_ISR:
    92   000001                     
    93                           ; 2 bytes @ 0x0
    94   000001                     	ds	1
    95   000002                     
    96                           ; 1 bytes @ 0x1
    97 ;;
    98 ;;Main: autosize = 0, tempsize = 0, incstack = 0, save=0
    99 ;;
   100 ;; *************** function _main *****************
   101 ;; Defined at:
   102 ;;		line 41 in file "main.c"
   103 ;; Parameters:    Size  Location     Type
   104 ;;		None
   105 ;; Auto vars:     Size  Location     Type
   106 ;;		None
   107 ;; Return value:  Size  Location     Type
   108 ;;                  2   48[None  ] int 
   109 ;; Registers used:
   110 ;;		wreg, status,2, cstack
   111 ;; Tracked objects:
   112 ;;		On entry : 0/0
   113 ;;		On exit  : 0/0
   114 ;;		Unchanged: 0/0
   115 ;; Data sizes:     COMRAM   BANK0   BANK1   BANK2   BANK3   BANK4   BANK5   BANK6   BANK7
   116 ;;      Params:         0       0       0       0       0       0       0       0       0
   117 ;;      Locals:         0       0       0       0       0       0       0       0       0
   118 ;;      Temps:          0       0       0       0       0       0       0       0       0
   119 ;;      Totals:         0       0       0       0       0       0       0       0       0
   120 ;;Total ram usage:        0 bytes
   121 ;; Hardware stack levels required when called: 2
   122 ;; This function calls:
   123 ;;		_Init_Internal_Oscillator
   124 ;;		_Init_Timer1_As_Timer
   125 ;;		_Init_Timer1_Interrupts
   126 ;; This function is called by:
   127 ;;		Startup code after reset
   128 ;; This function uses a non-reentrant model
   129 ;;
   130                           
   131                           	psect	text0
   132   000096                     __ptext0:
   133                           	callstack 0
   134   000096                     _main:
   135                           	callstack 29
   136   000096                     
   137                           ;main.c: 44:     Init_Internal_Oscillator();
   138   000096  EC57  F000         	call	_Init_Internal_Oscillator	;wreg free
   139                           
   140                           ;main.c: 46:     Init_Timer1_Interrupts();
   141   00009A  EC3D  F000         	call	_Init_Timer1_Interrupts	;wreg free
   142                           
   143                           ;main.c: 48:     Init_Timer1_As_Timer();
   144   00009E  EC2E  F000         	call	_Init_Timer1_As_Timer	;wreg free
   145   0000A2                     
   146                           ;main.c: 50:     TRISBbits.RB0 = 0;
   147   0000A2  9093               	bcf	147,0,c	;volatile
   148   0000A4                     l779:
   149                           
   150                           ;main.c: 52:     {;main.c: 53:         __nop();
   151   0000A4  F000               	nop	
   152   0000A6  EF52  F000         	goto	l779
   153   0000AA  EF07  F000         	goto	start
   154   0000AE                     __end_of_main:
   155                           	callstack 0
   156                           
   157 ;; *************** function _Init_Timer1_Interrupts *****************
   158 ;; Defined at:
   159 ;;		line 78 in file "main.c"
   160 ;; Parameters:    Size  Location     Type
   161 ;;		None
   162 ;; Auto vars:     Size  Location     Type
   163 ;;		None
   164 ;; Return value:  Size  Location     Type
   165 ;;                  1    wreg      void 
   166 ;; Registers used:
   167 ;;		wreg, status,2
   168 ;; Tracked objects:
   169 ;;		On entry : 0/0
   170 ;;		On exit  : 0/0
   171 ;;		Unchanged: 0/0
   172 ;; Data sizes:     COMRAM   BANK0   BANK1   BANK2   BANK3   BANK4   BANK5   BANK6   BANK7
   173 ;;      Params:         0       0       0       0       0       0       0       0       0
   174 ;;      Locals:         0       0       0       0       0       0       0       0       0
   175 ;;      Temps:          0       0       0       0       0       0       0       0       0
   176 ;;      Totals:         0       0       0       0       0       0       0       0       0
   177 ;;Total ram usage:        0 bytes
   178 ;; Hardware stack levels used: 1
   179 ;; Hardware stack levels required when called: 1
   180 ;; This function calls:
   181 ;;		Nothing
   182 ;; This function is called by:
   183 ;;		_main
   184 ;; This function uses a non-reentrant model
   185 ;;
   186                           
   187                           	psect	text1
   188   00007A                     __ptext1:
   189                           	callstack 0
   190   00007A                     _Init_Timer1_Interrupts:
   191                           	callstack 29
   192   00007A                     
   193                           ;main.c: 81:     RCON = 0x00;
   194   00007A  0E00               	movlw	0
   195   00007C  6ED0               	movwf	208,c	;volatile
   196                           
   197                           ;main.c: 82:     INTCON = 0x00;
   198   00007E  0E00               	movlw	0
   199   000080  6EF2               	movwf	242,c	;volatile
   200                           
   201                           ;main.c: 83:     PIR1 = 0x00;
   202   000082  0E00               	movlw	0
   203   000084  6E9E               	movwf	158,c	;volatile
   204                           
   205                           ;main.c: 84:     PIE1 = 0x00;
   206   000086  0E00               	movlw	0
   207   000088  6E9D               	movwf	157,c	;volatile
   208   00008A                     
   209                           ;main.c: 87:     RCONbits.IPEN = 0;
   210   00008A  9ED0               	bcf	208,7,c	;volatile
   211   00008C                     
   212                           ;main.c: 88:     INTCONbits.GIE = 1;
   213   00008C  8EF2               	bsf	242,7,c	;volatile
   214   00008E                     
   215                           ;main.c: 89:     INTCONbits.PEIE = 1;
   216   00008E  8CF2               	bsf	242,6,c	;volatile
   217   000090                     
   218                           ;main.c: 91:     PIE1bits.TMR1IE = 1;
   219   000090  809D               	bsf	157,0,c	;volatile
   220   000092                     
   221                           ;main.c: 92:     PIR1bits.TMR1IF = 0;
   222   000092  909E               	bcf	158,0,c	;volatile
   223   000094  0012               	return		;funcret
   224   000096                     __end_of_Init_Timer1_Interrupts:
   225                           	callstack 0
   226                           
   227 ;; *************** function _Init_Timer1_As_Timer *****************
   228 ;; Defined at:
   229 ;;		line 60 in file "main.c"
   230 ;; Parameters:    Size  Location     Type
   231 ;;		None
   232 ;; Auto vars:     Size  Location     Type
   233 ;;		None
   234 ;; Return value:  Size  Location     Type
   235 ;;                  1    wreg      void 
   236 ;; Registers used:
   237 ;;		wreg, status,2
   238 ;; Tracked objects:
   239 ;;		On entry : 0/0
   240 ;;		On exit  : 0/0
   241 ;;		Unchanged: 0/0
   242 ;; Data sizes:     COMRAM   BANK0   BANK1   BANK2   BANK3   BANK4   BANK5   BANK6   BANK7
   243 ;;      Params:         0       0       0       0       0       0       0       0       0
   244 ;;      Locals:         0       0       0       0       0       0       0       0       0
   245 ;;      Temps:          0       0       0       0       0       0       0       0       0
   246 ;;      Totals:         0       0       0       0       0       0       0       0       0
   247 ;;Total ram usage:        0 bytes
   248 ;; Hardware stack levels used: 1
   249 ;; Hardware stack levels required when called: 1
   250 ;; This function calls:
   251 ;;		Nothing
   252 ;; This function is called by:
   253 ;;		_main
   254 ;; This function uses a non-reentrant model
   255 ;;
   256                           
   257                           	psect	text2
   258   00005C                     __ptext2:
   259                           	callstack 0
   260   00005C                     _Init_Timer1_As_Timer:
   261                           	callstack 29
   262   00005C                     
   263                           ;main.c: 63:     T1CON = 0x00;
   264   00005C  0E00               	movlw	0
   265   00005E  6ECD               	movwf	205,c	;volatile
   266   000060                     
   267                           ;main.c: 65:     T1CONbits.TMR1ON = 0;
   268   000060  90CD               	bcf	205,0,c	;volatile
   269   000062                     
   270                           ;main.c: 66:     T1CONbits.RD16 = 1;
   271   000062  8ECD               	bsf	205,7,c	;volatile
   272                           
   273                           ;main.c: 67:     T1CONbits.T1CKPS = 0b11;
   274   000064  0E30               	movlw	48
   275   000066  12CD               	iorwf	205,f,c	;volatile
   276   000068                     
   277                           ;main.c: 68:     T1CONbits.T1OSCEN = 0;
   278   000068  96CD               	bcf	205,3,c	;volatile
   279   00006A                     
   280                           ;main.c: 69:     T1CONbits.T1SYNC = 0;
   281   00006A  94CD               	bcf	205,2,c	;volatile
   282   00006C                     
   283                           ;main.c: 70:     T1CONbits.TMR1CS = 0;
   284   00006C  92CD               	bcf	205,1,c	;volatile
   285                           
   286                           ;main.c: 73:     TMR1 = 3036;
   287   00006E  0E0B               	movlw	11
   288   000070  6ECF               	movwf	207,c	;volatile
   289   000072  0EDC               	movlw	220
   290   000074  6ECE               	movwf	206,c	;volatile
   291   000076                     
   292                           ;main.c: 75:     T1CONbits.TMR1ON = 1;
   293   000076  80CD               	bsf	205,0,c	;volatile
   294   000078  0012               	return		;funcret
   295   00007A                     __end_of_Init_Timer1_As_Timer:
   296                           	callstack 0
   297                           
   298 ;; *************** function _Init_Internal_Oscillator *****************
   299 ;; Defined at:
   300 ;;		line 95 in file "main.c"
   301 ;; Parameters:    Size  Location     Type
   302 ;;		None
   303 ;; Auto vars:     Size  Location     Type
   304 ;;		None
   305 ;; Return value:  Size  Location     Type
   306 ;;                  1    wreg      void 
   307 ;; Registers used:
   308 ;;		wreg, status,2
   309 ;; Tracked objects:
   310 ;;		On entry : 0/0
   311 ;;		On exit  : 0/0
   312 ;;		Unchanged: 0/0
   313 ;; Data sizes:     COMRAM   BANK0   BANK1   BANK2   BANK3   BANK4   BANK5   BANK6   BANK7
   314 ;;      Params:         0       0       0       0       0       0       0       0       0
   315 ;;      Locals:         0       0       0       0       0       0       0       0       0
   316 ;;      Temps:          0       0       0       0       0       0       0       0       0
   317 ;;      Totals:         0       0       0       0       0       0       0       0       0
   318 ;;Total ram usage:        0 bytes
   319 ;; Hardware stack levels used: 1
   320 ;; Hardware stack levels required when called: 1
   321 ;; This function calls:
   322 ;;		Nothing
   323 ;; This function is called by:
   324 ;;		_main
   325 ;; This function uses a non-reentrant model
   326 ;;
   327                           
   328                           	psect	text3
   329   0000AE                     __ptext3:
   330                           	callstack 0
   331   0000AE                     _Init_Internal_Oscillator:
   332                           	callstack 29
   333   0000AE                     
   334                           ;main.c: 98:     OSCCON = 0x00;
   335   0000AE  0E00               	movlw	0
   336   0000B0  6ED3               	movwf	211,c	;volatile
   337                           
   338                           ;main.c: 100:     OSCCONbits.IRCF = 0b111;
   339   0000B2  0E70               	movlw	112
   340   0000B4  12D3               	iorwf	211,f,c	;volatile
   341                           
   342                           ;main.c: 101:     OSCCONbits.SCS = 0b11;
   343   0000B6  0E03               	movlw	3
   344   0000B8  12D3               	iorwf	211,f,c	;volatile
   345   0000BA  0012               	return		;funcret
   346   0000BC                     __end_of_Init_Internal_Oscillator:
   347                           	callstack 0
   348                           
   349 ;; *************** function _TMR1_ISR *****************
   350 ;; Defined at:
   351 ;;		line 21 in file "main.c"
   352 ;; Parameters:    Size  Location     Type
   353 ;;		None
   354 ;; Auto vars:     Size  Location     Type
   355 ;;		None
   356 ;; Return value:  Size  Location     Type
   357 ;;                  1    wreg      void 
   358 ;; Registers used:
   359 ;;		wreg, status,2, status,0
   360 ;; Tracked objects:
   361 ;;		On entry : 0/0
   362 ;;		On exit  : 0/0
   363 ;;		Unchanged: 0/0
   364 ;; Data sizes:     COMRAM   BANK0   BANK1   BANK2   BANK3   BANK4   BANK5   BANK6   BANK7
   365 ;;      Params:         0       0       0       0       0       0       0       0       0
   366 ;;      Locals:         0       0       0       0       0       0       0       0       0
   367 ;;      Temps:          1       0       0       0       0       0       0       0       0
   368 ;;      Totals:         1       0       0       0       0       0       0       0       0
   369 ;;Total ram usage:        1 bytes
   370 ;; Hardware stack levels used: 1
   371 ;; This function calls:
   372 ;;		Nothing
   373 ;; This function is called by:
   374 ;;		Interrupt level 2
   375 ;; This function uses a non-reentrant model
   376 ;;
   377                           
   378                           	psect	intcode
   379   000008                     __pintcode:
   380                           	callstack 0
   381   000008                     _TMR1_ISR:
   382                           	callstack 29
   383                           
   384                           ;incstack = 0
   385   000008  8202               	bsf	int$flags,1,c	;set compiler interrupt flag (level 2)
   386   00000A  ED09  F000         	call	int_func,f	;refresh shadow registers
   387                           
   388                           	psect	intcode_body
   389   000012                     __pintcode_body:
   390                           	callstack 29
   391   000012                     int_func:
   392                           	callstack 29
   393   000012  0006               	pop		; remove dummy address from shadow register refresh
   394   000014                     
   395                           ;main.c: 23:     if(PIE1bits.TMR1IE && PIR1bits.TMR1IF)
   396   000014  A09D               	btfss	157,0,c	;volatile
   397   000016  EF0F  F000         	goto	i2u1_41
   398   00001A  EF11  F000         	goto	i2u1_40
   399   00001E                     i2u1_41:
   400   00001E  EF2C  F000         	goto	i2l44
   401   000022                     i2u1_40:
   402   000022  A09E               	btfss	158,0,c	;volatile
   403   000024  EF16  F000         	goto	i2u2_41
   404   000028  EF18  F000         	goto	i2u2_40
   405   00002C                     i2u2_41:
   406   00002C  EF2C  F000         	goto	i2l44
   407   000030                     i2u2_40:
   408   000030                     
   409                           ;main.c: 24:     {;main.c: 26:         LATBbits.LATB0 = !LATBbits.LATB0;
   410   000030  A08A               	btfss	138,0,c	;volatile
   411   000032  EF1D  F000         	goto	i2u3_41
   412   000036  EF21  F000         	goto	i2u3_40
   413   00003A                     i2u3_41:
   414   00003A  6A01               	clrf	??_TMR1_ISR^0,c
   415   00003C  2A01               	incf	??_TMR1_ISR^0,f,c
   416   00003E  EF22  F000         	goto	i2u4_48
   417   000042                     i2u3_40:
   418   000042  6A01               	clrf	??_TMR1_ISR^0,c
   419   000044                     i2u4_48:
   420   000044  508A               	movf	138,w,c	;volatile
   421   000046  1801               	xorwf	??_TMR1_ISR^0,w,c
   422   000048  0BFE               	andlw	-2
   423   00004A  1801               	xorwf	??_TMR1_ISR^0,w,c
   424   00004C  6E8A               	movwf	138,c	;volatile
   425   00004E                     
   426                           ;main.c: 28:         TMR1 = 3036;
   427   00004E  0E0B               	movlw	11
   428   000050  6ECF               	movwf	207,c	;volatile
   429   000052  0EDC               	movlw	220
   430   000054  6ECE               	movwf	206,c	;volatile
   431   000056                     
   432                           ;main.c: 30:         PIR1bits.TMR1IF = 0;
   433   000056  909E               	bcf	158,0,c	;volatile
   434   000058                     i2l44:
   435   000058  9202               	bcf	int$flags,1,c	;clear compiler interrupt flag (level 2)
   436   00005A  0011               	retfie		f
   437   00005C                     __end_of_TMR1_ISR:
   438                           	callstack 0
   439   000000                     
   440                           	psect	rparam
   441   000000                     
   442                           	psect	temp
   443   000002                     btemp:
   444                           	callstack 0
   445   000002                     	ds	1
   446   000000                     int$flags	set	btemp
   447   000000                     wtemp8	set	btemp+1
   448   000000                     ttemp5	set	btemp+1
   449   000000                     ttemp6	set	btemp+4
   450   000000                     ttemp7	set	btemp+8
   451                           
   452                           	psect	idloc
   453                           
   454                           ;Config register IDLOC0 @ 0x200000
   455                           ;	unspecified, using default values
   456   200000                     	org	2097152
   457   200000  FF                 	db	255
   458                           
   459                           ;Config register IDLOC1 @ 0x200001
   460                           ;	unspecified, using default values
   461   200001                     	org	2097153
   462   200001  FF                 	db	255
   463                           
   464                           ;Config register IDLOC2 @ 0x200002
   465                           ;	unspecified, using default values
   466   200002                     	org	2097154
   467   200002  FF                 	db	255
   468                           
   469                           ;Config register IDLOC3 @ 0x200003
   470                           ;	unspecified, using default values
   471   200003                     	org	2097155
   472   200003  FF                 	db	255
   473                           
   474                           ;Config register IDLOC4 @ 0x200004
   475                           ;	unspecified, using default values
   476   200004                     	org	2097156
   477   200004  FF                 	db	255
   478                           
   479                           ;Config register IDLOC5 @ 0x200005
   480                           ;	unspecified, using default values
   481   200005                     	org	2097157
   482   200005  FF                 	db	255
   483                           
   484                           ;Config register IDLOC6 @ 0x200006
   485                           ;	unspecified, using default values
   486   200006                     	org	2097158
   487   200006  FF                 	db	255
   488                           
   489                           ;Config register IDLOC7 @ 0x200007
   490                           ;	unspecified, using default values
   491   200007                     	org	2097159
   492   200007  FF                 	db	255
   493                           
   494                           	psect	config
   495                           
   496                           ;Config register CONFIG1L @ 0x300000
   497                           ;	PLL Prescaler Selection bits
   498                           ;	PLLDIV = 1, No prescale (4 MHz oscillator input drives PLL directly)
   499                           ;	System Clock Postscaler Selection bits
   500                           ;	CPUDIV = OSC1_PLL2, [Primary Oscillator Src: /1][96 MHz PLL Src: /2]
   501                           ;	USB Clock Selection bit (used in Full-Speed USB mode only; UCFG:FSEN = 1)
   502                           ;	USBDIV = 1, USB clock source comes directly from the primary oscillator block with no 
      +                          postscale
   503   300000                     	org	3145728
   504   300000  00                 	db	0
   505                           
   506                           ;Config register CONFIG1H @ 0x300001
   507                           ;	Oscillator Selection bits
   508                           ;	FOSC = INTOSC_HS, Internal oscillator, HS oscillator used by USB (INTHS)
   509                           ;	Fail-Safe Clock Monitor Enable bit
   510                           ;	FCMEN = OFF, Fail-Safe Clock Monitor disabled
   511                           ;	Internal/External Oscillator Switchover bit
   512                           ;	IESO = OFF, Oscillator Switchover mode disabled
   513   300001                     	org	3145729
   514   300001  0B                 	db	11
   515                           
   516                           ;Config register CONFIG2L @ 0x300002
   517                           ;	Power-up Timer Enable bit
   518                           ;	PWRT = OFF, PWRT disabled
   519                           ;	Brown-out Reset Enable bits
   520                           ;	BOR = OFF, Brown-out Reset disabled in hardware and software
   521                           ;	Brown-out Reset Voltage bits
   522                           ;	BORV = 3, Minimum setting 2.05V
   523                           ;	USB Voltage Regulator Enable bit
   524                           ;	VREGEN = OFF, USB voltage regulator disabled
   525   300002                     	org	3145730
   526   300002  19                 	db	25
   527                           
   528                           ;Config register CONFIG2H @ 0x300003
   529                           ;	Watchdog Timer Enable bit
   530                           ;	WDT = OFF, WDT disabled (control is placed on the SWDTEN bit)
   531                           ;	Watchdog Timer Postscale Select bits
   532                           ;	WDTPS = 32768, 1:32768
   533   300003                     	org	3145731
   534   300003  1E                 	db	30
   535                           
   536                           ; Padding undefined space
   537   300004                     	org	3145732
   538   300004  FF                 	db	255
   539                           
   540                           ;Config register CONFIG3H @ 0x300005
   541                           ;	CCP2 MUX bit
   542                           ;	CCP2MX = OFF, CCP2 input/output is multiplexed with RB3
   543                           ;	PORTB A/D Enable bit
   544                           ;	PBADEN = OFF, PORTB<4:0> pins are configured as digital I/O on Reset
   545                           ;	Low-Power Timer 1 Oscillator Enable bit
   546                           ;	LPT1OSC = OFF, Timer1 configured for higher power operation
   547                           ;	MCLR Pin Enable bit
   548                           ;	MCLRE = ON, MCLR pin enabled; RE3 input pin disabled
   549   300005                     	org	3145733
   550   300005  80                 	db	128
   551                           
   552                           ;Config register CONFIG4L @ 0x300006
   553                           ;	Stack Full/Underflow Reset Enable bit
   554                           ;	STVREN = OFF, Stack full/underflow will not cause Reset
   555                           ;	Single-Supply ICSP Enable bit
   556                           ;	LVP = OFF, Single-Supply ICSP disabled
   557                           ;	Dedicated In-Circuit Debug/Programming Port (ICPORT) Enable bit
   558                           ;	ICPRT = OFF, ICPORT disabled
   559                           ;	Extended Instruction Set Enable bit
   560                           ;	XINST = OFF, Instruction set extension and Indexed Addressing mode disabled (Legacy mo
      +                          de)
   561                           ;	Background Debugger Enable bit
   562                           ;	DEBUG = 0x1, unprogrammed default
   563   300006                     	org	3145734
   564   300006  80                 	db	128
   565                           
   566                           ; Padding undefined space
   567   300007                     	org	3145735
   568   300007  FF                 	db	255
   569                           
   570                           ;Config register CONFIG5L @ 0x300008
   571                           ;	Code Protection bit
   572                           ;	CP0 = OFF, Block 0 (000800-001FFFh) is not code-protected
   573                           ;	Code Protection bit
   574                           ;	CP1 = OFF, Block 1 (002000-003FFFh) is not code-protected
   575                           ;	Code Protection bit
   576                           ;	CP2 = OFF, Block 2 (004000-005FFFh) is not code-protected
   577                           ;	Code Protection bit
   578                           ;	CP3 = OFF, Block 3 (006000-007FFFh) is not code-protected
   579   300008                     	org	3145736
   580   300008  0F                 	db	15
   581                           
   582                           ;Config register CONFIG5H @ 0x300009
   583                           ;	Boot Block Code Protection bit
   584                           ;	CPB = OFF, Boot block (000000-0007FFh) is not code-protected
   585                           ;	Data EEPROM Code Protection bit
   586                           ;	CPD = OFF, Data EEPROM is not code-protected
   587   300009                     	org	3145737
   588   300009  C0                 	db	192
   589                           
   590                           ;Config register CONFIG6L @ 0x30000A
   591                           ;	Write Protection bit
   592                           ;	WRT0 = OFF, Block 0 (000800-001FFFh) is not write-protected
   593                           ;	Write Protection bit
   594                           ;	WRT1 = OFF, Block 1 (002000-003FFFh) is not write-protected
   595                           ;	Write Protection bit
   596                           ;	WRT2 = OFF, Block 2 (004000-005FFFh) is not write-protected
   597                           ;	Write Protection bit
   598                           ;	WRT3 = OFF, Block 3 (006000-007FFFh) is not write-protected
   599   30000A                     	org	3145738
   600   30000A  0F                 	db	15
   601                           
   602                           ;Config register CONFIG6H @ 0x30000B
   603                           ;	Configuration Register Write Protection bit
   604                           ;	WRTC = OFF, Configuration registers (300000-3000FFh) are not write-protected
   605                           ;	Boot Block Write Protection bit
   606                           ;	WRTB = OFF, Boot block (000000-0007FFh) is not write-protected
   607                           ;	Data EEPROM Write Protection bit
   608                           ;	WRTD = OFF, Data EEPROM is not write-protected
   609   30000B                     	org	3145739
   610   30000B  E0                 	db	224
   611                           
   612                           ;Config register CONFIG7L @ 0x30000C
   613                           ;	Table Read Protection bit
   614                           ;	EBTR0 = OFF, Block 0 (000800-001FFFh) is not protected from table reads executed in ot
      +                          her blocks
   615                           ;	Table Read Protection bit
   616                           ;	EBTR1 = OFF, Block 1 (002000-003FFFh) is not protected from table reads executed in ot
      +                          her blocks
   617                           ;	Table Read Protection bit
   618                           ;	EBTR2 = OFF, Block 2 (004000-005FFFh) is not protected from table reads executed in ot
      +                          her blocks
   619                           ;	Table Read Protection bit
   620                           ;	EBTR3 = OFF, Block 3 (006000-007FFFh) is not protected from table reads executed in ot
      +                          her blocks
   621   30000C                     	org	3145740
   622   30000C  0F                 	db	15
   623                           
   624                           ;Config register CONFIG7H @ 0x30000D
   625                           ;	Boot Block Table Read Protection bit
   626                           ;	EBTRB = OFF, Boot block (000000-0007FFh) is not protected from table reads executed in
      +                           other blocks
   627   30000D                     	org	3145741
   628   30000D  40                 	db	64
   629                           tosu	equ	0xFFF
   630                           tosh	equ	0xFFE
   631                           tosl	equ	0xFFD
   632                           stkptr	equ	0xFFC
   633                           pclatu	equ	0xFFB
   634                           pclath	equ	0xFFA
   635                           pcl	equ	0xFF9
   636                           tblptru	equ	0xFF8
   637                           tblptrh	equ	0xFF7
   638                           tblptrl	equ	0xFF6
   639                           tablat	equ	0xFF5
   640                           prodh	equ	0xFF4
   641                           prodl	equ	0xFF3
   642                           indf0	equ	0xFEF
   643                           postinc0	equ	0xFEE
   644                           postdec0	equ	0xFED
   645                           preinc0	equ	0xFEC
   646                           plusw0	equ	0xFEB
   647                           fsr0h	equ	0xFEA
   648                           fsr0l	equ	0xFE9
   649                           wreg	equ	0xFE8
   650                           indf1	equ	0xFE7
   651                           postinc1	equ	0xFE6
   652                           postdec1	equ	0xFE5
   653                           preinc1	equ	0xFE4
   654                           plusw1	equ	0xFE3
   655                           fsr1h	equ	0xFE2
   656                           fsr1l	equ	0xFE1
   657                           bsr	equ	0xFE0
   658                           indf2	equ	0xFDF
   659                           postinc2	equ	0xFDE
   660                           postdec2	equ	0xFDD
   661                           preinc2	equ	0xFDC
   662                           plusw2	equ	0xFDB
   663                           fsr2h	equ	0xFDA
   664                           fsr2l	equ	0xFD9
   665                           status	equ	0xFD8

Data Sizes:
    Strings     0
    Constant    0
    Data        0
    BSS         0
    Persistent  0
    Stack       0

Auto Spaces:
    Space          Size  Autos    Used
    COMRAM           94      1       1
    BANK0           160      0       0
    BANK1           256      0       0
    BANK2           256      0       0
    BANK3           256      0       0
    BANK4           256      0       0
    BANK5           256      0       0
    BANK6           256      0       0
    BANK7           256      0       0

Pointer List with Targets:

    None.

Critical Paths under _main in COMRAM

    None.

Critical Paths under _TMR1_ISR in COMRAM

    None.

Critical Paths under _main in BANK0

    None.

Critical Paths under _TMR1_ISR in BANK0

    None.

Critical Paths under _main in BANK1

    None.

Critical Paths under _TMR1_ISR in BANK1

    None.

Critical Paths under _main in BANK2

    None.

Critical Paths under _TMR1_ISR in BANK2

    None.

Critical Paths under _main in BANK3

    None.

Critical Paths under _TMR1_ISR in BANK3

    None.

Critical Paths under _main in BANK4

    None.

Critical Paths under _TMR1_ISR in BANK4

    None.

Critical Paths under _main in BANK5

    None.

Critical Paths under _TMR1_ISR in BANK5

    None.

Critical Paths under _main in BANK6

    None.

Critical Paths under _TMR1_ISR in BANK6

    None.

Critical Paths under _main in BANK7

    None.

Critical Paths under _TMR1_ISR in BANK7

    None.

Call Graph Tables:

 ---------------------------------------------------------------------------------
 (Depth) Function   	        Calls       Base Space   Used Autos Params    Refs
 ---------------------------------------------------------------------------------
 (0) _main                                                 0     0      0       0
           _Init_Internal_Oscillator
               _Init_Timer1_As_Timer
             _Init_Timer1_Interrupts
 ---------------------------------------------------------------------------------
 (1) _Init_Timer1_Interrupts                               0     0      0       0
 ---------------------------------------------------------------------------------
 (1) _Init_Timer1_As_Timer                                 0     0      0       0
 ---------------------------------------------------------------------------------
 (1) _Init_Internal_Oscillator                             0     0      0       0
 ---------------------------------------------------------------------------------
 Estimated maximum stack depth 1
 ---------------------------------------------------------------------------------
 (Depth) Function   	        Calls       Base Space   Used Autos Params    Refs
 ---------------------------------------------------------------------------------
 (2) _TMR1_ISR                                             1     1      0       0
                                              0 COMRAM     1     1      0
 ---------------------------------------------------------------------------------
 Estimated maximum stack depth 2
 ---------------------------------------------------------------------------------

 Call Graph Graphs:

 _main (ROOT)
   _Init_Internal_Oscillator
   _Init_Timer1_As_Timer
   _Init_Timer1_Interrupts

 _TMR1_ISR (ROOT)

 Address spaces:
Name               Size   Autos  Total    Cost      Usage
BITCOMRAM           5E      0       0       0        0.0%
EEDATA             100      0       0       0        0.0%
NULL                 0      0       0       0        0.0%
CODE                 0      0       0       0        0.0%
COMRAM              5E      1       1       1        1.1%
STACK                0      0       0       2        0.0%
DATA                 0      0       0       3        0.0%
BITBANK0            A0      0       0       4        0.0%
BANK0               A0      0       0       5        0.0%
BITBANK1           100      0       0       6        0.0%
BANK1              100      0       0       7        0.0%
BITBANK2           100      0       0       8        0.0%
BANK2              100      0       0       9        0.0%
BITBANK3           100      0       0      10        0.0%
BANK3              100      0       0      11        0.0%
BITBANK4           100      0       0      12        0.0%
BANK4              100      0       0      13        0.0%
BITBANK5           100      0       0      14        0.0%
BANK5              100      0       0      15        0.0%
BITBANK6           100      0       0      16        0.0%
BANK6              100      0       0      17        0.0%
BITBANK7           100      0       0      18        0.0%
BANK7              100      0       0      19        0.0%
BITBIGSFRhhh         D      0       0      20        0.0%
BITBIGSFRhhlh       1E      0       0      21        0.0%
BITBIGSFRhhll        2      0       0      22        0.0%
BITBIGSFRhl         2E      0       0      23        0.0%
BITBIGSFRlhh         9      0       0      24        0.0%
BITBIGSFRlhl         8      0       0      25        0.0%
BITBIGSFRll         2A      0       0      26        0.0%
ABS                  0      0       0      27        0.0%
BIGRAM             7FF      0       0      28        0.0%
BIGSFR               0      0       0     200        0.0%
BITSFR               0      0       0     200        0.0%
SFR                  0      0       0     200        0.0%


Microchip Technology PIC18 Macro Assembler V2.41 build 20230208172133 
Symbol Table                                                                                   Tue May 30 21:02:55 2023

                              l61 00BA                                l55 0078                                l58 0094  
                             l741 008A                               l751 005C                               l743 008C  
                             l737 00AE                               l761 006C                               l753 0060  
                             l745 008E                               l763 0076                               l755 0062  
                             l747 0090                               l739 007A                               l757 0068  
                             l749 0092                               l759 006A                               l775 0096  
                             l777 00A2                               l779 00A4                              _PIE1 0F9D  
                            _PIR1 0F9E                              i2l44 0058                              _RCON 0FD0  
                            _TMR1 0FCE                              _main 0096                              btemp 0002  
                            start 000E                      ___param_bank 0000                             ?_main 0001  
                           _T1CON 0FCD                             i2l771 004E                             i2l773 0056  
                           i2l765 0014                             i2l767 0022                             i2l769 0030  
                __end_of_TMR1_ISR 005C                             ttemp5 0003                             ttemp6 0006  
                           ttemp7 000A                             wtemp8 0003                   __initialization 00BC  
                    __end_of_main 00AE                            ??_main 0002                     __activetblptr 0000  
                          _INTCON 0FF2                            _OSCCON 0FD3                            i2u1_40 0022  
                          i2u1_41 001E                            i2u2_40 0030                            i2u2_41 002C  
                          i2u3_40 0042                            i2u3_41 003A                            i2u4_48 0044  
                          isa$std 0001                        __accesstop 0060           __end_of__initialization 00BC  
        ??_Init_Timer1_Interrupts 0002                     ___rparam_used 0001                    __pcstackCOMRAM 0001  
                       ?_TMR1_ISR 0001                        ??_TMR1_ISR 0001         ?_Init_Internal_Oscillator 0001  
                         __Hparam 0000                           __Lparam 0000                           __pcinit 00BC  
                         __ramtop 0800                           __ptext0 0096                           __ptext1 007A  
                         __ptext2 005C                           __ptext3 00AE      __end_of_Init_Timer1_As_Timer 007A  
                       _T1CONbits 0FCD                    __pintcode_body 0012              end_of_initialization 00BC  
                         int_func 0012            _Init_Timer1_Interrupts 007A                         _TRISBbits 0F93  
             start_initialization 00BC  __end_of_Init_Internal_Oscillator 00BC              _Init_Timer1_As_Timer 005C  
           ?_Init_Timer1_As_Timer 0001                         __pintcode 0008                          _LATBbits 0F8A  
                        _PIE1bits 0F9D                          _PIR1bits 0F9E          _Init_Internal_Oscillator 00AE  
                        _RCONbits 0FD0                          _TMR1_ISR 0008           ?_Init_Timer1_Interrupts 0001  
          ??_Init_Timer1_As_Timer 0002                          __Hrparam 0000                          __Lrparam 0000  
  __end_of_Init_Timer1_Interrupts 0096                          isa$xinst 0000                          int$flags 0002  
                      _INTCONbits 0FF2                          intlevel2 0000                        _OSCCONbits 0FD3  
      ??_Init_Internal_Oscillator 0002  
