

Microchip MPLAB XC8 Assembler V2.41 build 20230208172133 
                                                                                               Tue May 23 20:00:57 2023

Microchip MPLAB XC8 C Compiler v2.41 (Free license) build 20230208172133 Og1 
     1                           	processor	18F4550
     2                           	fnconf	rparam,??,?,0
     3                           	pagewidth 120
     4                           	opt	flic
     5                           	psect	cinit,global,reloc=2,class=CODE,delta=1
     6                           	psect	cstackCOMRAM,global,class=COMRAM,space=1,delta=1,lowdata,noexec
     7                           	psect	text0,global,reloc=2,class=CODE,delta=1
     8                           	psect	text1,global,reloc=2,class=CODE,delta=1
     9                           	psect	text2,global,reloc=2,class=CODE,delta=1
    10                           	psect	text3,global,reloc=2,class=CODE,delta=1
    11                           	psect	intcode,global,reloc=2,class=CODE,delta=1
    12                           	psect	intcode_body,global,reloc=2,class=CODE,delta=1
    13                           	psect	intsave_regs,global,class=BIGRAM,space=1,delta=1,noexec
    14                           	psect	rparam,global,class=COMRAM,space=1,delta=1,noexec
    15                           	psect	temp,global,ovrld,common,class=COMRAM,space=1,delta=1
    16                           	psect	idloc,global,abs,ovrld,class=IDLOC,space=5,delta=1,noexec
    17                           	psect	config,global,abs,ovrld,class=CONFIG,space=4,delta=1,noexec
    18   000000                     
    19                           ; Version 2.40
    20                           ; Generated 17/11/2021 GMT
    21                           ; 
    22                           ; Copyright © 2021, Microchip Technology Inc. and its subsidiaries ("Microchip")
    23                           ; All rights reserved.
    24                           ; 
    25                           ; This software is developed by Microchip Technology Inc. and its subsidiaries ("Microch
      +                          ip").
    26                           ; 
    27                           ; Redistribution and use in source and binary forms, with or without modification, are
    28                           ; permitted provided that the following conditions are met:
    29                           ; 
    30                           ;     1. Redistributions of source code must retain the above copyright notice, this lis
      +                          t of
    31                           ;        conditions and the following disclaimer.
    32                           ; 
    33                           ;     2. Redistributions in binary form must reproduce the above copyright notice, this 
      +                          list
    34                           ;        of conditions and the following disclaimer in the documentation and/or other
    35                           ;        materials provided with the distribution. Publication is not required when
    36                           ;        this file is used in an embedded application.
    37                           ; 
    38                           ;     3. Microchip's name may not be used to endorse or promote products derived from th
      +                          is
    39                           ;        software without specific prior written permission.
    40                           ; 
    41                           ; THIS SOFTWARE IS PROVIDED BY MICROCHIP "AS IS" AND ANY EXPRESS OR IMPLIED WARRANTIES,
    42                           ; INCLUDING, BUT NOT LIMITED TO, THE IMPLIED WARRANTIES OF MERCHANTABILITY AND FITNESS F
      +                          OR
    43                           ; PURPOSE ARE DISCLAIMED.  IN NO EVENT SHALL MICROCHIP BE LIABLE FOR ANY DIRECT, INDIREC
      +                          T,
    44                           ; INCIDENTAL, SPECIAL, EXEMPLARY, OR CONSEQUENTIAL DAMAGES (INCLUDING BUT NOT LIMITED TO
    45                           ; PROCUREMENT OF SUBSTITUTE GOODS OR SERVICES; LOSS OF USE, DATA OR PROFITS; OR BUSINESS
    46                           ; INTERRUPTION) HOWSOEVER CAUSED AND ON ANY THEORY OF LIABILITY, WHETHER IN CONTRACT, ST
      +                          RICT
    47                           ; LIABILITY, OR TORT (INCLUDING NEGLIGENCE OR OTHERWISE) ARISING IN ANY WAY OUT OF THE U
      +                          SE OF
    48                           ; THIS SOFTWARE, EVEN IF ADVISED OF THE POSSIBILITY OF SUCH DAMAGE.
    49                           ; 
    50                           ; 
    51                           ; Code-generator required, PIC18F4550 Definitions
    52                           ; 
    53                           ; SFR Addresses
    54   000000                     _INTCON2	set	4081
    55   000000                     _OSCCONbits	set	4051
    56   000000                     _INTCON2bits	set	4081
    57   000000                     _RCONbits	set	4048
    58   000000                     _INTCON3	set	4080
    59   000000                     _INTCON	set	4082
    60   000000                     _LATDbits	set	3980
    61   000000                     _LATD	set	3980
    62   000000                     _INTCONbits	set	4082
    63   000000                     _TRISBbits	set	3987
    64   000000                     _TRISD	set	3989
    65   000000                     _RCON	set	4048
    66   000000                     _INTCON3bits	set	4080
    67   000000                     _OSCCON	set	4051
    68                           
    69                           ; #config settings
    70                           
    71                           	psect	cinit
    72   000116                     __pcinit:
    73                           	callstack 0
    74   000116                     start_initialization:
    75                           	callstack 0
    76   000116                     __initialization:
    77                           	callstack 0
    78   000116                     end_of_initialization:
    79                           	callstack 0
    80   000116                     __end_of__initialization:
    81                           	callstack 0
    82   000116  9003               	bcf	int$flags,0,c	;clear compiler interrupt flag (level 1)
    83   000118  9203               	bcf	int$flags,1,c	;clear compiler interrupt flag (level 2)
    84   00011A  0100               	movlb	0
    85   00011C  EF43  F000         	goto	_main	;jump to C main() function
    86                           
    87                           	psect	cstackCOMRAM
    88   000001                     __pcstackCOMRAM:
    89                           	callstack 0
    90   000001                     ??_main:
    91   000001                     
    92                           ; 2 bytes @ 0x0
    93   000001                     	ds	2
    94                           
    95 ;;
    96 ;;Main: autosize = 0, tempsize = 2, incstack = 0, save=0
    97 ;;
    98 ;; *************** function _main *****************
    99 ;; Defined at:
   100 ;;		line 54 in file "main.c"
   101 ;; Parameters:    Size  Location     Type
   102 ;;		None
   103 ;; Auto vars:     Size  Location     Type
   104 ;;		None
   105 ;; Return value:  Size  Location     Type
   106 ;;                  2   48[None  ] int 
   107 ;; Registers used:
   108 ;;		wreg, status,2, status,0, cstack
   109 ;; Tracked objects:
   110 ;;		On entry : 0/0
   111 ;;		On exit  : 0/0
   112 ;;		Unchanged: 0/0
   113 ;; Data sizes:     COMRAM   BANK0   BANK1   BANK2   BANK3   BANK4   BANK5   BANK6   BANK7
   114 ;;      Params:         0       0       0       0       0       0       0       0       0
   115 ;;      Locals:         0       0       0       0       0       0       0       0       0
   116 ;;      Temps:          2       0       0       0       0       0       0       0       0
   117 ;;      Totals:         2       0       0       0       0       0       0       0       0
   118 ;;Total ram usage:        2 bytes
   119 ;; Hardware stack levels required when called: 2
   120 ;; This function calls:
   121 ;;		_Init_External_Interrupt012
   122 ;;		_Init_Gpio_System
   123 ;;		_Init_Internal_Oscillator
   124 ;; This function is called by:
   125 ;;		Startup code after reset
   126 ;; This function uses a non-reentrant model
   127 ;;
   128                           
   129                           	psect	text0
   130   000086                     __ptext0:
   131                           	callstack 0
   132   000086                     _main:
   133                           	callstack 29
   134   000086                     
   135                           ;main.c: 57:     Init_Internal_Oscillator();
   136   000086  EC7D  F000         	call	_Init_Internal_Oscillator	;wreg free
   137                           
   138                           ;main.c: 59:     Init_Gpio_System();
   139   00008A  EC85  F000         	call	_Init_Gpio_System	;wreg free
   140                           
   141                           ;main.c: 61:     Init_External_Interrupt012();
   142   00008E  EC69  F000         	call	_Init_External_Interrupt012	;wreg free
   143   000092                     l803:
   144                           
   145                           ;main.c: 63:     {;main.c: 64:         LATDbits.LATD4 = !LATDbits.LATD4;
   146   000092  A88C               	btfss	140,4,c	;volatile
   147   000094  EF4E  F000         	goto	u71
   148   000098  EF52  F000         	goto	u70
   149   00009C                     u71:
   150   00009C  6A01               	clrf	??_main^0,c
   151   00009E  2A01               	incf	??_main^0,f,c
   152   0000A0  EF53  F000         	goto	u88
   153   0000A4                     u70:
   154   0000A4  6A01               	clrf	??_main^0,c
   155   0000A6                     u88:
   156   0000A6  3A01               	swapf	??_main^0,f,c
   157   0000A8  508C               	movf	140,w,c	;volatile
   158   0000AA  1801               	xorwf	??_main^0,w,c
   159   0000AC  0BEF               	andlw	-17
   160   0000AE  1801               	xorwf	??_main^0,w,c
   161   0000B0  6E8C               	movwf	140,c	;volatile
   162   0000B2                     
   163                           ;main.c: 65:         _delay((unsigned long)((100)*(8000000UL/4000.0)));
   164   0000B2  0E02               	movlw	2
   165   0000B4  6E02               	movwf	(??_main+1)^0,c
   166   0000B6  0E04               	movlw	4
   167   0000B8  6E01               	movwf	??_main^0,c
   168   0000BA  0EBA               	movlw	186
   169   0000BC                     u97:
   170   0000BC  2EE8               	decfsz	wreg,f,c
   171   0000BE  D7FE               	bra	u97
   172   0000C0  2E01               	decfsz	??_main^0,f,c
   173   0000C2  D7FC               	bra	u97
   174   0000C4  2E02               	decfsz	(??_main+1)^0,f,c
   175   0000C6  D7FA               	bra	u97
   176   0000C8  D000               	nop2	
   177   0000CA  EF49  F000         	goto	l803
   178   0000CE  EF07  F000         	goto	start
   179   0000D2                     __end_of_main:
   180                           	callstack 0
   181                           
   182 ;; *************** function _Init_Internal_Oscillator *****************
   183 ;; Defined at:
   184 ;;		line 116 in file "main.c"
   185 ;; Parameters:    Size  Location     Type
   186 ;;		None
   187 ;; Auto vars:     Size  Location     Type
   188 ;;		None
   189 ;; Return value:  Size  Location     Type
   190 ;;                  1    wreg      void 
   191 ;; Registers used:
   192 ;;		wreg, status,2
   193 ;; Tracked objects:
   194 ;;		On entry : 0/0
   195 ;;		On exit  : 0/0
   196 ;;		Unchanged: 0/0
   197 ;; Data sizes:     COMRAM   BANK0   BANK1   BANK2   BANK3   BANK4   BANK5   BANK6   BANK7
   198 ;;      Params:         0       0       0       0       0       0       0       0       0
   199 ;;      Locals:         0       0       0       0       0       0       0       0       0
   200 ;;      Temps:          0       0       0       0       0       0       0       0       0
   201 ;;      Totals:         0       0       0       0       0       0       0       0       0
   202 ;;Total ram usage:        0 bytes
   203 ;; Hardware stack levels used: 1
   204 ;; Hardware stack levels required when called: 1
   205 ;; This function calls:
   206 ;;		Nothing
   207 ;; This function is called by:
   208 ;;		_main
   209 ;; This function uses a non-reentrant model
   210 ;;
   211                           
   212                           	psect	text1
   213   0000FA                     __ptext1:
   214                           	callstack 0
   215   0000FA                     _Init_Internal_Oscillator:
   216                           	callstack 29
   217   0000FA                     
   218                           ;main.c: 119:     OSCCON = 0x00;
   219   0000FA  0E00               	movlw	0
   220   0000FC  6ED3               	movwf	211,c	;volatile
   221   0000FE                     
   222                           ;main.c: 122:     OSCCONbits.IDLEN = 1;
   223   0000FE  8ED3               	bsf	211,7,c	;volatile
   224                           
   225                           ;main.c: 123:     OSCCONbits.IRCF = 0b111;
   226   000100  0E70               	movlw	112
   227   000102  12D3               	iorwf	211,f,c	;volatile
   228                           
   229                           ;main.c: 124:     OSCCONbits.SCS = 0b11;
   230   000104  0E03               	movlw	3
   231   000106  12D3               	iorwf	211,f,c	;volatile
   232   000108  0012               	return		;funcret
   233   00010A                     __end_of_Init_Internal_Oscillator:
   234                           	callstack 0
   235                           
   236 ;; *************** function _Init_Gpio_System *****************
   237 ;; Defined at:
   238 ;;		line 100 in file "main.c"
   239 ;; Parameters:    Size  Location     Type
   240 ;;		None
   241 ;; Auto vars:     Size  Location     Type
   242 ;;		None
   243 ;; Return value:  Size  Location     Type
   244 ;;                  1    wreg      void 
   245 ;; Registers used:
   246 ;;		wreg, status,2
   247 ;; Tracked objects:
   248 ;;		On entry : 0/0
   249 ;;		On exit  : 0/0
   250 ;;		Unchanged: 0/0
   251 ;; Data sizes:     COMRAM   BANK0   BANK1   BANK2   BANK3   BANK4   BANK5   BANK6   BANK7
   252 ;;      Params:         0       0       0       0       0       0       0       0       0
   253 ;;      Locals:         0       0       0       0       0       0       0       0       0
   254 ;;      Temps:          0       0       0       0       0       0       0       0       0
   255 ;;      Totals:         0       0       0       0       0       0       0       0       0
   256 ;;Total ram usage:        0 bytes
   257 ;; Hardware stack levels used: 1
   258 ;; Hardware stack levels required when called: 1
   259 ;; This function calls:
   260 ;;		Nothing
   261 ;; This function is called by:
   262 ;;		_main
   263 ;; This function uses a non-reentrant model
   264 ;;
   265                           
   266                           	psect	text2
   267   00010A                     __ptext2:
   268                           	callstack 0
   269   00010A                     _Init_Gpio_System:
   270                           	callstack 29
   271   00010A                     
   272                           ;main.c: 103:     TRISD = 0xE0;
   273   00010A  0EE0               	movlw	224
   274   00010C  6E95               	movwf	149,c	;volatile
   275   00010E                     
   276                           ;main.c: 111:     TRISBbits.RB0 = 1;
   277   00010E  8093               	bsf	147,0,c	;volatile
   278   000110                     
   279                           ;main.c: 112:     TRISBbits.RB1 = 1;
   280   000110  8293               	bsf	147,1,c	;volatile
   281   000112                     
   282                           ;main.c: 113:     TRISBbits.RB2 = 1;
   283   000112  8493               	bsf	147,2,c	;volatile
   284   000114  0012               	return		;funcret
   285   000116                     __end_of_Init_Gpio_System:
   286                           	callstack 0
   287                           
   288 ;; *************** function _Init_External_Interrupt012 *****************
   289 ;; Defined at:
   290 ;;		line 72 in file "main.c"
   291 ;; Parameters:    Size  Location     Type
   292 ;;		None
   293 ;; Auto vars:     Size  Location     Type
   294 ;;		None
   295 ;; Return value:  Size  Location     Type
   296 ;;                  1    wreg      void 
   297 ;; Registers used:
   298 ;;		wreg, status,2
   299 ;; Tracked objects:
   300 ;;		On entry : 0/0
   301 ;;		On exit  : 0/0
   302 ;;		Unchanged: 0/0
   303 ;; Data sizes:     COMRAM   BANK0   BANK1   BANK2   BANK3   BANK4   BANK5   BANK6   BANK7
   304 ;;      Params:         0       0       0       0       0       0       0       0       0
   305 ;;      Locals:         0       0       0       0       0       0       0       0       0
   306 ;;      Temps:          0       0       0       0       0       0       0       0       0
   307 ;;      Totals:         0       0       0       0       0       0       0       0       0
   308 ;;Total ram usage:        0 bytes
   309 ;; Hardware stack levels used: 1
   310 ;; Hardware stack levels required when called: 1
   311 ;; This function calls:
   312 ;;		Nothing
   313 ;; This function is called by:
   314 ;;		_main
   315 ;; This function uses a non-reentrant model
   316 ;;
   317                           
   318                           	psect	text3
   319   0000D2                     __ptext3:
   320                           	callstack 0
   321   0000D2                     _Init_External_Interrupt012:
   322                           	callstack 29
   323   0000D2                     
   324                           ;main.c: 75:     RCON = 0x00;
   325   0000D2  0E00               	movlw	0
   326   0000D4  6ED0               	movwf	208,c	;volatile
   327                           
   328                           ;main.c: 76:     INTCON = 0x00;
   329   0000D6  0E00               	movlw	0
   330   0000D8  6EF2               	movwf	242,c	;volatile
   331                           
   332                           ;main.c: 77:     INTCON2 = 0x00;
   333   0000DA  0E00               	movlw	0
   334   0000DC  6EF1               	movwf	241,c	;volatile
   335                           
   336                           ;main.c: 78:     INTCON3 = 0x00;
   337   0000DE  0E00               	movlw	0
   338   0000E0  6EF0               	movwf	240,c	;volatile
   339   0000E2                     
   340                           ;main.c: 81:     RCONbits.IPEN = 0;
   341   0000E2  9ED0               	bcf	208,7,c	;volatile
   342   0000E4                     
   343                           ;main.c: 82:     INTCONbits.GIE = 1;
   344   0000E4  8EF2               	bsf	242,7,c	;volatile
   345   0000E6                     
   346                           ;main.c: 85:     INTCONbits.INT0IE = 1;
   347   0000E6  88F2               	bsf	242,4,c	;volatile
   348   0000E8                     
   349                           ;main.c: 86:     INTCONbits.INT0IF = 0;
   350   0000E8  92F2               	bcf	242,1,c	;volatile
   351   0000EA                     
   352                           ;main.c: 87:     INTCON2bits.INTEDG0 = 1;
   353   0000EA  8CF1               	bsf	241,6,c	;volatile
   354   0000EC                     
   355                           ;main.c: 90:     INTCON3bits.INT1IE = 1;
   356   0000EC  86F0               	bsf	240,3,c	;volatile
   357   0000EE                     
   358                           ;main.c: 91:     INTCON3bits.INT1IF = 0;
   359   0000EE  90F0               	bcf	240,0,c	;volatile
   360   0000F0                     
   361                           ;main.c: 92:     INTCON2bits.INTEDG1 = 1;
   362   0000F0  8AF1               	bsf	241,5,c	;volatile
   363   0000F2                     
   364                           ;main.c: 95:     INTCON3bits.INT2IE = 1;
   365   0000F2  88F0               	bsf	240,4,c	;volatile
   366   0000F4                     
   367                           ;main.c: 96:     INTCON3bits.INT1IF = 0;
   368   0000F4  90F0               	bcf	240,0,c	;volatile
   369   0000F6                     
   370                           ;main.c: 97:     INTCON2bits.INTEDG2 = 1;
   371   0000F6  88F1               	bsf	241,4,c	;volatile
   372   0000F8  0012               	return		;funcret
   373   0000FA                     __end_of_Init_External_Interrupt012:
   374                           	callstack 0
   375                           
   376 ;; *************** function _INT012_ISR *****************
   377 ;; Defined at:
   378 ;;		line 20 in file "main.c"
   379 ;; Parameters:    Size  Location     Type
   380 ;;		None
   381 ;; Auto vars:     Size  Location     Type
   382 ;;		None
   383 ;; Return value:  Size  Location     Type
   384 ;;                  1    wreg      void 
   385 ;; Registers used:
   386 ;;		wreg, status,2, status,0
   387 ;; Tracked objects:
   388 ;;		On entry : 0/0
   389 ;;		On exit  : 0/0
   390 ;;		Unchanged: 0/0
   391 ;; Data sizes:     COMRAM   BANK0   BANK1   BANK2   BANK3   BANK4   BANK5   BANK6   BANK7
   392 ;;      Params:         0       0       0       0       0       0       0       0       0
   393 ;;      Locals:         0       0       0       0       0       0       0       0       0
   394 ;;      Temps:          0       0       0       0       0       0       0       0       0
   395 ;;      Totals:         0       0       0       0       0       0       0       0       0
   396 ;;Total ram usage:        0 bytes
   397 ;; Hardware stack levels used: 1
   398 ;; This function calls:
   399 ;;		Nothing
   400 ;; This function is called by:
   401 ;;		Interrupt level 2
   402 ;; This function uses a non-reentrant model
   403 ;;
   404                           
   405                           	psect	intcode
   406   000008                     __pintcode:
   407                           	callstack 0
   408   000008                     _INT012_ISR:
   409                           	callstack 29
   410                           
   411                           ;incstack = 0
   412   000008  8203               	bsf	int$flags,1,c	;set compiler interrupt flag (level 2)
   413   00000A  ED09  F000         	call	int_func,f	;refresh shadow registers
   414                           
   415                           	psect	intcode_body
   416   000012                     __pintcode_body:
   417                           	callstack 29
   418   000012                     int_func:
   419                           	callstack 29
   420   000012  0006               	pop		; remove dummy address from shadow register refresh
   421   000014                     
   422                           ;main.c: 22:     if(INTCONbits.INT0IE && INTCONbits.INT0IF)
   423   000014  A8F2               	btfss	242,4,c	;volatile
   424   000016  EF0F  F000         	goto	i2u1_41
   425   00001A  EF11  F000         	goto	i2u1_40
   426   00001E                     i2u1_41:
   427   00001E  EF1C  F000         	goto	i2l783
   428   000022                     i2u1_40:
   429   000022  A2F2               	btfss	242,1,c	;volatile
   430   000024  EF16  F000         	goto	i2u2_41
   431   000028  EF18  F000         	goto	i2u2_40
   432   00002C                     i2u2_41:
   433   00002C  EF1C  F000         	goto	i2l783
   434   000030                     i2u2_40:
   435   000030                     
   436                           ;main.c: 23:     {;main.c: 25:         LATD &= ~0x0F;
   437   000030  0EF0               	movlw	240
   438   000032  168C               	andwf	140,f,c	;volatile
   439   000034                     
   440                           ;main.c: 26:         LATD |= 0x01;
   441   000034  808C               	bsf	140,0,c	;volatile
   442   000036                     
   443                           ;main.c: 28:         INTCONbits.INT0IF = 0;
   444   000036  92F2               	bcf	242,1,c	;volatile
   445   000038                     i2l783:
   446                           
   447                           ;main.c: 30:     if(INTCON3bits.INT1IE && INTCON3bits.INT1IF)
   448   000038  A6F0               	btfss	240,3,c	;volatile
   449   00003A  EF21  F000         	goto	i2u3_41
   450   00003E  EF23  F000         	goto	i2u3_40
   451   000042                     i2u3_41:
   452   000042  EF2E  F000         	goto	i2l793
   453   000046                     i2u3_40:
   454   000046  A0F0               	btfss	240,0,c	;volatile
   455   000048  EF28  F000         	goto	i2u4_41
   456   00004C  EF2A  F000         	goto	i2u4_40
   457   000050                     i2u4_41:
   458   000050  EF2E  F000         	goto	i2l793
   459   000054                     i2u4_40:
   460   000054                     
   461                           ;main.c: 31:     {;main.c: 33:         LATD &= ~0x0F;
   462   000054  0EF0               	movlw	240
   463   000056  168C               	andwf	140,f,c	;volatile
   464   000058                     
   465                           ;main.c: 34:         LATD |= 0x02;
   466   000058  828C               	bsf	140,1,c	;volatile
   467   00005A                     
   468                           ;main.c: 36:         INTCON3bits.INT1IF = 0;
   469   00005A  90F0               	bcf	240,0,c	;volatile
   470   00005C                     i2l793:
   471                           
   472                           ;main.c: 38:     if(INTCON3bits.INT2IE && INTCON3bits.INT2IF)
   473   00005C  A8F0               	btfss	240,4,c	;volatile
   474   00005E  EF33  F000         	goto	i2u5_41
   475   000062  EF35  F000         	goto	i2u5_40
   476   000066                     i2u5_41:
   477   000066  EF41  F000         	goto	i2l44
   478   00006A                     i2u5_40:
   479   00006A  A2F0               	btfss	240,1,c	;volatile
   480   00006C  EF3A  F000         	goto	i2u6_41
   481   000070  EF3C  F000         	goto	i2u6_40
   482   000074                     i2u6_41:
   483   000074  EF41  F000         	goto	i2l44
   484   000078                     i2u6_40:
   485   000078                     
   486                           ;main.c: 39:     {;main.c: 41:         LATD &= ~0x0F;
   487   000078  0EF0               	movlw	240
   488   00007A  168C               	andwf	140,f,c	;volatile
   489                           
   490                           ;main.c: 42:         LATD |= 0x03;
   491   00007C  0E03               	movlw	3
   492   00007E  128C               	iorwf	140,f,c	;volatile
   493   000080                     
   494                           ;main.c: 44:         INTCON3bits.INT2IF = 0;
   495   000080  92F0               	bcf	240,1,c	;volatile
   496   000082                     i2l44:
   497   000082  9203               	bcf	int$flags,1,c	;clear compiler interrupt flag (level 2)
   498   000084  0011               	retfie		f
   499   000086                     __end_of_INT012_ISR:
   500                           	callstack 0
   501   000000                     
   502                           	psect	rparam
   503   000000                     
   504                           	psect	temp
   505   000003                     btemp:
   506                           	callstack 0
   507   000003                     	ds	1
   508   000000                     int$flags	set	btemp
   509   000000                     wtemp8	set	btemp+1
   510   000000                     ttemp5	set	btemp+1
   511   000000                     ttemp6	set	btemp+4
   512   000000                     ttemp7	set	btemp+8
   513                           
   514                           	psect	idloc
   515                           
   516                           ;Config register IDLOC0 @ 0x200000
   517                           ;	unspecified, using default values
   518   200000                     	org	2097152
   519   200000  FF                 	db	255
   520                           
   521                           ;Config register IDLOC1 @ 0x200001
   522                           ;	unspecified, using default values
   523   200001                     	org	2097153
   524   200001  FF                 	db	255
   525                           
   526                           ;Config register IDLOC2 @ 0x200002
   527                           ;	unspecified, using default values
   528   200002                     	org	2097154
   529   200002  FF                 	db	255
   530                           
   531                           ;Config register IDLOC3 @ 0x200003
   532                           ;	unspecified, using default values
   533   200003                     	org	2097155
   534   200003  FF                 	db	255
   535                           
   536                           ;Config register IDLOC4 @ 0x200004
   537                           ;	unspecified, using default values
   538   200004                     	org	2097156
   539   200004  FF                 	db	255
   540                           
   541                           ;Config register IDLOC5 @ 0x200005
   542                           ;	unspecified, using default values
   543   200005                     	org	2097157
   544   200005  FF                 	db	255
   545                           
   546                           ;Config register IDLOC6 @ 0x200006
   547                           ;	unspecified, using default values
   548   200006                     	org	2097158
   549   200006  FF                 	db	255
   550                           
   551                           ;Config register IDLOC7 @ 0x200007
   552                           ;	unspecified, using default values
   553   200007                     	org	2097159
   554   200007  FF                 	db	255
   555                           
   556                           	psect	config
   557                           
   558                           ;Config register CONFIG1L @ 0x300000
   559                           ;	PLL Prescaler Selection bits
   560                           ;	PLLDIV = 1, No prescale (4 MHz oscillator input drives PLL directly)
   561                           ;	System Clock Postscaler Selection bits
   562                           ;	CPUDIV = OSC1_PLL2, [Primary Oscillator Src: /1][96 MHz PLL Src: /2]
   563                           ;	USB Clock Selection bit (used in Full-Speed USB mode only; UCFG:FSEN = 1)
   564                           ;	USBDIV = 1, USB clock source comes directly from the primary oscillator block with no 
      +                          postscale
   565   300000                     	org	3145728
   566   300000  00                 	db	0
   567                           
   568                           ;Config register CONFIG1H @ 0x300001
   569                           ;	Oscillator Selection bits
   570                           ;	FOSC = INTOSC_HS, Internal oscillator, HS oscillator used by USB (INTHS)
   571                           ;	Fail-Safe Clock Monitor Enable bit
   572                           ;	FCMEN = OFF, Fail-Safe Clock Monitor disabled
   573                           ;	Internal/External Oscillator Switchover bit
   574                           ;	IESO = OFF, Oscillator Switchover mode disabled
   575   300001                     	org	3145729
   576   300001  0B                 	db	11
   577                           
   578                           ;Config register CONFIG2L @ 0x300002
   579                           ;	Power-up Timer Enable bit
   580                           ;	PWRT = OFF, PWRT disabled
   581                           ;	Brown-out Reset Enable bits
   582                           ;	BOR = OFF, Brown-out Reset disabled in hardware and software
   583                           ;	Brown-out Reset Voltage bits
   584                           ;	BORV = 3, Minimum setting 2.05V
   585                           ;	USB Voltage Regulator Enable bit
   586                           ;	VREGEN = OFF, USB voltage regulator disabled
   587   300002                     	org	3145730
   588   300002  19                 	db	25
   589                           
   590                           ;Config register CONFIG2H @ 0x300003
   591                           ;	Watchdog Timer Enable bit
   592                           ;	WDT = OFF, WDT disabled (control is placed on the SWDTEN bit)
   593                           ;	Watchdog Timer Postscale Select bits
   594                           ;	WDTPS = 32768, 1:32768
   595   300003                     	org	3145731
   596   300003  1E                 	db	30
   597                           
   598                           ; Padding undefined space
   599   300004                     	org	3145732
   600   300004  FF                 	db	255
   601                           
   602                           ;Config register CONFIG3H @ 0x300005
   603                           ;	CCP2 MUX bit
   604                           ;	CCP2MX = OFF, CCP2 input/output is multiplexed with RB3
   605                           ;	PORTB A/D Enable bit
   606                           ;	PBADEN = OFF, PORTB<4:0> pins are configured as digital I/O on Reset
   607                           ;	Low-Power Timer 1 Oscillator Enable bit
   608                           ;	LPT1OSC = OFF, Timer1 configured for higher power operation
   609                           ;	MCLR Pin Enable bit
   610                           ;	MCLRE = ON, MCLR pin enabled; RE3 input pin disabled
   611   300005                     	org	3145733
   612   300005  80                 	db	128
   613                           
   614                           ;Config register CONFIG4L @ 0x300006
   615                           ;	Stack Full/Underflow Reset Enable bit
   616                           ;	STVREN = OFF, Stack full/underflow will not cause Reset
   617                           ;	Single-Supply ICSP Enable bit
   618                           ;	LVP = OFF, Single-Supply ICSP disabled
   619                           ;	Dedicated In-Circuit Debug/Programming Port (ICPORT) Enable bit
   620                           ;	ICPRT = OFF, ICPORT disabled
   621                           ;	Extended Instruction Set Enable bit
   622                           ;	XINST = OFF, Instruction set extension and Indexed Addressing mode disabled (Legacy mo
      +                          de)
   623                           ;	Background Debugger Enable bit
   624                           ;	DEBUG = 0x1, unprogrammed default
   625   300006                     	org	3145734
   626   300006  80                 	db	128
   627                           
   628                           ; Padding undefined space
   629   300007                     	org	3145735
   630   300007  FF                 	db	255
   631                           
   632                           ;Config register CONFIG5L @ 0x300008
   633                           ;	Code Protection bit
   634                           ;	CP0 = OFF, Block 0 (000800-001FFFh) is not code-protected
   635                           ;	Code Protection bit
   636                           ;	CP1 = OFF, Block 1 (002000-003FFFh) is not code-protected
   637                           ;	Code Protection bit
   638                           ;	CP2 = OFF, Block 2 (004000-005FFFh) is not code-protected
   639                           ;	Code Protection bit
   640                           ;	CP3 = OFF, Block 3 (006000-007FFFh) is not code-protected
   641   300008                     	org	3145736
   642   300008  0F                 	db	15
   643                           
   644                           ;Config register CONFIG5H @ 0x300009
   645                           ;	Boot Block Code Protection bit
   646                           ;	CPB = OFF, Boot block (000000-0007FFh) is not code-protected
   647                           ;	Data EEPROM Code Protection bit
   648                           ;	CPD = OFF, Data EEPROM is not code-protected
   649   300009                     	org	3145737
   650   300009  C0                 	db	192
   651                           
   652                           ;Config register CONFIG6L @ 0x30000A
   653                           ;	Write Protection bit
   654                           ;	WRT0 = OFF, Block 0 (000800-001FFFh) is not write-protected
   655                           ;	Write Protection bit
   656                           ;	WRT1 = OFF, Block 1 (002000-003FFFh) is not write-protected
   657                           ;	Write Protection bit
   658                           ;	WRT2 = OFF, Block 2 (004000-005FFFh) is not write-protected
   659                           ;	Write Protection bit
   660                           ;	WRT3 = OFF, Block 3 (006000-007FFFh) is not write-protected
   661   30000A                     	org	3145738
   662   30000A  0F                 	db	15
   663                           
   664                           ;Config register CONFIG6H @ 0x30000B
   665                           ;	Configuration Register Write Protection bit
   666                           ;	WRTC = OFF, Configuration registers (300000-3000FFh) are not write-protected
   667                           ;	Boot Block Write Protection bit
   668                           ;	WRTB = OFF, Boot block (000000-0007FFh) is not write-protected
   669                           ;	Data EEPROM Write Protection bit
   670                           ;	WRTD = OFF, Data EEPROM is not write-protected
   671   30000B                     	org	3145739
   672   30000B  E0                 	db	224
   673                           
   674                           ;Config register CONFIG7L @ 0x30000C
   675                           ;	Table Read Protection bit
   676                           ;	EBTR0 = OFF, Block 0 (000800-001FFFh) is not protected from table reads executed in ot
      +                          her blocks
   677                           ;	Table Read Protection bit
   678                           ;	EBTR1 = OFF, Block 1 (002000-003FFFh) is not protected from table reads executed in ot
      +                          her blocks
   679                           ;	Table Read Protection bit
   680                           ;	EBTR2 = OFF, Block 2 (004000-005FFFh) is not protected from table reads executed in ot
      +                          her blocks
   681                           ;	Table Read Protection bit
   682                           ;	EBTR3 = OFF, Block 3 (006000-007FFFh) is not protected from table reads executed in ot
      +                          her blocks
   683   30000C                     	org	3145740
   684   30000C  0F                 	db	15
   685                           
   686                           ;Config register CONFIG7H @ 0x30000D
   687                           ;	Boot Block Table Read Protection bit
   688                           ;	EBTRB = OFF, Boot block (000000-0007FFh) is not protected from table reads executed in
      +                           other blocks
   689   30000D                     	org	3145741
   690   30000D  40                 	db	64
   691                           tosu	equ	0xFFF
   692                           tosh	equ	0xFFE
   693                           tosl	equ	0xFFD
   694                           stkptr	equ	0xFFC
   695                           pclatu	equ	0xFFB
   696                           pclath	equ	0xFFA
   697                           pcl	equ	0xFF9
   698                           tblptru	equ	0xFF8
   699                           tblptrh	equ	0xFF7
   700                           tblptrl	equ	0xFF6
   701                           tablat	equ	0xFF5
   702                           prodh	equ	0xFF4
   703                           prodl	equ	0xFF3
   704                           indf0	equ	0xFEF
   705                           postinc0	equ	0xFEE
   706                           postdec0	equ	0xFED
   707                           preinc0	equ	0xFEC
   708                           plusw0	equ	0xFEB
   709                           fsr0h	equ	0xFEA
   710                           fsr0l	equ	0xFE9
   711                           wreg	equ	0xFE8
   712                           indf1	equ	0xFE7
   713                           postinc1	equ	0xFE6
   714                           postdec1	equ	0xFE5
   715                           preinc1	equ	0xFE4
   716                           plusw1	equ	0xFE3
   717                           fsr1h	equ	0xFE2
   718                           fsr1l	equ	0xFE1
   719                           bsr	equ	0xFE0
   720                           indf2	equ	0xFDF
   721                           postinc2	equ	0xFDE
   722                           postdec2	equ	0xFDD
   723                           preinc2	equ	0xFDC
   724                           plusw2	equ	0xFDB
   725                           fsr2h	equ	0xFDA
   726                           fsr2l	equ	0xFD9
   727                           status	equ	0xFD8

Data Sizes:
    Strings     0
    Constant    0
    Data        0
    BSS         0
    Persistent  0
    Stack       0

Auto Spaces:
    Space          Size  Autos    Used
    COMRAM           94      2       2
    BANK0           160      0       0
    BANK1           256      0       0
    BANK2           256      0       0
    BANK3           256      0       0
    BANK4           256      0       0
    BANK5           256      0       0
    BANK6           256      0       0
    BANK7           256      0       0

Pointer List with Targets:

    None.

Critical Paths under _main in COMRAM

    None.

Critical Paths under _INT012_ISR in COMRAM

    None.

Critical Paths under _main in BANK0

    None.

Critical Paths under _INT012_ISR in BANK0

    None.

Critical Paths under _main in BANK1

    None.

Critical Paths under _INT012_ISR in BANK1

    None.

Critical Paths under _main in BANK2

    None.

Critical Paths under _INT012_ISR in BANK2

    None.

Critical Paths under _main in BANK3

    None.

Critical Paths under _INT012_ISR in BANK3

    None.

Critical Paths under _main in BANK4

    None.

Critical Paths under _INT012_ISR in BANK4

    None.

Critical Paths under _main in BANK5

    None.

Critical Paths under _INT012_ISR in BANK5

    None.

Critical Paths under _main in BANK6

    None.

Critical Paths under _INT012_ISR in BANK6

    None.

Critical Paths under _main in BANK7

    None.

Critical Paths under _INT012_ISR in BANK7

    None.

Call Graph Tables:

 ---------------------------------------------------------------------------------
 (Depth) Function   	        Calls       Base Space   Used Autos Params    Refs
 ---------------------------------------------------------------------------------
 (0) _main                                                 2     2      0       0
                                              0 COMRAM     2     2      0
         _Init_External_Interrupt012
                   _Init_Gpio_System
           _Init_Internal_Oscillator
 ---------------------------------------------------------------------------------
 (1) _Init_Internal_Oscillator                             0     0      0       0
 ---------------------------------------------------------------------------------
 (1) _Init_Gpio_System                                     0     0      0       0
 ---------------------------------------------------------------------------------
 (1) _Init_External_Interrupt012                           0     0      0       0
 ---------------------------------------------------------------------------------
 Estimated maximum stack depth 1
 ---------------------------------------------------------------------------------
 (Depth) Function   	        Calls       Base Space   Used Autos Params    Refs
 ---------------------------------------------------------------------------------
 (2) _INT012_ISR                                           0     0      0       0
 ---------------------------------------------------------------------------------
 Estimated maximum stack depth 2
 ---------------------------------------------------------------------------------

 Call Graph Graphs:

 _main (ROOT)
   _Init_External_Interrupt012
   _Init_Gpio_System
   _Init_Internal_Oscillator

 _INT012_ISR (ROOT)

 Address spaces:
Name               Size   Autos  Total    Cost      Usage
BITCOMRAM           5E      0       0       0        0.0%
EEDATA             100      0       0       0        0.0%
NULL                 0      0       0       0        0.0%
CODE                 0      0       0       0        0.0%
COMRAM              5E      2       2       1        2.1%
STACK                0      0       0       2        0.0%
DATA                 0      0       0       3        0.0%
BITBANK0            A0      0       0       4        0.0%
BANK0               A0      0       0       5        0.0%
BITBANK1           100      0       0       6        0.0%
BANK1              100      0       0       7        0.0%
BITBANK2           100      0       0       8        0.0%
BANK2              100      0       0       9        0.0%
BITBANK3           100      0       0      10        0.0%
BANK3              100      0       0      11        0.0%
BITBANK4           100      0       0      12        0.0%
BANK4              100      0       0      13        0.0%
BITBANK5           100      0       0      14        0.0%
BANK5              100      0       0      15        0.0%
BITBANK6           100      0       0      16        0.0%
BANK6              100      0       0      17        0.0%
BITBANK7           100      0       0      18        0.0%
BANK7              100      0       0      19        0.0%
BITBIGSFRh           D      0       0      20        0.0%
BITBIGSFRlhlhh      1C      0       0      21        0.0%
BITBIGSFRlhlhl       2      0       0      22        0.0%
BITBIGSFRlhllh      3A      0       0      23        0.0%
BITBIGSFRlhlllh      1      0       0      24        0.0%
BITBIGSFRlhllll      6      0       0      25        0.0%
BITBIGSFRll         2C      0       0      26        0.0%
ABS                  0      0       0      27        0.0%
BIGRAM             7FF      0       0      28        0.0%
BIGSFR               0      0       0     200        0.0%
BITSFR               0      0       0     200        0.0%
SFR                  0      0       0     200        0.0%


Microchip Technology PIC18 Macro Assembler V2.41 build 20230208172133 
Symbol Table                                                                                   Tue May 23 20:00:57 2023

                                l61 0108                                  l55 00F8  
                                l58 0114                                  u70 00A4  
                                u71 009C                                  u88 00A6  
                                u97 00BC                                 l801 0086  
                               l803 0092                                 l741 010A  
                               l805 00B2                                 l751 00E2  
                               l743 010E                                 l761 00EC  
                               l753 00E4                                 l745 0110  
                               l737 00FA                                 l771 00F6  
                               l763 00EE                                 l755 00E6  
                               l747 0112                                 l739 00FE  
                               l765 00F0                                 l757 00E8  
                               l749 00D2                                 l767 00F2  
                               l759 00EA                                 l769 00F4  
                               wreg 0FE8                                _LATD 0F8C  
                              i2l44 0082                                _RCON 0FD0  
                              _main 0086                                btemp 0003  
                              start 000E                        ___param_bank 0000  
                 ?_Init_Gpio_System 0001                               ?_main 0001  
                             i2l781 0036                               i2l773 0014  
                             i2l791 005A                               i2l775 0022  
                             i2l783 0038                               i2l785 0046  
                             i2l793 005C                               i2l777 0030  
                             i2l795 006A                               i2l787 0054  
                             i2l779 0034                               i2l797 0078  
                             i2l789 0058                               i2l799 0080  
                ??_Init_Gpio_System 0001                               _TRISD 0F95  
                             ttemp5 0004                               ttemp6 0007  
                             ttemp7 000B                               wtemp8 0004  
      ??_Init_External_Interrupt012 0001                     __initialization 0116  
                      __end_of_main 00D2                              ??_main 0001  
                     __activetblptr 0000                              _INTCON 0FF2  
                            _OSCCON 0FD3                              i2u1_40 0022  
                            i2u1_41 001E                              i2u2_40 0030  
                            i2u2_41 002C                              i2u3_40 0046  
                            i2u3_41 0042                              i2u4_40 0054  
                            i2u4_41 0050                              i2u5_40 006A  
                            i2u5_41 0066                              i2u6_40 0078  
                            i2u6_41 0074                              isa$std 0001  
                      ??_INT012_ISR 0001                          __accesstop 0060  
           __end_of__initialization 0116                       ___rparam_used 0001  
                    __pcstackCOMRAM 0001                  __end_of_INT012_ISR 0086  
__end_of_Init_External_Interrupt012 00FA          _Init_External_Interrupt012 00D2  
         ?_Init_Internal_Oscillator 0001                             _INTCON2 0FF1  
                           _INTCON3 0FF0                             __Hparam 0000  
                           __Lparam 0000                             __pcinit 0116  
                           __ramtop 0800                             __ptext0 0086  
                           __ptext1 00FA                             __ptext2 010A  
                           __ptext3 00D2                      __pintcode_body 0012  
              end_of_initialization 0116                             int_func 0012  
                         _TRISBbits 0F93                 start_initialization 0116  
                  _Init_Gpio_System 010A         ?_Init_External_Interrupt012 0001  
  __end_of_Init_Internal_Oscillator 010A                           __pintcode 0008  
                          _LATDbits 0F8C            _Init_Internal_Oscillator 00FA  
                          _RCONbits 0FD0                         _INTCON2bits 0FF1  
                       _INTCON3bits 0FF0                            __Hrparam 0000  
                          __Lrparam 0000            __end_of_Init_Gpio_System 0116  
                        _INT012_ISR 0008                            isa$xinst 0000  
                          int$flags 0003                          _INTCONbits 0FF2  
                          intlevel2 0000                          _OSCCONbits 0FD3  
                       ?_INT012_ISR 0001          ??_Init_Internal_Oscillator 0001  
