

Microchip MPLAB XC8 Assembler V2.32 build 20210201212658 
                                                                                               Sun Jun 25 15:51:43 2023

Microchip MPLAB XC8 C Compiler v2.32 (Free license) build 20210201212658 Og1 
     1                           	processor	18F4550
     2                           	fnconf	rparam,??,?,0
     3                           	pagewidth 120
     4                           	opt	flic
     5                           	psect	cinit,global,reloc=2,class=CODE,delta=1
     6                           	psect	cstackCOMRAM,global,class=COMRAM,space=1,delta=1,lowdata,noexec
     7                           	psect	text0,global,reloc=2,class=CODE,delta=1
     8                           	psect	text1,global,reloc=2,class=CODE,delta=1
     9                           	psect	text2,global,reloc=2,class=CODE,delta=1
    10                           	psect	text3,global,reloc=2,class=CODE,delta=1
    11                           	psect	text4,global,reloc=2,class=CODE,delta=1
    12                           	psect	intcode,global,reloc=2,class=CODE,delta=1
    13                           	psect	intcode_body,global,reloc=2,class=CODE,delta=1
    14                           	psect	intsave_regs,global,class=BIGRAM,space=1,delta=1,noexec
    15                           	psect	rparam,global,class=COMRAM,space=1,delta=1,noexec
    16                           	psect	temp,global,ovrld,common,class=COMRAM,space=1,delta=1
    17                           	psect	idloc,global,abs,ovrld,class=IDLOC,space=5,delta=1,noexec
    18                           	psect	config,global,abs,ovrld,class=CONFIG,space=4,delta=1,noexec
    19  0000                     
    20                           ; Version 2.40
    21                           ; Generated 17/11/2021 GMT
    22                           ; 
    23                           ; Copyright © 2021, Microchip Technology Inc. and its subsidiaries ("Microchip")
    24                           ; All rights reserved.
    25                           ; 
    26                           ; This software is developed by Microchip Technology Inc. and its subsidiaries ("Microch
      +                          ip").
    27                           ; 
    28                           ; Redistribution and use in source and binary forms, with or without modification, are
    29                           ; permitted provided that the following conditions are met:
    30                           ; 
    31                           ;     1. Redistributions of source code must retain the above copyright notice, this lis
      +                          t of
    32                           ;        conditions and the following disclaimer.
    33                           ; 
    34                           ;     2. Redistributions in binary form must reproduce the above copyright notice, this 
      +                          list
    35                           ;        of conditions and the following disclaimer in the documentation and/or other
    36                           ;        materials provided with the distribution. Publication is not required when
    37                           ;        this file is used in an embedded application.
    38                           ; 
    39                           ;     3. Microchip's name may not be used to endorse or promote products derived from th
      +                          is
    40                           ;        software without specific prior written permission.
    41                           ; 
    42                           ; THIS SOFTWARE IS PROVIDED BY MICROCHIP "AS IS" AND ANY EXPRESS OR IMPLIED WARRANTIES,
    43                           ; INCLUDING, BUT NOT LIMITED TO, THE IMPLIED WARRANTIES OF MERCHANTABILITY AND FITNESS F
      +                          OR
    44                           ; PURPOSE ARE DISCLAIMED.  IN NO EVENT SHALL MICROCHIP BE LIABLE FOR ANY DIRECT, INDIREC
      +                          T,
    45                           ; INCIDENTAL, SPECIAL, EXEMPLARY, OR CONSEQUENTIAL DAMAGES (INCLUDING BUT NOT LIMITED TO
    46                           ; PROCUREMENT OF SUBSTITUTE GOODS OR SERVICES; LOSS OF USE, DATA OR PROFITS; OR BUSINESS
    47                           ; INTERRUPTION) HOWSOEVER CAUSED AND ON ANY THEORY OF LIABILITY, WHETHER IN CONTRACT, ST
      +                          RICT
    48                           ; LIABILITY, OR TORT (INCLUDING NEGLIGENCE OR OTHERWISE) ARISING IN ANY WAY OUT OF THE U
      +                          SE OF
    49                           ; THIS SOFTWARE, EVEN IF ADVISED OF THE POSSIBILITY OF SUCH DAMAGE.
    50                           ; 
    51                           ; 
    52                           ; Code-generator required, PIC18F4550 Definitions
    53                           ; 
    54                           ; SFR Addresses
    55  0000                     _OSCCONbits	set	4051
    56  0000                     _OSCCON	set	4051
    57  0000                     _CCPR2L	set	4027
    58  0000                     _CCP2CONbits	set	4026
    59  0000                     _CCP2CON	set	4026
    60  0000                     _TRISCbits	set	3988
    61  0000                     _CCPR1L	set	4030
    62  0000                     _CCP1CONbits	set	4029
    63  0000                     _CCP1CON	set	4029
    64  0000                     _PR2	set	4043
    65  0000                     _T2CONbits	set	4042
    66  0000                     _TMR2	set	4044
    67  0000                     _T2CON	set	4042
    68  0000                     _LATD	set	3980
    69  0000                     _LATDbits	set	3980
    70  0000                     _TRISDbits	set	3989
    71                           
    72                           ; #config settings
    73                           
    74                           	psect	cinit
    75  00009C                     __pcinit:
    76                           	callstack 0
    77  00009C                     start_initialization:
    78                           	callstack 0
    79  00009C                     __initialization:
    80                           	callstack 0
    81  00009C                     end_of_initialization:
    82                           	callstack 0
    83  00009C                     __end_of__initialization:
    84                           	callstack 0
    85  00009C  9003               	bcf	int$flags,0,c	;clear compiler interrupt flag (level 1)
    86  00009E  9203               	bcf	int$flags,1,c	;clear compiler interrupt flag (level 2)
    87  0000A0  0100               	movlb	0
    88  0000A2  EF09  F000         	goto	_main	;jump to C main() function
    89                           
    90                           	psect	cstackCOMRAM
    91  000001                     __pcstackCOMRAM:
    92                           	callstack 0
    93  000001                     ??_main:
    94  000001                     
    95                           ; 2 bytes @ 0x0
    96  000001                     	ds	2
    97                           
    98 ;;
    99 ;;Main: autosize = 0, tempsize = 2, incstack = 0, save=0
   100 ;;
   101 ;; *************** function _main *****************
   102 ;; Defined at:
   103 ;;		line 34 in file "main.c"
   104 ;; Parameters:    Size  Location     Type
   105 ;;		None
   106 ;; Auto vars:     Size  Location     Type
   107 ;;		None
   108 ;; Return value:  Size  Location     Type
   109 ;;                  2   51[None  ] int 
   110 ;; Registers used:
   111 ;;		wreg, status,2, status,0, cstack
   112 ;; Tracked objects:
   113 ;;		On entry : 0/0
   114 ;;		On exit  : 0/0
   115 ;;		Unchanged: 0/0
   116 ;; Data sizes:     COMRAM   BANK0   BANK1   BANK2   BANK3   BANK4   BANK5   BANK6   BANK7
   117 ;;      Params:         0       0       0       0       0       0       0       0       0
   118 ;;      Locals:         0       0       0       0       0       0       0       0       0
   119 ;;      Temps:          2       0       0       0       0       0       0       0       0
   120 ;;      Totals:         2       0       0       0       0       0       0       0       0
   121 ;;Total ram usage:        2 bytes
   122 ;; Hardware stack levels required when called: 2
   123 ;; This function calls:
   124 ;;		_Init_CCP1_Module
   125 ;;		_Init_CCP2_Module
   126 ;;		_Init_Internal_Oscillator
   127 ;;		_Init_Timer2_Module
   128 ;; This function is called by:
   129 ;;		Startup code after reset
   130 ;; This function uses a non-reentrant model
   131 ;;
   132                           
   133                           	psect	text0
   134  000012                     __ptext0:
   135                           	callstack 0
   136  000012                     _main:
   137                           	callstack 29
   138  000012                     
   139                           ;main.c: 37:     Init_Internal_Oscillator();
   140  000012  EC47  F000         	call	_Init_Internal_Oscillator	;wreg free
   141                           
   142                           ;main.c: 39:     Init_Timer2_Module();
   143  000016  EC3C  F000         	call	_Init_Timer2_Module	;wreg free
   144                           
   145                           ;main.c: 41:     Init_CCP1_Module();
   146  00001A  EC30  F000         	call	_Init_CCP1_Module	;wreg free
   147                           
   148                           ;main.c: 43:     Init_CCP2_Module();
   149  00001E  EC24  F000         	call	_Init_CCP2_Module	;wreg free
   150  000022                     
   151                           ;main.c: 45:     TRISDbits.RD0 = 0;
   152  000022  9095               	bcf	149,0,c	;volatile
   153  000024                     
   154                           ;main.c: 46:     LATDbits.LATD0 = 0;
   155  000024  908C               	bcf	140,0,c	;volatile
   156  000026                     l765:
   157                           
   158                           ;main.c: 49:     {;main.c: 50:         LATD ^= (1 << 0x0);
   159  000026  0E01               	movlw	1
   160  000028  1A8C               	xorwf	140,f,c	;volatile
   161  00002A                     
   162                           ;main.c: 51:         _delay((unsigned long)((250)*(8000000UL/4000.0)));
   163  00002A  0E03               	movlw	3
   164  00002C  6E02               	movwf	(??_main+1)^0,c
   165  00002E  0E8A               	movlw	138
   166  000030  6E01               	movwf	??_main^0,c
   167  000032  0E56               	movlw	86
   168  000034                     u17:
   169  000034  2EE8               	decfsz	wreg,f,c
   170  000036  D7FE               	bra	u17
   171  000038  2E01               	decfsz	??_main^0,f,c
   172  00003A  D7FC               	bra	u17
   173  00003C  2E02               	decfsz	(??_main+1)^0,f,c
   174  00003E  D7FA               	bra	u17
   175  000040  EF13  F000         	goto	l765
   176  000044  EF07  F000         	goto	start
   177  000048                     __end_of_main:
   178                           	callstack 0
   179                           
   180 ;; *************** function _Init_Timer2_Module *****************
   181 ;; Defined at:
   182 ;;		line 58 in file "main.c"
   183 ;; Parameters:    Size  Location     Type
   184 ;;		None
   185 ;; Auto vars:     Size  Location     Type
   186 ;;		None
   187 ;; Return value:  Size  Location     Type
   188 ;;                  1    wreg      void 
   189 ;; Registers used:
   190 ;;		wreg, status,2
   191 ;; Tracked objects:
   192 ;;		On entry : 0/0
   193 ;;		On exit  : 0/0
   194 ;;		Unchanged: 0/0
   195 ;; Data sizes:     COMRAM   BANK0   BANK1   BANK2   BANK3   BANK4   BANK5   BANK6   BANK7
   196 ;;      Params:         0       0       0       0       0       0       0       0       0
   197 ;;      Locals:         0       0       0       0       0       0       0       0       0
   198 ;;      Temps:          0       0       0       0       0       0       0       0       0
   199 ;;      Totals:         0       0       0       0       0       0       0       0       0
   200 ;;Total ram usage:        0 bytes
   201 ;; Hardware stack levels used: 1
   202 ;; Hardware stack levels required when called: 1
   203 ;; This function calls:
   204 ;;		Nothing
   205 ;; This function is called by:
   206 ;;		_main
   207 ;; This function uses a non-reentrant model
   208 ;;
   209                           
   210                           	psect	text1
   211  000078                     __ptext1:
   212                           	callstack 0
   213  000078                     _Init_Timer2_Module:
   214                           	callstack 29
   215  000078                     
   216                           ;main.c: 61:     T2CON = 0x00;
   217  000078  0E00               	movlw	0
   218  00007A  6ECA               	movwf	202,c	;volatile
   219                           
   220                           ;main.c: 62:     TMR2 = 0x00;
   221  00007C  0E00               	movlw	0
   222  00007E  6ECC               	movwf	204,c	;volatile
   223  000080                     
   224                           ;main.c: 65:     T2CONbits.TMR2ON = 0;
   225  000080  94CA               	bcf	202,2,c	;volatile
   226                           
   227                           ;main.c: 66:     T2CONbits.T2CKPS = 0b11;
   228  000082  0E03               	movlw	3
   229  000084  12CA               	iorwf	202,f,c	;volatile
   230                           
   231                           ;main.c: 85:     PR2 = 124;
   232  000086  0E7C               	movlw	124
   233  000088  6ECB               	movwf	203,c	;volatile
   234  00008A                     
   235                           ;main.c: 88:     T2CONbits.TMR2ON = 1;
   236  00008A  84CA               	bsf	202,2,c	;volatile
   237  00008C  0012               	return		;funcret
   238  00008E                     __end_of_Init_Timer2_Module:
   239                           	callstack 0
   240                           
   241 ;; *************** function _Init_Internal_Oscillator *****************
   242 ;; Defined at:
   243 ;;		line 141 in file "main.c"
   244 ;; Parameters:    Size  Location     Type
   245 ;;		None
   246 ;; Auto vars:     Size  Location     Type
   247 ;;		None
   248 ;; Return value:  Size  Location     Type
   249 ;;                  1    wreg      void 
   250 ;; Registers used:
   251 ;;		wreg, status,2
   252 ;; Tracked objects:
   253 ;;		On entry : 0/0
   254 ;;		On exit  : 0/0
   255 ;;		Unchanged: 0/0
   256 ;; Data sizes:     COMRAM   BANK0   BANK1   BANK2   BANK3   BANK4   BANK5   BANK6   BANK7
   257 ;;      Params:         0       0       0       0       0       0       0       0       0
   258 ;;      Locals:         0       0       0       0       0       0       0       0       0
   259 ;;      Temps:          0       0       0       0       0       0       0       0       0
   260 ;;      Totals:         0       0       0       0       0       0       0       0       0
   261 ;;Total ram usage:        0 bytes
   262 ;; Hardware stack levels used: 1
   263 ;; Hardware stack levels required when called: 1
   264 ;; This function calls:
   265 ;;		Nothing
   266 ;; This function is called by:
   267 ;;		_main
   268 ;; This function uses a non-reentrant model
   269 ;;
   270                           
   271                           	psect	text2
   272  00008E                     __ptext2:
   273                           	callstack 0
   274  00008E                     _Init_Internal_Oscillator:
   275                           	callstack 29
   276  00008E                     
   277                           ;main.c: 144:     OSCCON = 0x00;
   278  00008E  0E00               	movlw	0
   279  000090  6ED3               	movwf	211,c	;volatile
   280                           
   281                           ;main.c: 146:     OSCCONbits.IRCF = 0b111;
   282  000092  0E70               	movlw	112
   283  000094  12D3               	iorwf	211,f,c	;volatile
   284                           
   285                           ;main.c: 147:     OSCCONbits.SCS = 0b11;
   286  000096  0E03               	movlw	3
   287  000098  12D3               	iorwf	211,f,c	;volatile
   288  00009A  0012               	return		;funcret
   289  00009C                     __end_of_Init_Internal_Oscillator:
   290                           	callstack 0
   291                           
   292 ;; *************** function _Init_CCP2_Module *****************
   293 ;; Defined at:
   294 ;;		line 118 in file "main.c"
   295 ;; Parameters:    Size  Location     Type
   296 ;;		None
   297 ;; Auto vars:     Size  Location     Type
   298 ;;		None
   299 ;; Return value:  Size  Location     Type
   300 ;;                  1    wreg      void 
   301 ;; Registers used:
   302 ;;		wreg, status,2
   303 ;; Tracked objects:
   304 ;;		On entry : 0/0
   305 ;;		On exit  : 0/0
   306 ;;		Unchanged: 0/0
   307 ;; Data sizes:     COMRAM   BANK0   BANK1   BANK2   BANK3   BANK4   BANK5   BANK6   BANK7
   308 ;;      Params:         0       0       0       0       0       0       0       0       0
   309 ;;      Locals:         0       0       0       0       0       0       0       0       0
   310 ;;      Temps:          0       0       0       0       0       0       0       0       0
   311 ;;      Totals:         0       0       0       0       0       0       0       0       0
   312 ;;Total ram usage:        0 bytes
   313 ;; Hardware stack levels used: 1
   314 ;; Hardware stack levels required when called: 1
   315 ;; This function calls:
   316 ;;		Nothing
   317 ;; This function is called by:
   318 ;;		_main
   319 ;; This function uses a non-reentrant model
   320 ;;
   321                           
   322                           	psect	text3
   323  000048                     __ptext3:
   324                           	callstack 0
   325  000048                     _Init_CCP2_Module:
   326                           	callstack 29
   327  000048                     
   328                           ;main.c: 121:     CCP2CON = 0x00;
   329  000048  0E00               	movlw	0
   330  00004A  6EBA               	movwf	186,c	;volatile
   331                           
   332                           ;main.c: 123:     CCP2CONbits.CCP2M = 0b1100;
   333  00004C  50BA               	movf	186,w,c	;volatile
   334  00004E  0BF0               	andlw	-16
   335  000050  090C               	iorlw	12
   336  000052  6EBA               	movwf	186,c	;volatile
   337                           
   338                           ;main.c: 134:     CCPR2L = 0b01100100;
   339  000054  0E64               	movlw	100
   340  000056  6EBB               	movwf	187,c	;volatile
   341                           
   342                           ;main.c: 135:     CCP2CONbits.DC2B = 0b00;
   343  000058  0ECF               	movlw	-49
   344  00005A  16BA               	andwf	186,f,c	;volatile
   345  00005C                     
   346                           ;main.c: 138:     TRISCbits.RC1 = 0;
   347  00005C  9294               	bcf	148,1,c	;volatile
   348  00005E  0012               	return		;funcret
   349  000060                     __end_of_Init_CCP2_Module:
   350                           	callstack 0
   351                           
   352 ;; *************** function _Init_CCP1_Module *****************
   353 ;; Defined at:
   354 ;;		line 91 in file "main.c"
   355 ;; Parameters:    Size  Location     Type
   356 ;;		None
   357 ;; Auto vars:     Size  Location     Type
   358 ;;		None
   359 ;; Return value:  Size  Location     Type
   360 ;;                  1    wreg      void 
   361 ;; Registers used:
   362 ;;		wreg, status,2
   363 ;; Tracked objects:
   364 ;;		On entry : 0/0
   365 ;;		On exit  : 0/0
   366 ;;		Unchanged: 0/0
   367 ;; Data sizes:     COMRAM   BANK0   BANK1   BANK2   BANK3   BANK4   BANK5   BANK6   BANK7
   368 ;;      Params:         0       0       0       0       0       0       0       0       0
   369 ;;      Locals:         0       0       0       0       0       0       0       0       0
   370 ;;      Temps:          0       0       0       0       0       0       0       0       0
   371 ;;      Totals:         0       0       0       0       0       0       0       0       0
   372 ;;Total ram usage:        0 bytes
   373 ;; Hardware stack levels used: 1
   374 ;; Hardware stack levels required when called: 1
   375 ;; This function calls:
   376 ;;		Nothing
   377 ;; This function is called by:
   378 ;;		_main
   379 ;; This function uses a non-reentrant model
   380 ;;
   381                           
   382                           	psect	text4
   383  000060                     __ptext4:
   384                           	callstack 0
   385  000060                     _Init_CCP1_Module:
   386                           	callstack 29
   387  000060                     
   388                           ;main.c: 94:     CCP1CON = 0x00;
   389  000060  0E00               	movlw	0
   390  000062  6EBD               	movwf	189,c	;volatile
   391                           
   392                           ;main.c: 97:     CCP1CONbits.CCP1M = 0b1100;
   393  000064  50BD               	movf	189,w,c	;volatile
   394  000066  0BF0               	andlw	-16
   395  000068  090C               	iorlw	12
   396  00006A  6EBD               	movwf	189,c	;volatile
   397                           
   398                           ;main.c: 111:     CCPR1L = 0b00111110;
   399  00006C  0E3E               	movlw	62
   400  00006E  6EBE               	movwf	190,c	;volatile
   401                           
   402                           ;main.c: 112:     CCP1CONbits.DC1B = 0b00;
   403  000070  0ECF               	movlw	-49
   404  000072  16BD               	andwf	189,f,c	;volatile
   405  000074                     
   406                           ;main.c: 115:     TRISCbits.RC2 = 0;
   407  000074  9494               	bcf	148,2,c	;volatile
   408  000076  0012               	return		;funcret
   409  000078                     __end_of_Init_CCP1_Module:
   410                           	callstack 0
   411                           
   412 ;; *************** function _ISR *****************
   413 ;; Defined at:
   414 ;;		line 21 in file "main.c"
   415 ;; Parameters:    Size  Location     Type
   416 ;;		None
   417 ;; Auto vars:     Size  Location     Type
   418 ;;		None
   419 ;; Return value:  Size  Location     Type
   420 ;;                  1    wreg      void 
   421 ;; Registers used:
   422 ;;		None
   423 ;; Tracked objects:
   424 ;;		On entry : 0/0
   425 ;;		On exit  : 0/0
   426 ;;		Unchanged: 0/0
   427 ;; Data sizes:     COMRAM   BANK0   BANK1   BANK2   BANK3   BANK4   BANK5   BANK6   BANK7
   428 ;;      Params:         0       0       0       0       0       0       0       0       0
   429 ;;      Locals:         0       0       0       0       0       0       0       0       0
   430 ;;      Temps:          0       0       0       0       0       0       0       0       0
   431 ;;      Totals:         0       0       0       0       0       0       0       0       0
   432 ;;Total ram usage:        0 bytes
   433 ;; Hardware stack levels used: 1
   434 ;; This function calls:
   435 ;;		Nothing
   436 ;; This function is called by:
   437 ;;		Interrupt level 2
   438 ;; This function uses a non-reentrant model
   439 ;;
   440                           
   441                           	psect	intcode
   442  000008                     __pintcode:
   443                           	callstack 0
   444  000008                     _ISR:
   445                           	callstack 29
   446                           
   447                           ;incstack = 0
   448  000008  8203               	bsf	int$flags,1,c	;set compiler interrupt flag (level 2)
   449  00000A  ED53  F000         	call	int_func,f	;refresh shadow registers
   450                           
   451                           	psect	intcode_body
   452  0000A6                     __pintcode_body:
   453                           	callstack 29
   454  0000A6                     int_func:
   455                           	callstack 29
   456  0000A6  0006               	pop		; remove dummy address from shadow register refresh
   457  0000A8  9203               	bcf	int$flags,1,c	;clear compiler interrupt flag (level 2)
   458  0000AA  0011               	retfie		f
   459  0000AC                     __end_of_ISR:
   460                           	callstack 0
   461  0000                     
   462                           	psect	rparam
   463  0000                     
   464                           	psect	temp
   465  000003                     btemp:
   466                           	callstack 0
   467  000003                     	ds	1
   468  0000                     int$flags	set	btemp
   469  0000                     wtemp8	set	btemp+1
   470  0000                     ttemp5	set	btemp+1
   471  0000                     ttemp6	set	btemp+4
   472  0000                     ttemp7	set	btemp+8
   473                           
   474                           	psect	idloc
   475                           
   476                           ;Config register IDLOC0 @ 0x200000
   477                           ;	unspecified, using default values
   478  200000                     	org	2097152
   479  200000  FF                 	db	255
   480                           
   481                           ;Config register IDLOC1 @ 0x200001
   482                           ;	unspecified, using default values
   483  200001                     	org	2097153
   484  200001  FF                 	db	255
   485                           
   486                           ;Config register IDLOC2 @ 0x200002
   487                           ;	unspecified, using default values
   488  200002                     	org	2097154
   489  200002  FF                 	db	255
   490                           
   491                           ;Config register IDLOC3 @ 0x200003
   492                           ;	unspecified, using default values
   493  200003                     	org	2097155
   494  200003  FF                 	db	255
   495                           
   496                           ;Config register IDLOC4 @ 0x200004
   497                           ;	unspecified, using default values
   498  200004                     	org	2097156
   499  200004  FF                 	db	255
   500                           
   501                           ;Config register IDLOC5 @ 0x200005
   502                           ;	unspecified, using default values
   503  200005                     	org	2097157
   504  200005  FF                 	db	255
   505                           
   506                           ;Config register IDLOC6 @ 0x200006
   507                           ;	unspecified, using default values
   508  200006                     	org	2097158
   509  200006  FF                 	db	255
   510                           
   511                           ;Config register IDLOC7 @ 0x200007
   512                           ;	unspecified, using default values
   513  200007                     	org	2097159
   514  200007  FF                 	db	255
   515                           
   516                           	psect	config
   517                           
   518                           ;Config register CONFIG1L @ 0x300000
   519                           ;	PLL Prescaler Selection bits
   520                           ;	PLLDIV = 1, No prescale (4 MHz oscillator input drives PLL directly)
   521                           ;	System Clock Postscaler Selection bits
   522                           ;	CPUDIV = OSC1_PLL2, [Primary Oscillator Src: /1][96 MHz PLL Src: /2]
   523                           ;	USB Clock Selection bit (used in Full-Speed USB mode only; UCFG:FSEN = 1)
   524                           ;	USBDIV = 1, USB clock source comes directly from the primary oscillator block with no 
      +                          postscale
   525  300000                     	org	3145728
   526  300000  00                 	db	0
   527                           
   528                           ;Config register CONFIG1H @ 0x300001
   529                           ;	Oscillator Selection bits
   530                           ;	FOSC = INTOSC_HS, Internal oscillator, HS oscillator used by USB (INTHS)
   531                           ;	Fail-Safe Clock Monitor Enable bit
   532                           ;	FCMEN = OFF, Fail-Safe Clock Monitor disabled
   533                           ;	Internal/External Oscillator Switchover bit
   534                           ;	IESO = OFF, Oscillator Switchover mode disabled
   535  300001                     	org	3145729
   536  300001  0B                 	db	11
   537                           
   538                           ;Config register CONFIG2L @ 0x300002
   539                           ;	Power-up Timer Enable bit
   540                           ;	PWRT = OFF, PWRT disabled
   541                           ;	Brown-out Reset Enable bits
   542                           ;	BOR = OFF, Brown-out Reset disabled in hardware and software
   543                           ;	Brown-out Reset Voltage bits
   544                           ;	BORV = 3, Minimum setting 2.05V
   545                           ;	USB Voltage Regulator Enable bit
   546                           ;	VREGEN = OFF, USB voltage regulator disabled
   547  300002                     	org	3145730
   548  300002  19                 	db	25
   549                           
   550                           ;Config register CONFIG2H @ 0x300003
   551                           ;	Watchdog Timer Enable bit
   552                           ;	WDT = OFF, WDT disabled (control is placed on the SWDTEN bit)
   553                           ;	Watchdog Timer Postscale Select bits
   554                           ;	WDTPS = 32768, 1:32768
   555  300003                     	org	3145731
   556  300003  1E                 	db	30
   557                           
   558                           ; Padding undefined space
   559  300004                     	org	3145732
   560  300004  FF                 	db	255
   561                           
   562                           ;Config register CONFIG3H @ 0x300005
   563                           ;	CCP2 MUX bit
   564                           ;	CCP2MX = ON, CCP2 input/output is multiplexed with RC1
   565                           ;	PORTB A/D Enable bit
   566                           ;	PBADEN = OFF, PORTB<4:0> pins are configured as digital I/O on Reset
   567                           ;	Low-Power Timer 1 Oscillator Enable bit
   568                           ;	LPT1OSC = OFF, Timer1 configured for higher power operation
   569                           ;	MCLR Pin Enable bit
   570                           ;	MCLRE = ON, MCLR pin enabled; RE3 input pin disabled
   571  300005                     	org	3145733
   572  300005  81                 	db	129
   573                           
   574                           ;Config register CONFIG4L @ 0x300006
   575                           ;	Stack Full/Underflow Reset Enable bit
   576                           ;	STVREN = OFF, Stack full/underflow will not cause Reset
   577                           ;	Single-Supply ICSP Enable bit
   578                           ;	LVP = OFF, Single-Supply ICSP disabled
   579                           ;	Dedicated In-Circuit Debug/Programming Port (ICPORT) Enable bit
   580                           ;	ICPRT = OFF, ICPORT disabled
   581                           ;	Extended Instruction Set Enable bit
   582                           ;	XINST = OFF, Instruction set extension and Indexed Addressing mode disabled (Legacy mo
      +                          de)
   583                           ;	Background Debugger Enable bit
   584                           ;	DEBUG = 0x1, unprogrammed default
   585  300006                     	org	3145734
   586  300006  80                 	db	128
   587                           
   588                           ; Padding undefined space
   589  300007                     	org	3145735
   590  300007  FF                 	db	255
   591                           
   592                           ;Config register CONFIG5L @ 0x300008
   593                           ;	Code Protection bit
   594                           ;	CP0 = OFF, Block 0 (000800-001FFFh) is not code-protected
   595                           ;	Code Protection bit
   596                           ;	CP1 = OFF, Block 1 (002000-003FFFh) is not code-protected
   597                           ;	Code Protection bit
   598                           ;	CP2 = OFF, Block 2 (004000-005FFFh) is not code-protected
   599                           ;	Code Protection bit
   600                           ;	CP3 = OFF, Block 3 (006000-007FFFh) is not code-protected
   601  300008                     	org	3145736
   602  300008  0F                 	db	15
   603                           
   604                           ;Config register CONFIG5H @ 0x300009
   605                           ;	Boot Block Code Protection bit
   606                           ;	CPB = OFF, Boot block (000000-0007FFh) is not code-protected
   607                           ;	Data EEPROM Code Protection bit
   608                           ;	CPD = OFF, Data EEPROM is not code-protected
   609  300009                     	org	3145737
   610  300009  C0                 	db	192
   611                           
   612                           ;Config register CONFIG6L @ 0x30000A
   613                           ;	Write Protection bit
   614                           ;	WRT0 = OFF, Block 0 (000800-001FFFh) is not write-protected
   615                           ;	Write Protection bit
   616                           ;	WRT1 = OFF, Block 1 (002000-003FFFh) is not write-protected
   617                           ;	Write Protection bit
   618                           ;	WRT2 = OFF, Block 2 (004000-005FFFh) is not write-protected
   619                           ;	Write Protection bit
   620                           ;	WRT3 = OFF, Block 3 (006000-007FFFh) is not write-protected
   621  30000A                     	org	3145738
   622  30000A  0F                 	db	15
   623                           
   624                           ;Config register CONFIG6H @ 0x30000B
   625                           ;	Configuration Register Write Protection bit
   626                           ;	WRTC = OFF, Configuration registers (300000-3000FFh) are not write-protected
   627                           ;	Boot Block Write Protection bit
   628                           ;	WRTB = OFF, Boot block (000000-0007FFh) is not write-protected
   629                           ;	Data EEPROM Write Protection bit
   630                           ;	WRTD = OFF, Data EEPROM is not write-protected
   631  30000B                     	org	3145739
   632  30000B  E0                 	db	224
   633                           
   634                           ;Config register CONFIG7L @ 0x30000C
   635                           ;	Table Read Protection bit
   636                           ;	EBTR0 = OFF, Block 0 (000800-001FFFh) is not protected from table reads executed in ot
      +                          her blocks
   637                           ;	Table Read Protection bit
   638                           ;	EBTR1 = OFF, Block 1 (002000-003FFFh) is not protected from table reads executed in ot
      +                          her blocks
   639                           ;	Table Read Protection bit
   640                           ;	EBTR2 = OFF, Block 2 (004000-005FFFh) is not protected from table reads executed in ot
      +                          her blocks
   641                           ;	Table Read Protection bit
   642                           ;	EBTR3 = OFF, Block 3 (006000-007FFFh) is not protected from table reads executed in ot
      +                          her blocks
   643  30000C                     	org	3145740
   644  30000C  0F                 	db	15
   645                           
   646                           ;Config register CONFIG7H @ 0x30000D
   647                           ;	Boot Block Table Read Protection bit
   648                           ;	EBTRB = OFF, Boot block (000000-0007FFh) is not protected from table reads executed in
      +                           other blocks
   649  30000D                     	org	3145741
   650  30000D  40                 	db	64
   651                           tosu	equ	0xFFF
   652                           tosh	equ	0xFFE
   653                           tosl	equ	0xFFD
   654                           stkptr	equ	0xFFC
   655                           pclatu	equ	0xFFB
   656                           pclath	equ	0xFFA
   657                           pcl	equ	0xFF9
   658                           tblptru	equ	0xFF8
   659                           tblptrh	equ	0xFF7
   660                           tblptrl	equ	0xFF6
   661                           tablat	equ	0xFF5
   662                           prodh	equ	0xFF4
   663                           prodl	equ	0xFF3
   664                           indf0	equ	0xFEF
   665                           postinc0	equ	0xFEE
   666                           postdec0	equ	0xFED
   667                           preinc0	equ	0xFEC
   668                           plusw0	equ	0xFEB
   669                           fsr0h	equ	0xFEA
   670                           fsr0l	equ	0xFE9
   671                           wreg	equ	0xFE8
   672                           indf1	equ	0xFE7
   673                           postinc1	equ	0xFE6
   674                           postdec1	equ	0xFE5
   675                           preinc1	equ	0xFE4
   676                           plusw1	equ	0xFE3
   677                           fsr1h	equ	0xFE2
   678                           fsr1l	equ	0xFE1
   679                           bsr	equ	0xFE0
   680                           indf2	equ	0xFDF
   681                           postinc2	equ	0xFDE
   682                           postdec2	equ	0xFDD
   683                           preinc2	equ	0xFDC
   684                           plusw2	equ	0xFDB
   685                           fsr2h	equ	0xFDA
   686                           fsr2l	equ	0xFD9
   687                           status	equ	0xFD8

Data Sizes:
    Strings     0
    Constant    0
    Data        0
    BSS         0
    Persistent  0
    Stack       0

Auto Spaces:
    Space          Size  Autos    Used
    COMRAM           94      2       2
    BANK0           160      0       0
    BANK1           256      0       0
    BANK2           256      0       0
    BANK3           256      0       0
    BANK4           256      0       0
    BANK5           256      0       0
    BANK6           256      0       0
    BANK7           256      0       0

Pointer List with Targets:

    None.

Critical Paths under _main in COMRAM

    None.

Critical Paths under _ISR in COMRAM

    None.

Critical Paths under _main in BANK0

    None.

Critical Paths under _ISR in BANK0

    None.

Critical Paths under _main in BANK1

    None.

Critical Paths under _ISR in BANK1

    None.

Critical Paths under _main in BANK2

    None.

Critical Paths under _ISR in BANK2

    None.

Critical Paths under _main in BANK3

    None.

Critical Paths under _ISR in BANK3

    None.

Critical Paths under _main in BANK4

    None.

Critical Paths under _ISR in BANK4

    None.

Critical Paths under _main in BANK5

    None.

Critical Paths under _ISR in BANK5

    None.

Critical Paths under _main in BANK6

    None.

Critical Paths under _ISR in BANK6

    None.

Critical Paths under _main in BANK7

    None.

Critical Paths under _ISR in BANK7

    None.

Call Graph Tables:

 ---------------------------------------------------------------------------------
 (Depth) Function   	        Calls       Base Space   Used Autos Params    Refs
 ---------------------------------------------------------------------------------
 (0) _main                                                 2     2      0       0
                                              0 COMRAM     2     2      0
                   _Init_CCP1_Module
                   _Init_CCP2_Module
           _Init_Internal_Oscillator
                 _Init_Timer2_Module
 ---------------------------------------------------------------------------------
 (1) _Init_Timer2_Module                                   0     0      0       0
 ---------------------------------------------------------------------------------
 (1) _Init_Internal_Oscillator                             0     0      0       0
 ---------------------------------------------------------------------------------
 (1) _Init_CCP2_Module                                     0     0      0       0
 ---------------------------------------------------------------------------------
 (1) _Init_CCP1_Module                                     0     0      0       0
 ---------------------------------------------------------------------------------
 Estimated maximum stack depth 1
 ---------------------------------------------------------------------------------
 (Depth) Function   	        Calls       Base Space   Used Autos Params    Refs
 ---------------------------------------------------------------------------------
 (2) _ISR                                                  0     0      0       0
 ---------------------------------------------------------------------------------
 Estimated maximum stack depth 2
 ---------------------------------------------------------------------------------

 Call Graph Graphs:

 _main (ROOT)
   _Init_CCP1_Module
   _Init_CCP2_Module
   _Init_Internal_Oscillator
   _Init_Timer2_Module

 _ISR (ROOT)

 Address spaces:
Name               Size   Autos  Total    Cost      Usage
BITCOMRAM           5E      0       0       0        0.0%
EEDATA             100      0       0       0        0.0%
NULL                 0      0       0       0        0.0%
CODE                 0      0       0       0        0.0%
COMRAM              5E      2       2       1        2.1%
STACK                0      0       0       2        0.0%
DATA                 0      0       0       3        0.0%
BITBANK0            A0      0       0       4        0.0%
BANK0               A0      0       0       5        0.0%
BITBANK1           100      0       0       6        0.0%
BANK1              100      0       0       7        0.0%
BITBANK2           100      0       0       8        0.0%
BANK2              100      0       0       9        0.0%
BITBANK3           100      0       0      10        0.0%
BANK3              100      0       0      11        0.0%
BITBANK4           100      0       0      12        0.0%
BANK4              100      0       0      13        0.0%
BITBANK5           100      0       0      14        0.0%
BANK5              100      0       0      15        0.0%
BITBANK6           100      0       0      16        0.0%
BANK6              100      0       0      17        0.0%
BITBANK7           100      0       0      18        0.0%
BANK7              100      0       0      19        0.0%
ABS                  0      0       0      20        0.0%
BIGRAM             7FF      0       0      21        0.0%
BITSFR               0      0       0     200        0.0%
SFR                  0      0       0     200        0.0%


Microchip Technology PIC18 Macro Assembler V2.32 build 20210201212658 
Symbol Table                                                                                   Sun Jun 25 15:51:43 2023

                               l61 0076                                 l64 005E  
                               l58 008C                                 l67 009A  
                               u17 0034                                l751 0060  
                              l743 008E                                l753 0074  
                              l745 0078                                l761 0022  
                              l755 0048                                l747 0080  
                              l763 0024                                l757 005C  
                              l749 008A                                l765 0026  
                              l767 002A                                l759 0012  
                              _PR2 000FCB                                _ISR 0008  
                              wreg 000FE8                               ?_ISR 0001  
                             _LATD 000F8C                               i2l47 00A8  
                             _TMR2 000FCC                               _main 0012  
                             btemp 0003                               start 000E  
                     ___param_bank 000000                              ??_ISR 0001  
                            ?_main 0001                              _T2CON 000FCA  
                            ttemp5 0004                              ttemp6 0007  
                            ttemp7 000B                              wtemp8 0004  
         __end_of_Init_CCP1_Module 0078           __end_of_Init_CCP2_Module 0060  
                  __initialization 009C                       __end_of_main 0048  
                           ??_main 0001                      __activetblptr 000000  
                           _CCPR1L 000FBE                             _CCPR2L 000FBB  
                           _OSCCON 000FD3                             isa$std 000001  
                       __accesstop 0060            __end_of__initialization 009C  
                    ___rparam_used 000001                     __pcstackCOMRAM 0001  
      __size_of_Init_Timer2_Module 0016                            _CCP1CON 000FBD  
                          _CCP2CON 000FBA  __size_of_Init_Internal_Oscillator 000E  
        ?_Init_Internal_Oscillator 0001                  ?_Init_CCP1_Module 0001  
                ?_Init_CCP2_Module 0001                            __Hparam 0000  
                          __Lparam 0000                 ??_Init_CCP1_Module 0001  
               ??_Init_CCP2_Module 0001                            __pcinit 009C  
                          __ramtop 0800                            __ptext0 0012  
                          __ptext1 0078                            __ptext2 008E  
                          __ptext3 0048                            __ptext4 0060  
                     __size_of_ISR 00A4                          _T2CONbits 000FCA  
                   __pintcode_body 00A6               end_of_initialization 009C  
                          int_func 00A6                          _TRISCbits 000F94  
                        _TRISDbits 000F95                        _CCP1CONbits 000FBD  
                      _CCP2CONbits 000FBA                start_initialization 009C  
                      __end_of_ISR 00AC   __end_of_Init_Internal_Oscillator 009C  
       __end_of_Init_Timer2_Module 008E                          __pintcode 0008  
        __size_of_Init_CCP1_Module 0018          __size_of_Init_CCP2_Module 0018  
                         _LATDbits 000F8C           _Init_Internal_Oscillator 008E  
                         __Hrparam 0000                           __Lrparam 0000  
                    __size_of_main 0036                           isa$xinst 000000  
                         int$flags 0003                   _Init_CCP1_Module 0060  
                 _Init_CCP2_Module 0048                 _Init_Timer2_Module 0078  
                         intlevel2 0000                ?_Init_Timer2_Module 0001  
                       _OSCCONbits 000FD3               ??_Init_Timer2_Module 0001  
       ??_Init_Internal_Oscillator 0001  
