

Microchip MPLAB XC8 Assembler V2.41 build 20230208172133 
                                                                                               Wed May 31 15:20:49 2023

Microchip MPLAB XC8 C Compiler v2.41 (Free license) build 20230208172133 Og1 
     1                           	processor	18F4550
     2                           	fnconf	rparam,??,?,0
     3                           	pagewidth 120
     4                           	opt	flic
     5                           	psect	cinit,global,reloc=2,class=CODE,delta=1
     6                           	psect	bssCOMRAM,global,class=COMRAM,space=1,delta=1,lowdata,noexec
     7                           	psect	cstackCOMRAM,global,class=COMRAM,space=1,delta=1,lowdata,noexec
     8                           	psect	text0,global,reloc=2,class=CODE,delta=1
     9                           	psect	text1,global,reloc=2,class=CODE,delta=1
    10                           	psect	text2,global,reloc=2,class=CODE,delta=1
    11                           	psect	text3,global,reloc=2,class=CODE,delta=1
    12                           	psect	intcode,global,reloc=2,class=CODE,delta=1
    13                           	psect	intcode_body,global,reloc=2,class=CODE,delta=1
    14                           	psect	intsave_regs,global,class=BIGRAM,space=1,delta=1,noexec
    15                           	psect	rparam,global,class=COMRAM,space=1,delta=1,noexec
    16                           	psect	temp,global,ovrld,common,class=COMRAM,space=1,delta=1
    17                           	psect	idloc,global,abs,ovrld,class=IDLOC,space=5,delta=1,noexec
    18                           	psect	config,global,abs,ovrld,class=CONFIG,space=4,delta=1,noexec
    19   000000                     
    20                           ; Version 2.40
    21                           ; Generated 17/11/2021 GMT
    22                           ; 
    23                           ; Copyright © 2021, Microchip Technology Inc. and its subsidiaries ("Microchip")
    24                           ; All rights reserved.
    25                           ; 
    26                           ; This software is developed by Microchip Technology Inc. and its subsidiaries ("Microch
      +                          ip").
    27                           ; 
    28                           ; Redistribution and use in source and binary forms, with or without modification, are
    29                           ; permitted provided that the following conditions are met:
    30                           ; 
    31                           ;     1. Redistributions of source code must retain the above copyright notice, this lis
      +                          t of
    32                           ;        conditions and the following disclaimer.
    33                           ; 
    34                           ;     2. Redistributions in binary form must reproduce the above copyright notice, this 
      +                          list
    35                           ;        of conditions and the following disclaimer in the documentation and/or other
    36                           ;        materials provided with the distribution. Publication is not required when
    37                           ;        this file is used in an embedded application.
    38                           ; 
    39                           ;     3. Microchip's name may not be used to endorse or promote products derived from th
      +                          is
    40                           ;        software without specific prior written permission.
    41                           ; 
    42                           ; THIS SOFTWARE IS PROVIDED BY MICROCHIP "AS IS" AND ANY EXPRESS OR IMPLIED WARRANTIES,
    43                           ; INCLUDING, BUT NOT LIMITED TO, THE IMPLIED WARRANTIES OF MERCHANTABILITY AND FITNESS F
      +                          OR
    44                           ; PURPOSE ARE DISCLAIMED.  IN NO EVENT SHALL MICROCHIP BE LIABLE FOR ANY DIRECT, INDIREC
      +                          T,
    45                           ; INCIDENTAL, SPECIAL, EXEMPLARY, OR CONSEQUENTIAL DAMAGES (INCLUDING BUT NOT LIMITED TO
    46                           ; PROCUREMENT OF SUBSTITUTE GOODS OR SERVICES; LOSS OF USE, DATA OR PROFITS; OR BUSINESS
    47                           ; INTERRUPTION) HOWSOEVER CAUSED AND ON ANY THEORY OF LIABILITY, WHETHER IN CONTRACT, ST
      +                          RICT
    48                           ; LIABILITY, OR TORT (INCLUDING NEGLIGENCE OR OTHERWISE) ARISING IN ANY WAY OUT OF THE U
      +                          SE OF
    49                           ; THIS SOFTWARE, EVEN IF ADVISED OF THE POSSIBILITY OF SUCH DAMAGE.
    50                           ; 
    51                           ; 
    52                           ; Code-generator required, PIC18F4550 Definitions
    53                           ; 
    54                           ; SFR Addresses
    55   000000                     _OSCCONbits	set	4051
    56   000000                     _INTCONbits	set	4082
    57   000000                     _RCONbits	set	4048
    58   000000                     _PIE1	set	3997
    59   000000                     _PIR1	set	3998
    60   000000                     _T2CONbits	set	4042
    61   000000                     _LATBbits	set	3978
    62   000000                     _TRISBbits	set	3987
    63   000000                     _PIE1bits	set	3997
    64   000000                     _PIR1bits	set	3998
    65   000000                     _T2CON	set	4042
    66   000000                     _TMR2	set	4044
    67   000000                     _RCON	set	4048
    68   000000                     _INTCON	set	4082
    69   000000                     _OSCCON	set	4051
    70                           
    71                           ; #config settings
    72                           
    73                           	psect	cinit
    74   0000C4                     __pcinit:
    75                           	callstack 0
    76   0000C4                     start_initialization:
    77                           	callstack 0
    78   0000C4                     __initialization:
    79                           	callstack 0
    80                           
    81                           ; Clear objects allocated to COMRAM (3 bytes)
    82   0000C4  6A03               	clrf	(__pbssCOMRAM+2)& (0+255),c
    83   0000C6  6A02               	clrf	(__pbssCOMRAM+1)& (0+255),c
    84   0000C8  6A01               	clrf	__pbssCOMRAM& (0+255),c
    85   0000CA                     end_of_initialization:
    86                           	callstack 0
    87   0000CA                     __end_of__initialization:
    88                           	callstack 0
    89   0000CA  9004               	bcf	int$flags,0,c	;clear compiler interrupt flag (level 1)
    90   0000CC  9204               	bcf	int$flags,1,c	;clear compiler interrupt flag (level 2)
    91   0000CE  0100               	movlb	0
    92   0000D0  EF39  F000         	goto	_main	;jump to C main() function
    93                           
    94                           	psect	bssCOMRAM
    95   000001                     __pbssCOMRAM:
    96                           	callstack 0
    97   000001                     _timer2_counter:
    98                           	callstack 0
    99   000001                     	ds	2
   100   000003                     _state_led:
   101                           	callstack 0
   102   000003                     	ds	1
   103                           
   104                           	psect	cstackCOMRAM
   105   000000                     __pcstackCOMRAM:
   106                           	callstack 0
   107   000000                     
   108                           ; 2 bytes @ 0x0
   109 ;;
   110 ;;Main: autosize = 0, tempsize = 0, incstack = 0, save=0
   111 ;;
   112 ;; *************** function _main *****************
   113 ;; Defined at:
   114 ;;		line 50 in file "main.c"
   115 ;; Parameters:    Size  Location     Type
   116 ;;		None
   117 ;; Auto vars:     Size  Location     Type
   118 ;;		None
   119 ;; Return value:  Size  Location     Type
   120 ;;                  2   51[None  ] int 
   121 ;; Registers used:
   122 ;;		wreg, status,2, cstack
   123 ;; Tracked objects:
   124 ;;		On entry : 0/0
   125 ;;		On exit  : 0/0
   126 ;;		Unchanged: 0/0
   127 ;; Data sizes:     COMRAM   BANK0   BANK1   BANK2   BANK3   BANK4   BANK5   BANK6   BANK7
   128 ;;      Params:         0       0       0       0       0       0       0       0       0
   129 ;;      Locals:         0       0       0       0       0       0       0       0       0
   130 ;;      Temps:          0       0       0       0       0       0       0       0       0
   131 ;;      Totals:         0       0       0       0       0       0       0       0       0
   132 ;;Total ram usage:        0 bytes
   133 ;; Hardware stack levels required when called: 2
   134 ;; This function calls:
   135 ;;		_Init_Internal_Oscillator
   136 ;;		_Init_Timer2_As_Timer
   137 ;;		_Init_Timer2_Interrupts
   138 ;; This function is called by:
   139 ;;		Startup code after reset
   140 ;; This function uses a non-reentrant model
   141 ;;
   142                           
   143                           	psect	text0
   144   000072                     __ptext0:
   145                           	callstack 0
   146   000072                     _main:
   147                           	callstack 29
   148   000072                     
   149                           ;main.c: 53:     Init_Internal_Oscillator();
   150   000072  EC6A  F000         	call	_Init_Internal_Oscillator	;wreg free
   151                           
   152                           ;main.c: 55:     Init_Timer2_Interrupts();
   153   000076  EC49  F000         	call	_Init_Timer2_Interrupts	;wreg free
   154                           
   155                           ;main.c: 57:     Init_Timer2_As_Timer();
   156   00007A  EC57  F000         	call	_Init_Timer2_As_Timer	;wreg free
   157   00007E                     
   158                           ;main.c: 59:     TRISBbits.RB0 = 0;
   159   00007E  9093               	bcf	147,0,c	;volatile
   160   000080                     l774:
   161                           
   162                           ;main.c: 61:     {;main.c: 62:         LATBbits.LATB0 = state_led;
   163   000080  B003               	btfsc	_state_led^0,0,c
   164   000082  D002               	bra	u65
   165   000084  908A               	bcf	138,0,c	;volatile
   166   000086  D001               	bra	u66
   167   000088                     u65:
   168   000088  808A               	bsf	138,0,c	;volatile
   169   00008A                     u66:
   170   00008A  EF40  F000         	goto	l774
   171   00008E  EF07  F000         	goto	start
   172   000092                     __end_of_main:
   173                           	callstack 0
   174                           
   175 ;; *************** function _Init_Timer2_Interrupts *****************
   176 ;; Defined at:
   177 ;;		line 103 in file "main.c"
   178 ;; Parameters:    Size  Location     Type
   179 ;;		None
   180 ;; Auto vars:     Size  Location     Type
   181 ;;		None
   182 ;; Return value:  Size  Location     Type
   183 ;;                  1    wreg      void 
   184 ;; Registers used:
   185 ;;		wreg, status,2
   186 ;; Tracked objects:
   187 ;;		On entry : 0/0
   188 ;;		On exit  : 0/0
   189 ;;		Unchanged: 0/0
   190 ;; Data sizes:     COMRAM   BANK0   BANK1   BANK2   BANK3   BANK4   BANK5   BANK6   BANK7
   191 ;;      Params:         0       0       0       0       0       0       0       0       0
   192 ;;      Locals:         0       0       0       0       0       0       0       0       0
   193 ;;      Temps:          0       0       0       0       0       0       0       0       0
   194 ;;      Totals:         0       0       0       0       0       0       0       0       0
   195 ;;Total ram usage:        0 bytes
   196 ;; Hardware stack levels used: 1
   197 ;; Hardware stack levels required when called: 1
   198 ;; This function calls:
   199 ;;		Nothing
   200 ;; This function is called by:
   201 ;;		_main
   202 ;; This function uses a non-reentrant model
   203 ;;
   204                           
   205                           	psect	text1
   206   000092                     __ptext1:
   207                           	callstack 0
   208   000092                     _Init_Timer2_Interrupts:
   209                           	callstack 29
   210   000092                     
   211                           ;main.c: 106:     INTCON = 0x00;
   212   000092  0E00               	movlw	0
   213   000094  6EF2               	movwf	242,c	;volatile
   214                           
   215                           ;main.c: 107:     PIR1 = 0x00;
   216   000096  0E00               	movlw	0
   217   000098  6E9E               	movwf	158,c	;volatile
   218                           
   219                           ;main.c: 108:     PIE1 = 0x00;
   220   00009A  0E00               	movlw	0
   221   00009C  6E9D               	movwf	157,c	;volatile
   222                           
   223                           ;main.c: 109:     RCON = 0x00;
   224   00009E  0E00               	movlw	0
   225   0000A0  6ED0               	movwf	208,c	;volatile
   226   0000A2                     
   227                           ;main.c: 112:     RCONbits.IPEN = 0;
   228   0000A2  9ED0               	bcf	208,7,c	;volatile
   229   0000A4                     
   230                           ;main.c: 113:     INTCONbits.GIE = 1;
   231   0000A4  8EF2               	bsf	242,7,c	;volatile
   232   0000A6                     
   233                           ;main.c: 114:     INTCONbits.PEIE = 1;
   234   0000A6  8CF2               	bsf	242,6,c	;volatile
   235   0000A8                     
   236                           ;main.c: 116:     PIR1bits.TMR2IF = 0;
   237   0000A8  929E               	bcf	158,1,c	;volatile
   238   0000AA                     
   239                           ;main.c: 117:     PIE1bits.TMR2IE = 1;
   240   0000AA  829D               	bsf	157,1,c	;volatile
   241   0000AC  0012               	return		;funcret
   242   0000AE                     __end_of_Init_Timer2_Interrupts:
   243                           	callstack 0
   244                           
   245 ;; *************** function _Init_Timer2_As_Timer *****************
   246 ;; Defined at:
   247 ;;		line 69 in file "main.c"
   248 ;; Parameters:    Size  Location     Type
   249 ;;		None
   250 ;; Auto vars:     Size  Location     Type
   251 ;;		None
   252 ;; Return value:  Size  Location     Type
   253 ;;                  1    wreg      void 
   254 ;; Registers used:
   255 ;;		wreg, status,2
   256 ;; Tracked objects:
   257 ;;		On entry : 0/0
   258 ;;		On exit  : 0/0
   259 ;;		Unchanged: 0/0
   260 ;; Data sizes:     COMRAM   BANK0   BANK1   BANK2   BANK3   BANK4   BANK5   BANK6   BANK7
   261 ;;      Params:         0       0       0       0       0       0       0       0       0
   262 ;;      Locals:         0       0       0       0       0       0       0       0       0
   263 ;;      Temps:          0       0       0       0       0       0       0       0       0
   264 ;;      Totals:         0       0       0       0       0       0       0       0       0
   265 ;;Total ram usage:        0 bytes
   266 ;; Hardware stack levels used: 1
   267 ;; Hardware stack levels required when called: 1
   268 ;; This function calls:
   269 ;;		Nothing
   270 ;; This function is called by:
   271 ;;		_main
   272 ;; This function uses a non-reentrant model
   273 ;;
   274                           
   275                           	psect	text2
   276   0000AE                     __ptext2:
   277                           	callstack 0
   278   0000AE                     _Init_Timer2_As_Timer:
   279                           	callstack 29
   280   0000AE                     
   281                           ;main.c: 72:     T2CON = 0x00;
   282   0000AE  0E00               	movlw	0
   283   0000B0  6ECA               	movwf	202,c	;volatile
   284   0000B2                     
   285                           ;main.c: 75:     T2CONbits.TMR2ON = 0;
   286   0000B2  94CA               	bcf	202,2,c	;volatile
   287                           
   288                           ;main.c: 76:     T2CONbits.T2CKPS = 0b11;
   289   0000B4  0E03               	movlw	3
   290   0000B6  12CA               	iorwf	202,f,c	;volatile
   291                           
   292                           ;main.c: 77:     T2CONbits.TOUTPS = 0x0;
   293   0000B8  0E87               	movlw	-121
   294   0000BA  16CA               	andwf	202,f,c	;volatile
   295                           
   296                           ;main.c: 97:     TMR2 = 131;
   297   0000BC  0E83               	movlw	131
   298   0000BE  6ECC               	movwf	204,c	;volatile
   299   0000C0                     
   300                           ;main.c: 100:     T2CONbits.TMR2ON = 1;
   301   0000C0  84CA               	bsf	202,2,c	;volatile
   302   0000C2  0012               	return		;funcret
   303   0000C4                     __end_of_Init_Timer2_As_Timer:
   304                           	callstack 0
   305                           
   306 ;; *************** function _Init_Internal_Oscillator *****************
   307 ;; Defined at:
   308 ;;		line 120 in file "main.c"
   309 ;; Parameters:    Size  Location     Type
   310 ;;		None
   311 ;; Auto vars:     Size  Location     Type
   312 ;;		None
   313 ;; Return value:  Size  Location     Type
   314 ;;                  1    wreg      void 
   315 ;; Registers used:
   316 ;;		wreg, status,2
   317 ;; Tracked objects:
   318 ;;		On entry : 0/0
   319 ;;		On exit  : 0/0
   320 ;;		Unchanged: 0/0
   321 ;; Data sizes:     COMRAM   BANK0   BANK1   BANK2   BANK3   BANK4   BANK5   BANK6   BANK7
   322 ;;      Params:         0       0       0       0       0       0       0       0       0
   323 ;;      Locals:         0       0       0       0       0       0       0       0       0
   324 ;;      Temps:          0       0       0       0       0       0       0       0       0
   325 ;;      Totals:         0       0       0       0       0       0       0       0       0
   326 ;;Total ram usage:        0 bytes
   327 ;; Hardware stack levels used: 1
   328 ;; Hardware stack levels required when called: 1
   329 ;; This function calls:
   330 ;;		Nothing
   331 ;; This function is called by:
   332 ;;		_main
   333 ;; This function uses a non-reentrant model
   334 ;;
   335                           
   336                           	psect	text3
   337   0000D4                     __ptext3:
   338                           	callstack 0
   339   0000D4                     _Init_Internal_Oscillator:
   340                           	callstack 29
   341   0000D4                     
   342                           ;main.c: 123:     OSCCON = 0x00;
   343   0000D4  0E00               	movlw	0
   344   0000D6  6ED3               	movwf	211,c	;volatile
   345                           
   346                           ;main.c: 125:     OSCCONbits.IRCF = 0b111;
   347   0000D8  0E70               	movlw	112
   348   0000DA  12D3               	iorwf	211,f,c	;volatile
   349                           
   350                           ;main.c: 126:     OSCCONbits.SCS = 0b11;
   351   0000DC  0E03               	movlw	3
   352   0000DE  12D3               	iorwf	211,f,c	;volatile
   353   0000E0  0012               	return		;funcret
   354   0000E2                     __end_of_Init_Internal_Oscillator:
   355                           	callstack 0
   356                           
   357 ;; *************** function _TMR2_ISR *****************
   358 ;; Defined at:
   359 ;;		line 26 in file "main.c"
   360 ;; Parameters:    Size  Location     Type
   361 ;;		None
   362 ;; Auto vars:     Size  Location     Type
   363 ;;		None
   364 ;; Return value:  Size  Location     Type
   365 ;;                  1    wreg      void 
   366 ;; Registers used:
   367 ;;		wreg, status,2, status,0
   368 ;; Tracked objects:
   369 ;;		On entry : 0/0
   370 ;;		On exit  : 0/0
   371 ;;		Unchanged: 0/0
   372 ;; Data sizes:     COMRAM   BANK0   BANK1   BANK2   BANK3   BANK4   BANK5   BANK6   BANK7
   373 ;;      Params:         0       0       0       0       0       0       0       0       0
   374 ;;      Locals:         0       0       0       0       0       0       0       0       0
   375 ;;      Temps:          0       0       0       0       0       0       0       0       0
   376 ;;      Totals:         0       0       0       0       0       0       0       0       0
   377 ;;Total ram usage:        0 bytes
   378 ;; Hardware stack levels used: 1
   379 ;; This function calls:
   380 ;;		Nothing
   381 ;; This function is called by:
   382 ;;		Interrupt level 2
   383 ;; This function uses a non-reentrant model
   384 ;;
   385                           
   386                           	psect	intcode
   387   000008                     __pintcode:
   388                           	callstack 0
   389   000008                     _TMR2_ISR:
   390                           	callstack 29
   391                           
   392                           ;incstack = 0
   393   000008  8204               	bsf	int$flags,1,c	;set compiler interrupt flag (level 2)
   394   00000A  ED09  F000         	call	int_func,f	;refresh shadow registers
   395                           
   396                           	psect	intcode_body
   397   000012                     __pintcode_body:
   398                           	callstack 29
   399   000012                     int_func:
   400                           	callstack 29
   401   000012  0006               	pop		; remove dummy address from shadow register refresh
   402   000014                     
   403                           ;main.c: 28:     if(PIR1bits.TMR2IF && PIE1bits.TMR2IE)
   404   000014  A29E               	btfss	158,1,c	;volatile
   405   000016  EF0F  F000         	goto	i2u1_41
   406   00001A  EF11  F000         	goto	i2u1_40
   407   00001E                     i2u1_41:
   408   00001E  EF37  F000         	goto	i2l47
   409   000022                     i2u1_40:
   410   000022  A29D               	btfss	157,1,c	;volatile
   411   000024  EF16  F000         	goto	i2u2_41
   412   000028  EF18  F000         	goto	i2u2_40
   413   00002C                     i2u2_41:
   414   00002C  EF37  F000         	goto	i2l47
   415   000030                     i2u2_40:
   416   000030                     
   417                           ;main.c: 29:     {;main.c: 31:         if(timer2_counter++ == 500)
   418   000030  4A01               	infsnz	_timer2_counter^0,f,c
   419   000032  2A02               	incf	(_timer2_counter+1)^0,f,c
   420   000034  0EF5               	movlw	245
   421   000036  1801               	xorwf	_timer2_counter^0,w,c
   422   000038  E106               	bnz	i2u3_41
   423   00003A  0402               	decf	(_timer2_counter+1)^0,w,c
   424   00003C  A4D8               	btfss	status,2,c
   425   00003E  EF23  F000         	goto	i2u3_41
   426   000042  EF25  F000         	goto	i2u3_40
   427   000046                     i2u3_41:
   428   000046  EF34  F000         	goto	i2l46
   429   00004A                     i2u3_40:
   430   00004A                     
   431                           ;main.c: 32:         {;main.c: 33:             timer2_counter = 0;
   432   00004A  0E00               	movlw	0
   433   00004C  6E02               	movwf	(_timer2_counter+1)^0,c
   434   00004E  0E00               	movlw	0
   435   000050  6E01               	movwf	_timer2_counter^0,c
   436                           
   437                           ;main.c: 34:             state_led = !state_led;
   438   000052  5003               	movf	_state_led^0,w,c
   439   000054  B4D8               	btfsc	status,2,c
   440   000056  EF2F  F000         	goto	i2u4_41
   441   00005A  EF32  F000         	goto	i2u4_40
   442   00005E                     i2u4_41:
   443   00005E  0E01               	movlw	1
   444   000060  EF33  F000         	goto	i2u5_40
   445   000064                     i2u4_40:
   446   000064  0E00               	movlw	0
   447   000066                     i2u5_40:
   448   000066  6E03               	movwf	_state_led^0,c
   449   000068                     i2l46:
   450                           
   451                           ;main.c: 37:         TMR2 = 132;
   452   000068  0E84               	movlw	132
   453   00006A  6ECC               	movwf	204,c	;volatile
   454   00006C                     
   455                           ;main.c: 39:         PIR1bits.TMR2IF = 0;
   456   00006C  929E               	bcf	158,1,c	;volatile
   457   00006E                     i2l47:
   458   00006E  9204               	bcf	int$flags,1,c	;clear compiler interrupt flag (level 2)
   459   000070  0011               	retfie		f
   460   000072                     __end_of_TMR2_ISR:
   461                           	callstack 0
   462   000000                     
   463                           	psect	rparam
   464   000000                     
   465                           	psect	temp
   466   000004                     btemp:
   467                           	callstack 0
   468   000004                     	ds	1
   469   000000                     int$flags	set	btemp
   470   000000                     wtemp8	set	btemp+1
   471   000000                     ttemp5	set	btemp+1
   472   000000                     ttemp6	set	btemp+4
   473   000000                     ttemp7	set	btemp+8
   474                           
   475                           	psect	idloc
   476                           
   477                           ;Config register IDLOC0 @ 0x200000
   478                           ;	unspecified, using default values
   479   200000                     	org	2097152
   480   200000  FF                 	db	255
   481                           
   482                           ;Config register IDLOC1 @ 0x200001
   483                           ;	unspecified, using default values
   484   200001                     	org	2097153
   485   200001  FF                 	db	255
   486                           
   487                           ;Config register IDLOC2 @ 0x200002
   488                           ;	unspecified, using default values
   489   200002                     	org	2097154
   490   200002  FF                 	db	255
   491                           
   492                           ;Config register IDLOC3 @ 0x200003
   493                           ;	unspecified, using default values
   494   200003                     	org	2097155
   495   200003  FF                 	db	255
   496                           
   497                           ;Config register IDLOC4 @ 0x200004
   498                           ;	unspecified, using default values
   499   200004                     	org	2097156
   500   200004  FF                 	db	255
   501                           
   502                           ;Config register IDLOC5 @ 0x200005
   503                           ;	unspecified, using default values
   504   200005                     	org	2097157
   505   200005  FF                 	db	255
   506                           
   507                           ;Config register IDLOC6 @ 0x200006
   508                           ;	unspecified, using default values
   509   200006                     	org	2097158
   510   200006  FF                 	db	255
   511                           
   512                           ;Config register IDLOC7 @ 0x200007
   513                           ;	unspecified, using default values
   514   200007                     	org	2097159
   515   200007  FF                 	db	255
   516                           
   517                           	psect	config
   518                           
   519                           ;Config register CONFIG1L @ 0x300000
   520                           ;	PLL Prescaler Selection bits
   521                           ;	PLLDIV = 1, No prescale (4 MHz oscillator input drives PLL directly)
   522                           ;	System Clock Postscaler Selection bits
   523                           ;	CPUDIV = OSC1_PLL2, [Primary Oscillator Src: /1][96 MHz PLL Src: /2]
   524                           ;	USB Clock Selection bit (used in Full-Speed USB mode only; UCFG:FSEN = 1)
   525                           ;	USBDIV = 1, USB clock source comes directly from the primary oscillator block with no 
      +                          postscale
   526   300000                     	org	3145728
   527   300000  00                 	db	0
   528                           
   529                           ;Config register CONFIG1H @ 0x300001
   530                           ;	Oscillator Selection bits
   531                           ;	FOSC = INTOSC_HS, Internal oscillator, HS oscillator used by USB (INTHS)
   532                           ;	Fail-Safe Clock Monitor Enable bit
   533                           ;	FCMEN = OFF, Fail-Safe Clock Monitor disabled
   534                           ;	Internal/External Oscillator Switchover bit
   535                           ;	IESO = OFF, Oscillator Switchover mode disabled
   536   300001                     	org	3145729
   537   300001  0B                 	db	11
   538                           
   539                           ;Config register CONFIG2L @ 0x300002
   540                           ;	Power-up Timer Enable bit
   541                           ;	PWRT = OFF, PWRT disabled
   542                           ;	Brown-out Reset Enable bits
   543                           ;	BOR = OFF, Brown-out Reset disabled in hardware and software
   544                           ;	Brown-out Reset Voltage bits
   545                           ;	BORV = 3, Minimum setting 2.05V
   546                           ;	USB Voltage Regulator Enable bit
   547                           ;	VREGEN = OFF, USB voltage regulator disabled
   548   300002                     	org	3145730
   549   300002  19                 	db	25
   550                           
   551                           ;Config register CONFIG2H @ 0x300003
   552                           ;	Watchdog Timer Enable bit
   553                           ;	WDT = OFF, WDT disabled (control is placed on the SWDTEN bit)
   554                           ;	Watchdog Timer Postscale Select bits
   555                           ;	WDTPS = 32768, 1:32768
   556   300003                     	org	3145731
   557   300003  1E                 	db	30
   558                           
   559                           ; Padding undefined space
   560   300004                     	org	3145732
   561   300004  FF                 	db	255
   562                           
   563                           ;Config register CONFIG3H @ 0x300005
   564                           ;	CCP2 MUX bit
   565                           ;	CCP2MX = OFF, CCP2 input/output is multiplexed with RB3
   566                           ;	PORTB A/D Enable bit
   567                           ;	PBADEN = OFF, PORTB<4:0> pins are configured as digital I/O on Reset
   568                           ;	Low-Power Timer 1 Oscillator Enable bit
   569                           ;	LPT1OSC = OFF, Timer1 configured for higher power operation
   570                           ;	MCLR Pin Enable bit
   571                           ;	MCLRE = ON, MCLR pin enabled; RE3 input pin disabled
   572   300005                     	org	3145733
   573   300005  80                 	db	128
   574                           
   575                           ;Config register CONFIG4L @ 0x300006
   576                           ;	Stack Full/Underflow Reset Enable bit
   577                           ;	STVREN = OFF, Stack full/underflow will not cause Reset
   578                           ;	Single-Supply ICSP Enable bit
   579                           ;	LVP = OFF, Single-Supply ICSP disabled
   580                           ;	Dedicated In-Circuit Debug/Programming Port (ICPORT) Enable bit
   581                           ;	ICPRT = OFF, ICPORT disabled
   582                           ;	Extended Instruction Set Enable bit
   583                           ;	XINST = OFF, Instruction set extension and Indexed Addressing mode disabled (Legacy mo
      +                          de)
   584                           ;	Background Debugger Enable bit
   585                           ;	DEBUG = 0x1, unprogrammed default
   586   300006                     	org	3145734
   587   300006  80                 	db	128
   588                           
   589                           ; Padding undefined space
   590   300007                     	org	3145735
   591   300007  FF                 	db	255
   592                           
   593                           ;Config register CONFIG5L @ 0x300008
   594                           ;	Code Protection bit
   595                           ;	CP0 = OFF, Block 0 (000800-001FFFh) is not code-protected
   596                           ;	Code Protection bit
   597                           ;	CP1 = OFF, Block 1 (002000-003FFFh) is not code-protected
   598                           ;	Code Protection bit
   599                           ;	CP2 = OFF, Block 2 (004000-005FFFh) is not code-protected
   600                           ;	Code Protection bit
   601                           ;	CP3 = OFF, Block 3 (006000-007FFFh) is not code-protected
   602   300008                     	org	3145736
   603   300008  0F                 	db	15
   604                           
   605                           ;Config register CONFIG5H @ 0x300009
   606                           ;	Boot Block Code Protection bit
   607                           ;	CPB = OFF, Boot block (000000-0007FFh) is not code-protected
   608                           ;	Data EEPROM Code Protection bit
   609                           ;	CPD = OFF, Data EEPROM is not code-protected
   610   300009                     	org	3145737
   611   300009  C0                 	db	192
   612                           
   613                           ;Config register CONFIG6L @ 0x30000A
   614                           ;	Write Protection bit
   615                           ;	WRT0 = OFF, Block 0 (000800-001FFFh) is not write-protected
   616                           ;	Write Protection bit
   617                           ;	WRT1 = OFF, Block 1 (002000-003FFFh) is not write-protected
   618                           ;	Write Protection bit
   619                           ;	WRT2 = OFF, Block 2 (004000-005FFFh) is not write-protected
   620                           ;	Write Protection bit
   621                           ;	WRT3 = OFF, Block 3 (006000-007FFFh) is not write-protected
   622   30000A                     	org	3145738
   623   30000A  0F                 	db	15
   624                           
   625                           ;Config register CONFIG6H @ 0x30000B
   626                           ;	Configuration Register Write Protection bit
   627                           ;	WRTC = OFF, Configuration registers (300000-3000FFh) are not write-protected
   628                           ;	Boot Block Write Protection bit
   629                           ;	WRTB = OFF, Boot block (000000-0007FFh) is not write-protected
   630                           ;	Data EEPROM Write Protection bit
   631                           ;	WRTD = OFF, Data EEPROM is not write-protected
   632   30000B                     	org	3145739
   633   30000B  E0                 	db	224
   634                           
   635                           ;Config register CONFIG7L @ 0x30000C
   636                           ;	Table Read Protection bit
   637                           ;	EBTR0 = OFF, Block 0 (000800-001FFFh) is not protected from table reads executed in ot
      +                          her blocks
   638                           ;	Table Read Protection bit
   639                           ;	EBTR1 = OFF, Block 1 (002000-003FFFh) is not protected from table reads executed in ot
      +                          her blocks
   640                           ;	Table Read Protection bit
   641                           ;	EBTR2 = OFF, Block 2 (004000-005FFFh) is not protected from table reads executed in ot
      +                          her blocks
   642                           ;	Table Read Protection bit
   643                           ;	EBTR3 = OFF, Block 3 (006000-007FFFh) is not protected from table reads executed in ot
      +                          her blocks
   644   30000C                     	org	3145740
   645   30000C  0F                 	db	15
   646                           
   647                           ;Config register CONFIG7H @ 0x30000D
   648                           ;	Boot Block Table Read Protection bit
   649                           ;	EBTRB = OFF, Boot block (000000-0007FFh) is not protected from table reads executed in
      +                           other blocks
   650   30000D                     	org	3145741
   651   30000D  40                 	db	64
   652                           tosu	equ	0xFFF
   653                           tosh	equ	0xFFE
   654                           tosl	equ	0xFFD
   655                           stkptr	equ	0xFFC
   656                           pclatu	equ	0xFFB
   657                           pclath	equ	0xFFA
   658                           pcl	equ	0xFF9
   659                           tblptru	equ	0xFF8
   660                           tblptrh	equ	0xFF7
   661                           tblptrl	equ	0xFF6
   662                           tablat	equ	0xFF5
   663                           prodh	equ	0xFF4
   664                           prodl	equ	0xFF3
   665                           indf0	equ	0xFEF
   666                           postinc0	equ	0xFEE
   667                           postdec0	equ	0xFED
   668                           preinc0	equ	0xFEC
   669                           plusw0	equ	0xFEB
   670                           fsr0h	equ	0xFEA
   671                           fsr0l	equ	0xFE9
   672                           wreg	equ	0xFE8
   673                           indf1	equ	0xFE7
   674                           postinc1	equ	0xFE6
   675                           postdec1	equ	0xFE5
   676                           preinc1	equ	0xFE4
   677                           plusw1	equ	0xFE3
   678                           fsr1h	equ	0xFE2
   679                           fsr1l	equ	0xFE1
   680                           bsr	equ	0xFE0
   681                           indf2	equ	0xFDF
   682                           postinc2	equ	0xFDE
   683                           postdec2	equ	0xFDD
   684                           preinc2	equ	0xFDC
   685                           plusw2	equ	0xFDB
   686                           fsr2h	equ	0xFDA
   687                           fsr2l	equ	0xFD9
   688                           status	equ	0xFD8

Data Sizes:
    Strings     0
    Constant    0
    Data        0
    BSS         3
    Persistent  0
    Stack       0

Auto Spaces:
    Space          Size  Autos    Used
    COMRAM           94      0       3
    BANK0           160      0       0
    BANK1           256      0       0
    BANK2           256      0       0
    BANK3           256      0       0
    BANK4           256      0       0
    BANK5           256      0       0
    BANK6           256      0       0
    BANK7           256      0       0

Pointer List with Targets:

    None.

Critical Paths under _main in COMRAM

    None.

Critical Paths under _TMR2_ISR in COMRAM

    None.

Critical Paths under _main in BANK0

    None.

Critical Paths under _TMR2_ISR in BANK0

    None.

Critical Paths under _main in BANK1

    None.

Critical Paths under _TMR2_ISR in BANK1

    None.

Critical Paths under _main in BANK2

    None.

Critical Paths under _TMR2_ISR in BANK2

    None.

Critical Paths under _main in BANK3

    None.

Critical Paths under _TMR2_ISR in BANK3

    None.

Critical Paths under _main in BANK4

    None.

Critical Paths under _TMR2_ISR in BANK4

    None.

Critical Paths under _main in BANK5

    None.

Critical Paths under _TMR2_ISR in BANK5

    None.

Critical Paths under _main in BANK6

    None.

Critical Paths under _TMR2_ISR in BANK6

    None.

Critical Paths under _main in BANK7

    None.

Critical Paths under _TMR2_ISR in BANK7

    None.

Call Graph Tables:

 ---------------------------------------------------------------------------------
 (Depth) Function   	        Calls       Base Space   Used Autos Params    Refs
 ---------------------------------------------------------------------------------
 (0) _main                                                 0     0      0       0
           _Init_Internal_Oscillator
               _Init_Timer2_As_Timer
             _Init_Timer2_Interrupts
 ---------------------------------------------------------------------------------
 (1) _Init_Timer2_Interrupts                               0     0      0       0
 ---------------------------------------------------------------------------------
 (1) _Init_Timer2_As_Timer                                 0     0      0       0
 ---------------------------------------------------------------------------------
 (1) _Init_Internal_Oscillator                             0     0      0       0
 ---------------------------------------------------------------------------------
 Estimated maximum stack depth 1
 ---------------------------------------------------------------------------------
 (Depth) Function   	        Calls       Base Space   Used Autos Params    Refs
 ---------------------------------------------------------------------------------
 (2) _TMR2_ISR                                             0     0      0       0
 ---------------------------------------------------------------------------------
 Estimated maximum stack depth 2
 ---------------------------------------------------------------------------------

 Call Graph Graphs:

 _main (ROOT)
   _Init_Internal_Oscillator
   _Init_Timer2_As_Timer
   _Init_Timer2_Interrupts

 _TMR2_ISR (ROOT)

 Address spaces:
Name               Size   Autos  Total    Cost      Usage
BIGRAM             7FF      0       0      30        0.0%
EEDATA             100      0       0       0        0.0%
BITBANK7           100      0       0      18        0.0%
BANK7              100      0       0      19        0.0%
BITBANK6           100      0       0      16        0.0%
BANK6              100      0       0      17        0.0%
BITBANK5           100      0       0      14        0.0%
BANK5              100      0       0      15        0.0%
BITBANK4           100      0       0      12        0.0%
BANK4              100      0       0      13        0.0%
BITBANK3           100      0       0      10        0.0%
BANK3              100      0       0      11        0.0%
BITBANK2           100      0       0       8        0.0%
BANK2              100      0       0       9        0.0%
BITBANK1           100      0       0       6        0.0%
BANK1              100      0       0       7        0.0%
BITBANK0            A0      0       0       4        0.0%
BANK0               A0      0       0       5        0.0%
BITCOMRAM           5E      0       0       0        0.0%
COMRAM              5E      0       3       1        3.2%
BITBIGSFRhll        2B      0       0      25        0.0%
BITBIGSFRlll        2A      0       0      28        0.0%
BITBIGSFRhhlhh      1E      0       0      21        0.0%
BITBIGSFRhhh         D      0       0      20        0.0%
BITBIGSFRlh          9      0       0      26        0.0%
BITBIGSFRllh         8      0       0      27        0.0%
BITBIGSFRhhll        3      0       0      23        0.0%
BITBIGSFRhhlhl       2      0       0      22        0.0%
BITBIGSFRhlh         1      0       0      24        0.0%
BIGSFR               0      0       0     200        0.0%
BITSFR               0      0       0     200        0.0%
SFR                  0      0       0     200        0.0%
STACK                0      0       0       2        0.0%
NULL                 0      0       0       0        0.0%
ABS                  0      0       3      29        0.0%
DATA                 0      0       3       3        0.0%
CODE                 0      0       0       0        0.0%


Microchip Technology PIC18 Macro Assembler V2.41 build 20230208172133 
Symbol Table                                                                                   Wed May 31 15:20:49 2023

                              l61 00AC                                l64 00E0                                l58 00C2  
                              u65 0088                                u66 008A                               l740 00D4  
                             l750 00A8                               l742 0092                               l752 00AA  
                             l744 00A2                               l754 00AE                               l746 00A4  
                             l770 0072                               l756 00B2                               l748 00A6  
                             l772 007E                               l758 00C0                               l774 0080  
                            _PIE1 0F9D                              _PIR1 0F9E                              i2l46 0068  
                            i2l47 006E                              _RCON 0FD0                              _TMR2 0FCC  
                            _main 0072                              btemp 0004                              start 000E  
                    ___param_bank 0000                             ?_main 0000                             _T2CON 0FCA  
                           i2l760 0014                             i2l762 0022                             i2l764 0030  
                           i2l766 004A                             i2l768 006C                  __end_of_TMR2_ISR 0072  
                           ttemp5 0005                             ttemp6 0008                             ttemp7 000C  
                           status 0FD8                             wtemp8 0005                   __initialization 00C4  
                    __end_of_main 0092                            ??_main 0000                     __activetblptr 0000  
                          _INTCON 0FF2                            _OSCCON 0FD3                            i2u1_40 0022  
                          i2u1_41 001E                            i2u2_40 0030                            i2u2_41 002C  
                          i2u3_40 004A                            i2u3_41 0046                            i2u4_40 0064  
                          i2u4_41 005E                            i2u5_40 0066                            isa$std 0001  
                      __accesstop 0060           __end_of__initialization 00CA                     ___rparam_used 0001  
                  __pcstackCOMRAM 0000                         ?_TMR2_ISR 0000          ??_Init_Timer2_Interrupts 0000  
                      ??_TMR2_ISR 0000         ?_Init_Internal_Oscillator 0000                           __Hparam 0000  
                         __Lparam 0000                           __pcinit 00C4                           __ramtop 0800  
                         __ptext0 0072                           __ptext1 0092                           __ptext2 00AE  
                         __ptext3 00D4                         _T2CONbits 0FCA      __end_of_Init_Timer2_As_Timer 00C4  
                  __pintcode_body 0012              end_of_initialization 00CA                           int_func 0012  
                       _TRISBbits 0F93            _Init_Timer2_Interrupts 0092                    _timer2_counter 0001  
             start_initialization 00C4  __end_of_Init_Internal_Oscillator 00E2              _Init_Timer2_As_Timer 00AE  
                     __pbssCOMRAM 0001             ?_Init_Timer2_As_Timer 0000                         __pintcode 0008  
                        _LATBbits 0F8A                          _PIE1bits 0F9D                          _PIR1bits 0F9E  
        _Init_Internal_Oscillator 00D4                          _RCONbits 0FD0                          _TMR2_ISR 0008  
                       _state_led 0003           ?_Init_Timer2_Interrupts 0000            ??_Init_Timer2_As_Timer 0000  
                        __Hrparam 0000                          __Lrparam 0000    __end_of_Init_Timer2_Interrupts 00AE  
                        isa$xinst 0000                          int$flags 0004                        _INTCONbits 0FF2  
                        intlevel2 0000                        _OSCCONbits 0FD3        ??_Init_Internal_Oscillator 0000  
