

Microchip MPLAB XC8 Assembler V2.41 build 20230208172133 
                                                                                               Fri Jun 02 20:35:51 2023

Microchip MPLAB XC8 C Compiler v2.41 (Free license) build 20230208172133 Og1 
     1                           	processor	18F4550
     2                           	fnconf	rparam,??,?,0
     3                           	pagewidth 120
     4                           	opt	flic
     5                           	psect	cinit,global,reloc=2,class=CODE,delta=1
     6                           	psect	cstackCOMRAM,global,class=COMRAM,space=1,delta=1,lowdata,noexec
     7                           	psect	text0,global,reloc=2,class=CODE,delta=1
     8                           	psect	text1,global,reloc=2,class=CODE,delta=1
     9                           	psect	text2,global,reloc=2,class=CODE,delta=1
    10                           	psect	text3,global,reloc=2,class=CODE,delta=1
    11                           	psect	intcode,global,reloc=2,class=CODE,delta=1
    12                           	psect	intcode_body,global,reloc=2,class=CODE,delta=1
    13                           	psect	intsave_regs,global,class=BIGRAM,space=1,delta=1,noexec
    14                           	psect	rparam,global,class=COMRAM,space=1,delta=1,noexec
    15                           	psect	temp,global,ovrld,common,class=COMRAM,space=1,delta=1
    16                           	psect	idloc,global,abs,ovrld,class=IDLOC,space=5,delta=1,noexec
    17                           	psect	config,global,abs,ovrld,class=CONFIG,space=4,delta=1,noexec
    18   000000                     
    19                           ; Version 2.40
    20                           ; Generated 17/11/2021 GMT
    21                           ; 
    22                           ; Copyright © 2021, Microchip Technology Inc. and its subsidiaries ("Microchip")
    23                           ; All rights reserved.
    24                           ; 
    25                           ; This software is developed by Microchip Technology Inc. and its subsidiaries ("Microch
      +                          ip").
    26                           ; 
    27                           ; Redistribution and use in source and binary forms, with or without modification, are
    28                           ; permitted provided that the following conditions are met:
    29                           ; 
    30                           ;     1. Redistributions of source code must retain the above copyright notice, this lis
      +                          t of
    31                           ;        conditions and the following disclaimer.
    32                           ; 
    33                           ;     2. Redistributions in binary form must reproduce the above copyright notice, this 
      +                          list
    34                           ;        of conditions and the following disclaimer in the documentation and/or other
    35                           ;        materials provided with the distribution. Publication is not required when
    36                           ;        this file is used in an embedded application.
    37                           ; 
    38                           ;     3. Microchip's name may not be used to endorse or promote products derived from th
      +                          is
    39                           ;        software without specific prior written permission.
    40                           ; 
    41                           ; THIS SOFTWARE IS PROVIDED BY MICROCHIP "AS IS" AND ANY EXPRESS OR IMPLIED WARRANTIES,
    42                           ; INCLUDING, BUT NOT LIMITED TO, THE IMPLIED WARRANTIES OF MERCHANTABILITY AND FITNESS F
      +                          OR
    43                           ; PURPOSE ARE DISCLAIMED.  IN NO EVENT SHALL MICROCHIP BE LIABLE FOR ANY DIRECT, INDIREC
      +                          T,
    44                           ; INCIDENTAL, SPECIAL, EXEMPLARY, OR CONSEQUENTIAL DAMAGES (INCLUDING BUT NOT LIMITED TO
    45                           ; PROCUREMENT OF SUBSTITUTE GOODS OR SERVICES; LOSS OF USE, DATA OR PROFITS; OR BUSINESS
    46                           ; INTERRUPTION) HOWSOEVER CAUSED AND ON ANY THEORY OF LIABILITY, WHETHER IN CONTRACT, ST
      +                          RICT
    47                           ; LIABILITY, OR TORT (INCLUDING NEGLIGENCE OR OTHERWISE) ARISING IN ANY WAY OUT OF THE U
      +                          SE OF
    48                           ; THIS SOFTWARE, EVEN IF ADVISED OF THE POSSIBILITY OF SUCH DAMAGE.
    49                           ; 
    50                           ; 
    51                           ; Code-generator required, PIC18F4550 Definitions
    52                           ; 
    53                           ; SFR Addresses
    54   000000                     _OSCCONbits	set	4051
    55   000000                     _INTCONbits	set	4082
    56   000000                     _RCONbits	set	4048
    57   000000                     _PIE2	set	4000
    58   000000                     _PIR2	set	4001
    59   000000                     _T3CONbits	set	4017
    60   000000                     _LATBbits	set	3978
    61   000000                     _PIE2bits	set	4000
    62   000000                     _PIR2bits	set	4001
    63   000000                     _TMR3	set	4018
    64   000000                     _T3CON	set	4017
    65   000000                     _TRISBbits	set	3987
    66   000000                     _RCON	set	4048
    67   000000                     _OSCCON	set	4051
    68   000000                     _INTCON	set	4082
    69                           
    70                           ; #config settings
    71                           
    72                           	psect	cinit
    73   0000B8                     __pcinit:
    74                           	callstack 0
    75   0000B8                     start_initialization:
    76                           	callstack 0
    77   0000B8                     __initialization:
    78                           	callstack 0
    79   0000B8                     end_of_initialization:
    80                           	callstack 0
    81   0000B8                     __end_of__initialization:
    82                           	callstack 0
    83   0000B8  9002               	bcf	int$flags,0,c	;clear compiler interrupt flag (level 1)
    84   0000BA  9202               	bcf	int$flags,1,c	;clear compiler interrupt flag (level 2)
    85   0000BC  0100               	movlb	0
    86   0000BE  EF49  F000         	goto	_main	;jump to C main() function
    87                           
    88                           	psect	cstackCOMRAM
    89   000001                     __pcstackCOMRAM:
    90                           	callstack 0
    91   000001                     ??_ISR:
    92   000001                     
    93                           ; 2 bytes @ 0x0
    94   000001                     	ds	1
    95   000002                     
    96                           ; 1 bytes @ 0x1
    97 ;;
    98 ;;Main: autosize = 0, tempsize = 0, incstack = 0, save=0
    99 ;;
   100 ;; *************** function _main *****************
   101 ;; Defined at:
   102 ;;		line 41 in file "main.c"
   103 ;; Parameters:    Size  Location     Type
   104 ;;		None
   105 ;; Auto vars:     Size  Location     Type
   106 ;;		None
   107 ;; Return value:  Size  Location     Type
   108 ;;                  2   48[None  ] int 
   109 ;; Registers used:
   110 ;;		wreg, status,2, cstack
   111 ;; Tracked objects:
   112 ;;		On entry : 0/0
   113 ;;		On exit  : 0/0
   114 ;;		Unchanged: 0/0
   115 ;; Data sizes:     COMRAM   BANK0   BANK1   BANK2   BANK3   BANK4   BANK5   BANK6   BANK7
   116 ;;      Params:         0       0       0       0       0       0       0       0       0
   117 ;;      Locals:         0       0       0       0       0       0       0       0       0
   118 ;;      Temps:          0       0       0       0       0       0       0       0       0
   119 ;;      Totals:         0       0       0       0       0       0       0       0       0
   120 ;;Total ram usage:        0 bytes
   121 ;; Hardware stack levels required when called: 2
   122 ;; This function calls:
   123 ;;		_Init_Internal_Oscillator
   124 ;;		_Init_Timer3_As_Timer
   125 ;;		_Init_Timer3_Interrupts
   126 ;; This function is called by:
   127 ;;		Startup code after reset
   128 ;; This function uses a non-reentrant model
   129 ;;
   130                           
   131                           	psect	text0
   132   000092                     __ptext0:
   133                           	callstack 0
   134   000092                     _main:
   135                           	callstack 29
   136   000092                     
   137                           ;main.c: 44:     Init_Internal_Oscillator();
   138   000092  EC55  F000         	call	_Init_Internal_Oscillator	;wreg free
   139                           
   140                           ;main.c: 46:     Init_Timer3_Interrupts();
   141   000096  EC2E  F000         	call	_Init_Timer3_Interrupts	;wreg free
   142                           
   143                           ;main.c: 48:     Init_Timer3_As_Timer();
   144   00009A  EC3C  F000         	call	_Init_Timer3_As_Timer	;wreg free
   145   00009E                     
   146                           ;main.c: 50:     TRISBbits.RB0 = 0;
   147   00009E  9093               	bcf	147,0,c	;volatile
   148   0000A0                     l775:
   149                           
   150                           ;main.c: 53:     {;main.c: 54:         __nop();
   151   0000A0  F000               	nop	
   152   0000A2  EF50  F000         	goto	l775
   153   0000A6  EF07  F000         	goto	start
   154   0000AA                     __end_of_main:
   155                           	callstack 0
   156                           
   157 ;; *************** function _Init_Timer3_Interrupts *****************
   158 ;; Defined at:
   159 ;;		line 86 in file "main.c"
   160 ;; Parameters:    Size  Location     Type
   161 ;;		None
   162 ;; Auto vars:     Size  Location     Type
   163 ;;		None
   164 ;; Return value:  Size  Location     Type
   165 ;;                  1    wreg      void 
   166 ;; Registers used:
   167 ;;		wreg, status,2
   168 ;; Tracked objects:
   169 ;;		On entry : 0/0
   170 ;;		On exit  : 0/0
   171 ;;		Unchanged: 0/0
   172 ;; Data sizes:     COMRAM   BANK0   BANK1   BANK2   BANK3   BANK4   BANK5   BANK6   BANK7
   173 ;;      Params:         0       0       0       0       0       0       0       0       0
   174 ;;      Locals:         0       0       0       0       0       0       0       0       0
   175 ;;      Temps:          0       0       0       0       0       0       0       0       0
   176 ;;      Totals:         0       0       0       0       0       0       0       0       0
   177 ;;Total ram usage:        0 bytes
   178 ;; Hardware stack levels used: 1
   179 ;; Hardware stack levels required when called: 1
   180 ;; This function calls:
   181 ;;		Nothing
   182 ;; This function is called by:
   183 ;;		_main
   184 ;; This function uses a non-reentrant model
   185 ;;
   186                           
   187                           	psect	text1
   188   00005C                     __ptext1:
   189                           	callstack 0
   190   00005C                     _Init_Timer3_Interrupts:
   191                           	callstack 29
   192   00005C                     
   193                           ;main.c: 89:     RCON = 0x00;
   194   00005C  0E00               	movlw	0
   195   00005E  6ED0               	movwf	208,c	;volatile
   196                           
   197                           ;main.c: 90:     INTCON = 0x00;
   198   000060  0E00               	movlw	0
   199   000062  6EF2               	movwf	242,c	;volatile
   200                           
   201                           ;main.c: 91:     PIR2 = 0x00;
   202   000064  0E00               	movlw	0
   203   000066  6EA1               	movwf	161,c	;volatile
   204                           
   205                           ;main.c: 92:     PIE2 = 0x00;
   206   000068  0E00               	movlw	0
   207   00006A  6EA0               	movwf	160,c	;volatile
   208   00006C                     
   209                           ;main.c: 95:     RCONbits.IPEN = 0;
   210   00006C  9ED0               	bcf	208,7,c	;volatile
   211   00006E                     
   212                           ;main.c: 96:     INTCONbits.GIE = 1;
   213   00006E  8EF2               	bsf	242,7,c	;volatile
   214   000070                     
   215                           ;main.c: 97:     INTCONbits.PEIE = 1;
   216   000070  8CF2               	bsf	242,6,c	;volatile
   217   000072                     
   218                           ;main.c: 99:     PIR2bits.TMR3IF = 0;
   219   000072  92A1               	bcf	161,1,c	;volatile
   220   000074                     
   221                           ;main.c: 100:     PIE2bits.TMR3IE = 1;
   222   000074  82A0               	bsf	160,1,c	;volatile
   223   000076  0012               	return		;funcret
   224   000078                     __end_of_Init_Timer3_Interrupts:
   225                           	callstack 0
   226                           
   227 ;; *************** function _Init_Timer3_As_Timer *****************
   228 ;; Defined at:
   229 ;;		line 61 in file "main.c"
   230 ;; Parameters:    Size  Location     Type
   231 ;;		None
   232 ;; Auto vars:     Size  Location     Type
   233 ;;		None
   234 ;; Return value:  Size  Location     Type
   235 ;;                  1    wreg      void 
   236 ;; Registers used:
   237 ;;		wreg, status,2
   238 ;; Tracked objects:
   239 ;;		On entry : 0/0
   240 ;;		On exit  : 0/0
   241 ;;		Unchanged: 0/0
   242 ;; Data sizes:     COMRAM   BANK0   BANK1   BANK2   BANK3   BANK4   BANK5   BANK6   BANK7
   243 ;;      Params:         0       0       0       0       0       0       0       0       0
   244 ;;      Locals:         0       0       0       0       0       0       0       0       0
   245 ;;      Temps:          0       0       0       0       0       0       0       0       0
   246 ;;      Totals:         0       0       0       0       0       0       0       0       0
   247 ;;Total ram usage:        0 bytes
   248 ;; Hardware stack levels used: 1
   249 ;; Hardware stack levels required when called: 1
   250 ;; This function calls:
   251 ;;		Nothing
   252 ;; This function is called by:
   253 ;;		_main
   254 ;; This function uses a non-reentrant model
   255 ;;
   256                           
   257                           	psect	text2
   258   000078                     __ptext2:
   259                           	callstack 0
   260   000078                     _Init_Timer3_As_Timer:
   261                           	callstack 29
   262   000078                     
   263                           ;main.c: 64:     T3CON = 0x00;
   264   000078  0E00               	movlw	0
   265   00007A  6EB1               	movwf	177,c	;volatile
   266   00007C                     
   267                           ;main.c: 66:     T3CONbits.TMR3ON = 0;
   268   00007C  90B1               	bcf	177,0,c	;volatile
   269   00007E                     
   270                           ;main.c: 67:     T3CONbits.TMR3CS = 0;
   271   00007E  92B1               	bcf	177,1,c	;volatile
   272                           
   273                           ;main.c: 68:     T3CONbits.T3CKPS = 0b11;
   274   000080  0E30               	movlw	48
   275   000082  12B1               	iorwf	177,f,c	;volatile
   276   000084                     
   277                           ;main.c: 69:     T3CONbits.RD16 = 1;
   278   000084  8EB1               	bsf	177,7,c	;volatile
   279                           
   280                           ;main.c: 80:     TMR3 = 65036;
   281   000086  0EFE               	movlw	254
   282   000088  6EB3               	movwf	179,c	;volatile
   283   00008A  0E0C               	movlw	12
   284   00008C  6EB2               	movwf	178,c	;volatile
   285   00008E                     
   286                           ;main.c: 83:     T3CONbits.TMR3ON = 1;
   287   00008E  80B1               	bsf	177,0,c	;volatile
   288   000090  0012               	return		;funcret
   289   000092                     __end_of_Init_Timer3_As_Timer:
   290                           	callstack 0
   291                           
   292 ;; *************** function _Init_Internal_Oscillator *****************
   293 ;; Defined at:
   294 ;;		line 103 in file "main.c"
   295 ;; Parameters:    Size  Location     Type
   296 ;;		None
   297 ;; Auto vars:     Size  Location     Type
   298 ;;		None
   299 ;; Return value:  Size  Location     Type
   300 ;;                  1    wreg      void 
   301 ;; Registers used:
   302 ;;		wreg, status,2
   303 ;; Tracked objects:
   304 ;;		On entry : 0/0
   305 ;;		On exit  : 0/0
   306 ;;		Unchanged: 0/0
   307 ;; Data sizes:     COMRAM   BANK0   BANK1   BANK2   BANK3   BANK4   BANK5   BANK6   BANK7
   308 ;;      Params:         0       0       0       0       0       0       0       0       0
   309 ;;      Locals:         0       0       0       0       0       0       0       0       0
   310 ;;      Temps:          0       0       0       0       0       0       0       0       0
   311 ;;      Totals:         0       0       0       0       0       0       0       0       0
   312 ;;Total ram usage:        0 bytes
   313 ;; Hardware stack levels used: 1
   314 ;; Hardware stack levels required when called: 1
   315 ;; This function calls:
   316 ;;		Nothing
   317 ;; This function is called by:
   318 ;;		_main
   319 ;; This function uses a non-reentrant model
   320 ;;
   321                           
   322                           	psect	text3
   323   0000AA                     __ptext3:
   324                           	callstack 0
   325   0000AA                     _Init_Internal_Oscillator:
   326                           	callstack 29
   327   0000AA                     
   328                           ;main.c: 106:     OSCCON = 0x00;
   329   0000AA  0E00               	movlw	0
   330   0000AC  6ED3               	movwf	211,c	;volatile
   331                           
   332                           ;main.c: 109:     OSCCONbits.IRCF = 0b111;
   333   0000AE  0E70               	movlw	112
   334   0000B0  12D3               	iorwf	211,f,c	;volatile
   335                           
   336                           ;main.c: 110:     OSCCONbits.SCS = 0b11;
   337   0000B2  0E03               	movlw	3
   338   0000B4  12D3               	iorwf	211,f,c	;volatile
   339   0000B6  0012               	return		;funcret
   340   0000B8                     __end_of_Init_Internal_Oscillator:
   341                           	callstack 0
   342                           
   343 ;; *************** function _ISR *****************
   344 ;; Defined at:
   345 ;;		line 21 in file "main.c"
   346 ;; Parameters:    Size  Location     Type
   347 ;;		None
   348 ;; Auto vars:     Size  Location     Type
   349 ;;		None
   350 ;; Return value:  Size  Location     Type
   351 ;;                  1    wreg      void 
   352 ;; Registers used:
   353 ;;		wreg, status,2, status,0
   354 ;; Tracked objects:
   355 ;;		On entry : 0/0
   356 ;;		On exit  : 0/0
   357 ;;		Unchanged: 0/0
   358 ;; Data sizes:     COMRAM   BANK0   BANK1   BANK2   BANK3   BANK4   BANK5   BANK6   BANK7
   359 ;;      Params:         0       0       0       0       0       0       0       0       0
   360 ;;      Locals:         0       0       0       0       0       0       0       0       0
   361 ;;      Temps:          1       0       0       0       0       0       0       0       0
   362 ;;      Totals:         1       0       0       0       0       0       0       0       0
   363 ;;Total ram usage:        1 bytes
   364 ;; Hardware stack levels used: 1
   365 ;; This function calls:
   366 ;;		Nothing
   367 ;; This function is called by:
   368 ;;		Interrupt level 2
   369 ;; This function uses a non-reentrant model
   370 ;;
   371                           
   372                           	psect	intcode
   373   000008                     __pintcode:
   374                           	callstack 0
   375   000008                     _ISR:
   376                           	callstack 29
   377                           
   378                           ;incstack = 0
   379   000008  8202               	bsf	int$flags,1,c	;set compiler interrupt flag (level 2)
   380   00000A  ED09  F000         	call	int_func,f	;refresh shadow registers
   381                           
   382                           	psect	intcode_body
   383   000012                     __pintcode_body:
   384                           	callstack 29
   385   000012                     int_func:
   386                           	callstack 29
   387   000012  0006               	pop		; remove dummy address from shadow register refresh
   388   000014                     
   389                           ;main.c: 23:     if(PIR2bits.TMR3IF && PIE2bits.TMR3IE)
   390   000014  A2A1               	btfss	161,1,c	;volatile
   391   000016  EF0F  F000         	goto	i2u1_41
   392   00001A  EF11  F000         	goto	i2u1_40
   393   00001E                     i2u1_41:
   394   00001E  EF2C  F000         	goto	i2l44
   395   000022                     i2u1_40:
   396   000022  A2A0               	btfss	160,1,c	;volatile
   397   000024  EF16  F000         	goto	i2u2_41
   398   000028  EF18  F000         	goto	i2u2_40
   399   00002C                     i2u2_41:
   400   00002C  EF2C  F000         	goto	i2l44
   401   000030                     i2u2_40:
   402   000030                     
   403                           ;main.c: 24:     {;main.c: 26:         LATBbits.LATB0 = !LATBbits.LATB0;
   404   000030  A08A               	btfss	138,0,c	;volatile
   405   000032  EF1D  F000         	goto	i2u3_41
   406   000036  EF21  F000         	goto	i2u3_40
   407   00003A                     i2u3_41:
   408   00003A  6A01               	clrf	??_ISR^0,c
   409   00003C  2A01               	incf	??_ISR^0,f,c
   410   00003E  EF22  F000         	goto	i2u4_48
   411   000042                     i2u3_40:
   412   000042  6A01               	clrf	??_ISR^0,c
   413   000044                     i2u4_48:
   414   000044  508A               	movf	138,w,c	;volatile
   415   000046  1801               	xorwf	??_ISR^0,w,c
   416   000048  0BFE               	andlw	-2
   417   00004A  1801               	xorwf	??_ISR^0,w,c
   418   00004C  6E8A               	movwf	138,c	;volatile
   419   00004E                     
   420                           ;main.c: 28:         TMR3 = 65036;
   421   00004E  0EFE               	movlw	254
   422   000050  6EB3               	movwf	179,c	;volatile
   423   000052  0E0C               	movlw	12
   424   000054  6EB2               	movwf	178,c	;volatile
   425   000056                     
   426                           ;main.c: 30:         PIR2bits.TMR3IF = 0;
   427   000056  92A1               	bcf	161,1,c	;volatile
   428   000058                     i2l44:
   429   000058  9202               	bcf	int$flags,1,c	;clear compiler interrupt flag (level 2)
   430   00005A  0011               	retfie		f
   431   00005C                     __end_of_ISR:
   432                           	callstack 0
   433   000000                     
   434                           	psect	rparam
   435   000000                     
   436                           	psect	temp
   437   000002                     btemp:
   438                           	callstack 0
   439   000002                     	ds	1
   440   000000                     int$flags	set	btemp
   441   000000                     wtemp8	set	btemp+1
   442   000000                     ttemp5	set	btemp+1
   443   000000                     ttemp6	set	btemp+4
   444   000000                     ttemp7	set	btemp+8
   445                           
   446                           	psect	idloc
   447                           
   448                           ;Config register IDLOC0 @ 0x200000
   449                           ;	unspecified, using default values
   450   200000                     	org	2097152
   451   200000  FF                 	db	255
   452                           
   453                           ;Config register IDLOC1 @ 0x200001
   454                           ;	unspecified, using default values
   455   200001                     	org	2097153
   456   200001  FF                 	db	255
   457                           
   458                           ;Config register IDLOC2 @ 0x200002
   459                           ;	unspecified, using default values
   460   200002                     	org	2097154
   461   200002  FF                 	db	255
   462                           
   463                           ;Config register IDLOC3 @ 0x200003
   464                           ;	unspecified, using default values
   465   200003                     	org	2097155
   466   200003  FF                 	db	255
   467                           
   468                           ;Config register IDLOC4 @ 0x200004
   469                           ;	unspecified, using default values
   470   200004                     	org	2097156
   471   200004  FF                 	db	255
   472                           
   473                           ;Config register IDLOC5 @ 0x200005
   474                           ;	unspecified, using default values
   475   200005                     	org	2097157
   476   200005  FF                 	db	255
   477                           
   478                           ;Config register IDLOC6 @ 0x200006
   479                           ;	unspecified, using default values
   480   200006                     	org	2097158
   481   200006  FF                 	db	255
   482                           
   483                           ;Config register IDLOC7 @ 0x200007
   484                           ;	unspecified, using default values
   485   200007                     	org	2097159
   486   200007  FF                 	db	255
   487                           
   488                           	psect	config
   489                           
   490                           ;Config register CONFIG1L @ 0x300000
   491                           ;	PLL Prescaler Selection bits
   492                           ;	PLLDIV = 1, No prescale (4 MHz oscillator input drives PLL directly)
   493                           ;	System Clock Postscaler Selection bits
   494                           ;	CPUDIV = OSC1_PLL2, [Primary Oscillator Src: /1][96 MHz PLL Src: /2]
   495                           ;	USB Clock Selection bit (used in Full-Speed USB mode only; UCFG:FSEN = 1)
   496                           ;	USBDIV = 1, USB clock source comes directly from the primary oscillator block with no 
      +                          postscale
   497   300000                     	org	3145728
   498   300000  00                 	db	0
   499                           
   500                           ;Config register CONFIG1H @ 0x300001
   501                           ;	Oscillator Selection bits
   502                           ;	FOSC = INTOSC_HS, Internal oscillator, HS oscillator used by USB (INTHS)
   503                           ;	Fail-Safe Clock Monitor Enable bit
   504                           ;	FCMEN = OFF, Fail-Safe Clock Monitor disabled
   505                           ;	Internal/External Oscillator Switchover bit
   506                           ;	IESO = OFF, Oscillator Switchover mode disabled
   507   300001                     	org	3145729
   508   300001  0B                 	db	11
   509                           
   510                           ;Config register CONFIG2L @ 0x300002
   511                           ;	Power-up Timer Enable bit
   512                           ;	PWRT = OFF, PWRT disabled
   513                           ;	Brown-out Reset Enable bits
   514                           ;	BOR = OFF, Brown-out Reset disabled in hardware and software
   515                           ;	Brown-out Reset Voltage bits
   516                           ;	BORV = 3, Minimum setting 2.05V
   517                           ;	USB Voltage Regulator Enable bit
   518                           ;	VREGEN = OFF, USB voltage regulator disabled
   519   300002                     	org	3145730
   520   300002  19                 	db	25
   521                           
   522                           ;Config register CONFIG2H @ 0x300003
   523                           ;	Watchdog Timer Enable bit
   524                           ;	WDT = OFF, WDT disabled (control is placed on the SWDTEN bit)
   525                           ;	Watchdog Timer Postscale Select bits
   526                           ;	WDTPS = 32768, 1:32768
   527   300003                     	org	3145731
   528   300003  1E                 	db	30
   529                           
   530                           ; Padding undefined space
   531   300004                     	org	3145732
   532   300004  FF                 	db	255
   533                           
   534                           ;Config register CONFIG3H @ 0x300005
   535                           ;	CCP2 MUX bit
   536                           ;	CCP2MX = OFF, CCP2 input/output is multiplexed with RB3
   537                           ;	PORTB A/D Enable bit
   538                           ;	PBADEN = OFF, PORTB<4:0> pins are configured as digital I/O on Reset
   539                           ;	Low-Power Timer 1 Oscillator Enable bit
   540                           ;	LPT1OSC = OFF, Timer1 configured for higher power operation
   541                           ;	MCLR Pin Enable bit
   542                           ;	MCLRE = ON, MCLR pin enabled; RE3 input pin disabled
   543   300005                     	org	3145733
   544   300005  80                 	db	128
   545                           
   546                           ;Config register CONFIG4L @ 0x300006
   547                           ;	Stack Full/Underflow Reset Enable bit
   548                           ;	STVREN = OFF, Stack full/underflow will not cause Reset
   549                           ;	Single-Supply ICSP Enable bit
   550                           ;	LVP = OFF, Single-Supply ICSP disabled
   551                           ;	Dedicated In-Circuit Debug/Programming Port (ICPORT) Enable bit
   552                           ;	ICPRT = OFF, ICPORT disabled
   553                           ;	Extended Instruction Set Enable bit
   554                           ;	XINST = OFF, Instruction set extension and Indexed Addressing mode disabled (Legacy mo
      +                          de)
   555                           ;	Background Debugger Enable bit
   556                           ;	DEBUG = 0x1, unprogrammed default
   557   300006                     	org	3145734
   558   300006  80                 	db	128
   559                           
   560                           ; Padding undefined space
   561   300007                     	org	3145735
   562   300007  FF                 	db	255
   563                           
   564                           ;Config register CONFIG5L @ 0x300008
   565                           ;	Code Protection bit
   566                           ;	CP0 = OFF, Block 0 (000800-001FFFh) is not code-protected
   567                           ;	Code Protection bit
   568                           ;	CP1 = OFF, Block 1 (002000-003FFFh) is not code-protected
   569                           ;	Code Protection bit
   570                           ;	CP2 = OFF, Block 2 (004000-005FFFh) is not code-protected
   571                           ;	Code Protection bit
   572                           ;	CP3 = OFF, Block 3 (006000-007FFFh) is not code-protected
   573   300008                     	org	3145736
   574   300008  0F                 	db	15
   575                           
   576                           ;Config register CONFIG5H @ 0x300009
   577                           ;	Boot Block Code Protection bit
   578                           ;	CPB = OFF, Boot block (000000-0007FFh) is not code-protected
   579                           ;	Data EEPROM Code Protection bit
   580                           ;	CPD = OFF, Data EEPROM is not code-protected
   581   300009                     	org	3145737
   582   300009  C0                 	db	192
   583                           
   584                           ;Config register CONFIG6L @ 0x30000A
   585                           ;	Write Protection bit
   586                           ;	WRT0 = OFF, Block 0 (000800-001FFFh) is not write-protected
   587                           ;	Write Protection bit
   588                           ;	WRT1 = OFF, Block 1 (002000-003FFFh) is not write-protected
   589                           ;	Write Protection bit
   590                           ;	WRT2 = OFF, Block 2 (004000-005FFFh) is not write-protected
   591                           ;	Write Protection bit
   592                           ;	WRT3 = OFF, Block 3 (006000-007FFFh) is not write-protected
   593   30000A                     	org	3145738
   594   30000A  0F                 	db	15
   595                           
   596                           ;Config register CONFIG6H @ 0x30000B
   597                           ;	Configuration Register Write Protection bit
   598                           ;	WRTC = OFF, Configuration registers (300000-3000FFh) are not write-protected
   599                           ;	Boot Block Write Protection bit
   600                           ;	WRTB = OFF, Boot block (000000-0007FFh) is not write-protected
   601                           ;	Data EEPROM Write Protection bit
   602                           ;	WRTD = OFF, Data EEPROM is not write-protected
   603   30000B                     	org	3145739
   604   30000B  E0                 	db	224
   605                           
   606                           ;Config register CONFIG7L @ 0x30000C
   607                           ;	Table Read Protection bit
   608                           ;	EBTR0 = OFF, Block 0 (000800-001FFFh) is not protected from table reads executed in ot
      +                          her blocks
   609                           ;	Table Read Protection bit
   610                           ;	EBTR1 = OFF, Block 1 (002000-003FFFh) is not protected from table reads executed in ot
      +                          her blocks
   611                           ;	Table Read Protection bit
   612                           ;	EBTR2 = OFF, Block 2 (004000-005FFFh) is not protected from table reads executed in ot
      +                          her blocks
   613                           ;	Table Read Protection bit
   614                           ;	EBTR3 = OFF, Block 3 (006000-007FFFh) is not protected from table reads executed in ot
      +                          her blocks
   615   30000C                     	org	3145740
   616   30000C  0F                 	db	15
   617                           
   618                           ;Config register CONFIG7H @ 0x30000D
   619                           ;	Boot Block Table Read Protection bit
   620                           ;	EBTRB = OFF, Boot block (000000-0007FFh) is not protected from table reads executed in
      +                           other blocks
   621   30000D                     	org	3145741
   622   30000D  40                 	db	64
   623                           tosu	equ	0xFFF
   624                           tosh	equ	0xFFE
   625                           tosl	equ	0xFFD
   626                           stkptr	equ	0xFFC
   627                           pclatu	equ	0xFFB
   628                           pclath	equ	0xFFA
   629                           pcl	equ	0xFF9
   630                           tblptru	equ	0xFF8
   631                           tblptrh	equ	0xFF7
   632                           tblptrl	equ	0xFF6
   633                           tablat	equ	0xFF5
   634                           prodh	equ	0xFF4
   635                           prodl	equ	0xFF3
   636                           indf0	equ	0xFEF
   637                           postinc0	equ	0xFEE
   638                           postdec0	equ	0xFED
   639                           preinc0	equ	0xFEC
   640                           plusw0	equ	0xFEB
   641                           fsr0h	equ	0xFEA
   642                           fsr0l	equ	0xFE9
   643                           wreg	equ	0xFE8
   644                           indf1	equ	0xFE7
   645                           postinc1	equ	0xFE6
   646                           postdec1	equ	0xFE5
   647                           preinc1	equ	0xFE4
   648                           plusw1	equ	0xFE3
   649                           fsr1h	equ	0xFE2
   650                           fsr1l	equ	0xFE1
   651                           bsr	equ	0xFE0
   652                           indf2	equ	0xFDF
   653                           postinc2	equ	0xFDE
   654                           postdec2	equ	0xFDD
   655                           preinc2	equ	0xFDC
   656                           plusw2	equ	0xFDB
   657                           fsr2h	equ	0xFDA
   658                           fsr2l	equ	0xFD9
   659                           status	equ	0xFD8

Data Sizes:
    Strings     0
    Constant    0
    Data        0
    BSS         0
    Persistent  0
    Stack       0

Auto Spaces:
    Space          Size  Autos    Used
    COMRAM           94      1       1
    BANK0           160      0       0
    BANK1           256      0       0
    BANK2           256      0       0
    BANK3           256      0       0
    BANK4           256      0       0
    BANK5           256      0       0
    BANK6           256      0       0
    BANK7           256      0       0

Pointer List with Targets:

    None.

Critical Paths under _main in COMRAM

    None.

Critical Paths under _ISR in COMRAM

    None.

Critical Paths under _main in BANK0

    None.

Critical Paths under _ISR in BANK0

    None.

Critical Paths under _main in BANK1

    None.

Critical Paths under _ISR in BANK1

    None.

Critical Paths under _main in BANK2

    None.

Critical Paths under _ISR in BANK2

    None.

Critical Paths under _main in BANK3

    None.

Critical Paths under _ISR in BANK3

    None.

Critical Paths under _main in BANK4

    None.

Critical Paths under _ISR in BANK4

    None.

Critical Paths under _main in BANK5

    None.

Critical Paths under _ISR in BANK5

    None.

Critical Paths under _main in BANK6

    None.

Critical Paths under _ISR in BANK6

    None.

Critical Paths under _main in BANK7

    None.

Critical Paths under _ISR in BANK7

    None.

Call Graph Tables:

 ---------------------------------------------------------------------------------
 (Depth) Function   	        Calls       Base Space   Used Autos Params    Refs
 ---------------------------------------------------------------------------------
 (0) _main                                                 0     0      0       0
           _Init_Internal_Oscillator
               _Init_Timer3_As_Timer
             _Init_Timer3_Interrupts
 ---------------------------------------------------------------------------------
 (1) _Init_Timer3_Interrupts                               0     0      0       0
 ---------------------------------------------------------------------------------
 (1) _Init_Timer3_As_Timer                                 0     0      0       0
 ---------------------------------------------------------------------------------
 (1) _Init_Internal_Oscillator                             0     0      0       0
 ---------------------------------------------------------------------------------
 Estimated maximum stack depth 1
 ---------------------------------------------------------------------------------
 (Depth) Function   	        Calls       Base Space   Used Autos Params    Refs
 ---------------------------------------------------------------------------------
 (2) _ISR                                                  1     1      0       0
                                              0 COMRAM     1     1      0
 ---------------------------------------------------------------------------------
 Estimated maximum stack depth 2
 ---------------------------------------------------------------------------------

 Call Graph Graphs:

 _main (ROOT)
   _Init_Internal_Oscillator
   _Init_Timer3_As_Timer
   _Init_Timer3_Interrupts

 _ISR (ROOT)

 Address spaces:
Name               Size   Autos  Total    Cost      Usage
BITCOMRAM           5E      0       0       0        0.0%
EEDATA             100      0       0       0        0.0%
NULL                 0      0       0       0        0.0%
CODE                 0      0       0       0        0.0%
COMRAM              5E      1       1       1        1.1%
STACK                0      0       0       2        0.0%
DATA                 0      0       0       3        0.0%
BITBANK0            A0      0       0       4        0.0%
BANK0               A0      0       0       5        0.0%
BITBANK1           100      0       0       6        0.0%
BANK1              100      0       0       7        0.0%
BITBANK2           100      0       0       8        0.0%
BANK2              100      0       0       9        0.0%
BITBANK3           100      0       0      10        0.0%
BANK3              100      0       0      11        0.0%
BITBANK4           100      0       0      12        0.0%
BANK4              100      0       0      13        0.0%
BITBANK5           100      0       0      14        0.0%
BANK5              100      0       0      15        0.0%
BITBANK6           100      0       0      16        0.0%
BANK6              100      0       0      17        0.0%
BITBANK7           100      0       0      18        0.0%
BANK7              100      0       0      19        0.0%
BITBIGSFRhhhh        D      0       0      20        0.0%
BITBIGSFRhhhlh      1E      0       0      21        0.0%
BITBIGSFRhhhll       2      0       0      22        0.0%
BITBIGSFRhhl        1C      0       0      23        0.0%
BITBIGSFRhl          F      0       0      24        0.0%
BITBIGSFRlhh         C      0       0      25        0.0%
BITBIGSFRlhl         8      0       0      26        0.0%
BITBIGSFRll         2A      0       0      27        0.0%
ABS                  0      0       0      28        0.0%
BIGRAM             7FF      0       0      29        0.0%
BIGSFR               0      0       0     200        0.0%
BITSFR               0      0       0     200        0.0%
SFR                  0      0       0     200        0.0%


Microchip Technology PIC18 Macro Assembler V2.41 build 20230208172133 
Symbol Table                                                                                   Fri Jun 02 20:35:51 2023

                              l61 00B6                                l55 0090                                l58 0076  
                             l741 006C                               l751 0078                               l743 006E  
                             l737 00AA                               l753 007C                               l745 0070  
                             l755 007E                               l747 0072                               l739 005C  
                             l771 0092                               l757 0084                               l749 0074  
                             l773 009E                               l759 008E                               l775 00A0  
                             _ISR 0008                              ?_ISR 0001                              _PIE2 0FA0  
                            _PIR2 0FA1                              i2l44 0058                              _RCON 0FD0  
                            _TMR3 0FB2                              _main 0092                              btemp 0002  
                            start 000E                      ___param_bank 0000                             ??_ISR 0001  
                           ?_main 0001                             _T3CON 0FB1                             i2l761 0014  
                           i2l763 0022                             i2l765 0030                             i2l767 004E  
                           i2l769 0056                             ttemp5 0003                             ttemp6 0006  
                           ttemp7 000A                             wtemp8 0003                   __initialization 00B8  
                    __end_of_main 00AA                            ??_main 0002                     __activetblptr 0000  
                          _INTCON 0FF2                            _OSCCON 0FD3                            i2u1_40 0022  
                          i2u1_41 001E                            i2u2_40 0030                            i2u2_41 002C  
                          i2u3_40 0042                            i2u3_41 003A                            i2u4_48 0044  
                          isa$std 0001                        __accesstop 0060           __end_of__initialization 00B8  
                   ___rparam_used 0001                    __pcstackCOMRAM 0001          ??_Init_Timer3_Interrupts 0002  
       ?_Init_Internal_Oscillator 0001                           __Hparam 0000                           __Lparam 0000  
                         __pcinit 00B8                           __ramtop 0800                           __ptext0 0092  
                         __ptext1 005C                           __ptext2 0078                           __ptext3 00AA  
                       _T3CONbits 0FB1      __end_of_Init_Timer3_As_Timer 0092                    __pintcode_body 0012  
            end_of_initialization 00B8                           int_func 0012                         _TRISBbits 0F93  
          _Init_Timer3_Interrupts 005C               start_initialization 00B8                       __end_of_ISR 005C  
__end_of_Init_Internal_Oscillator 00B8              _Init_Timer3_As_Timer 0078                         __pintcode 0008  
           ?_Init_Timer3_As_Timer 0001                          _LATBbits 0F8A                          _PIE2bits 0FA0  
                        _PIR2bits 0FA1          _Init_Internal_Oscillator 00AA                          _RCONbits 0FD0  
                        __Hrparam 0000                          __Lrparam 0000            ??_Init_Timer3_As_Timer 0002  
         ?_Init_Timer3_Interrupts 0001                          isa$xinst 0000                          int$flags 0002  
  __end_of_Init_Timer3_Interrupts 0078                        _INTCONbits 0FF2                          intlevel2 0000  
                      _OSCCONbits 0FD3        ??_Init_Internal_Oscillator 0002  
