

Microchip MPLAB XC8 Assembler V2.41 build 20230208172133 
                                                                                               Tue May 23 19:16:52 2023

Microchip MPLAB XC8 C Compiler v2.41 (Free license) build 20230208172133 Og1 
     1                           	processor	18F4550
     2                           	fnconf	rparam,??,?,0
     3                           	pagewidth 120
     4                           	opt	flic
     5                           	psect	cinit,global,reloc=2,class=CODE,delta=1
     6                           	psect	cstackCOMRAM,global,class=COMRAM,space=1,delta=1,lowdata,noexec
     7                           	psect	text0,global,reloc=2,class=CODE,delta=1
     8                           	psect	text1,global,reloc=2,class=CODE,delta=1
     9                           	psect	text2,global,reloc=2,class=CODE,delta=1
    10                           	psect	text3,global,reloc=2,class=CODE,delta=1
    11                           	psect	intcode,global,reloc=2,class=CODE,delta=1
    12                           	psect	intcode_body,global,reloc=2,class=CODE,delta=1
    13                           	psect	intsave_regs,global,class=BIGRAM,space=1,delta=1,noexec
    14                           	psect	rparam,global,class=COMRAM,space=1,delta=1,noexec
    15                           	psect	temp,global,ovrld,common,class=COMRAM,space=1,delta=1
    16                           	psect	idloc,global,abs,ovrld,class=IDLOC,space=5,delta=1,noexec
    17                           	psect	config,global,abs,ovrld,class=CONFIG,space=4,delta=1,noexec
    18   000000                     
    19                           ; Version 2.40
    20                           ; Generated 17/11/2021 GMT
    21                           ; 
    22                           ; Copyright © 2021, Microchip Technology Inc. and its subsidiaries ("Microchip")
    23                           ; All rights reserved.
    24                           ; 
    25                           ; This software is developed by Microchip Technology Inc. and its subsidiaries ("Microch
      +                          ip").
    26                           ; 
    27                           ; Redistribution and use in source and binary forms, with or without modification, are
    28                           ; permitted provided that the following conditions are met:
    29                           ; 
    30                           ;     1. Redistributions of source code must retain the above copyright notice, this lis
      +                          t of
    31                           ;        conditions and the following disclaimer.
    32                           ; 
    33                           ;     2. Redistributions in binary form must reproduce the above copyright notice, this 
      +                          list
    34                           ;        of conditions and the following disclaimer in the documentation and/or other
    35                           ;        materials provided with the distribution. Publication is not required when
    36                           ;        this file is used in an embedded application.
    37                           ; 
    38                           ;     3. Microchip's name may not be used to endorse or promote products derived from th
      +                          is
    39                           ;        software without specific prior written permission.
    40                           ; 
    41                           ; THIS SOFTWARE IS PROVIDED BY MICROCHIP "AS IS" AND ANY EXPRESS OR IMPLIED WARRANTIES,
    42                           ; INCLUDING, BUT NOT LIMITED TO, THE IMPLIED WARRANTIES OF MERCHANTABILITY AND FITNESS F
      +                          OR
    43                           ; PURPOSE ARE DISCLAIMED.  IN NO EVENT SHALL MICROCHIP BE LIABLE FOR ANY DIRECT, INDIREC
      +                          T,
    44                           ; INCIDENTAL, SPECIAL, EXEMPLARY, OR CONSEQUENTIAL DAMAGES (INCLUDING BUT NOT LIMITED TO
    45                           ; PROCUREMENT OF SUBSTITUTE GOODS OR SERVICES; LOSS OF USE, DATA OR PROFITS; OR BUSINESS
    46                           ; INTERRUPTION) HOWSOEVER CAUSED AND ON ANY THEORY OF LIABILITY, WHETHER IN CONTRACT, ST
      +                          RICT
    47                           ; LIABILITY, OR TORT (INCLUDING NEGLIGENCE OR OTHERWISE) ARISING IN ANY WAY OUT OF THE U
      +                          SE OF
    48                           ; THIS SOFTWARE, EVEN IF ADVISED OF THE POSSIBILITY OF SUCH DAMAGE.
    49                           ; 
    50                           ; 
    51                           ; Code-generator required, PIC18F4550 Definitions
    52                           ; 
    53                           ; SFR Addresses
    54   000000                     _INTCON2	set	4081
    55   000000                     _INTCON	set	4082
    56   000000                     _OSCCONbits	set	4051
    57   000000                     _INTCON2bits	set	4081
    58   000000                     _INTCONbits	set	4082
    59   000000                     _RCONbits	set	4048
    60   000000                     _INTCON3	set	4080
    61   000000                     _LATD	set	3980
    62   000000                     _INTCON3bits	set	4080
    63   000000                     _TRISBbits	set	3987
    64   000000                     _TRISDbits	set	3989
    65   000000                     _RCON	set	4048
    66   000000                     _OSCCON	set	4051
    67                           
    68                           ; #config settings
    69                           
    70                           	psect	cinit
    71   000096                     __pcinit:
    72                           	callstack 0
    73   000096                     start_initialization:
    74                           	callstack 0
    75   000096                     __initialization:
    76                           	callstack 0
    77   000096                     end_of_initialization:
    78                           	callstack 0
    79   000096                     __end_of__initialization:
    80                           	callstack 0
    81   000096  9003               	bcf	int$flags,0,c	;clear compiler interrupt flag (level 1)
    82   000098  9203               	bcf	int$flags,1,c	;clear compiler interrupt flag (level 2)
    83   00009A  0100               	movlb	0
    84   00009C  EF09  F000         	goto	_main	;jump to C main() function
    85                           
    86                           	psect	cstackCOMRAM
    87   000001                     __pcstackCOMRAM:
    88                           	callstack 0
    89   000001                     ??_main:
    90   000001                     
    91                           ; 2 bytes @ 0x0
    92   000001                     	ds	2
    93                           
    94 ;;
    95 ;;Main: autosize = 0, tempsize = 2, incstack = 0, save=0
    96 ;;
    97 ;; *************** function _main *****************
    98 ;; Defined at:
    99 ;;		line 40 in file "main.c"
   100 ;; Parameters:    Size  Location     Type
   101 ;;		None
   102 ;; Auto vars:     Size  Location     Type
   103 ;;		None
   104 ;; Return value:  Size  Location     Type
   105 ;;                  2   44[None  ] int 
   106 ;; Registers used:
   107 ;;		wreg, status,2, status,0, cstack
   108 ;; Tracked objects:
   109 ;;		On entry : 0/0
   110 ;;		On exit  : 0/0
   111 ;;		Unchanged: 0/0
   112 ;; Data sizes:     COMRAM   BANK0   BANK1   BANK2   BANK3   BANK4   BANK5   BANK6   BANK7
   113 ;;      Params:         0       0       0       0       0       0       0       0       0
   114 ;;      Locals:         0       0       0       0       0       0       0       0       0
   115 ;;      Temps:          2       0       0       0       0       0       0       0       0
   116 ;;      Totals:         2       0       0       0       0       0       0       0       0
   117 ;;Total ram usage:        2 bytes
   118 ;; Hardware stack levels required when called: 2
   119 ;; This function calls:
   120 ;;		_Init_External_Interrupt3
   121 ;;		_Init_GPIO_System
   122 ;;		_Init_Internal_Oscillator
   123 ;; This function is called by:
   124 ;;		Startup code after reset
   125 ;; This function uses a non-reentrant model
   126 ;;
   127                           
   128                           	psect	text0
   129   000012                     __ptext0:
   130                           	callstack 0
   131   000012                     _main:
   132                           	callstack 29
   133   000012                     
   134                           ;main.c: 43:     Init_Internal_Oscillator();
   135   000012  EC43  F000         	call	_Init_Internal_Oscillator	;wreg free
   136   000016                     
   137                           ;main.c: 45:     Init_GPIO_System();
   138   000016  EC50  F000         	call	_Init_GPIO_System	;wreg free
   139   00001A                     
   140                           ;main.c: 47:     Init_External_Interrupt3();
   141   00001A  EC35  F000         	call	_Init_External_Interrupt3	;wreg free
   142   00001E                     l765:
   143                           
   144                           ;main.c: 49:     {;main.c: 50:         LATD ^= (1 << 0x0);
   145   00001E  0E01               	movlw	1
   146   000020  1A8C               	xorwf	140,f,c	;volatile
   147   000022                     
   148                           ;main.c: 51:         _delay((unsigned long)((150)*(8000000UL/4000.0)));
   149   000022  0E02               	movlw	2
   150   000024  6E02               	movwf	(??_main+1)^0,c
   151   000026  0E86               	movlw	134
   152   000028  6E01               	movwf	??_main^0,c
   153   00002A  0E99               	movlw	153
   154   00002C                     u37:
   155   00002C  2EE8               	decfsz	wreg,f,c
   156   00002E  D7FE               	bra	u37
   157   000030  2E01               	decfsz	??_main^0,f,c
   158   000032  D7FC               	bra	u37
   159   000034  2E02               	decfsz	(??_main+1)^0,f,c
   160   000036  D7FA               	bra	u37
   161   000038  F000               	nop	
   162   00003A  EF0F  F000         	goto	l765
   163   00003E  EF07  F000         	goto	start
   164   000042                     __end_of_main:
   165                           	callstack 0
   166                           
   167 ;; *************** function _Init_Internal_Oscillator *****************
   168 ;; Defined at:
   169 ;;		line 84 in file "main.c"
   170 ;; Parameters:    Size  Location     Type
   171 ;;		None
   172 ;; Auto vars:     Size  Location     Type
   173 ;;		None
   174 ;; Return value:  Size  Location     Type
   175 ;;                  1    wreg      void 
   176 ;; Registers used:
   177 ;;		wreg, status,2
   178 ;; Tracked objects:
   179 ;;		On entry : 0/0
   180 ;;		On exit  : 0/0
   181 ;;		Unchanged: 0/0
   182 ;; Data sizes:     COMRAM   BANK0   BANK1   BANK2   BANK3   BANK4   BANK5   BANK6   BANK7
   183 ;;      Params:         0       0       0       0       0       0       0       0       0
   184 ;;      Locals:         0       0       0       0       0       0       0       0       0
   185 ;;      Temps:          0       0       0       0       0       0       0       0       0
   186 ;;      Totals:         0       0       0       0       0       0       0       0       0
   187 ;;Total ram usage:        0 bytes
   188 ;; Hardware stack levels used: 1
   189 ;; Hardware stack levels required when called: 1
   190 ;; This function calls:
   191 ;;		Nothing
   192 ;; This function is called by:
   193 ;;		_main
   194 ;; This function uses a non-reentrant model
   195 ;;
   196                           
   197                           	psect	text1
   198   000086                     __ptext1:
   199                           	callstack 0
   200   000086                     _Init_Internal_Oscillator:
   201                           	callstack 29
   202   000086                     
   203                           ;main.c: 87:     OSCCON = 0x00;
   204   000086  0E00               	movlw	0
   205   000088  6ED3               	movwf	211,c	;volatile
   206   00008A                     
   207                           ;main.c: 90:     OSCCONbits.IDLEN = 0;
   208   00008A  9ED3               	bcf	211,7,c	;volatile
   209                           
   210                           ;main.c: 91:     OSCCONbits.IRCF = 0b111;
   211   00008C  0E70               	movlw	112
   212   00008E  12D3               	iorwf	211,f,c	;volatile
   213                           
   214                           ;main.c: 92:     OSCCONbits.SCS = 0b11;
   215   000090  0E03               	movlw	3
   216   000092  12D3               	iorwf	211,f,c	;volatile
   217   000094  0012               	return		;funcret
   218   000096                     __end_of_Init_Internal_Oscillator:
   219                           	callstack 0
   220                           
   221 ;; *************** function _Init_GPIO_System *****************
   222 ;; Defined at:
   223 ;;		line 74 in file "main.c"
   224 ;; Parameters:    Size  Location     Type
   225 ;;		None
   226 ;; Auto vars:     Size  Location     Type
   227 ;;		None
   228 ;; Return value:  Size  Location     Type
   229 ;;                  1    wreg      void 
   230 ;; Registers used:
   231 ;;		None
   232 ;; Tracked objects:
   233 ;;		On entry : 0/0
   234 ;;		On exit  : 0/0
   235 ;;		Unchanged: 0/0
   236 ;; Data sizes:     COMRAM   BANK0   BANK1   BANK2   BANK3   BANK4   BANK5   BANK6   BANK7
   237 ;;      Params:         0       0       0       0       0       0       0       0       0
   238 ;;      Locals:         0       0       0       0       0       0       0       0       0
   239 ;;      Temps:          0       0       0       0       0       0       0       0       0
   240 ;;      Totals:         0       0       0       0       0       0       0       0       0
   241 ;;Total ram usage:        0 bytes
   242 ;; Hardware stack levels used: 1
   243 ;; Hardware stack levels required when called: 1
   244 ;; This function calls:
   245 ;;		Nothing
   246 ;; This function is called by:
   247 ;;		_main
   248 ;; This function uses a non-reentrant model
   249 ;;
   250                           
   251                           	psect	text2
   252   0000A0                     __ptext2:
   253                           	callstack 0
   254   0000A0                     _Init_GPIO_System:
   255                           	callstack 29
   256   0000A0                     
   257                           ;main.c: 77:     TRISDbits.RD0 = 0;
   258   0000A0  9095               	bcf	149,0,c	;volatile
   259                           
   260                           ;main.c: 78:     TRISDbits.RD1 = 0;
   261   0000A2  9295               	bcf	149,1,c	;volatile
   262                           
   263                           ;main.c: 81:     TRISBbits.RB2 = 1;
   264   0000A4  8493               	bsf	147,2,c	;volatile
   265   0000A6  0012               	return		;funcret
   266   0000A8                     __end_of_Init_GPIO_System:
   267                           	callstack 0
   268                           
   269 ;; *************** function _Init_External_Interrupt3 *****************
   270 ;; Defined at:
   271 ;;		line 58 in file "main.c"
   272 ;; Parameters:    Size  Location     Type
   273 ;;		None
   274 ;; Auto vars:     Size  Location     Type
   275 ;;		None
   276 ;; Return value:  Size  Location     Type
   277 ;;                  1    wreg      void 
   278 ;; Registers used:
   279 ;;		wreg, status,2
   280 ;; Tracked objects:
   281 ;;		On entry : 0/0
   282 ;;		On exit  : 0/0
   283 ;;		Unchanged: 0/0
   284 ;; Data sizes:     COMRAM   BANK0   BANK1   BANK2   BANK3   BANK4   BANK5   BANK6   BANK7
   285 ;;      Params:         0       0       0       0       0       0       0       0       0
   286 ;;      Locals:         0       0       0       0       0       0       0       0       0
   287 ;;      Temps:          0       0       0       0       0       0       0       0       0
   288 ;;      Totals:         0       0       0       0       0       0       0       0       0
   289 ;;Total ram usage:        0 bytes
   290 ;; Hardware stack levels used: 1
   291 ;; Hardware stack levels required when called: 1
   292 ;; This function calls:
   293 ;;		Nothing
   294 ;; This function is called by:
   295 ;;		_main
   296 ;; This function uses a non-reentrant model
   297 ;;
   298                           
   299                           	psect	text3
   300   00006A                     __ptext3:
   301                           	callstack 0
   302   00006A                     _Init_External_Interrupt3:
   303                           	callstack 29
   304   00006A                     
   305                           ;main.c: 61:     INTCON = 0x00;
   306   00006A  0E00               	movlw	0
   307   00006C  6EF2               	movwf	242,c	;volatile
   308                           
   309                           ;main.c: 62:     INTCON2 = 0x00;
   310   00006E  0E00               	movlw	0
   311   000070  6EF1               	movwf	241,c	;volatile
   312                           
   313                           ;main.c: 63:     INTCON3 = 0x00;
   314   000072  0E00               	movlw	0
   315   000074  6EF0               	movwf	240,c	;volatile
   316                           
   317                           ;main.c: 64:     RCON = 0x00;
   318   000076  0E00               	movlw	0
   319   000078  6ED0               	movwf	208,c	;volatile
   320   00007A                     
   321                           ;main.c: 67:     RCONbits.IPEN = 0;
   322   00007A  9ED0               	bcf	208,7,c	;volatile
   323   00007C                     
   324                           ;main.c: 68:     INTCONbits.GIE = 1;
   325   00007C  8EF2               	bsf	242,7,c	;volatile
   326   00007E                     
   327                           ;main.c: 69:     INTCON2bits.INTEDG2 = 1;
   328   00007E  88F1               	bsf	241,4,c	;volatile
   329   000080                     
   330                           ;main.c: 70:     INTCON3bits.INT2IE = 1;
   331   000080  88F0               	bsf	240,4,c	;volatile
   332   000082                     
   333                           ;main.c: 71:     INTCON3bits.INT2IF = 0;
   334   000082  92F0               	bcf	240,1,c	;volatile
   335   000084  0012               	return		;funcret
   336   000086                     __end_of_Init_External_Interrupt3:
   337                           	callstack 0
   338                           
   339 ;; *************** function _INT2_ISR *****************
   340 ;; Defined at:
   341 ;;		line 22 in file "main.c"
   342 ;; Parameters:    Size  Location     Type
   343 ;;		None
   344 ;; Auto vars:     Size  Location     Type
   345 ;;		None
   346 ;; Return value:  Size  Location     Type
   347 ;;                  1    wreg      void 
   348 ;; Registers used:
   349 ;;		wreg, status,2, status,0
   350 ;; Tracked objects:
   351 ;;		On entry : 0/0
   352 ;;		On exit  : 0/0
   353 ;;		Unchanged: 0/0
   354 ;; Data sizes:     COMRAM   BANK0   BANK1   BANK2   BANK3   BANK4   BANK5   BANK6   BANK7
   355 ;;      Params:         0       0       0       0       0       0       0       0       0
   356 ;;      Locals:         0       0       0       0       0       0       0       0       0
   357 ;;      Temps:          0       0       0       0       0       0       0       0       0
   358 ;;      Totals:         0       0       0       0       0       0       0       0       0
   359 ;;Total ram usage:        0 bytes
   360 ;; Hardware stack levels used: 1
   361 ;; This function calls:
   362 ;;		Nothing
   363 ;; This function is called by:
   364 ;;		Interrupt level 2
   365 ;; This function uses a non-reentrant model
   366 ;;
   367                           
   368                           	psect	intcode
   369   000008                     __pintcode:
   370                           	callstack 0
   371   000008                     _INT2_ISR:
   372                           	callstack 29
   373                           
   374                           ;incstack = 0
   375   000008  8203               	bsf	int$flags,1,c	;set compiler interrupt flag (level 2)
   376   00000A  ED21  F000         	call	int_func,f	;refresh shadow registers
   377                           
   378                           	psect	intcode_body
   379   000042                     __pintcode_body:
   380                           	callstack 29
   381   000042                     int_func:
   382                           	callstack 29
   383   000042  0006               	pop		; remove dummy address from shadow register refresh
   384   000044                     
   385                           ;main.c: 24:     if(INTCON3bits.INT2IE && INTCON3bits.INT2IF)
   386   000044  A8F0               	btfss	240,4,c	;volatile
   387   000046  EF27  F000         	goto	i2u1_41
   388   00004A  EF29  F000         	goto	i2u1_40
   389   00004E                     i2u1_41:
   390   00004E  EF33  F000         	goto	i2l40
   391   000052                     i2u1_40:
   392   000052  A2F0               	btfss	240,1,c	;volatile
   393   000054  EF2E  F000         	goto	i2u2_41
   394   000058  EF30  F000         	goto	i2u2_40
   395   00005C                     i2u2_41:
   396   00005C  EF33  F000         	goto	i2l40
   397   000060                     i2u2_40:
   398   000060                     
   399                           ;main.c: 25:     {;main.c: 27:         LATD ^= (1 << 0x1);
   400   000060  0E02               	movlw	2
   401   000062  1A8C               	xorwf	140,f,c	;volatile
   402   000064                     
   403                           ;main.c: 29:         INTCON3bits.INT2IF = 0;
   404   000064  92F0               	bcf	240,1,c	;volatile
   405   000066                     i2l40:
   406   000066  9203               	bcf	int$flags,1,c	;clear compiler interrupt flag (level 2)
   407   000068  0011               	retfie		f
   408   00006A                     __end_of_INT2_ISR:
   409                           	callstack 0
   410   000000                     
   411                           	psect	rparam
   412   000000                     
   413                           	psect	temp
   414   000003                     btemp:
   415                           	callstack 0
   416   000003                     	ds	1
   417   000000                     int$flags	set	btemp
   418   000000                     wtemp8	set	btemp+1
   419   000000                     ttemp5	set	btemp+1
   420   000000                     ttemp6	set	btemp+4
   421   000000                     ttemp7	set	btemp+8
   422                           
   423                           	psect	idloc
   424                           
   425                           ;Config register IDLOC0 @ 0x200000
   426                           ;	unspecified, using default values
   427   200000                     	org	2097152
   428   200000  FF                 	db	255
   429                           
   430                           ;Config register IDLOC1 @ 0x200001
   431                           ;	unspecified, using default values
   432   200001                     	org	2097153
   433   200001  FF                 	db	255
   434                           
   435                           ;Config register IDLOC2 @ 0x200002
   436                           ;	unspecified, using default values
   437   200002                     	org	2097154
   438   200002  FF                 	db	255
   439                           
   440                           ;Config register IDLOC3 @ 0x200003
   441                           ;	unspecified, using default values
   442   200003                     	org	2097155
   443   200003  FF                 	db	255
   444                           
   445                           ;Config register IDLOC4 @ 0x200004
   446                           ;	unspecified, using default values
   447   200004                     	org	2097156
   448   200004  FF                 	db	255
   449                           
   450                           ;Config register IDLOC5 @ 0x200005
   451                           ;	unspecified, using default values
   452   200005                     	org	2097157
   453   200005  FF                 	db	255
   454                           
   455                           ;Config register IDLOC6 @ 0x200006
   456                           ;	unspecified, using default values
   457   200006                     	org	2097158
   458   200006  FF                 	db	255
   459                           
   460                           ;Config register IDLOC7 @ 0x200007
   461                           ;	unspecified, using default values
   462   200007                     	org	2097159
   463   200007  FF                 	db	255
   464                           
   465                           	psect	config
   466                           
   467                           ;Config register CONFIG1L @ 0x300000
   468                           ;	PLL Prescaler Selection bits
   469                           ;	PLLDIV = 1, No prescale (4 MHz oscillator input drives PLL directly)
   470                           ;	System Clock Postscaler Selection bits
   471                           ;	CPUDIV = OSC1_PLL2, [Primary Oscillator Src: /1][96 MHz PLL Src: /2]
   472                           ;	USB Clock Selection bit (used in Full-Speed USB mode only; UCFG:FSEN = 1)
   473                           ;	USBDIV = 1, USB clock source comes directly from the primary oscillator block with no 
      +                          postscale
   474   300000                     	org	3145728
   475   300000  00                 	db	0
   476                           
   477                           ;Config register CONFIG1H @ 0x300001
   478                           ;	Oscillator Selection bits
   479                           ;	FOSC = INTOSC_HS, Internal oscillator, HS oscillator used by USB (INTHS)
   480                           ;	Fail-Safe Clock Monitor Enable bit
   481                           ;	FCMEN = OFF, Fail-Safe Clock Monitor disabled
   482                           ;	Internal/External Oscillator Switchover bit
   483                           ;	IESO = OFF, Oscillator Switchover mode disabled
   484   300001                     	org	3145729
   485   300001  0B                 	db	11
   486                           
   487                           ;Config register CONFIG2L @ 0x300002
   488                           ;	Power-up Timer Enable bit
   489                           ;	PWRT = OFF, PWRT disabled
   490                           ;	Brown-out Reset Enable bits
   491                           ;	BOR = OFF, Brown-out Reset disabled in hardware and software
   492                           ;	Brown-out Reset Voltage bits
   493                           ;	BORV = 3, Minimum setting 2.05V
   494                           ;	USB Voltage Regulator Enable bit
   495                           ;	VREGEN = OFF, USB voltage regulator disabled
   496   300002                     	org	3145730
   497   300002  19                 	db	25
   498                           
   499                           ;Config register CONFIG2H @ 0x300003
   500                           ;	Watchdog Timer Enable bit
   501                           ;	WDT = OFF, WDT disabled (control is placed on the SWDTEN bit)
   502                           ;	Watchdog Timer Postscale Select bits
   503                           ;	WDTPS = 32768, 1:32768
   504   300003                     	org	3145731
   505   300003  1E                 	db	30
   506                           
   507                           ; Padding undefined space
   508   300004                     	org	3145732
   509   300004  FF                 	db	255
   510                           
   511                           ;Config register CONFIG3H @ 0x300005
   512                           ;	CCP2 MUX bit
   513                           ;	CCP2MX = OFF, CCP2 input/output is multiplexed with RB3
   514                           ;	PORTB A/D Enable bit
   515                           ;	PBADEN = OFF, PORTB<4:0> pins are configured as digital I/O on Reset
   516                           ;	Low-Power Timer 1 Oscillator Enable bit
   517                           ;	LPT1OSC = OFF, Timer1 configured for higher power operation
   518                           ;	MCLR Pin Enable bit
   519                           ;	MCLRE = ON, MCLR pin enabled; RE3 input pin disabled
   520   300005                     	org	3145733
   521   300005  80                 	db	128
   522                           
   523                           ;Config register CONFIG4L @ 0x300006
   524                           ;	Stack Full/Underflow Reset Enable bit
   525                           ;	STVREN = OFF, Stack full/underflow will not cause Reset
   526                           ;	Single-Supply ICSP Enable bit
   527                           ;	LVP = OFF, Single-Supply ICSP disabled
   528                           ;	Dedicated In-Circuit Debug/Programming Port (ICPORT) Enable bit
   529                           ;	ICPRT = OFF, ICPORT disabled
   530                           ;	Extended Instruction Set Enable bit
   531                           ;	XINST = OFF, Instruction set extension and Indexed Addressing mode disabled (Legacy mo
      +                          de)
   532                           ;	Background Debugger Enable bit
   533                           ;	DEBUG = 0x1, unprogrammed default
   534   300006                     	org	3145734
   535   300006  80                 	db	128
   536                           
   537                           ; Padding undefined space
   538   300007                     	org	3145735
   539   300007  FF                 	db	255
   540                           
   541                           ;Config register CONFIG5L @ 0x300008
   542                           ;	Code Protection bit
   543                           ;	CP0 = OFF, Block 0 (000800-001FFFh) is not code-protected
   544                           ;	Code Protection bit
   545                           ;	CP1 = OFF, Block 1 (002000-003FFFh) is not code-protected
   546                           ;	Code Protection bit
   547                           ;	CP2 = OFF, Block 2 (004000-005FFFh) is not code-protected
   548                           ;	Code Protection bit
   549                           ;	CP3 = OFF, Block 3 (006000-007FFFh) is not code-protected
   550   300008                     	org	3145736
   551   300008  0F                 	db	15
   552                           
   553                           ;Config register CONFIG5H @ 0x300009
   554                           ;	Boot Block Code Protection bit
   555                           ;	CPB = OFF, Boot block (000000-0007FFh) is not code-protected
   556                           ;	Data EEPROM Code Protection bit
   557                           ;	CPD = OFF, Data EEPROM is not code-protected
   558   300009                     	org	3145737
   559   300009  C0                 	db	192
   560                           
   561                           ;Config register CONFIG6L @ 0x30000A
   562                           ;	Write Protection bit
   563                           ;	WRT0 = OFF, Block 0 (000800-001FFFh) is not write-protected
   564                           ;	Write Protection bit
   565                           ;	WRT1 = OFF, Block 1 (002000-003FFFh) is not write-protected
   566                           ;	Write Protection bit
   567                           ;	WRT2 = OFF, Block 2 (004000-005FFFh) is not write-protected
   568                           ;	Write Protection bit
   569                           ;	WRT3 = OFF, Block 3 (006000-007FFFh) is not write-protected
   570   30000A                     	org	3145738
   571   30000A  0F                 	db	15
   572                           
   573                           ;Config register CONFIG6H @ 0x30000B
   574                           ;	Configuration Register Write Protection bit
   575                           ;	WRTC = OFF, Configuration registers (300000-3000FFh) are not write-protected
   576                           ;	Boot Block Write Protection bit
   577                           ;	WRTB = OFF, Boot block (000000-0007FFh) is not write-protected
   578                           ;	Data EEPROM Write Protection bit
   579                           ;	WRTD = OFF, Data EEPROM is not write-protected
   580   30000B                     	org	3145739
   581   30000B  E0                 	db	224
   582                           
   583                           ;Config register CONFIG7L @ 0x30000C
   584                           ;	Table Read Protection bit
   585                           ;	EBTR0 = OFF, Block 0 (000800-001FFFh) is not protected from table reads executed in ot
      +                          her blocks
   586                           ;	Table Read Protection bit
   587                           ;	EBTR1 = OFF, Block 1 (002000-003FFFh) is not protected from table reads executed in ot
      +                          her blocks
   588                           ;	Table Read Protection bit
   589                           ;	EBTR2 = OFF, Block 2 (004000-005FFFh) is not protected from table reads executed in ot
      +                          her blocks
   590                           ;	Table Read Protection bit
   591                           ;	EBTR3 = OFF, Block 3 (006000-007FFFh) is not protected from table reads executed in ot
      +                          her blocks
   592   30000C                     	org	3145740
   593   30000C  0F                 	db	15
   594                           
   595                           ;Config register CONFIG7H @ 0x30000D
   596                           ;	Boot Block Table Read Protection bit
   597                           ;	EBTRB = OFF, Boot block (000000-0007FFh) is not protected from table reads executed in
      +                           other blocks
   598   30000D                     	org	3145741
   599   30000D  40                 	db	64
   600                           tosu	equ	0xFFF
   601                           tosh	equ	0xFFE
   602                           tosl	equ	0xFFD
   603                           stkptr	equ	0xFFC
   604                           pclatu	equ	0xFFB
   605                           pclath	equ	0xFFA
   606                           pcl	equ	0xFF9
   607                           tblptru	equ	0xFF8
   608                           tblptrh	equ	0xFF7
   609                           tblptrl	equ	0xFF6
   610                           tablat	equ	0xFF5
   611                           prodh	equ	0xFF4
   612                           prodl	equ	0xFF3
   613                           indf0	equ	0xFEF
   614                           postinc0	equ	0xFEE
   615                           postdec0	equ	0xFED
   616                           preinc0	equ	0xFEC
   617                           plusw0	equ	0xFEB
   618                           fsr0h	equ	0xFEA
   619                           fsr0l	equ	0xFE9
   620                           wreg	equ	0xFE8
   621                           indf1	equ	0xFE7
   622                           postinc1	equ	0xFE6
   623                           postdec1	equ	0xFE5
   624                           preinc1	equ	0xFE4
   625                           plusw1	equ	0xFE3
   626                           fsr1h	equ	0xFE2
   627                           fsr1l	equ	0xFE1
   628                           bsr	equ	0xFE0
   629                           indf2	equ	0xFDF
   630                           postinc2	equ	0xFDE
   631                           postdec2	equ	0xFDD
   632                           preinc2	equ	0xFDC
   633                           plusw2	equ	0xFDB
   634                           fsr2h	equ	0xFDA
   635                           fsr2l	equ	0xFD9
   636                           status	equ	0xFD8

Data Sizes:
    Strings     0
    Constant    0
    Data        0
    BSS         0
    Persistent  0
    Stack       0

Auto Spaces:
    Space          Size  Autos    Used
    COMRAM           94      2       2
    BANK0           160      0       0
    BANK1           256      0       0
    BANK2           256      0       0
    BANK3           256      0       0
    BANK4           256      0       0
    BANK5           256      0       0
    BANK6           256      0       0
    BANK7           256      0       0

Pointer List with Targets:

    None.

Critical Paths under _main in COMRAM

    None.

Critical Paths under _INT2_ISR in COMRAM

    None.

Critical Paths under _main in BANK0

    None.

Critical Paths under _INT2_ISR in BANK0

    None.

Critical Paths under _main in BANK1

    None.

Critical Paths under _INT2_ISR in BANK1

    None.

Critical Paths under _main in BANK2

    None.

Critical Paths under _INT2_ISR in BANK2

    None.

Critical Paths under _main in BANK3

    None.

Critical Paths under _INT2_ISR in BANK3

    None.

Critical Paths under _main in BANK4

    None.

Critical Paths under _INT2_ISR in BANK4

    None.

Critical Paths under _main in BANK5

    None.

Critical Paths under _INT2_ISR in BANK5

    None.

Critical Paths under _main in BANK6

    None.

Critical Paths under _INT2_ISR in BANK6

    None.

Critical Paths under _main in BANK7

    None.

Critical Paths under _INT2_ISR in BANK7

    None.

Call Graph Tables:

 ---------------------------------------------------------------------------------
 (Depth) Function   	        Calls       Base Space   Used Autos Params    Refs
 ---------------------------------------------------------------------------------
 (0) _main                                                 2     2      0       0
                                              0 COMRAM     2     2      0
           _Init_External_Interrupt3
                   _Init_GPIO_System
           _Init_Internal_Oscillator
 ---------------------------------------------------------------------------------
 (1) _Init_Internal_Oscillator                             0     0      0       0
 ---------------------------------------------------------------------------------
 (1) _Init_GPIO_System                                     0     0      0       0
 ---------------------------------------------------------------------------------
 (1) _Init_External_Interrupt3                             0     0      0       0
 ---------------------------------------------------------------------------------
 Estimated maximum stack depth 1
 ---------------------------------------------------------------------------------
 (Depth) Function   	        Calls       Base Space   Used Autos Params    Refs
 ---------------------------------------------------------------------------------
 (2) _INT2_ISR                                             0     0      0       0
 ---------------------------------------------------------------------------------
 Estimated maximum stack depth 2
 ---------------------------------------------------------------------------------

 Call Graph Graphs:

 _main (ROOT)
   _Init_External_Interrupt3
   _Init_GPIO_System
   _Init_Internal_Oscillator

 _INT2_ISR (ROOT)

 Address spaces:
Name               Size   Autos  Total    Cost      Usage
BITCOMRAM           5E      0       0       0        0.0%
EEDATA             100      0       0       0        0.0%
NULL                 0      0       0       0        0.0%
CODE                 0      0       0       0        0.0%
COMRAM              5E      2       2       1        2.1%
STACK                0      0       0       2        0.0%
DATA                 0      0       0       3        0.0%
BITBANK0            A0      0       0       4        0.0%
BANK0               A0      0       0       5        0.0%
BITBANK1           100      0       0       6        0.0%
BANK1              100      0       0       7        0.0%
BITBANK2           100      0       0       8        0.0%
BANK2              100      0       0       9        0.0%
BITBANK3           100      0       0      10        0.0%
BANK3              100      0       0      11        0.0%
BITBANK4           100      0       0      12        0.0%
BANK4              100      0       0      13        0.0%
BITBANK5           100      0       0      14        0.0%
BANK5              100      0       0      15        0.0%
BITBANK6           100      0       0      16        0.0%
BANK6              100      0       0      17        0.0%
BITBANK7           100      0       0      18        0.0%
BANK7              100      0       0      19        0.0%
BITBIGSFRhh          D      0       0      20        0.0%
BITBIGSFRlhhh       1C      0       0      21        0.0%
BITBIGSFRlhhl        2      0       0      22        0.0%
BITBIGSFRlhlh       3A      0       0      23        0.0%
BITBIGSFRlhllh       1      0       0      24        0.0%
BITBIGSFRlhlll       6      0       0      25        0.0%
BITBIGSFRll         2C      0       0      26        0.0%
ABS                  0      0       0      27        0.0%
BIGRAM             7FF      0       0      28        0.0%
BIGSFR               0      0       0     200        0.0%
BITSFR               0      0       0     200        0.0%
SFR                  0      0       0     200        0.0%


Microchip Technology PIC18 Macro Assembler V2.41 build 20230208172133 
Symbol Table                                                                                   Tue May 23 19:16:52 2023

                              l51 0084                                l54 00A6                                l57 0094  
                              u37 002C                               l741 007A                               l733 0086  
                             l743 007C                               l735 008A                               l745 007E  
                             l737 00A0                               l761 0016                               l747 0080  
                             l739 006A                               l763 001A                               l749 0082  
                             l765 001E                               l767 0022                               l759 0012  
                             wreg 0FE8          _Init_External_Interrupt3 006A                              _LATD 0F8C  
                            i2l40 0066                              _RCON 0FD0                              _main 0012  
                            btemp 0003                              start 000E                      ___param_bank 0000  
                __end_of_INT2_ISR 006A                             ?_main 0001                             i2l751 0044  
                           i2l753 0052                             i2l755 0060                             i2l757 0064  
                _Init_GPIO_System 00A0                             ttemp5 0004                             ttemp6 0007  
                           ttemp7 000B                             wtemp8 0004                   __initialization 0096  
                    __end_of_main 0042                            ??_main 0001                     __activetblptr 0000  
                          _INTCON 0FF2                            _OSCCON 0FD3                            i2u1_40 0052  
                          i2u1_41 004E                            i2u2_40 0060                            i2u2_41 005C  
                          isa$std 0001                        __accesstop 0060           __end_of__initialization 0096  
                       ?_INT2_ISR 0001                     ___rparam_used 0001                    __pcstackCOMRAM 0001  
      ??_Init_External_Interrupt3 0001                        ??_INT2_ISR 0001          __end_of_Init_GPIO_System 00A8  
       ?_Init_Internal_Oscillator 0001                           _INTCON2 0FF1                           _INTCON3 0FF0  
                         __Hparam 0000                           __Lparam 0000                           __pcinit 0096  
                         __ramtop 0800                           __ptext0 0012                           __ptext1 0086  
                         __ptext2 00A0                           __ptext3 006A                    __pintcode_body 0042  
            end_of_initialization 0096                           int_func 0042                         _TRISBbits 0F93  
                       _TRISDbits 0F95               start_initialization 0096  __end_of_Init_Internal_Oscillator 0096  
               ?_Init_GPIO_System 0001                ??_Init_GPIO_System 0001         ?_Init_External_Interrupt3 0001  
                       __pintcode 0008                          _INT2_ISR 0008          _Init_Internal_Oscillator 0086  
                        _RCONbits 0FD0                       _INTCON2bits 0FF1                       _INTCON3bits 0FF0  
                        __Hrparam 0000                          __Lrparam 0000                          isa$xinst 0000  
                        int$flags 0003  __end_of_Init_External_Interrupt3 0086                        _INTCONbits 0FF2  
                        intlevel2 0000                        _OSCCONbits 0FD3        ??_Init_Internal_Oscillator 0001  
