

Microchip MPLAB XC8 Assembler V2.41 build 20230208172133 
                                                                                               Tue May 23 18:55:32 2023

Microchip MPLAB XC8 C Compiler v2.41 (Free license) build 20230208172133 Og1 
     1                           	processor	18F4550
     2                           	fnconf	rparam,??,?,0
     3                           	pagewidth 120
     4                           	opt	flic
     5                           	psect	cinit,global,reloc=2,class=CODE,delta=1
     6                           	psect	cstackCOMRAM,global,class=COMRAM,space=1,delta=1,lowdata,noexec
     7                           	psect	text0,global,reloc=2,class=CODE,delta=1
     8                           	psect	text1,global,reloc=2,class=CODE,delta=1
     9                           	psect	text2,global,reloc=2,class=CODE,delta=1
    10                           	psect	text3,global,reloc=2,class=CODE,delta=1
    11                           	psect	intcode,global,reloc=2,class=CODE,delta=1
    12                           	psect	intcode_body,global,reloc=2,class=CODE,delta=1
    13                           	psect	intsave_regs,global,class=BIGRAM,space=1,delta=1,noexec
    14                           	psect	rparam,global,class=COMRAM,space=1,delta=1,noexec
    15                           	psect	temp,global,ovrld,common,class=COMRAM,space=1,delta=1
    16                           	psect	idloc,global,abs,ovrld,class=IDLOC,space=5,delta=1,noexec
    17                           	psect	config,global,abs,ovrld,class=CONFIG,space=4,delta=1,noexec
    18   000000                     
    19                           ; Version 2.40
    20                           ; Generated 17/11/2021 GMT
    21                           ; 
    22                           ; Copyright © 2021, Microchip Technology Inc. and its subsidiaries ("Microchip")
    23                           ; All rights reserved.
    24                           ; 
    25                           ; This software is developed by Microchip Technology Inc. and its subsidiaries ("Microch
      +                          ip").
    26                           ; 
    27                           ; Redistribution and use in source and binary forms, with or without modification, are
    28                           ; permitted provided that the following conditions are met:
    29                           ; 
    30                           ;     1. Redistributions of source code must retain the above copyright notice, this lis
      +                          t of
    31                           ;        conditions and the following disclaimer.
    32                           ; 
    33                           ;     2. Redistributions in binary form must reproduce the above copyright notice, this 
      +                          list
    34                           ;        of conditions and the following disclaimer in the documentation and/or other
    35                           ;        materials provided with the distribution. Publication is not required when
    36                           ;        this file is used in an embedded application.
    37                           ; 
    38                           ;     3. Microchip's name may not be used to endorse or promote products derived from th
      +                          is
    39                           ;        software without specific prior written permission.
    40                           ; 
    41                           ; THIS SOFTWARE IS PROVIDED BY MICROCHIP "AS IS" AND ANY EXPRESS OR IMPLIED WARRANTIES,
    42                           ; INCLUDING, BUT NOT LIMITED TO, THE IMPLIED WARRANTIES OF MERCHANTABILITY AND FITNESS F
      +                          OR
    43                           ; PURPOSE ARE DISCLAIMED.  IN NO EVENT SHALL MICROCHIP BE LIABLE FOR ANY DIRECT, INDIREC
      +                          T,
    44                           ; INCIDENTAL, SPECIAL, EXEMPLARY, OR CONSEQUENTIAL DAMAGES (INCLUDING BUT NOT LIMITED TO
    45                           ; PROCUREMENT OF SUBSTITUTE GOODS OR SERVICES; LOSS OF USE, DATA OR PROFITS; OR BUSINESS
    46                           ; INTERRUPTION) HOWSOEVER CAUSED AND ON ANY THEORY OF LIABILITY, WHETHER IN CONTRACT, ST
      +                          RICT
    47                           ; LIABILITY, OR TORT (INCLUDING NEGLIGENCE OR OTHERWISE) ARISING IN ANY WAY OUT OF THE U
      +                          SE OF
    48                           ; THIS SOFTWARE, EVEN IF ADVISED OF THE POSSIBILITY OF SUCH DAMAGE.
    49                           ; 
    50                           ; 
    51                           ; Code-generator required, PIC18F4550 Definitions
    52                           ; 
    53                           ; SFR Addresses
    54   000000                     _INTCON2	set	4081
    55   000000                     _INTCON	set	4082
    56   000000                     _OSCCONbits	set	4051
    57   000000                     _INTCON2bits	set	4081
    58   000000                     _INTCONbits	set	4082
    59   000000                     _RCONbits	set	4048
    60   000000                     _INTCON3	set	4080
    61   000000                     _LATDbits	set	3980
    62   000000                     _INTCON3bits	set	4080
    63   000000                     _TRISBbits	set	3987
    64   000000                     _TRISDbits	set	3989
    65   000000                     _RCON	set	4048
    66   000000                     _OSCCON	set	4051
    67                           
    68                           ; #config settings
    69                           
    70                           	psect	cinit
    71   0000CA                     __pcinit:
    72                           	callstack 0
    73   0000CA                     start_initialization:
    74                           	callstack 0
    75   0000CA                     __initialization:
    76                           	callstack 0
    77   0000CA                     end_of_initialization:
    78                           	callstack 0
    79   0000CA                     __end_of__initialization:
    80                           	callstack 0
    81   0000CA  9004               	bcf	int$flags,0,c	;clear compiler interrupt flag (level 1)
    82   0000CC  9204               	bcf	int$flags,1,c	;clear compiler interrupt flag (level 2)
    83   0000CE  0100               	movlb	0
    84   0000D0  EF09  F000         	goto	_main	;jump to C main() function
    85                           
    86                           	psect	cstackCOMRAM
    87   000001                     __pcstackCOMRAM:
    88                           	callstack 0
    89   000001                     ??_INT1_IRQ:
    90   000001                     
    91                           ; 2 bytes @ 0x0
    92   000001                     	ds	1
    93   000002                     ??_main:
    94                           
    95                           ; 1 bytes @ 0x1
    96   000002                     	ds	2
    97                           
    98 ;;
    99 ;;Main: autosize = 0, tempsize = 2, incstack = 0, save=0
   100 ;;
   101 ;; *************** function _main *****************
   102 ;; Defined at:
   103 ;;		line 35 in file "main.c"
   104 ;; Parameters:    Size  Location     Type
   105 ;;		None
   106 ;; Auto vars:     Size  Location     Type
   107 ;;		None
   108 ;; Return value:  Size  Location     Type
   109 ;;                  2   44[None  ] int 
   110 ;; Registers used:
   111 ;;		wreg, status,2, status,0, cstack
   112 ;; Tracked objects:
   113 ;;		On entry : 0/0
   114 ;;		On exit  : 0/0
   115 ;;		Unchanged: 0/0
   116 ;; Data sizes:     COMRAM   BANK0   BANK1   BANK2   BANK3   BANK4   BANK5   BANK6   BANK7
   117 ;;      Params:         0       0       0       0       0       0       0       0       0
   118 ;;      Locals:         0       0       0       0       0       0       0       0       0
   119 ;;      Temps:          2       0       0       0       0       0       0       0       0
   120 ;;      Totals:         2       0       0       0       0       0       0       0       0
   121 ;;Total ram usage:        2 bytes
   122 ;; Hardware stack levels required when called: 2
   123 ;; This function calls:
   124 ;;		_Init_External_Interrupt2
   125 ;;		_Init_Gpio_System
   126 ;;		_Init_Internal_Oscillator
   127 ;; This function is called by:
   128 ;;		Startup code after reset
   129 ;; This function uses a non-reentrant model
   130 ;;
   131                           
   132                           	psect	text0
   133   000012                     __ptext0:
   134                           	callstack 0
   135   000012                     _main:
   136                           	callstack 29
   137   000012                     
   138                           ;main.c: 38:     Init_Internal_Oscillator();
   139   000012  EC5E  F000         	call	_Init_Internal_Oscillator	;wreg free
   140   000016                     
   141                           ;main.c: 40:     Init_Gpio_System();
   142   000016  EC6A  F000         	call	_Init_Gpio_System	;wreg free
   143   00001A                     
   144                           ;main.c: 42:     Init_External_Interrupt2();
   145   00001A  EC50  F000         	call	_Init_External_Interrupt2	;wreg free
   146   00001E                     l763:
   147                           
   148                           ;main.c: 44:     {;main.c: 45:         LATDbits.LATD0 = !LATDbits.LATD0;
   149   00001E  A08C               	btfss	140,0,c	;volatile
   150   000020  EF14  F000         	goto	u51
   151   000024  EF18  F000         	goto	u50
   152   000028                     u51:
   153   000028  6A02               	clrf	??_main^0,c
   154   00002A  2A02               	incf	??_main^0,f,c
   155   00002C  EF19  F000         	goto	u68
   156   000030                     u50:
   157   000030  6A02               	clrf	??_main^0,c
   158   000032                     u68:
   159   000032  508C               	movf	140,w,c	;volatile
   160   000034  1802               	xorwf	??_main^0,w,c
   161   000036  0BFE               	andlw	-2
   162   000038  1802               	xorwf	??_main^0,w,c
   163   00003A  6E8C               	movwf	140,c	;volatile
   164   00003C                     
   165                           ;main.c: 46:         _delay((unsigned long)((100)*(8000000UL/4000.0)));
   166   00003C  0E02               	movlw	2
   167   00003E  6E03               	movwf	(??_main+1)^0,c
   168   000040  0E04               	movlw	4
   169   000042  6E02               	movwf	??_main^0,c
   170   000044  0EBA               	movlw	186
   171   000046                     u77:
   172   000046  2EE8               	decfsz	wreg,f,c
   173   000048  D7FE               	bra	u77
   174   00004A  2E02               	decfsz	??_main^0,f,c
   175   00004C  D7FC               	bra	u77
   176   00004E  2E03               	decfsz	(??_main+1)^0,f,c
   177   000050  D7FA               	bra	u77
   178   000052  D000               	nop2	
   179   000054  EF0F  F000         	goto	l763
   180   000058  EF07  F000         	goto	start
   181   00005C                     __end_of_main:
   182                           	callstack 0
   183                           
   184 ;; *************** function _Init_Internal_Oscillator *****************
   185 ;; Defined at:
   186 ;;		line 77 in file "main.c"
   187 ;; Parameters:    Size  Location     Type
   188 ;;		None
   189 ;; Auto vars:     Size  Location     Type
   190 ;;		None
   191 ;; Return value:  Size  Location     Type
   192 ;;                  1    wreg      void 
   193 ;; Registers used:
   194 ;;		wreg, status,2
   195 ;; Tracked objects:
   196 ;;		On entry : 0/0
   197 ;;		On exit  : 0/0
   198 ;;		Unchanged: 0/0
   199 ;; Data sizes:     COMRAM   BANK0   BANK1   BANK2   BANK3   BANK4   BANK5   BANK6   BANK7
   200 ;;      Params:         0       0       0       0       0       0       0       0       0
   201 ;;      Locals:         0       0       0       0       0       0       0       0       0
   202 ;;      Temps:          0       0       0       0       0       0       0       0       0
   203 ;;      Totals:         0       0       0       0       0       0       0       0       0
   204 ;;Total ram usage:        0 bytes
   205 ;; Hardware stack levels used: 1
   206 ;; Hardware stack levels required when called: 1
   207 ;; This function calls:
   208 ;;		Nothing
   209 ;; This function is called by:
   210 ;;		_main
   211 ;; This function uses a non-reentrant model
   212 ;;
   213                           
   214                           	psect	text1
   215   0000BC                     __ptext1:
   216                           	callstack 0
   217   0000BC                     _Init_Internal_Oscillator:
   218                           	callstack 29
   219   0000BC                     
   220                           ;main.c: 80:     OSCCON = 0x00;
   221   0000BC  0E00               	movlw	0
   222   0000BE  6ED3               	movwf	211,c	;volatile
   223                           
   224                           ;main.c: 83:     OSCCONbits.IRCF = 0b111;
   225   0000C0  0E70               	movlw	112
   226   0000C2  12D3               	iorwf	211,f,c	;volatile
   227                           
   228                           ;main.c: 84:     OSCCONbits.SCS = 0b11;
   229   0000C4  0E03               	movlw	3
   230   0000C6  12D3               	iorwf	211,f,c	;volatile
   231   0000C8  0012               	return		;funcret
   232   0000CA                     __end_of_Init_Internal_Oscillator:
   233                           	callstack 0
   234                           
   235 ;; *************** function _Init_Gpio_System *****************
   236 ;; Defined at:
   237 ;;		line 69 in file "main.c"
   238 ;; Parameters:    Size  Location     Type
   239 ;;		None
   240 ;; Auto vars:     Size  Location     Type
   241 ;;		None
   242 ;; Return value:  Size  Location     Type
   243 ;;                  1    wreg      void 
   244 ;; Registers used:
   245 ;;		None
   246 ;; Tracked objects:
   247 ;;		On entry : 0/0
   248 ;;		On exit  : 0/0
   249 ;;		Unchanged: 0/0
   250 ;; Data sizes:     COMRAM   BANK0   BANK1   BANK2   BANK3   BANK4   BANK5   BANK6   BANK7
   251 ;;      Params:         0       0       0       0       0       0       0       0       0
   252 ;;      Locals:         0       0       0       0       0       0       0       0       0
   253 ;;      Temps:          0       0       0       0       0       0       0       0       0
   254 ;;      Totals:         0       0       0       0       0       0       0       0       0
   255 ;;Total ram usage:        0 bytes
   256 ;; Hardware stack levels used: 1
   257 ;; Hardware stack levels required when called: 1
   258 ;; This function calls:
   259 ;;		Nothing
   260 ;; This function is called by:
   261 ;;		_main
   262 ;; This function uses a non-reentrant model
   263 ;;
   264                           
   265                           	psect	text2
   266   0000D4                     __ptext2:
   267                           	callstack 0
   268   0000D4                     _Init_Gpio_System:
   269                           	callstack 29
   270   0000D4                     
   271                           ;main.c: 72:     TRISDbits.RD0 = 0;
   272   0000D4  9095               	bcf	149,0,c	;volatile
   273                           
   274                           ;main.c: 73:     TRISDbits.RD1 = 0;
   275   0000D6  9295               	bcf	149,1,c	;volatile
   276                           
   277                           ;main.c: 75:     TRISBbits.RB1 = 1;
   278   0000D8  8293               	bsf	147,1,c	;volatile
   279   0000DA  0012               	return		;funcret
   280   0000DC                     __end_of_Init_Gpio_System:
   281                           	callstack 0
   282                           
   283 ;; *************** function _Init_External_Interrupt2 *****************
   284 ;; Defined at:
   285 ;;		line 53 in file "main.c"
   286 ;; Parameters:    Size  Location     Type
   287 ;;		None
   288 ;; Auto vars:     Size  Location     Type
   289 ;;		None
   290 ;; Return value:  Size  Location     Type
   291 ;;                  1    wreg      void 
   292 ;; Registers used:
   293 ;;		wreg, status,2
   294 ;; Tracked objects:
   295 ;;		On entry : 0/0
   296 ;;		On exit  : 0/0
   297 ;;		Unchanged: 0/0
   298 ;; Data sizes:     COMRAM   BANK0   BANK1   BANK2   BANK3   BANK4   BANK5   BANK6   BANK7
   299 ;;      Params:         0       0       0       0       0       0       0       0       0
   300 ;;      Locals:         0       0       0       0       0       0       0       0       0
   301 ;;      Temps:          0       0       0       0       0       0       0       0       0
   302 ;;      Totals:         0       0       0       0       0       0       0       0       0
   303 ;;Total ram usage:        0 bytes
   304 ;; Hardware stack levels used: 1
   305 ;; Hardware stack levels required when called: 1
   306 ;; This function calls:
   307 ;;		Nothing
   308 ;; This function is called by:
   309 ;;		_main
   310 ;; This function uses a non-reentrant model
   311 ;;
   312                           
   313                           	psect	text3
   314   0000A0                     __ptext3:
   315                           	callstack 0
   316   0000A0                     _Init_External_Interrupt2:
   317                           	callstack 29
   318   0000A0                     
   319                           ;main.c: 56:     INTCON = 0x00;
   320   0000A0  0E00               	movlw	0
   321   0000A2  6EF2               	movwf	242,c	;volatile
   322                           
   323                           ;main.c: 57:     INTCON2 = 0x00;
   324   0000A4  0E00               	movlw	0
   325   0000A6  6EF1               	movwf	241,c	;volatile
   326                           
   327                           ;main.c: 58:     INTCON3 = 0x00;
   328   0000A8  0E00               	movlw	0
   329   0000AA  6EF0               	movwf	240,c	;volatile
   330                           
   331                           ;main.c: 59:     RCON = 0x00;
   332   0000AC  0E00               	movlw	0
   333   0000AE  6ED0               	movwf	208,c	;volatile
   334   0000B0                     
   335                           ;main.c: 62:     RCONbits.IPEN = 0;
   336   0000B0  9ED0               	bcf	208,7,c	;volatile
   337   0000B2                     
   338                           ;main.c: 63:     INTCONbits.GIE = 1;
   339   0000B2  8EF2               	bsf	242,7,c	;volatile
   340   0000B4                     
   341                           ;main.c: 64:     INTCON2bits.INTEDG1 = 1;
   342   0000B4  8AF1               	bsf	241,5,c	;volatile
   343   0000B6                     
   344                           ;main.c: 65:     INTCON3bits.INT1IE = 1;
   345   0000B6  86F0               	bsf	240,3,c	;volatile
   346   0000B8                     
   347                           ;main.c: 66:     INTCON3bits.INT1IF = 0;
   348   0000B8  90F0               	bcf	240,0,c	;volatile
   349   0000BA  0012               	return		;funcret
   350   0000BC                     __end_of_Init_External_Interrupt2:
   351                           	callstack 0
   352                           
   353 ;; *************** function _INT1_IRQ *****************
   354 ;; Defined at:
   355 ;;		line 18 in file "main.c"
   356 ;; Parameters:    Size  Location     Type
   357 ;;		None
   358 ;; Auto vars:     Size  Location     Type
   359 ;;		None
   360 ;; Return value:  Size  Location     Type
   361 ;;                  1    wreg      void 
   362 ;; Registers used:
   363 ;;		wreg, status,2, status,0
   364 ;; Tracked objects:
   365 ;;		On entry : 0/0
   366 ;;		On exit  : 0/0
   367 ;;		Unchanged: 0/0
   368 ;; Data sizes:     COMRAM   BANK0   BANK1   BANK2   BANK3   BANK4   BANK5   BANK6   BANK7
   369 ;;      Params:         0       0       0       0       0       0       0       0       0
   370 ;;      Locals:         0       0       0       0       0       0       0       0       0
   371 ;;      Temps:          1       0       0       0       0       0       0       0       0
   372 ;;      Totals:         1       0       0       0       0       0       0       0       0
   373 ;;Total ram usage:        1 bytes
   374 ;; Hardware stack levels used: 1
   375 ;; This function calls:
   376 ;;		Nothing
   377 ;; This function is called by:
   378 ;;		Interrupt level 2
   379 ;; This function uses a non-reentrant model
   380 ;;
   381                           
   382                           	psect	intcode
   383   000008                     __pintcode:
   384                           	callstack 0
   385   000008                     _INT1_IRQ:
   386                           	callstack 29
   387                           
   388                           ;incstack = 0
   389   000008  8204               	bsf	int$flags,1,c	;set compiler interrupt flag (level 2)
   390   00000A  ED2E  F000         	call	int_func,f	;refresh shadow registers
   391                           
   392                           	psect	intcode_body
   393   00005C                     __pintcode_body:
   394                           	callstack 29
   395   00005C                     int_func:
   396                           	callstack 29
   397   00005C  0006               	pop		; remove dummy address from shadow register refresh
   398   00005E                     
   399                           ;main.c: 20:     if(INTCON3bits.INT1IE && INTCON3bits.INT1IF)
   400   00005E  A6F0               	btfss	240,3,c	;volatile
   401   000060  EF34  F000         	goto	i2u1_41
   402   000064  EF36  F000         	goto	i2u1_40
   403   000068                     i2u1_41:
   404   000068  EF4E  F000         	goto	i2l40
   405   00006C                     i2u1_40:
   406   00006C  A0F0               	btfss	240,0,c	;volatile
   407   00006E  EF3B  F000         	goto	i2u2_41
   408   000072  EF3D  F000         	goto	i2u2_40
   409   000076                     i2u2_41:
   410   000076  EF4E  F000         	goto	i2l40
   411   00007A                     i2u2_40:
   412   00007A                     
   413                           ;main.c: 21:     {;main.c: 23:         LATDbits.LATD1 = !LATDbits.LATD1;
   414   00007A  A28C               	btfss	140,1,c	;volatile
   415   00007C  EF42  F000         	goto	i2u3_41
   416   000080  EF46  F000         	goto	i2u3_40
   417   000084                     i2u3_41:
   418   000084  6A01               	clrf	??_INT1_IRQ^0,c
   419   000086  2A01               	incf	??_INT1_IRQ^0,f,c
   420   000088  EF47  F000         	goto	i2u4_48
   421   00008C                     i2u3_40:
   422   00008C  6A01               	clrf	??_INT1_IRQ^0,c
   423   00008E                     i2u4_48:
   424   00008E  4601               	rlncf	??_INT1_IRQ^0,f,c
   425   000090  508C               	movf	140,w,c	;volatile
   426   000092  1801               	xorwf	??_INT1_IRQ^0,w,c
   427   000094  0BFD               	andlw	-3
   428   000096  1801               	xorwf	??_INT1_IRQ^0,w,c
   429   000098  6E8C               	movwf	140,c	;volatile
   430   00009A                     
   431                           ;main.c: 25:         INTCON3bits.INT1IF = 0;
   432   00009A  90F0               	bcf	240,0,c	;volatile
   433   00009C                     i2l40:
   434   00009C  9204               	bcf	int$flags,1,c	;clear compiler interrupt flag (level 2)
   435   00009E  0011               	retfie		f
   436   0000A0                     __end_of_INT1_IRQ:
   437                           	callstack 0
   438   000000                     
   439                           	psect	rparam
   440   000000                     
   441                           	psect	temp
   442   000004                     btemp:
   443                           	callstack 0
   444   000004                     	ds	1
   445   000000                     int$flags	set	btemp
   446   000000                     wtemp8	set	btemp+1
   447   000000                     ttemp5	set	btemp+1
   448   000000                     ttemp6	set	btemp+4
   449   000000                     ttemp7	set	btemp+8
   450                           
   451                           	psect	idloc
   452                           
   453                           ;Config register IDLOC0 @ 0x200000
   454                           ;	unspecified, using default values
   455   200000                     	org	2097152
   456   200000  FF                 	db	255
   457                           
   458                           ;Config register IDLOC1 @ 0x200001
   459                           ;	unspecified, using default values
   460   200001                     	org	2097153
   461   200001  FF                 	db	255
   462                           
   463                           ;Config register IDLOC2 @ 0x200002
   464                           ;	unspecified, using default values
   465   200002                     	org	2097154
   466   200002  FF                 	db	255
   467                           
   468                           ;Config register IDLOC3 @ 0x200003
   469                           ;	unspecified, using default values
   470   200003                     	org	2097155
   471   200003  FF                 	db	255
   472                           
   473                           ;Config register IDLOC4 @ 0x200004
   474                           ;	unspecified, using default values
   475   200004                     	org	2097156
   476   200004  FF                 	db	255
   477                           
   478                           ;Config register IDLOC5 @ 0x200005
   479                           ;	unspecified, using default values
   480   200005                     	org	2097157
   481   200005  FF                 	db	255
   482                           
   483                           ;Config register IDLOC6 @ 0x200006
   484                           ;	unspecified, using default values
   485   200006                     	org	2097158
   486   200006  FF                 	db	255
   487                           
   488                           ;Config register IDLOC7 @ 0x200007
   489                           ;	unspecified, using default values
   490   200007                     	org	2097159
   491   200007  FF                 	db	255
   492                           
   493                           	psect	config
   494                           
   495                           ;Config register CONFIG1L @ 0x300000
   496                           ;	PLL Prescaler Selection bits
   497                           ;	PLLDIV = 1, No prescale (4 MHz oscillator input drives PLL directly)
   498                           ;	System Clock Postscaler Selection bits
   499                           ;	CPUDIV = OSC1_PLL2, [Primary Oscillator Src: /1][96 MHz PLL Src: /2]
   500                           ;	USB Clock Selection bit (used in Full-Speed USB mode only; UCFG:FSEN = 1)
   501                           ;	USBDIV = 1, USB clock source comes directly from the primary oscillator block with no 
      +                          postscale
   502   300000                     	org	3145728
   503   300000  00                 	db	0
   504                           
   505                           ;Config register CONFIG1H @ 0x300001
   506                           ;	Oscillator Selection bits
   507                           ;	FOSC = INTOSC_HS, Internal oscillator, HS oscillator used by USB (INTHS)
   508                           ;	Fail-Safe Clock Monitor Enable bit
   509                           ;	FCMEN = OFF, Fail-Safe Clock Monitor disabled
   510                           ;	Internal/External Oscillator Switchover bit
   511                           ;	IESO = OFF, Oscillator Switchover mode disabled
   512   300001                     	org	3145729
   513   300001  0B                 	db	11
   514                           
   515                           ;Config register CONFIG2L @ 0x300002
   516                           ;	Power-up Timer Enable bit
   517                           ;	PWRT = OFF, PWRT disabled
   518                           ;	Brown-out Reset Enable bits
   519                           ;	BOR = OFF, Brown-out Reset disabled in hardware and software
   520                           ;	Brown-out Reset Voltage bits
   521                           ;	BORV = 3, Minimum setting 2.05V
   522                           ;	USB Voltage Regulator Enable bit
   523                           ;	VREGEN = OFF, USB voltage regulator disabled
   524   300002                     	org	3145730
   525   300002  19                 	db	25
   526                           
   527                           ;Config register CONFIG2H @ 0x300003
   528                           ;	Watchdog Timer Enable bit
   529                           ;	WDT = OFF, WDT disabled (control is placed on the SWDTEN bit)
   530                           ;	Watchdog Timer Postscale Select bits
   531                           ;	WDTPS = 32768, 1:32768
   532   300003                     	org	3145731
   533   300003  1E                 	db	30
   534                           
   535                           ; Padding undefined space
   536   300004                     	org	3145732
   537   300004  FF                 	db	255
   538                           
   539                           ;Config register CONFIG3H @ 0x300005
   540                           ;	CCP2 MUX bit
   541                           ;	CCP2MX = OFF, CCP2 input/output is multiplexed with RB3
   542                           ;	PORTB A/D Enable bit
   543                           ;	PBADEN = OFF, PORTB<4:0> pins are configured as digital I/O on Reset
   544                           ;	Low-Power Timer 1 Oscillator Enable bit
   545                           ;	LPT1OSC = OFF, Timer1 configured for higher power operation
   546                           ;	MCLR Pin Enable bit
   547                           ;	MCLRE = ON, MCLR pin enabled; RE3 input pin disabled
   548   300005                     	org	3145733
   549   300005  80                 	db	128
   550                           
   551                           ;Config register CONFIG4L @ 0x300006
   552                           ;	Stack Full/Underflow Reset Enable bit
   553                           ;	STVREN = OFF, Stack full/underflow will not cause Reset
   554                           ;	Single-Supply ICSP Enable bit
   555                           ;	LVP = OFF, Single-Supply ICSP disabled
   556                           ;	Dedicated In-Circuit Debug/Programming Port (ICPORT) Enable bit
   557                           ;	ICPRT = OFF, ICPORT disabled
   558                           ;	Extended Instruction Set Enable bit
   559                           ;	XINST = OFF, Instruction set extension and Indexed Addressing mode disabled (Legacy mo
      +                          de)
   560                           ;	Background Debugger Enable bit
   561                           ;	DEBUG = 0x1, unprogrammed default
   562   300006                     	org	3145734
   563   300006  80                 	db	128
   564                           
   565                           ; Padding undefined space
   566   300007                     	org	3145735
   567   300007  FF                 	db	255
   568                           
   569                           ;Config register CONFIG5L @ 0x300008
   570                           ;	Code Protection bit
   571                           ;	CP0 = OFF, Block 0 (000800-001FFFh) is not code-protected
   572                           ;	Code Protection bit
   573                           ;	CP1 = OFF, Block 1 (002000-003FFFh) is not code-protected
   574                           ;	Code Protection bit
   575                           ;	CP2 = OFF, Block 2 (004000-005FFFh) is not code-protected
   576                           ;	Code Protection bit
   577                           ;	CP3 = OFF, Block 3 (006000-007FFFh) is not code-protected
   578   300008                     	org	3145736
   579   300008  0F                 	db	15
   580                           
   581                           ;Config register CONFIG5H @ 0x300009
   582                           ;	Boot Block Code Protection bit
   583                           ;	CPB = OFF, Boot block (000000-0007FFh) is not code-protected
   584                           ;	Data EEPROM Code Protection bit
   585                           ;	CPD = OFF, Data EEPROM is not code-protected
   586   300009                     	org	3145737
   587   300009  C0                 	db	192
   588                           
   589                           ;Config register CONFIG6L @ 0x30000A
   590                           ;	Write Protection bit
   591                           ;	WRT0 = OFF, Block 0 (000800-001FFFh) is not write-protected
   592                           ;	Write Protection bit
   593                           ;	WRT1 = OFF, Block 1 (002000-003FFFh) is not write-protected
   594                           ;	Write Protection bit
   595                           ;	WRT2 = OFF, Block 2 (004000-005FFFh) is not write-protected
   596                           ;	Write Protection bit
   597                           ;	WRT3 = OFF, Block 3 (006000-007FFFh) is not write-protected
   598   30000A                     	org	3145738
   599   30000A  0F                 	db	15
   600                           
   601                           ;Config register CONFIG6H @ 0x30000B
   602                           ;	Configuration Register Write Protection bit
   603                           ;	WRTC = OFF, Configuration registers (300000-3000FFh) are not write-protected
   604                           ;	Boot Block Write Protection bit
   605                           ;	WRTB = OFF, Boot block (000000-0007FFh) is not write-protected
   606                           ;	Data EEPROM Write Protection bit
   607                           ;	WRTD = OFF, Data EEPROM is not write-protected
   608   30000B                     	org	3145739
   609   30000B  E0                 	db	224
   610                           
   611                           ;Config register CONFIG7L @ 0x30000C
   612                           ;	Table Read Protection bit
   613                           ;	EBTR0 = OFF, Block 0 (000800-001FFFh) is not protected from table reads executed in ot
      +                          her blocks
   614                           ;	Table Read Protection bit
   615                           ;	EBTR1 = OFF, Block 1 (002000-003FFFh) is not protected from table reads executed in ot
      +                          her blocks
   616                           ;	Table Read Protection bit
   617                           ;	EBTR2 = OFF, Block 2 (004000-005FFFh) is not protected from table reads executed in ot
      +                          her blocks
   618                           ;	Table Read Protection bit
   619                           ;	EBTR3 = OFF, Block 3 (006000-007FFFh) is not protected from table reads executed in ot
      +                          her blocks
   620   30000C                     	org	3145740
   621   30000C  0F                 	db	15
   622                           
   623                           ;Config register CONFIG7H @ 0x30000D
   624                           ;	Boot Block Table Read Protection bit
   625                           ;	EBTRB = OFF, Boot block (000000-0007FFh) is not protected from table reads executed in
      +                           other blocks
   626   30000D                     	org	3145741
   627   30000D  40                 	db	64
   628                           tosu	equ	0xFFF
   629                           tosh	equ	0xFFE
   630                           tosl	equ	0xFFD
   631                           stkptr	equ	0xFFC
   632                           pclatu	equ	0xFFB
   633                           pclath	equ	0xFFA
   634                           pcl	equ	0xFF9
   635                           tblptru	equ	0xFF8
   636                           tblptrh	equ	0xFF7
   637                           tblptrl	equ	0xFF6
   638                           tablat	equ	0xFF5
   639                           prodh	equ	0xFF4
   640                           prodl	equ	0xFF3
   641                           indf0	equ	0xFEF
   642                           postinc0	equ	0xFEE
   643                           postdec0	equ	0xFED
   644                           preinc0	equ	0xFEC
   645                           plusw0	equ	0xFEB
   646                           fsr0h	equ	0xFEA
   647                           fsr0l	equ	0xFE9
   648                           wreg	equ	0xFE8
   649                           indf1	equ	0xFE7
   650                           postinc1	equ	0xFE6
   651                           postdec1	equ	0xFE5
   652                           preinc1	equ	0xFE4
   653                           plusw1	equ	0xFE3
   654                           fsr1h	equ	0xFE2
   655                           fsr1l	equ	0xFE1
   656                           bsr	equ	0xFE0
   657                           indf2	equ	0xFDF
   658                           postinc2	equ	0xFDE
   659                           postdec2	equ	0xFDD
   660                           preinc2	equ	0xFDC
   661                           plusw2	equ	0xFDB
   662                           fsr2h	equ	0xFDA
   663                           fsr2l	equ	0xFD9
   664                           status	equ	0xFD8

Data Sizes:
    Strings     0
    Constant    0
    Data        0
    BSS         0
    Persistent  0
    Stack       0

Auto Spaces:
    Space          Size  Autos    Used
    COMRAM           94      3       3
    BANK0           160      0       0
    BANK1           256      0       0
    BANK2           256      0       0
    BANK3           256      0       0
    BANK4           256      0       0
    BANK5           256      0       0
    BANK6           256      0       0
    BANK7           256      0       0

Pointer List with Targets:

    None.

Critical Paths under _main in COMRAM

    None.

Critical Paths under _INT1_IRQ in COMRAM

    None.

Critical Paths under _main in BANK0

    None.

Critical Paths under _INT1_IRQ in BANK0

    None.

Critical Paths under _main in BANK1

    None.

Critical Paths under _INT1_IRQ in BANK1

    None.

Critical Paths under _main in BANK2

    None.

Critical Paths under _INT1_IRQ in BANK2

    None.

Critical Paths under _main in BANK3

    None.

Critical Paths under _INT1_IRQ in BANK3

    None.

Critical Paths under _main in BANK4

    None.

Critical Paths under _INT1_IRQ in BANK4

    None.

Critical Paths under _main in BANK5

    None.

Critical Paths under _INT1_IRQ in BANK5

    None.

Critical Paths under _main in BANK6

    None.

Critical Paths under _INT1_IRQ in BANK6

    None.

Critical Paths under _main in BANK7

    None.

Critical Paths under _INT1_IRQ in BANK7

    None.

Call Graph Tables:

 ---------------------------------------------------------------------------------
 (Depth) Function   	        Calls       Base Space   Used Autos Params    Refs
 ---------------------------------------------------------------------------------
 (0) _main                                                 2     2      0       0
                                              1 COMRAM     2     2      0
           _Init_External_Interrupt2
                   _Init_Gpio_System
           _Init_Internal_Oscillator
 ---------------------------------------------------------------------------------
 (1) _Init_Internal_Oscillator                             0     0      0       0
 ---------------------------------------------------------------------------------
 (1) _Init_Gpio_System                                     0     0      0       0
 ---------------------------------------------------------------------------------
 (1) _Init_External_Interrupt2                             0     0      0       0
 ---------------------------------------------------------------------------------
 Estimated maximum stack depth 1
 ---------------------------------------------------------------------------------
 (Depth) Function   	        Calls       Base Space   Used Autos Params    Refs
 ---------------------------------------------------------------------------------
 (2) _INT1_IRQ                                             1     1      0       0
                                              0 COMRAM     1     1      0
 ---------------------------------------------------------------------------------
 Estimated maximum stack depth 2
 ---------------------------------------------------------------------------------

 Call Graph Graphs:

 _main (ROOT)
   _Init_External_Interrupt2
   _Init_Gpio_System
   _Init_Internal_Oscillator

 _INT1_IRQ (ROOT)

 Address spaces:
Name               Size   Autos  Total    Cost      Usage
BITCOMRAM           5E      0       0       0        0.0%
EEDATA             100      0       0       0        0.0%
NULL                 0      0       0       0        0.0%
CODE                 0      0       0       0        0.0%
COMRAM              5E      3       3       1        3.2%
STACK                0      0       0       2        0.0%
DATA                 0      0       0       3        0.0%
BITBANK0            A0      0       0       4        0.0%
BANK0               A0      0       0       5        0.0%
BITBANK1           100      0       0       6        0.0%
BANK1              100      0       0       7        0.0%
BITBANK2           100      0       0       8        0.0%
BANK2              100      0       0       9        0.0%
BITBANK3           100      0       0      10        0.0%
BANK3              100      0       0      11        0.0%
BITBANK4           100      0       0      12        0.0%
BANK4              100      0       0      13        0.0%
BITBANK5           100      0       0      14        0.0%
BANK5              100      0       0      15        0.0%
BITBANK6           100      0       0      16        0.0%
BANK6              100      0       0      17        0.0%
BITBANK7           100      0       0      18        0.0%
BANK7              100      0       0      19        0.0%
BITBIGSFRhh          D      0       0      20        0.0%
BITBIGSFRlhhh       1C      0       0      21        0.0%
BITBIGSFRlhhl        2      0       0      22        0.0%
BITBIGSFRlhlh       3A      0       0      23        0.0%
BITBIGSFRlhllh       1      0       0      24        0.0%
BITBIGSFRlhlll       6      0       0      25        0.0%
BITBIGSFRll         2C      0       0      26        0.0%
ABS                  0      0       0      27        0.0%
BIGRAM             7FF      0       0      28        0.0%
BIGSFR               0      0       0     200        0.0%
BITSFR               0      0       0     200        0.0%
SFR                  0      0       0     200        0.0%


Microchip Technology PIC18 Macro Assembler V2.41 build 20230208172133 
Symbol Table                                                                                   Tue May 23 18:55:32 2023

                              l51 00BA                                l54 00DA                                l57 00C8  
                              u50 0030                                u51 0028                                u68 0032  
                              u77 0046                               l741 00B2                               l733 00BC  
                             l743 00B4                               l735 00D4                               l745 00B6  
                             l737 00A0                               l761 001A                               l747 00B8  
                             l739 00B0                               l763 001E                               l765 003C  
                             l757 0012                               l759 0016                               wreg 0FE8  
        _Init_External_Interrupt2 00A0                              i2l40 009C                              _RCON 0FD0  
                            _main 0012                              btemp 0004                              start 000E  
                    ___param_bank 0000                  __end_of_INT1_IRQ 00A0                 ?_Init_Gpio_System 0001  
                           ?_main 0001                             i2l751 006C                             i2l753 007A  
                           i2l755 009A                             i2l749 005E                ??_Init_Gpio_System 0002  
                           ttemp5 0005                             ttemp6 0008                             ttemp7 000C  
                           wtemp8 0005                   __initialization 00CA                      __end_of_main 005C  
                          ??_main 0002                     __activetblptr 0000                            _INTCON 0FF2  
                          _OSCCON 0FD3                            i2u1_40 006C                            i2u1_41 0068  
                          i2u2_40 007A                            i2u2_41 0076                            i2u3_40 008C  
                          i2u3_41 0084                            i2u4_48 008E                            isa$std 0001  
                      __accesstop 0060           __end_of__initialization 00CA                         ?_INT1_IRQ 0001  
                   ___rparam_used 0001                    __pcstackCOMRAM 0001        ??_Init_External_Interrupt2 0002  
                      ??_INT1_IRQ 0001         ?_Init_Internal_Oscillator 0001                           _INTCON2 0FF1  
                         _INTCON3 0FF0                           __Hparam 0000                           __Lparam 0000  
                         __pcinit 00CA                           __ramtop 0800                           __ptext0 0012  
                         __ptext1 00BC                           __ptext2 00D4                           __ptext3 00A0  
                  __pintcode_body 005C              end_of_initialization 00CA                           int_func 005C  
                       _TRISBbits 0F93                         _TRISDbits 0F95               start_initialization 00CA  
                _Init_Gpio_System 00D4  __end_of_Init_Internal_Oscillator 00CA         ?_Init_External_Interrupt2 0001  
                       __pintcode 0008                          _INT1_IRQ 0008                          _LATDbits 0F8C  
        _Init_Internal_Oscillator 00BC                          _RCONbits 0FD0                       _INTCON2bits 0FF1  
                     _INTCON3bits 0FF0                          __Hrparam 0000                          __Lrparam 0000  
        __end_of_Init_Gpio_System 00DC                          isa$xinst 0000                          int$flags 0004  
__end_of_Init_External_Interrupt2 00BC                        _INTCONbits 0FF2                          intlevel2 0000  
                      _OSCCONbits 0FD3        ??_Init_Internal_Oscillator 0002  
