

Microchip MPLAB XC8 Assembler V2.32 build 20210201212658 
                                                                                               Tue May 30 07:17:19 2023

Microchip MPLAB XC8 C Compiler v2.32 (Free license) build 20210201212658 Og1 
     1                           	processor	18F4550
     2                           	fnconf	rparam,??,?,0
     3                           	pagewidth 120
     4                           	opt	flic
     5                           	psect	cinit,global,reloc=2,class=CODE,delta=1
     6                           	psect	cstackCOMRAM,global,class=COMRAM,space=1,delta=1,lowdata,noexec
     7                           	psect	text0,global,reloc=2,class=CODE,delta=1
     8                           	psect	text1,global,reloc=2,class=CODE,delta=1
     9                           	psect	text2,global,reloc=2,class=CODE,delta=1
    10                           	psect	text3,global,reloc=2,class=CODE,delta=1
    11                           	psect	text4,global,reloc=2,class=CODE,delta=1
    12                           	psect	intcode,global,reloc=2,class=CODE,delta=1
    13                           	psect	intcode_body,global,reloc=2,class=CODE,delta=1
    14                           	psect	intsave_regs,global,class=BIGRAM,space=1,delta=1,noexec
    15                           	psect	rparam,global,class=COMRAM,space=1,delta=1,noexec
    16                           	psect	temp,global,ovrld,common,class=COMRAM,space=1,delta=1
    17                           	psect	idloc,global,abs,ovrld,class=IDLOC,space=5,delta=1,noexec
    18                           	psect	config,global,abs,ovrld,class=CONFIG,space=4,delta=1,noexec
    19  0000                     
    20                           ; Version 2.40
    21                           ; Generated 17/11/2021 GMT
    22                           ; 
    23                           ; Copyright © 2021, Microchip Technology Inc. and its subsidiaries ("Microchip")
    24                           ; All rights reserved.
    25                           ; 
    26                           ; This software is developed by Microchip Technology Inc. and its subsidiaries ("Microch
      +                          ip").
    27                           ; 
    28                           ; Redistribution and use in source and binary forms, with or without modification, are
    29                           ; permitted provided that the following conditions are met:
    30                           ; 
    31                           ;     1. Redistributions of source code must retain the above copyright notice, this lis
      +                          t of
    32                           ;        conditions and the following disclaimer.
    33                           ; 
    34                           ;     2. Redistributions in binary form must reproduce the above copyright notice, this 
      +                          list
    35                           ;        of conditions and the following disclaimer in the documentation and/or other
    36                           ;        materials provided with the distribution. Publication is not required when
    37                           ;        this file is used in an embedded application.
    38                           ; 
    39                           ;     3. Microchip's name may not be used to endorse or promote products derived from th
      +                          is
    40                           ;        software without specific prior written permission.
    41                           ; 
    42                           ; THIS SOFTWARE IS PROVIDED BY MICROCHIP "AS IS" AND ANY EXPRESS OR IMPLIED WARRANTIES,
    43                           ; INCLUDING, BUT NOT LIMITED TO, THE IMPLIED WARRANTIES OF MERCHANTABILITY AND FITNESS F
      +                          OR
    44                           ; PURPOSE ARE DISCLAIMED.  IN NO EVENT SHALL MICROCHIP BE LIABLE FOR ANY DIRECT, INDIREC
      +                          T,
    45                           ; INCIDENTAL, SPECIAL, EXEMPLARY, OR CONSEQUENTIAL DAMAGES (INCLUDING BUT NOT LIMITED TO
    46                           ; PROCUREMENT OF SUBSTITUTE GOODS OR SERVICES; LOSS OF USE, DATA OR PROFITS; OR BUSINESS
    47                           ; INTERRUPTION) HOWSOEVER CAUSED AND ON ANY THEORY OF LIABILITY, WHETHER IN CONTRACT, ST
      +                          RICT
    48                           ; LIABILITY, OR TORT (INCLUDING NEGLIGENCE OR OTHERWISE) ARISING IN ANY WAY OUT OF THE U
      +                          SE OF
    49                           ; THIS SOFTWARE, EVEN IF ADVISED OF THE POSSIBILITY OF SUCH DAMAGE.
    50                           ; 
    51                           ; 
    52                           ; Code-generator required, PIC18F4550 Definitions
    53                           ; 
    54                           ; SFR Addresses
    55  0000                     _OSCCONbits	set	4051
    56  0000                     _OSCCON	set	4051
    57  0000                     _INTCON	set	4082
    58  0000                     _T0CONbits	set	4053
    59  0000                     _T0CON	set	4053
    60  0000                     _TRISAbits	set	3986
    61  0000                     _ADCON1	set	4033
    62  0000                     _TRISBbits	set	3987
    63  0000                     _TMR0L	set	4054
    64  0000                     _LATBbits	set	3978
    65  0000                     _INTCONbits	set	4082
    66                           
    67                           ; #config settings
    68                           
    69                           	psect	cinit
    70  0000EC                     __pcinit:
    71                           	callstack 0
    72  0000EC                     start_initialization:
    73                           	callstack 0
    74  0000EC                     __initialization:
    75                           	callstack 0
    76  0000EC                     end_of_initialization:
    77                           	callstack 0
    78  0000EC                     __end_of__initialization:
    79                           	callstack 0
    80  0000EC  9004               	bcf	int$flags,0,c	;clear compiler interrupt flag (level 1)
    81  0000EE  9204               	bcf	int$flags,1,c	;clear compiler interrupt flag (level 2)
    82  0000F0  0100               	movlb	0
    83  0000F2  EF09  F000         	goto	_main	;jump to C main() function
    84                           
    85                           	psect	cstackCOMRAM
    86  000001                     __pcstackCOMRAM:
    87                           	callstack 0
    88  000001                     ??_TMR0_ISR:
    89  000001                     
    90                           ; 2 bytes @ 0x0
    91  000001                     	ds	1
    92  000002                     ??_main:
    93                           
    94                           ; 1 bytes @ 0x1
    95  000002                     	ds	2
    96                           
    97 ;;
    98 ;;Main: autosize = 0, tempsize = 2, incstack = 0, save=0
    99 ;;
   100 ;; *************** function _main *****************
   101 ;; Defined at:
   102 ;;		line 41 in file "main.c"
   103 ;; Parameters:    Size  Location     Type
   104 ;;		None
   105 ;; Auto vars:     Size  Location     Type
   106 ;;		None
   107 ;; Return value:  Size  Location     Type
   108 ;;                  2   42[None  ] int 
   109 ;; Registers used:
   110 ;;		wreg, status,2, status,0, cstack
   111 ;; Tracked objects:
   112 ;;		On entry : 0/0
   113 ;;		On exit  : 0/0
   114 ;;		Unchanged: 0/0
   115 ;; Data sizes:     COMRAM   BANK0   BANK1   BANK2   BANK3   BANK4   BANK5   BANK6   BANK7
   116 ;;      Params:         0       0       0       0       0       0       0       0       0
   117 ;;      Locals:         0       0       0       0       0       0       0       0       0
   118 ;;      Temps:          2       0       0       0       0       0       0       0       0
   119 ;;      Totals:         2       0       0       0       0       0       0       0       0
   120 ;;Total ram usage:        2 bytes
   121 ;; Hardware stack levels required when called: 2
   122 ;; This function calls:
   123 ;;		_Init_Gpio_System
   124 ;;		_Init_Internal_Oscillator
   125 ;;		_Init_Interrupt_Timer0
   126 ;;		_Init_Timer0_As_Counter
   127 ;; This function is called by:
   128 ;;		Startup code after reset
   129 ;; This function uses a non-reentrant model
   130 ;;
   131                           
   132                           	psect	text0
   133  000012                     __ptext0:
   134                           	callstack 0
   135  000012                     _main:
   136                           	callstack 29
   137  000012                     
   138                           ;main.c: 44:     Init_Internal_Oscillator();
   139  000012  EC6F  F000         	call	_Init_Internal_Oscillator	;wreg free
   140                           
   141                           ;main.c: 46:     Init_Gpio_System();
   142  000016  EC60  F000         	call	_Init_Gpio_System	;wreg free
   143                           
   144                           ;main.c: 48:     Init_Interrupt_Timer0();
   145  00001A  EC68  F000         	call	_Init_Interrupt_Timer0	;wreg free
   146                           
   147                           ;main.c: 50:     Init_Timer0_As_Counter();
   148  00001E  EC53  F000         	call	_Init_Timer0_As_Counter	;wreg free
   149  000022                     l778:
   150                           
   151                           ;main.c: 53:     {;main.c: 55:         LATBbits.LATB0 = !LATBbits.LATB0;
   152  000022  A08A               	btfss	138,0,c	;volatile
   153  000024  EF16  F000         	goto	u51
   154  000028  EF1A  F000         	goto	u50
   155  00002C                     u51:
   156  00002C  6A02               	clrf	??_main^0,c
   157  00002E  2A02               	incf	??_main^0,f,c
   158  000030  EF1B  F000         	goto	u68
   159  000034                     u50:
   160  000034  6A02               	clrf	??_main^0,c
   161  000036                     u68:
   162  000036  508A               	movf	138,w,c	;volatile
   163  000038  1802               	xorwf	??_main^0,w,c
   164  00003A  0BFE               	andlw	-2
   165  00003C  1802               	xorwf	??_main^0,w,c
   166  00003E  6E8A               	movwf	138,c	;volatile
   167  000040                     
   168                           ;main.c: 56:         _delay((unsigned long)((250)*(8000000UL/4000.0)));
   169  000040  0E03               	movlw	3
   170  000042  6E03               	movwf	(??_main+1)^0,c
   171  000044  0E8A               	movlw	138
   172  000046  6E02               	movwf	??_main^0,c
   173  000048  0E56               	movlw	86
   174  00004A                     u77:
   175  00004A  2EE8               	decfsz	wreg,f,c
   176  00004C  D7FE               	bra	u77
   177  00004E  2E02               	decfsz	??_main^0,f,c
   178  000050  D7FC               	bra	u77
   179  000052  2E03               	decfsz	(??_main+1)^0,f,c
   180  000054  D7FA               	bra	u77
   181  000056  EF11  F000         	goto	l778
   182  00005A  EF07  F000         	goto	start
   183  00005E                     __end_of_main:
   184                           	callstack 0
   185                           
   186 ;; *************** function _Init_Timer0_As_Counter *****************
   187 ;; Defined at:
   188 ;;		line 78 in file "main.c"
   189 ;; Parameters:    Size  Location     Type
   190 ;;		None
   191 ;; Auto vars:     Size  Location     Type
   192 ;;		None
   193 ;; Return value:  Size  Location     Type
   194 ;;                  1    wreg      void 
   195 ;; Registers used:
   196 ;;		wreg, status,2
   197 ;; Tracked objects:
   198 ;;		On entry : 0/0
   199 ;;		On exit  : 0/0
   200 ;;		Unchanged: 0/0
   201 ;; Data sizes:     COMRAM   BANK0   BANK1   BANK2   BANK3   BANK4   BANK5   BANK6   BANK7
   202 ;;      Params:         0       0       0       0       0       0       0       0       0
   203 ;;      Locals:         0       0       0       0       0       0       0       0       0
   204 ;;      Temps:          0       0       0       0       0       0       0       0       0
   205 ;;      Totals:         0       0       0       0       0       0       0       0       0
   206 ;;Total ram usage:        0 bytes
   207 ;; Hardware stack levels used: 1
   208 ;; Hardware stack levels required when called: 1
   209 ;; This function calls:
   210 ;;		Nothing
   211 ;; This function is called by:
   212 ;;		_main
   213 ;; This function uses a non-reentrant model
   214 ;;
   215                           
   216                           	psect	text1
   217  0000A6                     __ptext1:
   218                           	callstack 0
   219  0000A6                     _Init_Timer0_As_Counter:
   220                           	callstack 29
   221  0000A6                     
   222                           ;main.c: 81:     T0CON = 0x00;
   223  0000A6  0E00               	movlw	0
   224  0000A8  6ED5               	movwf	213,c	;volatile
   225  0000AA                     
   226                           ;main.c: 84:     T0CONbits.TMR0ON = 0;
   227  0000AA  9ED5               	bcf	213,7,c	;volatile
   228  0000AC                     
   229                           ;main.c: 85:     T0CONbits.T08BIT = 1;
   230  0000AC  8CD5               	bsf	213,6,c	;volatile
   231  0000AE                     
   232                           ;main.c: 86:     T0CONbits.T0CS = 1;
   233  0000AE  8AD5               	bsf	213,5,c	;volatile
   234  0000B0                     
   235                           ;main.c: 87:     T0CONbits.T0SE = 0;
   236  0000B0  98D5               	bcf	213,4,c	;volatile
   237  0000B2                     
   238                           ;main.c: 88:     T0CONbits.PSA = 1;
   239  0000B2  86D5               	bsf	213,3,c	;volatile
   240                           
   241                           ;main.c: 89:     T0CONbits.T0PS = 0;
   242  0000B4  0EF8               	movlw	-8
   243  0000B6  16D5               	andwf	213,f,c	;volatile
   244                           
   245                           ;main.c: 94:     TMR0L = 245;
   246  0000B8  0EF5               	movlw	245
   247  0000BA  6ED6               	movwf	214,c	;volatile
   248  0000BC                     
   249                           ;main.c: 97:     T0CONbits.TMR0ON = 1;
   250  0000BC  8ED5               	bsf	213,7,c	;volatile
   251  0000BE  0012               	return		;funcret
   252  0000C0                     __end_of_Init_Timer0_As_Counter:
   253                           	callstack 0
   254                           
   255 ;; *************** function _Init_Interrupt_Timer0 *****************
   256 ;; Defined at:
   257 ;;		line 99 in file "main.c"
   258 ;; Parameters:    Size  Location     Type
   259 ;;		None
   260 ;; Auto vars:     Size  Location     Type
   261 ;;		None
   262 ;; Return value:  Size  Location     Type
   263 ;;                  1    wreg      void 
   264 ;; Registers used:
   265 ;;		wreg, status,2
   266 ;; Tracked objects:
   267 ;;		On entry : 0/0
   268 ;;		On exit  : 0/0
   269 ;;		Unchanged: 0/0
   270 ;; Data sizes:     COMRAM   BANK0   BANK1   BANK2   BANK3   BANK4   BANK5   BANK6   BANK7
   271 ;;      Params:         0       0       0       0       0       0       0       0       0
   272 ;;      Locals:         0       0       0       0       0       0       0       0       0
   273 ;;      Temps:          0       0       0       0       0       0       0       0       0
   274 ;;      Totals:         0       0       0       0       0       0       0       0       0
   275 ;;Total ram usage:        0 bytes
   276 ;; Hardware stack levels used: 1
   277 ;; Hardware stack levels required when called: 1
   278 ;; This function calls:
   279 ;;		Nothing
   280 ;; This function is called by:
   281 ;;		_main
   282 ;; This function uses a non-reentrant model
   283 ;;
   284                           
   285                           	psect	text2
   286  0000D0                     __ptext2:
   287                           	callstack 0
   288  0000D0                     _Init_Interrupt_Timer0:
   289                           	callstack 29
   290  0000D0                     
   291                           ;main.c: 102:     INTCON = 0x00;
   292  0000D0  0E00               	movlw	0
   293  0000D2  6EF2               	movwf	242,c	;volatile
   294  0000D4                     
   295                           ;main.c: 105:     INTCONbits.GIE = 1;
   296  0000D4  8EF2               	bsf	242,7,c	;volatile
   297  0000D6                     
   298                           ;main.c: 106:     INTCONbits.PEIE = 1;
   299  0000D6  8CF2               	bsf	242,6,c	;volatile
   300  0000D8                     
   301                           ;main.c: 107:     INTCONbits.TMR0IE = 1;
   302  0000D8  8AF2               	bsf	242,5,c	;volatile
   303  0000DA                     
   304                           ;main.c: 108:     INTCONbits.TMR0IF = 0;
   305  0000DA  94F2               	bcf	242,2,c	;volatile
   306  0000DC  0012               	return		;funcret
   307  0000DE                     __end_of_Init_Interrupt_Timer0:
   308                           	callstack 0
   309                           
   310 ;; *************** function _Init_Internal_Oscillator *****************
   311 ;; Defined at:
   312 ;;		line 111 in file "main.c"
   313 ;; Parameters:    Size  Location     Type
   314 ;;		None
   315 ;; Auto vars:     Size  Location     Type
   316 ;;		None
   317 ;; Return value:  Size  Location     Type
   318 ;;                  1    wreg      void 
   319 ;; Registers used:
   320 ;;		wreg, status,2
   321 ;; Tracked objects:
   322 ;;		On entry : 0/0
   323 ;;		On exit  : 0/0
   324 ;;		Unchanged: 0/0
   325 ;; Data sizes:     COMRAM   BANK0   BANK1   BANK2   BANK3   BANK4   BANK5   BANK6   BANK7
   326 ;;      Params:         0       0       0       0       0       0       0       0       0
   327 ;;      Locals:         0       0       0       0       0       0       0       0       0
   328 ;;      Temps:          0       0       0       0       0       0       0       0       0
   329 ;;      Totals:         0       0       0       0       0       0       0       0       0
   330 ;;Total ram usage:        0 bytes
   331 ;; Hardware stack levels used: 1
   332 ;; Hardware stack levels required when called: 1
   333 ;; This function calls:
   334 ;;		Nothing
   335 ;; This function is called by:
   336 ;;		_main
   337 ;; This function uses a non-reentrant model
   338 ;;
   339                           
   340                           	psect	text3
   341  0000DE                     __ptext3:
   342                           	callstack 0
   343  0000DE                     _Init_Internal_Oscillator:
   344                           	callstack 29
   345  0000DE                     
   346                           ;main.c: 114:     OSCCON = 0x00;
   347  0000DE  0E00               	movlw	0
   348  0000E0  6ED3               	movwf	211,c	;volatile
   349                           
   350                           ;main.c: 117:     OSCCONbits.IRCF = 0b111;
   351  0000E2  0E70               	movlw	112
   352  0000E4  12D3               	iorwf	211,f,c	;volatile
   353                           
   354                           ;main.c: 118:     OSCCONbits.SCS = 0b11;
   355  0000E6  0E03               	movlw	3
   356  0000E8  12D3               	iorwf	211,f,c	;volatile
   357  0000EA  0012               	return		;funcret
   358  0000EC                     __end_of_Init_Internal_Oscillator:
   359                           	callstack 0
   360                           
   361 ;; *************** function _Init_Gpio_System *****************
   362 ;; Defined at:
   363 ;;		line 63 in file "main.c"
   364 ;; Parameters:    Size  Location     Type
   365 ;;		None
   366 ;; Auto vars:     Size  Location     Type
   367 ;;		None
   368 ;; Return value:  Size  Location     Type
   369 ;;                  1    wreg      void 
   370 ;; Registers used:
   371 ;;		wreg, status,2
   372 ;; Tracked objects:
   373 ;;		On entry : 0/0
   374 ;;		On exit  : 0/0
   375 ;;		Unchanged: 0/0
   376 ;; Data sizes:     COMRAM   BANK0   BANK1   BANK2   BANK3   BANK4   BANK5   BANK6   BANK7
   377 ;;      Params:         0       0       0       0       0       0       0       0       0
   378 ;;      Locals:         0       0       0       0       0       0       0       0       0
   379 ;;      Temps:          0       0       0       0       0       0       0       0       0
   380 ;;      Totals:         0       0       0       0       0       0       0       0       0
   381 ;;Total ram usage:        0 bytes
   382 ;; Hardware stack levels used: 1
   383 ;; Hardware stack levels required when called: 1
   384 ;; This function calls:
   385 ;;		Nothing
   386 ;; This function is called by:
   387 ;;		_main
   388 ;; This function uses a non-reentrant model
   389 ;;
   390                           
   391                           	psect	text4
   392  0000C0                     __ptext4:
   393                           	callstack 0
   394  0000C0                     _Init_Gpio_System:
   395                           	callstack 29
   396  0000C0                     
   397                           ;main.c: 66:     TRISBbits.RB0 = 0;
   398  0000C0  9093               	bcf	147,0,c	;volatile
   399                           
   400                           ;main.c: 67:     TRISBbits.RB1 = 0;
   401  0000C2  9293               	bcf	147,1,c	;volatile
   402                           
   403                           ;main.c: 70:     LATBbits.LATB0 = 0;
   404  0000C4  908A               	bcf	138,0,c	;volatile
   405                           
   406                           ;main.c: 71:     LATBbits.LATB1 = 0;
   407  0000C6  928A               	bcf	138,1,c	;volatile
   408  0000C8                     
   409                           ;main.c: 74:     ADCON1 = 0x0F;
   410  0000C8  0E0F               	movlw	15
   411  0000CA  6EC1               	movwf	193,c	;volatile
   412  0000CC                     
   413                           ;main.c: 75:     TRISAbits.RA4 = 1;
   414  0000CC  8892               	bsf	146,4,c	;volatile
   415  0000CE  0012               	return		;funcret
   416  0000D0                     __end_of_Init_Gpio_System:
   417                           	callstack 0
   418                           
   419 ;; *************** function _TMR0_ISR *****************
   420 ;; Defined at:
   421 ;;		line 20 in file "main.c"
   422 ;; Parameters:    Size  Location     Type
   423 ;;		None
   424 ;; Auto vars:     Size  Location     Type
   425 ;;		None
   426 ;; Return value:  Size  Location     Type
   427 ;;                  1    wreg      void 
   428 ;; Registers used:
   429 ;;		wreg, status,2, status,0
   430 ;; Tracked objects:
   431 ;;		On entry : 0/0
   432 ;;		On exit  : 0/0
   433 ;;		Unchanged: 0/0
   434 ;; Data sizes:     COMRAM   BANK0   BANK1   BANK2   BANK3   BANK4   BANK5   BANK6   BANK7
   435 ;;      Params:         0       0       0       0       0       0       0       0       0
   436 ;;      Locals:         0       0       0       0       0       0       0       0       0
   437 ;;      Temps:          1       0       0       0       0       0       0       0       0
   438 ;;      Totals:         1       0       0       0       0       0       0       0       0
   439 ;;Total ram usage:        1 bytes
   440 ;; Hardware stack levels used: 1
   441 ;; This function calls:
   442 ;;		Nothing
   443 ;; This function is called by:
   444 ;;		Interrupt level 2
   445 ;; This function uses a non-reentrant model
   446 ;;
   447                           
   448                           	psect	intcode
   449  000008                     __pintcode:
   450                           	callstack 0
   451  000008                     _TMR0_ISR:
   452                           	callstack 29
   453                           
   454                           ;incstack = 0
   455  000008  8204               	bsf	int$flags,1,c	;set compiler interrupt flag (level 2)
   456  00000A  ED2F  F000         	call	int_func,f	;refresh shadow registers
   457                           
   458                           	psect	intcode_body
   459  00005E                     __pintcode_body:
   460                           	callstack 29
   461  00005E                     int_func:
   462                           	callstack 29
   463  00005E  0006               	pop		; remove dummy address from shadow register refresh
   464  000060                     
   465                           ;main.c: 22:     if(INTCONbits.TMR0IF && INTCONbits.TMR0IE)
   466  000060  A4F2               	btfss	242,2,c	;volatile
   467  000062  EF35  F000         	goto	i2u1_41
   468  000066  EF37  F000         	goto	i2u1_40
   469  00006A                     i2u1_41:
   470  00006A  EF51  F000         	goto	i2l38
   471  00006E                     i2u1_40:
   472  00006E  AAF2               	btfss	242,5,c	;volatile
   473  000070  EF3C  F000         	goto	i2u2_41
   474  000074  EF3E  F000         	goto	i2u2_40
   475  000078                     i2u2_41:
   476  000078  EF51  F000         	goto	i2l38
   477  00007C                     i2u2_40:
   478  00007C                     
   479                           ;main.c: 23:     {;main.c: 25:         LATBbits.LATB1 = !LATBbits.LATB1;
   480  00007C  A28A               	btfss	138,1,c	;volatile
   481  00007E  EF43  F000         	goto	i2u3_41
   482  000082  EF47  F000         	goto	i2u3_40
   483  000086                     i2u3_41:
   484  000086  6A01               	clrf	??_TMR0_ISR^0,c
   485  000088  2A01               	incf	??_TMR0_ISR^0,f,c
   486  00008A  EF48  F000         	goto	i2u4_48
   487  00008E                     i2u3_40:
   488  00008E  6A01               	clrf	??_TMR0_ISR^0,c
   489  000090                     i2u4_48:
   490  000090  4601               	rlncf	??_TMR0_ISR^0,f,c
   491  000092  508A               	movf	138,w,c	;volatile
   492  000094  1801               	xorwf	??_TMR0_ISR^0,w,c
   493  000096  0BFD               	andlw	-3
   494  000098  1801               	xorwf	??_TMR0_ISR^0,w,c
   495  00009A  6E8A               	movwf	138,c	;volatile
   496  00009C                     
   497                           ;main.c: 27:         TMR0L = 245;
   498  00009C  0EF5               	movlw	245
   499  00009E  6ED6               	movwf	214,c	;volatile
   500  0000A0                     
   501                           ;main.c: 29:         INTCONbits.TMR0IF = 0;
   502  0000A0  94F2               	bcf	242,2,c	;volatile
   503  0000A2                     i2l38:
   504  0000A2  9204               	bcf	int$flags,1,c	;clear compiler interrupt flag (level 2)
   505  0000A4  0011               	retfie		f
   506  0000A6                     __end_of_TMR0_ISR:
   507                           	callstack 0
   508  0000                     
   509                           	psect	rparam
   510  0000                     
   511                           	psect	temp
   512  000004                     btemp:
   513                           	callstack 0
   514  000004                     	ds	1
   515  0000                     int$flags	set	btemp
   516  0000                     wtemp8	set	btemp+1
   517  0000                     ttemp5	set	btemp+1
   518  0000                     ttemp6	set	btemp+4
   519  0000                     ttemp7	set	btemp+8
   520                           
   521                           	psect	idloc
   522                           
   523                           ;Config register IDLOC0 @ 0x200000
   524                           ;	unspecified, using default values
   525  200000                     	org	2097152
   526  200000  FF                 	db	255
   527                           
   528                           ;Config register IDLOC1 @ 0x200001
   529                           ;	unspecified, using default values
   530  200001                     	org	2097153
   531  200001  FF                 	db	255
   532                           
   533                           ;Config register IDLOC2 @ 0x200002
   534                           ;	unspecified, using default values
   535  200002                     	org	2097154
   536  200002  FF                 	db	255
   537                           
   538                           ;Config register IDLOC3 @ 0x200003
   539                           ;	unspecified, using default values
   540  200003                     	org	2097155
   541  200003  FF                 	db	255
   542                           
   543                           ;Config register IDLOC4 @ 0x200004
   544                           ;	unspecified, using default values
   545  200004                     	org	2097156
   546  200004  FF                 	db	255
   547                           
   548                           ;Config register IDLOC5 @ 0x200005
   549                           ;	unspecified, using default values
   550  200005                     	org	2097157
   551  200005  FF                 	db	255
   552                           
   553                           ;Config register IDLOC6 @ 0x200006
   554                           ;	unspecified, using default values
   555  200006                     	org	2097158
   556  200006  FF                 	db	255
   557                           
   558                           ;Config register IDLOC7 @ 0x200007
   559                           ;	unspecified, using default values
   560  200007                     	org	2097159
   561  200007  FF                 	db	255
   562                           
   563                           	psect	config
   564                           
   565                           ;Config register CONFIG1L @ 0x300000
   566                           ;	PLL Prescaler Selection bits
   567                           ;	PLLDIV = 1, No prescale (4 MHz oscillator input drives PLL directly)
   568                           ;	System Clock Postscaler Selection bits
   569                           ;	CPUDIV = OSC1_PLL2, [Primary Oscillator Src: /1][96 MHz PLL Src: /2]
   570                           ;	USB Clock Selection bit (used in Full-Speed USB mode only; UCFG:FSEN = 1)
   571                           ;	USBDIV = 1, USB clock source comes directly from the primary oscillator block with no 
      +                          postscale
   572  300000                     	org	3145728
   573  300000  00                 	db	0
   574                           
   575                           ;Config register CONFIG1H @ 0x300001
   576                           ;	Oscillator Selection bits
   577                           ;	FOSC = INTOSC_HS, Internal oscillator, HS oscillator used by USB (INTHS)
   578                           ;	Fail-Safe Clock Monitor Enable bit
   579                           ;	FCMEN = OFF, Fail-Safe Clock Monitor disabled
   580                           ;	Internal/External Oscillator Switchover bit
   581                           ;	IESO = OFF, Oscillator Switchover mode disabled
   582  300001                     	org	3145729
   583  300001  0B                 	db	11
   584                           
   585                           ;Config register CONFIG2L @ 0x300002
   586                           ;	Power-up Timer Enable bit
   587                           ;	PWRT = OFF, PWRT disabled
   588                           ;	Brown-out Reset Enable bits
   589                           ;	BOR = OFF, Brown-out Reset disabled in hardware and software
   590                           ;	Brown-out Reset Voltage bits
   591                           ;	BORV = 3, Minimum setting 2.05V
   592                           ;	USB Voltage Regulator Enable bit
   593                           ;	VREGEN = OFF, USB voltage regulator disabled
   594  300002                     	org	3145730
   595  300002  19                 	db	25
   596                           
   597                           ;Config register CONFIG2H @ 0x300003
   598                           ;	Watchdog Timer Enable bit
   599                           ;	WDT = OFF, WDT disabled (control is placed on the SWDTEN bit)
   600                           ;	Watchdog Timer Postscale Select bits
   601                           ;	WDTPS = 32768, 1:32768
   602  300003                     	org	3145731
   603  300003  1E                 	db	30
   604                           
   605                           ; Padding undefined space
   606  300004                     	org	3145732
   607  300004  FF                 	db	255
   608                           
   609                           ;Config register CONFIG3H @ 0x300005
   610                           ;	CCP2 MUX bit
   611                           ;	CCP2MX = OFF, CCP2 input/output is multiplexed with RB3
   612                           ;	PORTB A/D Enable bit
   613                           ;	PBADEN = OFF, PORTB<4:0> pins are configured as digital I/O on Reset
   614                           ;	Low-Power Timer 1 Oscillator Enable bit
   615                           ;	LPT1OSC = OFF, Timer1 configured for higher power operation
   616                           ;	MCLR Pin Enable bit
   617                           ;	MCLRE = ON, MCLR pin enabled; RE3 input pin disabled
   618  300005                     	org	3145733
   619  300005  80                 	db	128
   620                           
   621                           ;Config register CONFIG4L @ 0x300006
   622                           ;	Stack Full/Underflow Reset Enable bit
   623                           ;	STVREN = OFF, Stack full/underflow will not cause Reset
   624                           ;	Single-Supply ICSP Enable bit
   625                           ;	LVP = OFF, Single-Supply ICSP disabled
   626                           ;	Dedicated In-Circuit Debug/Programming Port (ICPORT) Enable bit
   627                           ;	ICPRT = OFF, ICPORT disabled
   628                           ;	Extended Instruction Set Enable bit
   629                           ;	XINST = OFF, Instruction set extension and Indexed Addressing mode disabled (Legacy mo
      +                          de)
   630                           ;	Background Debugger Enable bit
   631                           ;	DEBUG = 0x1, unprogrammed default
   632  300006                     	org	3145734
   633  300006  80                 	db	128
   634                           
   635                           ; Padding undefined space
   636  300007                     	org	3145735
   637  300007  FF                 	db	255
   638                           
   639                           ;Config register CONFIG5L @ 0x300008
   640                           ;	Code Protection bit
   641                           ;	CP0 = OFF, Block 0 (000800-001FFFh) is not code-protected
   642                           ;	Code Protection bit
   643                           ;	CP1 = OFF, Block 1 (002000-003FFFh) is not code-protected
   644                           ;	Code Protection bit
   645                           ;	CP2 = OFF, Block 2 (004000-005FFFh) is not code-protected
   646                           ;	Code Protection bit
   647                           ;	CP3 = OFF, Block 3 (006000-007FFFh) is not code-protected
   648  300008                     	org	3145736
   649  300008  0F                 	db	15
   650                           
   651                           ;Config register CONFIG5H @ 0x300009
   652                           ;	Boot Block Code Protection bit
   653                           ;	CPB = OFF, Boot block (000000-0007FFh) is not code-protected
   654                           ;	Data EEPROM Code Protection bit
   655                           ;	CPD = OFF, Data EEPROM is not code-protected
   656  300009                     	org	3145737
   657  300009  C0                 	db	192
   658                           
   659                           ;Config register CONFIG6L @ 0x30000A
   660                           ;	Write Protection bit
   661                           ;	WRT0 = OFF, Block 0 (000800-001FFFh) is not write-protected
   662                           ;	Write Protection bit
   663                           ;	WRT1 = OFF, Block 1 (002000-003FFFh) is not write-protected
   664                           ;	Write Protection bit
   665                           ;	WRT2 = OFF, Block 2 (004000-005FFFh) is not write-protected
   666                           ;	Write Protection bit
   667                           ;	WRT3 = OFF, Block 3 (006000-007FFFh) is not write-protected
   668  30000A                     	org	3145738
   669  30000A  0F                 	db	15
   670                           
   671                           ;Config register CONFIG6H @ 0x30000B
   672                           ;	Configuration Register Write Protection bit
   673                           ;	WRTC = OFF, Configuration registers (300000-3000FFh) are not write-protected
   674                           ;	Boot Block Write Protection bit
   675                           ;	WRTB = OFF, Boot block (000000-0007FFh) is not write-protected
   676                           ;	Data EEPROM Write Protection bit
   677                           ;	WRTD = OFF, Data EEPROM is not write-protected
   678  30000B                     	org	3145739
   679  30000B  E0                 	db	224
   680                           
   681                           ;Config register CONFIG7L @ 0x30000C
   682                           ;	Table Read Protection bit
   683                           ;	EBTR0 = OFF, Block 0 (000800-001FFFh) is not protected from table reads executed in ot
      +                          her blocks
   684                           ;	Table Read Protection bit
   685                           ;	EBTR1 = OFF, Block 1 (002000-003FFFh) is not protected from table reads executed in ot
      +                          her blocks
   686                           ;	Table Read Protection bit
   687                           ;	EBTR2 = OFF, Block 2 (004000-005FFFh) is not protected from table reads executed in ot
      +                          her blocks
   688                           ;	Table Read Protection bit
   689                           ;	EBTR3 = OFF, Block 3 (006000-007FFFh) is not protected from table reads executed in ot
      +                          her blocks
   690  30000C                     	org	3145740
   691  30000C  0F                 	db	15
   692                           
   693                           ;Config register CONFIG7H @ 0x30000D
   694                           ;	Boot Block Table Read Protection bit
   695                           ;	EBTRB = OFF, Boot block (000000-0007FFh) is not protected from table reads executed in
      +                           other blocks
   696  30000D                     	org	3145741
   697  30000D  40                 	db	64
   698                           tosu	equ	0xFFF
   699                           tosh	equ	0xFFE
   700                           tosl	equ	0xFFD
   701                           stkptr	equ	0xFFC
   702                           pclatu	equ	0xFFB
   703                           pclath	equ	0xFFA
   704                           pcl	equ	0xFF9
   705                           tblptru	equ	0xFF8
   706                           tblptrh	equ	0xFF7
   707                           tblptrl	equ	0xFF6
   708                           tablat	equ	0xFF5
   709                           prodh	equ	0xFF4
   710                           prodl	equ	0xFF3
   711                           indf0	equ	0xFEF
   712                           postinc0	equ	0xFEE
   713                           postdec0	equ	0xFED
   714                           preinc0	equ	0xFEC
   715                           plusw0	equ	0xFEB
   716                           fsr0h	equ	0xFEA
   717                           fsr0l	equ	0xFE9
   718                           wreg	equ	0xFE8
   719                           indf1	equ	0xFE7
   720                           postinc1	equ	0xFE6
   721                           postdec1	equ	0xFE5
   722                           preinc1	equ	0xFE4
   723                           plusw1	equ	0xFE3
   724                           fsr1h	equ	0xFE2
   725                           fsr1l	equ	0xFE1
   726                           bsr	equ	0xFE0
   727                           indf2	equ	0xFDF
   728                           postinc2	equ	0xFDE
   729                           postdec2	equ	0xFDD
   730                           preinc2	equ	0xFDC
   731                           plusw2	equ	0xFDB
   732                           fsr2h	equ	0xFDA
   733                           fsr2l	equ	0xFD9
   734                           status	equ	0xFD8

Data Sizes:
    Strings     0
    Constant    0
    Data        0
    BSS         0
    Persistent  0
    Stack       0

Auto Spaces:
    Space          Size  Autos    Used
    COMRAM           94      3       3
    BANK0           160      0       0
    BANK1           256      0       0
    BANK2           256      0       0
    BANK3           256      0       0
    BANK4           256      0       0
    BANK5           256      0       0
    BANK6           256      0       0
    BANK7           256      0       0

Pointer List with Targets:

    None.

Critical Paths under _main in COMRAM

    None.

Critical Paths under _TMR0_ISR in COMRAM

    None.

Critical Paths under _main in BANK0

    None.

Critical Paths under _TMR0_ISR in BANK0

    None.

Critical Paths under _main in BANK1

    None.

Critical Paths under _TMR0_ISR in BANK1

    None.

Critical Paths under _main in BANK2

    None.

Critical Paths under _TMR0_ISR in BANK2

    None.

Critical Paths under _main in BANK3

    None.

Critical Paths under _TMR0_ISR in BANK3

    None.

Critical Paths under _main in BANK4

    None.

Critical Paths under _TMR0_ISR in BANK4

    None.

Critical Paths under _main in BANK5

    None.

Critical Paths under _TMR0_ISR in BANK5

    None.

Critical Paths under _main in BANK6

    None.

Critical Paths under _TMR0_ISR in BANK6

    None.

Critical Paths under _main in BANK7

    None.

Critical Paths under _TMR0_ISR in BANK7

    None.

Call Graph Tables:

 ---------------------------------------------------------------------------------
 (Depth) Function   	        Calls       Base Space   Used Autos Params    Refs
 ---------------------------------------------------------------------------------
 (0) _main                                                 2     2      0       0
                                              1 COMRAM     2     2      0
                   _Init_Gpio_System
           _Init_Internal_Oscillator
              _Init_Interrupt_Timer0
             _Init_Timer0_As_Counter
 ---------------------------------------------------------------------------------
 (1) _Init_Timer0_As_Counter                               0     0      0       0
 ---------------------------------------------------------------------------------
 (1) _Init_Interrupt_Timer0                                0     0      0       0
 ---------------------------------------------------------------------------------
 (1) _Init_Internal_Oscillator                             0     0      0       0
 ---------------------------------------------------------------------------------
 (1) _Init_Gpio_System                                     0     0      0       0
 ---------------------------------------------------------------------------------
 Estimated maximum stack depth 1
 ---------------------------------------------------------------------------------
 (Depth) Function   	        Calls       Base Space   Used Autos Params    Refs
 ---------------------------------------------------------------------------------
 (2) _TMR0_ISR                                             1     1      0       0
                                              0 COMRAM     1     1      0
 ---------------------------------------------------------------------------------
 Estimated maximum stack depth 2
 ---------------------------------------------------------------------------------

 Call Graph Graphs:

 _main (ROOT)
   _Init_Gpio_System
   _Init_Internal_Oscillator
   _Init_Interrupt_Timer0
   _Init_Timer0_As_Counter

 _TMR0_ISR (ROOT)

 Address spaces:
Name               Size   Autos  Total    Cost      Usage
BITCOMRAM           5E      0       0       0        0.0%
EEDATA             100      0       0       0        0.0%
NULL                 0      0       0       0        0.0%
CODE                 0      0       0       0        0.0%
COMRAM              5E      3       3       1        3.2%
STACK                0      0       0       2        0.0%
DATA                 0      0       0       3        0.0%
BITBANK0            A0      0       0       4        0.0%
BANK0               A0      0       0       5        0.0%
BITBANK1           100      0       0       6        0.0%
BANK1              100      0       0       7        0.0%
BITBANK2           100      0       0       8        0.0%
BANK2              100      0       0       9        0.0%
BITBANK3           100      0       0      10        0.0%
BANK3              100      0       0      11        0.0%
BITBANK4           100      0       0      12        0.0%
BANK4              100      0       0      13        0.0%
BITBANK5           100      0       0      14        0.0%
BANK5              100      0       0      15        0.0%
BITBANK6           100      0       0      16        0.0%
BANK6              100      0       0      17        0.0%
BITBANK7           100      0       0      18        0.0%
BANK7              100      0       0      19        0.0%
ABS                  0      0       0      20        0.0%
BIGRAM             7FF      0       0      21        0.0%
BITSFR               0      0       0     200        0.0%
SFR                  0      0       0     200        0.0%


Microchip Technology PIC18 Macro Assembler V2.32 build 20210201212658 
Symbol Table                                                                                   Tue May 30 07:17:19 2023

                               l52 00BE                                 l55 00DC  
                               l49 00CE                                 l58 00EA  
                               u50 0034                                 u51 002C  
                               u68 0036                                 u77 004A  
            _Init_Interrupt_Timer0 00D0                                l740 00CC  
                              l734 00DE                                l750 00DA  
                              l742 00D0                                l736 00C0  
                              l744 00D4                                l760 00B0  
                              l752 00A6                                l738 00C8  
                              l746 00D6                                l762 00B2  
                              l754 00AA                                l748 00D8  
                              l764 00BC                                l756 00AC  
                              l780 0040                                l758 00AE  
                              l776 0012                                l778 0022  
                              wreg 000FE8                               i2l38 00A2  
                             _main 0012                               btemp 0004  
                             start 000E                       ___param_bank 000000  
                ?_Init_Gpio_System 0001                              ?_main 0001  
                            _T0CON 000FD5                              i2l770 007C  
                            i2l772 009C                              i2l774 00A0  
                            i2l766 0060                              i2l768 006E  
               ??_Init_Gpio_System 0002                              _TMR0L 000FD6  
         ??_Init_Timer0_As_Counter 0002                   __end_of_TMR0_ISR 00A6  
                            ttemp5 0005                              ttemp6 0008  
                            ttemp7 000C                              wtemp8 0005  
                  __initialization 00EC                       __end_of_main 005E  
           ?_Init_Interrupt_Timer0 0001                             ??_main 0002  
                    __activetblptr 000000                             _ADCON1 000FC1  
                           _INTCON 000FF2                             _OSCCON 000FD3  
                           i2u1_40 006E                             i2u1_41 006A  
                           i2u2_40 007C                             i2u2_41 0078  
                           i2u3_40 008E                             i2u3_41 0086  
                           i2u4_48 0090                             isa$std 000001  
  __size_of_Init_Timer0_As_Counter 001A                         __accesstop 0060  
          __end_of__initialization 00EC                      ___rparam_used 000001  
                   __pcstackCOMRAM 0001                          ?_TMR0_ISR 0001  
           _Init_Timer0_As_Counter 00A6                         ??_TMR0_ISR 0001  
__size_of_Init_Internal_Oscillator 000E          ?_Init_Internal_Oscillator 0001  
        __size_of_Init_Gpio_System 0010                            __Hparam 0000  
                          __Lparam 0000            ??_Init_Interrupt_Timer0 0002  
                          __pcinit 00EC                            __ramtop 0800  
                          __ptext0 0012                            __ptext1 00A6  
                          __ptext2 00D0                            __ptext3 00DE  
                          __ptext4 00C0                          _T0CONbits 000FD5  
                   __pintcode_body 005E               end_of_initialization 00EC  
                          int_func 005E                          _TRISAbits 000F92  
                        _TRISBbits 000F93                  __size_of_TMR0_ISR 009E  
              start_initialization 00EC                   _Init_Gpio_System 00C0  
          ?_Init_Timer0_As_Counter 0001   __end_of_Init_Internal_Oscillator 00EC  
   __end_of_Init_Timer0_As_Counter 00C0                          __pintcode 0008  
   __size_of_Init_Interrupt_Timer0 000E      __end_of_Init_Interrupt_Timer0 00DE  
                         _LATBbits 000F8A           _Init_Internal_Oscillator 00DE  
                         _TMR0_ISR 0008                           __Hrparam 0000  
                         __Lrparam 0000           __end_of_Init_Gpio_System 00D0  
                    __size_of_main 004C                           isa$xinst 000000  
                         int$flags 0004                         _INTCONbits 000FF2  
                         intlevel2 0000                         _OSCCONbits 000FD3  
       ??_Init_Internal_Oscillator 0002  
